<?xml version="1.0" encoding="UTF-8"?>
<coverage generated="1618805481383" clover="3.2.0">
  <project timestamp="1618805481383" name="All files">
    <metrics statements="1690" coveredstatements="1489" conditionals="1190" coveredconditionals="904" methods="193" coveredmethods="180" elements="3073" coveredelements="2573" complexity="0" loc="1690" ncloc="1690" packages="2" files="7" classes="7"/>
    <package name="Interpreter">
      <metrics statements="1689" coveredstatements="1488" conditionals="1190" coveredconditionals="904" methods="193" coveredmethods="180"/>
      <file name="Interpreter.js" path="D:\Programming\Interpreter\Interpreter.js">
        <metrics statements="53" coveredstatements="53" conditionals="20" coveredconditionals="20" methods="2" coveredmethods="2"/>
        <line num="1" count="1" type="stmt"/>
        <line num="2" count="1" type="stmt"/>
        <line num="3" count="1" type="stmt"/>
        <line num="9" count="7" type="stmt"/>
        <line num="11" count="7" type="stmt"/>
        <line num="13" count="7" type="stmt"/>
        <line num="14" count="7" type="cond" truecount="4" falsecount="0"/>
        <line num="16" count="2" type="stmt"/>
        <line num="17" count="2" type="stmt"/>
        <line num="19" count="2" type="stmt"/>
        <line num="20" count="2" type="stmt"/>
        <line num="22" count="2" type="stmt"/>
        <line num="23" count="2" type="stmt"/>
        <line num="25" count="1" type="stmt"/>
        <line num="28" count="6" type="stmt"/>
        <line num="29" count="5" type="stmt"/>
        <line num="30" count="5" type="cond" truecount="4" falsecount="0"/>
        <line num="32" count="1" type="stmt"/>
        <line num="33" count="1" type="stmt"/>
        <line num="35" count="1" type="stmt"/>
        <line num="36" count="1" type="stmt"/>
        <line num="38" count="2" type="stmt"/>
        <line num="39" count="2" type="stmt"/>
        <line num="41" count="1" type="stmt"/>
        <line num="45" count="5" type="stmt"/>
        <line num="49" count="9" type="stmt"/>
        <line num="50" count="9" type="stmt"/>
        <line num="53" count="9" type="stmt"/>
        <line num="54" count="9" type="stmt"/>
        <line num="55" count="9" type="cond" truecount="4" falsecount="0"/>
        <line num="56" count="6" type="stmt"/>
        <line num="57" count="22" type="cond" truecount="2" falsecount="0"/>
        <line num="58" count="4" type="stmt"/>
        <line num="59" count="4" type="stmt"/>
        <line num="60" count="18" type="cond" truecount="2" falsecount="0"/>
        <line num="61" count="4" type="stmt"/>
        <line num="62" count="4" type="stmt"/>
        <line num="63" count="14" type="cond" truecount="2" falsecount="0"/>
        <line num="64" count="4" type="stmt"/>
        <line num="65" count="4" type="stmt"/>
        <line num="67" count="10" type="stmt"/>
        <line num="68" count="10" type="stmt"/>
        <line num="74" count="9" type="stmt"/>
        <line num="75" count="9" type="stmt"/>
        <line num="78" count="9" type="stmt"/>
        <line num="79" count="9" type="stmt"/>
        <line num="82" count="9" type="stmt"/>
        <line num="85" count="9" type="cond" truecount="2" falsecount="0"/>
        <line num="86" count="1" type="stmt"/>
        <line num="90" count="9" type="stmt"/>
        <line num="92" count="6" type="stmt"/>
        <line num="94" count="3" type="stmt"/>
        <line num="99" count="1" type="stmt"/>
      </file>
      <file name="OpObjs.js" path="D:\Programming\Interpreter\OpObjs.js">
        <metrics statements="157" coveredstatements="135" conditionals="124" coveredconditionals="99" methods="51" coveredmethods="46"/>
        <line num="1" count="2" type="stmt"/>
        <line num="3" count="2" type="stmt"/>
        <line num="14" count="807720" type="stmt"/>
        <line num="15" count="807720" type="stmt"/>
        <line num="16" count="807720" type="stmt"/>
        <line num="17" count="807720" type="stmt"/>
        <line num="21" count="112181" type="stmt"/>
        <line num="25" count="90822" type="stmt"/>
        <line num="29" count="2" type="stmt"/>
        <line num="33" count="382158" type="stmt"/>
        <line num="39" count="111905" type="stmt"/>
        <line num="40" count="111905" type="stmt"/>
        <line num="41" count="111905" type="stmt"/>
        <line num="42" count="111905" type="stmt"/>
        <line num="43" count="111905" type="stmt"/>
        <line num="44" count="111905" type="stmt"/>
        <line num="48" count="111861" type="cond" truecount="2" falsecount="0"/>
        <line num="49" count="3" type="stmt"/>
        <line num="51" count="111858" type="stmt"/>
        <line num="52" count="111858" type="stmt"/>
        <line num="53" count="111858" type="stmt"/>
        <line num="54" count="111858" type="stmt"/>
        <line num="55" count="111858" type="stmt"/>
        <line num="59" count="383319" type="cond" truecount="2" falsecount="0"/>
        <line num="61" count="383318" type="cond" truecount="2" falsecount="0"/>
        <line num="62" count="67843" type="stmt"/>
        <line num="64" count="315475" type="stmt"/>
        <line num="66" count="383318" type="stmt"/>
        <line num="67" count="383318" type="stmt"/>
        <line num="71" count="136055" type="cond" truecount="4" falsecount="0"/>
        <line num="73" count="5" type="stmt"/>
        <line num="75" count="63" type="stmt"/>
        <line num="76" count="63" type="stmt"/>
        <line num="78" count="41" type="stmt"/>
        <line num="79" count="41" type="stmt"/>
        <line num="81" count="135946" type="stmt"/>
        <line num="82" count="135946" type="stmt"/>
        <line num="87" count="45412" type="stmt"/>
        <line num="90" count="2" type="stmt"/>
        <line num="93" count="45313" type="stmt"/>
        <line num="96" count="45313" type="stmt"/>
        <line num="99" count="3" type="stmt"/>
        <line num="102" count="3" type="stmt"/>
        <line num="108" count="111942" type="stmt"/>
        <line num="112" count="4" type="stmt"/>
        <line num="115" count="1" type="stmt"/>
        <line num="119" count="12" type="cond" truecount="2" falsecount="0"/>
        <line num="120" count="8" type="stmt"/>
        <line num="123" count="2" type="stmt"/>
        <line num="126" count="1" type="stmt"/>
        <line num="129" count="1" type="stmt"/>
        <line num="132" count="2" type="stmt"/>
        <line num="135" count="2" type="stmt"/>
        <line num="141" count="112198" type="cond" truecount="2" falsecount="0"/>
        <line num="145" count="3" type="stmt"/>
        <line num="149" count="68" type="cond" truecount="2" falsecount="0"/>
        <line num="150" count="66" type="cond" truecount="2" falsecount="0"/>
        <line num="152" count="65" type="stmt"/>
        <line num="153" count="65" type="cond" truecount="2" falsecount="0"/>
        <line num="155" count="65" type="cond" truecount="4" falsecount="0"/>
        <line num="157" count="1" type="stmt"/>
        <line num="158" count="1" type="stmt"/>
        <line num="160" count="61" type="stmt"/>
        <line num="161" count="61" type="stmt"/>
        <line num="163" count="2" type="cond" truecount="2" falsecount="0"/>
        <line num="164" count="2" type="stmt"/>
        <line num="166" count="1" type="stmt"/>
        <line num="169" count="64" type="stmt"/>
        <line num="172" count="63" type="stmt"/>
        <line num="173" count="63" type="cond" truecount="2" falsecount="0"/>
        <line num="175" count="63" type="cond" truecount="4" falsecount="0"/>
        <line num="177" count="9" type="stmt"/>
        <line num="179" count="44" type="stmt"/>
        <line num="181" count="8" type="stmt"/>
        <line num="183" count="2" type="stmt"/>
        <line num="187" count="7" type="stmt"/>
        <line num="190" count="9" type="stmt"/>
        <line num="191" count="9" type="cond" truecount="2" falsecount="0"/>
        <line num="192" count="9" type="cond" truecount="3" falsecount="0"/>
        <line num="194" count="4" type="stmt"/>
        <line num="196" count="4" type="stmt"/>
        <line num="198" count="1" type="stmt"/>
        <line num="202" count="9" type="stmt"/>
        <line num="203" count="9" type="cond" truecount="2" falsecount="0"/>
        <line num="204" count="9" type="cond" truecount="3" falsecount="0"/>
        <line num="206" count="4" type="stmt"/>
        <line num="208" count="4" type="stmt"/>
        <line num="210" count="1" type="stmt"/>
        <line num="214" count="4" type="cond" truecount="2" falsecount="0"/>
        <line num="217" count="4" type="cond" truecount="2" falsecount="0"/>
        <line num="223" count="359104" type="cond" truecount="2" falsecount="0"/>
        <line num="227" count="250" type="stmt"/>
        <line num="231" count="45987" type="cond" truecount="2" falsecount="0"/>
        <line num="232" count="45986" type="cond" truecount="1" falsecount="1"/>
        <line num="234" count="45986" type="stmt"/>
        <line num="235" count="45986" type="cond" truecount="2" falsecount="0"/>
        <line num="237" count="45986" type="cond" truecount="1" falsecount="3"/>
        <line num="239" count="0" type="stmt"/>
        <line num="240" count="0" type="stmt"/>
        <line num="242" count="0" type="cond" truecount="0" falsecount="2"/>
        <line num="243" count="0" type="stmt"/>
        <line num="245" count="45986" type="stmt"/>
        <line num="246" count="45986" type="stmt"/>
        <line num="248" count="0" type="stmt"/>
        <line num="250" count="45986" type="cond" truecount="1" falsecount="1"/>
        <line num="251" count="45986" type="stmt"/>
        <line num="254" count="45314" type="stmt"/>
        <line num="255" count="45314" type="cond" truecount="2" falsecount="0"/>
        <line num="257" count="45314" type="cond" truecount="2" falsecount="2"/>
        <line num="258" count="45314" type="cond" truecount="2" falsecount="2"/>
        <line num="259" count="45314" type="cond" truecount="1" falsecount="3"/>
        <line num="261" count="0" type="stmt"/>
        <line num="263" count="0" type="stmt"/>
        <line num="265" count="45314" type="stmt"/>
        <line num="267" count="0" type="stmt"/>
        <line num="271" count="0" type="stmt"/>
        <line num="274" count="45316" type="stmt"/>
        <line num="275" count="45316" type="cond" truecount="2" falsecount="0"/>
        <line num="276" count="45316" type="cond" truecount="1" falsecount="2"/>
        <line num="278" count="0" type="stmt"/>
        <line num="280" count="45316" type="stmt"/>
        <line num="282" count="0" type="stmt"/>
        <line num="286" count="45316" type="stmt"/>
        <line num="287" count="45316" type="cond" truecount="2" falsecount="0"/>
        <line num="288" count="45316" type="cond" truecount="1" falsecount="2"/>
        <line num="290" count="0" type="stmt"/>
        <line num="292" count="45316" type="stmt"/>
        <line num="294" count="0" type="stmt"/>
        <line num="298" count="3" type="cond" truecount="2" falsecount="0"/>
        <line num="301" count="3" type="cond" truecount="2" falsecount="0"/>
        <line num="307" count="112569" type="cond" truecount="2" falsecount="0"/>
        <line num="311" count="56" type="stmt"/>
        <line num="315" count="130" type="cond" truecount="2" falsecount="0"/>
        <line num="316" count="129" type="cond" truecount="1" falsecount="1"/>
        <line num="318" count="129" type="stmt"/>
        <line num="319" count="129" type="cond" truecount="2" falsecount="0"/>
        <line num="321" count="129" type="cond" truecount="1" falsecount="2"/>
        <line num="323" count="0" type="stmt"/>
        <line num="324" count="0" type="stmt"/>
        <line num="326" count="129" type="stmt"/>
        <line num="327" count="129" type="stmt"/>
        <line num="329" count="0" type="stmt"/>
        <line num="331" count="129" type="stmt"/>
        <line num="335" count="60" type="stmt"/>
        <line num="336" count="60" type="cond" truecount="2" falsecount="0"/>
        <line num="338" count="60" type="cond" truecount="4" falsecount="0"/>
        <line num="339" count="58" type="cond" truecount="2" falsecount="2"/>
        <line num="341" count="58" type="cond" truecount="1" falsecount="2"/>
        <line num="343" count="0" type="stmt"/>
        <line num="345" count="58" type="stmt"/>
        <line num="347" count="0" type="stmt"/>
        <line num="351" count="2" type="stmt"/>
        <line num="354" count="0" type="stmt"/>
        <line num="357" count="0" type="stmt"/>
        <line num="360" count="0" type="stmt"/>
        <line num="363" count="0" type="stmt"/>
        <line num="367" count="2" type="stmt"/>
      </file>
      <file name="Parser.js" path="D:\Programming\Interpreter\Parser.js">
        <metrics statements="672" coveredstatements="646" conditionals="323" coveredconditionals="250" methods="52" coveredmethods="49"/>
        <line num="1" count="1" type="stmt"/>
        <line num="2" count="1" type="stmt"/>
        <line num="3" count="1" type="stmt"/>
        <line num="9" count="9" type="stmt"/>
        <line num="11" count="9" type="stmt"/>
        <line num="12" count="9" type="stmt"/>
        <line num="13" count="9" type="stmt"/>
        <line num="15" count="9" type="stmt"/>
        <line num="17" count="9" type="stmt"/>
        <line num="18" count="9" type="stmt"/>
        <line num="20" count="9" type="stmt"/>
        <line num="22" count="9" type="stmt"/>
        <line num="23" count="9" type="stmt"/>
        <line num="24" count="9" type="stmt"/>
        <line num="26" count="9" type="stmt"/>
        <line num="30" count="675" type="stmt"/>
        <line num="35" count="0" type="cond" truecount="0" falsecount="2"/>
        <line num="36" count="0" type="stmt"/>
        <line num="38" count="0" type="stmt"/>
        <line num="40" count="0" type="stmt"/>
        <line num="41" count="0" type="stmt"/>
        <line num="45" count="0" type="stmt"/>
        <line num="49" count="0" type="stmt"/>
        <line num="53" count="39" type="cond" truecount="1" falsecount="1"/>
        <line num="57" count="1434" type="cond" truecount="3" falsecount="1"/>
        <line num="61" count="5706" type="cond" truecount="1" falsecount="1"/>
        <line num="62" count="5706" type="stmt"/>
        <line num="64" count="0" type="cond" truecount="0" falsecount="2"/>
        <line num="65" count="0" type="stmt"/>
        <line num="67" count="0" type="stmt"/>
        <line num="73" count="23804" type="stmt"/>
        <line num="77" count="5706" type="cond" truecount="1" falsecount="1"/>
        <line num="78" count="5706" type="stmt"/>
        <line num="79" count="5706" type="cond" truecount="1" falsecount="1"/>
        <line num="80" count="5706" type="stmt"/>
        <line num="81" count="5706" type="stmt"/>
        <line num="82" count="837" type="stmt"/>
        <line num="83" count="837" type="stmt"/>
        <line num="84" count="837" type="cond" truecount="2" falsecount="0"/>
        <line num="85" count="828" type="stmt"/>
        <line num="91" count="9" type="stmt"/>
        <line num="92" count="9" type="stmt"/>
        <line num="94" count="9" type="stmt"/>
        <line num="95" count="2" type="stmt"/>
        <line num="96" count="2" type="stmt"/>
        <line num="102" count="9" type="stmt"/>
        <line num="103" count="9" type="stmt"/>
        <line num="105" count="9" type="stmt"/>
        <line num="107" count="9" type="stmt"/>
        <line num="109" count="9" type="stmt"/>
        <line num="110" count="9" type="stmt"/>
        <line num="112" count="9" type="stmt"/>
        <line num="113" count="9" type="stmt"/>
        <line num="114" count="9" type="stmt"/>
        <line num="116" count="9" type="stmt"/>
        <line num="118" count="9" type="stmt"/>
        <line num="119" count="22" type="stmt"/>
        <line num="122" count="9" type="stmt"/>
        <line num="124" count="9" type="stmt"/>
        <line num="125" count="9" type="stmt"/>
        <line num="126" count="9" type="stmt"/>
        <line num="128" count="9" type="stmt"/>
        <line num="130" count="9" type="stmt"/>
        <line num="131" count="9" type="stmt"/>
        <line num="133" count="9" type="stmt"/>
        <line num="134" count="9" type="stmt"/>
        <line num="135" count="9" type="cond" truecount="2" falsecount="0"/>
        <line num="136" count="5" type="stmt"/>
        <line num="138" count="9" type="stmt"/>
        <line num="140" count="9" type="stmt"/>
        <line num="141" count="9" type="stmt"/>
        <line num="145" count="83" type="stmt"/>
        <line num="146" count="83" type="stmt"/>
        <line num="149" count="83" type="stmt"/>
        <line num="153" count="450" type="stmt"/>
        <line num="156" count="450" type="stmt"/>
        <line num="159" count="155" type="stmt"/>
        <line num="160" count="155" type="cond" truecount="1" falsecount="1"/>
        <line num="161" count="155" type="cond" truecount="2" falsecount="0"/>
        <line num="162" count="155" type="stmt"/>
        <line num="163" count="155" type="cond" truecount="2" falsecount="0"/>
        <line num="164" count="22" type="stmt"/>
        <line num="166" count="155" type="cond" truecount="3" falsecount="0"/>
        <line num="170" count="71" type="stmt"/>
        <line num="171" count="71" type="stmt"/>
        <line num="173" count="155" type="stmt"/>
        <line num="177" count="795" type="stmt"/>
        <line num="178" count="6474" type="stmt"/>
        <line num="179" count="1307" type="cond" truecount="2" falsecount="0"/>
        <line num="180" count="667" type="cond" truecount="2" falsecount="0"/>
        <line num="182" count="155" type="stmt"/>
        <line num="186" count="59" type="stmt"/>
        <line num="190" count="74" type="stmt"/>
        <line num="195" count="1596" type="cond" truecount="2" falsecount="0"/>
        <line num="196" count="1586" type="stmt"/>
        <line num="200" count="1586" type="cond" truecount="3" falsecount="0"/>
        <line num="204" count="30" type="stmt"/>
        <line num="206" count="1556" type="stmt"/>
        <line num="210" count="1556" type="cond" truecount="4" falsecount="0"/>
        <line num="211" count="1461" type="stmt"/>
        <line num="215" count="1461" type="cond" truecount="6" falsecount="0"/>
        <line num="222" count="286" type="stmt"/>
        <line num="224" count="1175" type="stmt"/>
        <line num="228" count="1175" type="cond" truecount="2" falsecount="0"/>
        <line num="229" count="1163" type="stmt"/>
        <line num="233" count="1163" type="cond" truecount="2" falsecount="0"/>
        <line num="234" count="1149" type="stmt"/>
        <line num="238" count="1165" type="cond" truecount="2" falsecount="0"/>
        <line num="239" count="1149" type="stmt"/>
        <line num="243" count="162" type="stmt"/>
        <line num="244" count="162" type="cond" truecount="2" falsecount="0"/>
        <line num="245" count="64" type="stmt"/>
        <line num="246" count="64" type="stmt"/>
        <line num="248" count="162" type="stmt"/>
        <line num="249" count="162" type="cond" truecount="1" falsecount="1"/>
        <line num="250" count="162" type="cond" truecount="1" falsecount="1"/>
        <line num="252" count="162" type="cond" truecount="2" falsecount="0"/>
        <line num="254" count="162" type="stmt"/>
        <line num="256" count="162" type="stmt"/>
        <line num="257" count="146" type="stmt"/>
        <line num="258" count="146" type="stmt"/>
        <line num="260" count="146" type="cond" truecount="1" falsecount="1"/>
        <line num="262" count="146" type="cond" truecount="2" falsecount="0"/>
        <line num="263" count="52" type="stmt"/>
        <line num="267" count="162" type="stmt"/>
        <line num="269" count="162" type="cond" truecount="2" falsecount="0"/>
        <line num="270" count="24" type="stmt"/>
        <line num="272" count="138" type="stmt"/>
        <line num="275" count="162" type="stmt"/>
        <line num="279" count="278" type="stmt"/>
        <line num="280" count="278" type="stmt"/>
        <line num="281" count="278" type="stmt"/>
        <line num="282" count="278" type="cond" truecount="1" falsecount="1"/>
        <line num="284" count="278" type="cond" truecount="4" falsecount="0"/>
        <line num="286" count="98" type="stmt"/>
        <line num="291" count="180" type="stmt"/>
        <line num="292" count="180" type="stmt"/>
        <line num="294" count="0" type="stmt"/>
        <line num="298" count="1781" type="stmt"/>
        <line num="299" count="1781" type="cond" truecount="24" falsecount="1"/>
        <line num="301" count="278" type="stmt"/>
        <line num="304" count="112" type="stmt"/>
        <line num="305" count="112" type="stmt"/>
        <line num="306" count="112" type="cond" truecount="1" falsecount="1"/>
        <line num="307" count="112" type="stmt"/>
        <line num="308" count="112" type="stmt"/>
        <line num="311" count="63" type="stmt"/>
        <line num="312" count="63" type="stmt"/>
        <line num="313" count="63" type="cond" truecount="1" falsecount="1"/>
        <line num="314" count="63" type="stmt"/>
        <line num="315" count="63" type="stmt"/>
        <line num="318" count="10" type="stmt"/>
        <line num="319" count="10" type="stmt"/>
        <line num="320" count="10" type="stmt"/>
        <line num="321" count="10" type="stmt"/>
        <line num="322" count="10" type="stmt"/>
        <line num="325" count="56" type="stmt"/>
        <line num="326" count="56" type="stmt"/>
        <line num="327" count="56" type="stmt"/>
        <line num="328" count="56" type="stmt"/>
        <line num="331" count="4" type="stmt"/>
        <line num="332" count="4" type="stmt"/>
        <line num="333" count="4" type="stmt"/>
        <line num="336" count="136" type="stmt"/>
        <line num="337" count="136" type="stmt"/>
        <line num="338" count="136" type="stmt"/>
        <line num="341" count="341" type="stmt"/>
        <line num="342" count="341" type="stmt"/>
        <line num="343" count="341" type="stmt"/>
        <line num="346" count="519" type="stmt"/>
        <line num="347" count="519" type="stmt"/>
        <line num="348" count="519" type="stmt"/>
        <line num="351" count="169" type="stmt"/>
        <line num="352" count="169" type="stmt"/>
        <line num="353" count="169" type="stmt"/>
        <line num="356" count="8" type="stmt"/>
        <line num="357" count="8" type="stmt"/>
        <line num="358" count="8" type="stmt"/>
        <line num="359" count="8" type="cond" truecount="1" falsecount="1"/>
        <line num="360" count="8" type="stmt"/>
        <line num="362" count="8" type="stmt"/>
        <line num="363" count="8" type="stmt"/>
        <line num="366" count="16" type="stmt"/>
        <line num="367" count="16" type="stmt"/>
        <line num="368" count="16" type="stmt"/>
        <line num="369" count="16" type="cond" truecount="1" falsecount="1"/>
        <line num="370" count="16" type="stmt"/>
        <line num="372" count="16" type="stmt"/>
        <line num="373" count="16" type="stmt"/>
        <line num="376" count="18" type="stmt"/>
        <line num="377" count="18" type="stmt"/>
        <line num="378" count="18" type="stmt"/>
        <line num="379" count="18" type="cond" truecount="2" falsecount="0"/>
        <line num="380" count="2" type="stmt"/>
        <line num="381" count="2" type="stmt"/>
        <line num="382" count="2" type="stmt"/>
        <line num="383" count="2" type="cond" truecount="1" falsecount="1"/>
        <line num="384" count="2" type="stmt"/>
        <line num="385" count="2" type="stmt"/>
        <line num="386" count="2" type="stmt"/>
        <line num="388" count="16" type="stmt"/>
        <line num="390" count="18" type="stmt"/>
        <line num="391" count="18" type="stmt"/>
        <line num="394" count="8" type="stmt"/>
        <line num="395" count="8" type="stmt"/>
        <line num="396" count="8" type="stmt"/>
        <line num="397" count="8" type="cond" truecount="1" falsecount="1"/>
        <line num="398" count="8" type="stmt"/>
        <line num="399" count="8" type="stmt"/>
        <line num="400" count="8" type="stmt"/>
        <line num="403" count="8" type="stmt"/>
        <line num="404" count="8" type="stmt"/>
        <line num="405" count="8" type="stmt"/>
        <line num="406" count="8" type="cond" truecount="1" falsecount="1"/>
        <line num="407" count="8" type="stmt"/>
        <line num="408" count="8" type="stmt"/>
        <line num="409" count="8" type="stmt"/>
        <line num="412" count="4" type="stmt"/>
        <line num="413" count="4" type="stmt"/>
        <line num="414" count="4" type="stmt"/>
        <line num="415" count="4" type="cond" truecount="1" falsecount="1"/>
        <line num="416" count="4" type="stmt"/>
        <line num="417" count="4" type="stmt"/>
        <line num="418" count="4" type="stmt"/>
        <line num="421" count="4" type="stmt"/>
        <line num="422" count="4" type="stmt"/>
        <line num="423" count="4" type="stmt"/>
        <line num="424" count="4" type="stmt"/>
        <line num="425" count="4" type="cond" truecount="1" falsecount="1"/>
        <line num="426" count="4" type="stmt"/>
        <line num="427" count="4" type="stmt"/>
        <line num="428" count="4" type="cond" truecount="1" falsecount="1"/>
        <line num="429" count="4" type="stmt"/>
        <line num="430" count="4" type="stmt"/>
        <line num="431" count="4" type="stmt"/>
        <line num="432" count="4" type="stmt"/>
        <line num="435" count="4" type="stmt"/>
        <line num="436" count="4" type="stmt"/>
        <line num="437" count="4" type="stmt"/>
        <line num="438" count="4" type="stmt"/>
        <line num="439" count="4" type="cond" truecount="1" falsecount="1"/>
        <line num="440" count="4" type="stmt"/>
        <line num="441" count="4" type="stmt"/>
        <line num="442" count="4" type="cond" truecount="1" falsecount="1"/>
        <line num="443" count="4" type="stmt"/>
        <line num="444" count="4" type="stmt"/>
        <line num="445" count="4" type="stmt"/>
        <line num="446" count="4" type="stmt"/>
        <line num="450" count="4" type="stmt"/>
        <line num="451" count="4" type="stmt"/>
        <line num="452" count="4" type="stmt"/>
        <line num="454" count="4" type="stmt"/>
        <line num="456" count="4" type="stmt"/>
        <line num="457" count="4" type="stmt"/>
        <line num="459" count="4" type="stmt"/>
        <line num="460" count="4" type="stmt"/>
        <line num="461" count="4" type="stmt"/>
        <line num="463" count="4" type="stmt"/>
        <line num="464" count="4" type="stmt"/>
        <line num="466" count="4" type="stmt"/>
        <line num="467" count="4" type="stmt"/>
        <line num="469" count="4" type="stmt"/>
        <line num="470" count="4" type="stmt"/>
        <line num="473" count="4" type="stmt"/>
        <line num="474" count="4" type="stmt"/>
        <line num="475" count="4" type="stmt"/>
        <line num="476" count="4" type="stmt"/>
        <line num="477" count="4" type="stmt"/>
        <line num="478" count="4" type="stmt"/>
        <line num="481" count="4" type="stmt"/>
        <line num="482" count="4" type="stmt"/>
        <line num="483" count="4" type="stmt"/>
        <line num="485" count="4" type="stmt"/>
        <line num="487" count="4" type="stmt"/>
        <line num="488" count="4" type="stmt"/>
        <line num="490" count="4" type="stmt"/>
        <line num="492" count="4" type="stmt"/>
        <line num="493" count="4" type="stmt"/>
        <line num="495" count="4" type="stmt"/>
        <line num="496" count="4" type="stmt"/>
        <line num="497" count="4" type="stmt"/>
        <line num="498" count="4" type="stmt"/>
        <line num="499" count="4" type="stmt"/>
        <line num="500" count="4" type="stmt"/>
        <line num="503" count="4" type="stmt"/>
        <line num="504" count="4" type="stmt"/>
        <line num="505" count="4" type="stmt"/>
        <line num="506" count="4" type="stmt"/>
        <line num="507" count="4" type="stmt"/>
        <line num="508" count="4" type="stmt"/>
        <line num="511" count="5" type="stmt"/>
        <line num="512" count="5" type="stmt"/>
        <line num="513" count="5" type="stmt"/>
        <line num="514" count="5" type="stmt"/>
        <line num="515" count="5" type="stmt"/>
        <line num="516" count="5" type="stmt"/>
        <line num="519" count="2" type="stmt"/>
        <line num="520" count="2" type="stmt"/>
        <line num="521" count="2" type="stmt"/>
        <line num="522" count="2" type="stmt"/>
        <line num="523" count="2" type="stmt"/>
        <line num="524" count="2" type="stmt"/>
        <line num="527" count="0" type="stmt"/>
        <line num="532" count="1586" type="stmt"/>
        <line num="534" count="1586" type="cond" truecount="2" falsecount="0"/>
        <line num="535" count="10" type="stmt"/>
        <line num="537" count="10" type="stmt"/>
        <line num="538" count="10" type="stmt"/>
        <line num="539" count="10" type="stmt"/>
        <line num="540" count="10" type="cond" truecount="1" falsecount="1"/>
        <line num="541" count="10" type="cond" truecount="1" falsecount="1"/>
        <line num="543" count="10" type="stmt"/>
        <line num="545" count="10" type="cond" truecount="1" falsecount="0"/>
        <line num="547" count="10" type="stmt"/>
        <line num="548" count="10" type="stmt"/>
        <line num="549" count="10" type="stmt"/>
        <line num="553" count="1586" type="stmt"/>
        <line num="557" count="1556" type="stmt"/>
        <line num="559" count="1556" type="cond" truecount="2" falsecount="0"/>
        <line num="560" count="30" type="stmt"/>
        <line num="562" count="30" type="stmt"/>
        <line num="563" count="30" type="stmt"/>
        <line num="564" count="30" type="stmt"/>
        <line num="565" count="30" type="cond" truecount="1" falsecount="1"/>
        <line num="566" count="30" type="cond" truecount="1" falsecount="1"/>
        <line num="568" count="30" type="stmt"/>
        <line num="570" count="30" type="cond" truecount="3" falsecount="0"/>
        <line num="572" count="10" type="stmt"/>
        <line num="573" count="10" type="stmt"/>
        <line num="575" count="10" type="stmt"/>
        <line num="576" count="10" type="stmt"/>
        <line num="577" count="10" type="stmt"/>
        <line num="579" count="10" type="stmt"/>
        <line num="580" count="10" type="stmt"/>
        <line num="581" count="10" type="stmt"/>
        <line num="585" count="1556" type="stmt"/>
        <line num="589" count="1461" type="stmt"/>
        <line num="591" count="1461" type="cond" truecount="2" falsecount="0"/>
        <line num="592" count="95" type="stmt"/>
        <line num="594" count="95" type="stmt"/>
        <line num="595" count="95" type="stmt"/>
        <line num="596" count="95" type="stmt"/>
        <line num="598" count="95" type="cond" truecount="1" falsecount="1"/>
        <line num="600" count="95" type="stmt"/>
        <line num="602" count="95" type="cond" truecount="2" falsecount="0"/>
        <line num="604" count="77" type="cond" truecount="2" falsecount="0"/>
        <line num="605" count="22" type="stmt"/>
        <line num="606" count="22" type="stmt"/>
        <line num="607" count="55" type="cond" truecount="1" falsecount="1"/>
        <line num="608" count="55" type="stmt"/>
        <line num="610" count="0" type="stmt"/>
        <line num="612" count="77" type="stmt"/>
        <line num="614" count="18" type="cond" truecount="1" falsecount="1"/>
        <line num="615" count="18" type="stmt"/>
        <line num="616" count="18" type="stmt"/>
        <line num="617" count="18" type="stmt"/>
        <line num="621" count="1461" type="stmt"/>
        <line num="625" count="1175" type="stmt"/>
        <line num="627" count="1175" type="cond" truecount="2" falsecount="0"/>
        <line num="628" count="286" type="stmt"/>
        <line num="629" count="286" type="stmt"/>
        <line num="630" count="286" type="stmt"/>
        <line num="631" count="286" type="stmt"/>
        <line num="633" count="286" type="cond" truecount="1" falsecount="1"/>
        <line num="636" count="286" type="stmt"/>
        <line num="637" count="286" type="stmt"/>
        <line num="639" count="286" type="cond" truecount="6" falsecount="0"/>
        <line num="641" count="38" type="stmt"/>
        <line num="642" count="38" type="stmt"/>
        <line num="644" count="192" type="stmt"/>
        <line num="645" count="192" type="stmt"/>
        <line num="647" count="10" type="cond" truecount="1" falsecount="1"/>
        <line num="648" count="10" type="stmt"/>
        <line num="649" count="10" type="stmt"/>
        <line num="651" count="8" type="cond" truecount="1" falsecount="1"/>
        <line num="652" count="8" type="stmt"/>
        <line num="653" count="8" type="stmt"/>
        <line num="655" count="24" type="cond" truecount="1" falsecount="1"/>
        <line num="656" count="24" type="stmt"/>
        <line num="657" count="24" type="stmt"/>
        <line num="659" count="14" type="cond" truecount="1" falsecount="1"/>
        <line num="660" count="14" type="stmt"/>
        <line num="661" count="14" type="stmt"/>
        <line num="664" count="286" type="stmt"/>
        <line num="667" count="1175" type="stmt"/>
        <line num="671" count="1163" type="stmt"/>
        <line num="673" count="1163" type="cond" truecount="2" falsecount="0"/>
        <line num="674" count="12" type="cond" truecount="1" falsecount="1"/>
        <line num="676" count="12" type="stmt"/>
        <line num="677" count="12" type="stmt"/>
        <line num="678" count="12" type="stmt"/>
        <line num="681" count="12" type="stmt"/>
        <line num="683" count="12" type="stmt"/>
        <line num="684" count="12" type="cond" truecount="1" falsecount="1"/>
        <line num="686" count="12" type="stmt"/>
        <line num="689" count="1163" type="stmt"/>
        <line num="693" count="1149" type="stmt"/>
        <line num="695" count="1149" type="cond" truecount="2" falsecount="0"/>
        <line num="696" count="14" type="cond" truecount="1" falsecount="1"/>
        <line num="698" count="14" type="stmt"/>
        <line num="699" count="14" type="stmt"/>
        <line num="700" count="14" type="stmt"/>
        <line num="702" count="14" type="stmt"/>
        <line num="704" count="14" type="stmt"/>
        <line num="705" count="14" type="cond" truecount="1" falsecount="1"/>
        <line num="707" count="14" type="stmt"/>
        <line num="710" count="1149" type="stmt"/>
        <line num="714" count="1149" type="stmt"/>
        <line num="716" count="1149" type="cond" truecount="2" falsecount="0"/>
        <line num="717" count="16" type="cond" truecount="1" falsecount="1"/>
        <line num="719" count="16" type="stmt"/>
        <line num="721" count="16" type="stmt"/>
        <line num="722" count="16" type="stmt"/>
        <line num="723" count="16" type="stmt"/>
        <line num="724" count="16" type="stmt"/>
        <line num="726" count="16" type="stmt"/>
        <line num="728" count="16" type="stmt"/>
        <line num="730" count="16" type="stmt"/>
        <line num="731" count="16" type="stmt"/>
        <line num="733" count="16" type="cond" truecount="1" falsecount="1"/>
        <line num="735" count="16" type="stmt"/>
        <line num="738" count="1149" type="stmt"/>
        <line num="742" count="296" type="stmt"/>
        <line num="744" count="296" type="stmt"/>
        <line num="745" count="296" type="stmt"/>
        <line num="747" count="296" type="cond" truecount="2" falsecount="0"/>
        <line num="748" count="2" type="stmt"/>
        <line num="751" count="296" type="stmt"/>
        <line num="752" count="296" type="stmt"/>
        <line num="753" count="296" type="stmt"/>
        <line num="755" count="296" type="stmt"/>
        <line num="757" count="296" type="cond" truecount="4" falsecount="0"/>
        <line num="758" count="2" type="stmt"/>
        <line num="759" count="2" type="stmt"/>
        <line num="760" count="2" type="stmt"/>
        <line num="762" count="2" type="stmt"/>
        <line num="764" count="2" type="stmt"/>
        <line num="766" count="2" type="stmt"/>
        <line num="768" count="294" type="stmt"/>
        <line num="771" count="296" type="stmt"/>
        <line num="775" count="10" type="stmt"/>
        <line num="776" count="10" type="stmt"/>
        <line num="779" count="10" type="stmt"/>
        <line num="780" count="10" type="stmt"/>
        <line num="782" count="10" type="stmt"/>
        <line num="784" count="10" type="cond" truecount="1" falsecount="1"/>
        <line num="785" count="0" type="stmt"/>
        <line num="787" count="10" type="stmt"/>
        <line num="788" count="10" type="stmt"/>
        <line num="789" count="10" type="stmt"/>
        <line num="791" count="10" type="stmt"/>
        <line num="793" count="10" type="stmt"/>
        <line num="794" count="10" type="stmt"/>
        <line num="795" count="10" type="stmt"/>
        <line num="799" count="12" type="stmt"/>
        <line num="800" count="12" type="stmt"/>
        <line num="801" count="12" type="stmt"/>
        <line num="802" count="12" type="stmt"/>
        <line num="805" count="12" type="stmt"/>
        <line num="807" count="12" type="stmt"/>
        <line num="808" count="12" type="stmt"/>
        <line num="810" count="12" type="cond" truecount="2" falsecount="0"/>
        <line num="811" count="10" type="stmt"/>
        <line num="813" count="2" type="stmt"/>
        <line num="816" count="12" type="stmt"/>
        <line num="818" count="12" type="cond" truecount="2" falsecount="0"/>
        <line num="819" count="10" type="cond" truecount="1" falsecount="1"/>
        <line num="820" count="0" type="stmt"/>
        <line num="822" count="10" type="stmt"/>
        <line num="823" count="10" type="stmt"/>
        <line num="826" count="12" type="stmt"/>
        <line num="827" count="12" type="stmt"/>
        <line num="829" count="12" type="stmt"/>
        <line num="831" count="12" type="cond" truecount="2" falsecount="0"/>
        <line num="832" count="10" type="stmt"/>
        <line num="835" count="12" type="stmt"/>
        <line num="837" count="12" type="stmt"/>
        <line num="839" count="12" type="stmt"/>
        <line num="841" count="12" type="stmt"/>
        <line num="843" count="12" type="stmt"/>
        <line num="844" count="12" type="stmt"/>
        <line num="846" count="12" type="stmt"/>
        <line num="847" count="12" type="stmt"/>
        <line num="851" count="10" type="stmt"/>
        <line num="852" count="10" type="stmt"/>
        <line num="854" count="10" type="stmt"/>
        <line num="856" count="10" type="stmt"/>
        <line num="858" count="10" type="stmt"/>
        <line num="860" count="10" type="stmt"/>
        <line num="861" count="10" type="stmt"/>
        <line num="863" count="10" type="cond" truecount="1" falsecount="1"/>
        <line num="864" count="0" type="stmt"/>
        <line num="867" count="10" type="stmt"/>
        <line num="868" count="10" type="stmt"/>
        <line num="869" count="10" type="stmt"/>
        <line num="871" count="10" type="stmt"/>
        <line num="875" count="10" type="stmt"/>
        <line num="876" count="10" type="cond" truecount="3" falsecount="1"/>
        <line num="877" count="10" type="stmt"/>
        <line num="879" count="10" type="stmt"/>
        <line num="883" count="3" type="stmt"/>
        <line num="884" count="3" type="cond" truecount="1" falsecount="1"/>
        <line num="885" count="3" type="stmt"/>
        <line num="886" count="3" type="stmt"/>
        <line num="888" count="0" type="stmt"/>
        <line num="890" count="3" type="stmt"/>
        <line num="894" count="10" type="cond" truecount="3" falsecount="1"/>
        <line num="898" count="8" type="stmt"/>
        <line num="899" count="8" type="stmt"/>
        <line num="901" count="2" type="stmt"/>
        <line num="902" count="2" type="stmt"/>
        <line num="907" count="117" type="stmt"/>
        <line num="908" count="117" type="cond" truecount="3" falsecount="1"/>
        <line num="910" count="39" type="stmt"/>
        <line num="911" count="39" type="stmt"/>
        <line num="913" count="58" type="stmt"/>
        <line num="914" count="58" type="stmt"/>
        <line num="916" count="20" type="stmt"/>
        <line num="917" count="20" type="stmt"/>
        <line num="919" count="0" type="stmt"/>
        <line num="921" count="117" type="stmt"/>
        <line num="923" count="117" type="stmt"/>
        <line num="925" count="117" type="stmt"/>
        <line num="926" count="117" type="stmt"/>
        <line num="927" count="117" type="stmt"/>
        <line num="929" count="117" type="cond" truecount="5" falsecount="0"/>
        <line num="930" count="74" type="stmt"/>
        <line num="931" count="74" type="stmt"/>
        <line num="933" count="43" type="stmt"/>
        <line num="934" count="43" type="stmt"/>
        <line num="935" count="43" type="cond" truecount="3" falsecount="1"/>
        <line num="937" count="29" type="stmt"/>
        <line num="938" count="29" type="stmt"/>
        <line num="940" count="2" type="stmt"/>
        <line num="941" count="2" type="stmt"/>
        <line num="943" count="12" type="stmt"/>
        <line num="944" count="12" type="stmt"/>
        <line num="946" count="0" type="stmt"/>
        <line num="948" count="43" type="cond" truecount="2" falsecount="0"/>
        <line num="949" count="39" type="stmt"/>
        <line num="950" count="39" type="stmt"/>
        <line num="951" count="39" type="cond" truecount="1" falsecount="1"/>
        <line num="952" count="39" type="stmt"/>
        <line num="955" count="43" type="cond" truecount="1" falsecount="1"/>
        <line num="957" count="43" type="stmt"/>
        <line num="959" count="43" type="stmt"/>
        <line num="964" count="74" type="stmt"/>
        <line num="965" count="74" type="stmt"/>
        <line num="966" count="74" type="stmt"/>
        <line num="968" count="74" type="stmt"/>
        <line num="970" count="74" type="stmt"/>
        <line num="971" count="74" type="stmt"/>
        <line num="973" count="74" type="stmt"/>
        <line num="974" count="74" type="stmt"/>
        <line num="975" count="74" type="stmt"/>
        <line num="977" count="74" type="stmt"/>
        <line num="978" count="74" type="cond" truecount="2" falsecount="0"/>
        <line num="979" count="16" type="cond" truecount="3" falsecount="1"/>
        <line num="981" count="8" type="stmt"/>
        <line num="982" count="8" type="stmt"/>
        <line num="984" count="2" type="stmt"/>
        <line num="985" count="2" type="stmt"/>
        <line num="987" count="6" type="stmt"/>
        <line num="988" count="6" type="stmt"/>
        <line num="990" count="0" type="stmt"/>
        <line num="992" count="16" type="stmt"/>
        <line num="994" count="16" type="stmt"/>
        <line num="995" count="16" type="stmt"/>
        <line num="997" count="16" type="cond" truecount="2" falsecount="0"/>
        <line num="998" count="2" type="stmt"/>
        <line num="999" count="2" type="cond" truecount="1" falsecount="1"/>
        <line num="1002" count="74" type="stmt"/>
        <line num="1004" count="74" type="stmt"/>
        <line num="1005" count="74" type="cond" truecount="1" falsecount="1"/>
        <line num="1007" count="74" type="stmt"/>
        <line num="1008" count="74" type="stmt"/>
        <line num="1009" count="16" type="stmt"/>
        <line num="1010" count="16" type="cond" truecount="1" falsecount="1"/>
        <line num="1011" count="16" type="stmt"/>
        <line num="1014" count="74" type="stmt"/>
        <line num="1016" count="74" type="stmt"/>
        <line num="1017" count="74" type="stmt"/>
        <line num="1019" count="74" type="stmt"/>
        <line num="1020" count="74" type="stmt"/>
        <line num="1021" count="74" type="stmt"/>
        <line num="1023" count="74" type="stmt"/>
        <line num="1024" count="74" type="stmt"/>
        <line num="1026" count="74" type="stmt"/>
        <line num="1027" count="16" type="stmt"/>
        <line num="1028" count="16" type="cond" truecount="3" falsecount="1"/>
        <line num="1030" count="2" type="stmt"/>
        <line num="1031" count="2" type="stmt"/>
        <line num="1033" count="8" type="stmt"/>
        <line num="1034" count="8" type="stmt"/>
        <line num="1036" count="6" type="stmt"/>
        <line num="1037" count="6" type="stmt"/>
        <line num="1039" count="0" type="stmt"/>
        <line num="1041" count="16" type="stmt"/>
        <line num="1044" count="74" type="stmt"/>
        <line num="1047" count="74" type="stmt"/>
        <line num="1048" count="74" type="stmt"/>
        <line num="1049" count="74" type="stmt"/>
        <line num="1053" count="354" type="stmt"/>
        <line num="1055" count="354" type="cond" truecount="1" falsecount="1"/>
        <line num="1056" count="354" type="stmt"/>
        <line num="1057" count="354" type="cond" truecount="1" falsecount="1"/>
        <line num="1059" count="0" type="stmt"/>
        <line num="1062" count="354" type="stmt"/>
        <line num="1063" count="354" type="stmt"/>
        <line num="1067" count="74" type="stmt"/>
        <line num="1069" count="74" type="stmt"/>
        <line num="1070" count="74" type="stmt"/>
        <line num="1071" count="74" type="cond" truecount="1" falsecount="1"/>
        <line num="1073" count="74" type="stmt"/>
        <line num="1075" count="74" type="stmt"/>
        <line num="1076" count="74" type="cond" truecount="1" falsecount="1"/>
        <line num="1078" count="74" type="stmt"/>
        <line num="1080" count="74" type="cond" truecount="2" falsecount="0"/>
        <line num="1084" count="126" type="stmt"/>
        <line num="1086" count="126" type="stmt"/>
        <line num="1087" count="126" type="cond" truecount="1" falsecount="1"/>
        <line num="1089" count="126" type="cond" truecount="4" falsecount="1"/>
        <line num="1093" count="62" type="stmt"/>
        <line num="1094" count="62" type="stmt"/>
        <line num="1096" count="64" type="stmt"/>
        <line num="1097" count="64" type="stmt"/>
        <line num="1098" count="64" type="stmt"/>
        <line num="1100" count="0" type="stmt"/>
        <line num="1105" count="968" type="cond" truecount="13" falsecount="1"/>
        <line num="1107" count="296" type="stmt"/>
        <line num="1108" count="296" type="stmt"/>
        <line num="1110" count="10" type="stmt"/>
        <line num="1111" count="10" type="stmt"/>
        <line num="1113" count="12" type="stmt"/>
        <line num="1114" count="12" type="stmt"/>
        <line num="1116" count="10" type="stmt"/>
        <line num="1117" count="10" type="stmt"/>
        <line num="1119" count="10" type="stmt"/>
        <line num="1120" count="10" type="stmt"/>
        <line num="1123" count="3" type="stmt"/>
        <line num="1124" count="3" type="stmt"/>
        <line num="1127" count="354" type="cond" truecount="3" falsecount="1"/>
        <line num="1128" count="354" type="stmt"/>
        <line num="1130" count="0" type="stmt"/>
        <line num="1132" count="354" type="stmt"/>
        <line num="1137" count="109" type="stmt"/>
        <line num="1138" count="109" type="stmt"/>
        <line num="1141" count="126" type="stmt"/>
        <line num="1142" count="126" type="stmt"/>
        <line num="1145" count="34" type="stmt"/>
        <line num="1146" count="34" type="stmt"/>
        <line num="1149" count="4" type="stmt"/>
        <line num="1150" count="4" type="stmt"/>
        <line num="1153" count="0" type="stmt"/>
        <line num="1158" count="447" type="cond" truecount="2" falsecount="0"/>
        <line num="1161" count="447" type="stmt"/>
        <line num="1163" count="447" type="cond" truecount="3" falsecount="1"/>
        <line num="1165" count="447" type="cond" truecount="2" falsecount="0"/>
        <line num="1166" count="108" type="stmt"/>
        <line num="1167" count="108" type="stmt"/>
        <line num="1170" count="447" type="stmt"/>
        <line num="1171" count="1076" type="cond" truecount="2" falsecount="0"/>
        <line num="1172" count="108" type="cond" truecount="1" falsecount="1"/>
        <line num="1173" count="108" type="stmt"/>
        <line num="1174" count="108" type="stmt"/>
        <line num="1175" count="108" type="stmt"/>
        <line num="1177" count="0" type="stmt"/>
        <line num="1179" count="968" type="stmt"/>
        <line num="1181" count="968" type="cond" truecount="4" falsecount="0"/>
        <line num="1184" count="447" type="cond" truecount="1" falsecount="1"/>
        <line num="1186" count="447" type="cond" truecount="2" falsecount="0"/>
        <line num="1190" count="1" type="stmt"/>
      </file>
      <file name="Program.js" path="D:\Programming\Interpreter\Program.js">
        <metrics statements="594" coveredstatements="441" conditionals="582" coveredconditionals="394" methods="71" coveredmethods="66"/>
        <line num="1" count="1" type="stmt"/>
        <line num="2" count="1" type="stmt"/>
        <line num="5" count="1" type="stmt"/>
        <line num="67" count="1" type="stmt"/>
        <line num="77" count="1" type="stmt"/>
        <line num="79" count="4529" type="cond" truecount="3" falsecount="0"/>
        <line num="80" count="3581" type="stmt"/>
        <line num="81" count="940" type="stmt"/>
        <line num="82" count="8" type="stmt"/>
        <line num="84" count="0" type="stmt"/>
        <line num="86" count="313" type="cond" truecount="0" falsecount="1"/>
        <line num="87" count="1165" type="stmt"/>
        <line num="88" count="113" type="stmt"/>
        <line num="90" count="1" type="stmt"/>
        <line num="97" count="9" type="stmt"/>
        <line num="98" count="9" type="stmt"/>
        <line num="100" count="9" type="stmt"/>
        <line num="102" count="9" type="stmt"/>
        <line num="104" count="9" type="stmt"/>
        <line num="105" count="9" type="stmt"/>
        <line num="106" count="9" type="stmt"/>
        <line num="107" count="9" type="stmt"/>
        <line num="108" count="9" type="stmt"/>
        <line num="109" count="9" type="stmt"/>
        <line num="110" count="9" type="stmt"/>
        <line num="115" count="3400" type="cond" truecount="2" falsecount="0"/>
        <line num="117" count="746" type="cond" truecount="2" falsecount="0"/>
        <line num="118" count="727" type="cond" truecount="2" falsecount="0"/>
        <line num="119" count="591" type="stmt"/>
        <line num="120" count="19" type="cond" truecount="1" falsecount="1"/>
        <line num="121" count="19" type="cond" truecount="3" falsecount="1"/>
        <line num="122" count="19" type="stmt"/>
        <line num="123" count="0" type="cond" truecount="0" falsecount="2"/>
        <line num="124" count="0" type="cond" truecount="0" falsecount="2"/>
        <line num="125" count="0" type="stmt"/>
        <line num="128" count="0" type="stmt"/>
        <line num="132" count="4609" type="cond" truecount="12" falsecount="0"/>
        <line num="145" count="353" type="stmt"/>
        <line num="147" count="4256" type="stmt"/>
        <line num="151" count="568" type="cond" truecount="2" falsecount="0"/>
        <line num="152" count="196" type="stmt"/>
        <line num="154" count="372" type="stmt"/>
        <line num="158" count="124" type="cond" truecount="3" falsecount="1"/>
        <line num="159" count="124" type="stmt"/>
        <line num="160" count="124" type="stmt"/>
        <line num="162" count="124" type="cond" truecount="6" falsecount="1"/>
        <line num="164" count="13" type="cond" truecount="1" falsecount="1"/>
        <line num="165" count="13" type="stmt"/>
        <line num="167" count="92" type="cond" truecount="2" falsecount="0"/>
        <line num="168" count="92" type="stmt"/>
        <line num="170" count="3" type="cond" truecount="1" falsecount="1"/>
        <line num="171" count="3" type="stmt"/>
        <line num="173" count="2" type="cond" truecount="1" falsecount="1"/>
        <line num="174" count="2" type="stmt"/>
        <line num="176" count="10" type="cond" truecount="2" falsecount="0"/>
        <line num="177" count="10" type="stmt"/>
        <line num="179" count="4" type="cond" truecount="1" falsecount="1"/>
        <line num="180" count="4" type="stmt"/>
        <line num="182" count="0" type="stmt"/>
        <line num="184" count="124" type="stmt"/>
        <line num="188" count="8" type="stmt"/>
        <line num="189" count="3686" type="cond" truecount="2" falsecount="0"/>
        <line num="190" count="634" type="stmt"/>
        <line num="191" count="634" type="stmt"/>
        <line num="195" count="8" type="stmt"/>
        <line num="196" count="8" type="stmt"/>
        <line num="197" count="18" type="stmt"/>
        <line num="198" count="18" type="stmt"/>
        <line num="199" count="7525" type="stmt"/>
        <line num="200" count="7525" type="stmt"/>
        <line num="201" count="7525" type="cond" truecount="2" falsecount="0"/>
        <line num="202" count="7525" type="cond" truecount="2" falsecount="0"/>
        <line num="204" count="7525" type="cond" truecount="3" falsecount="0"/>
        <line num="206" count="568" type="cond" truecount="6" falsecount="0"/>
        <line num="207" count="124" type="cond" truecount="3" falsecount="1"/>
        <line num="208" count="124" type="stmt"/>
        <line num="209" count="124" type="cond" truecount="1" falsecount="1"/>
        <line num="210" count="124" type="stmt"/>
        <line num="211" count="124" type="stmt"/>
        <line num="212" count="124" type="stmt"/>
        <line num="213" count="124" type="stmt"/>
        <line num="217" count="568" type="stmt"/>
        <line num="219" count="648" type="cond" truecount="4" falsecount="0"/>
        <line num="220" count="371" type="cond" truecount="2" falsecount="0"/>
        <line num="221" count="129" type="stmt"/>
        <line num="222" count="129" type="stmt"/>
        <line num="223" count="129" type="stmt"/>
        <line num="224" count="129" type="stmt"/>
        <line num="227" count="648" type="stmt"/>
        <line num="229" count="2236" type="cond" truecount="1" falsecount="1"/>
        <line num="230" count="0" type="stmt"/>
        <line num="231" count="0" type="stmt"/>
        <line num="232" count="2236" type="cond" truecount="6" falsecount="0"/>
        <line num="233" count="56" type="stmt"/>
        <line num="234" count="56" type="stmt"/>
        <line num="235" count="56" type="stmt"/>
        <line num="236" count="56" type="stmt"/>
        <line num="237" count="2180" type="cond" truecount="8" falsecount="1"/>
        <line num="241" count="19" type="cond" truecount="1" falsecount="1"/>
        <line num="242" count="19" type="cond" truecount="1" falsecount="1"/>
        <line num="243" count="19" type="stmt"/>
        <line num="245" count="19" type="stmt"/>
        <line num="246" count="19" type="stmt"/>
        <line num="247" count="19" type="stmt"/>
        <line num="248" count="19" type="stmt"/>
        <line num="249" count="19" type="stmt"/>
        <line num="251" count="2161" type="cond" truecount="9" falsecount="0"/>
        <line num="255" count="17" type="stmt"/>
        <line num="256" count="17" type="stmt"/>
        <line num="257" count="17" type="stmt"/>
        <line num="258" count="17" type="stmt"/>
        <line num="259" count="2144" type="cond" truecount="5" falsecount="3"/>
        <line num="263" count="0" type="cond" truecount="0" falsecount="2"/>
        <line num="264" count="0" type="stmt"/>
        <line num="265" count="0" type="stmt"/>
        <line num="266" count="0" type="stmt"/>
        <line num="267" count="0" type="stmt"/>
        <line num="268" count="0" type="stmt"/>
        <line num="270" count="2144" type="cond" truecount="5" falsecount="0"/>
        <line num="271" count="144" type="cond" truecount="2" falsecount="0"/>
        <line num="272" count="42" type="stmt"/>
        <line num="273" count="42" type="stmt"/>
        <line num="274" count="42" type="stmt"/>
        <line num="275" count="42" type="stmt"/>
        <line num="277" count="2000" type="cond" truecount="5" falsecount="0"/>
        <line num="278" count="175" type="cond" truecount="1" falsecount="1"/>
        <line num="279" count="175" type="stmt"/>
        <line num="280" count="175" type="stmt"/>
        <line num="281" count="175" type="stmt"/>
        <line num="282" count="175" type="stmt"/>
        <line num="284" count="1825" type="cond" truecount="6" falsecount="0"/>
        <line num="285" count="36" type="stmt"/>
        <line num="286" count="36" type="stmt"/>
        <line num="287" count="36" type="stmt"/>
        <line num="288" count="36" type="stmt"/>
        <line num="290" count="2236" type="stmt"/>
        <line num="296" count="8" type="stmt"/>
        <line num="300" count="9" type="cond" truecount="1" falsecount="1"/>
        <line num="301" count="9" type="cond" truecount="4" falsecount="0"/>
        <line num="302" count="8" type="stmt"/>
        <line num="303" count="8" type="cond" truecount="1" falsecount="1"/>
        <line num="306" count="9" type="stmt"/>
        <line num="307" count="9" type="stmt"/>
        <line num="308" count="5923" type="cond" truecount="2" falsecount="0"/>
        <line num="309" count="675" type="cond" truecount="1" falsecount="1"/>
        <line num="310" count="0" type="stmt"/>
        <line num="312" count="675" type="stmt"/>
        <line num="314" count="675" type="stmt"/>
        <line num="315" count="675" type="stmt"/>
        <line num="319" count="9" type="stmt"/>
        <line num="320" count="5248" type="cond" truecount="8" falsecount="0"/>
        <line num="329" count="1008" type="stmt"/>
        <line num="330" count="1008" type="stmt"/>
        <line num="333" count="9" type="stmt"/>
        <line num="337" count="905802" type="cond" truecount="4" falsecount="0"/>
        <line num="339" count="655118" type="cond" truecount="3" falsecount="0"/>
        <line num="341" count="474480" type="stmt"/>
        <line num="343" count="180630" type="stmt"/>
        <line num="345" count="8" type="stmt"/>
        <line num="347" count="0" type="stmt"/>
        <line num="350" count="158910" type="stmt"/>
        <line num="353" count="91679" type="cond" truecount="3" falsecount="1"/>
        <line num="355" count="393" type="cond" truecount="2" falsecount="0"/>
        <line num="356" count="57" type="stmt"/>
        <line num="358" count="91017" type="stmt"/>
        <line num="360" count="269" type="stmt"/>
        <line num="362" count="0" type="stmt"/>
        <line num="366" count="95" type="stmt"/>
        <line num="368" count="0" type="stmt"/>
        <line num="372" count="0" type="stmt"/>
        <line num="376" count="0" type="stmt"/>
        <line num="380" count="9" type="stmt"/>
        <line num="381" count="9" type="stmt"/>
        <line num="382" count="9" type="stmt"/>
        <line num="383" count="905802" type="stmt"/>
        <line num="385" count="9" type="cond" truecount="1" falsecount="1"/>
        <line num="387" count="9" type="stmt"/>
        <line num="389" count="9" type="stmt"/>
        <line num="391" count="9" type="stmt"/>
        <line num="393" count="9" type="stmt"/>
        <line num="394" count="9" type="stmt"/>
        <line num="396" count="9" type="stmt"/>
        <line num="397" count="9" type="stmt"/>
        <line num="398" count="9" type="stmt"/>
        <line num="400" count="9" type="cond" truecount="2" falsecount="0"/>
        <line num="401" count="959608" type="stmt"/>
        <line num="402" count="959608" type="stmt"/>
        <line num="403" count="959608" type="stmt"/>
        <line num="404" count="959608" type="stmt"/>
        <line num="405" count="959608" type="cond" truecount="51" falsecount="4"/>
        <line num="407" count="0" type="stmt"/>
        <line num="410" count="70" type="stmt"/>
        <line num="411" count="70" type="stmt"/>
        <line num="413" count="44438" type="stmt"/>
        <line num="414" count="44438" type="stmt"/>
        <line num="415" count="44438" type="stmt"/>
        <line num="416" count="44438" type="stmt"/>
        <line num="418" count="44438" type="stmt"/>
        <line num="419" count="44438" type="stmt"/>
        <line num="420" count="44438" type="stmt"/>
        <line num="423" count="6" type="stmt"/>
        <line num="426" count="46176" type="stmt"/>
        <line num="427" count="46176" type="stmt"/>
        <line num="429" count="23131" type="stmt"/>
        <line num="430" count="23131" type="stmt"/>
        <line num="432" count="45410" type="stmt"/>
        <line num="433" count="45410" type="stmt"/>
        <line num="434" count="45410" type="stmt"/>
        <line num="435" count="45410" type="cond" truecount="7" falsecount="1"/>
        <line num="438" count="45310" type="stmt"/>
        <line num="439" count="45310" type="stmt"/>
        <line num="441" count="100" type="stmt"/>
        <line num="442" count="100" type="stmt"/>
        <line num="444" count="45410" type="stmt"/>
        <line num="447" count="23182" type="cond" truecount="2" falsecount="0"/>
        <line num="448" count="11527" type="stmt"/>
        <line num="449" count="11527" type="stmt"/>
        <line num="451" count="11655" type="stmt"/>
        <line num="453" count="265" type="cond" truecount="2" falsecount="0"/>
        <line num="454" count="248" type="stmt"/>
        <line num="455" count="248" type="stmt"/>
        <line num="457" count="17" type="stmt"/>
        <line num="459" count="138" type="cond" truecount="2" falsecount="0"/>
        <line num="460" count="10" type="stmt"/>
        <line num="461" count="10" type="stmt"/>
        <line num="463" count="128" type="stmt"/>
        <line num="465" count="22113" type="cond" truecount="4" falsecount="0"/>
        <line num="466" count="10953" type="stmt"/>
        <line num="467" count="10953" type="stmt"/>
        <line num="469" count="11160" type="stmt"/>
        <line num="471" count="12" type="cond" truecount="2" falsecount="0"/>
        <line num="472" count="11" type="stmt"/>
        <line num="473" count="11" type="stmt"/>
        <line num="475" count="1" type="stmt"/>
        <line num="477" count="102" type="cond" truecount="4" falsecount="0"/>
        <line num="478" count="3" type="stmt"/>
        <line num="479" count="3" type="stmt"/>
        <line num="481" count="99" type="stmt"/>
        <line num="484" count="239" type="cond" truecount="2" falsecount="0"/>
        <line num="485" count="239" type="stmt"/>
        <line num="487" count="107" type="cond" truecount="2" falsecount="0"/>
        <line num="488" count="107" type="stmt"/>
        <line num="490" count="106" type="cond" truecount="2" falsecount="0"/>
        <line num="491" count="106" type="stmt"/>
        <line num="493" count="6" type="cond" truecount="4" falsecount="0"/>
        <line num="494" count="6" type="stmt"/>
        <line num="496" count="22127" type="cond" truecount="2" falsecount="0"/>
        <line num="497" count="22127" type="stmt"/>
        <line num="499" count="144" type="cond" truecount="4" falsecount="0"/>
        <line num="500" count="144" type="stmt"/>
        <line num="503" count="8" type="stmt"/>
        <line num="504" count="8" type="cond" truecount="1" falsecount="1"/>
        <line num="505" count="8" type="stmt"/>
        <line num="506" count="8" type="stmt"/>
        <line num="508" count="8" type="stmt"/>
        <line num="509" count="8" type="cond" truecount="1" falsecount="1"/>
        <line num="510" count="8" type="stmt"/>
        <line num="511" count="8" type="stmt"/>
        <line num="513" count="4" type="stmt"/>
        <line num="514" count="4" type="cond" truecount="1" falsecount="1"/>
        <line num="515" count="4" type="stmt"/>
        <line num="516" count="4" type="stmt"/>
        <line num="518" count="8" type="stmt"/>
        <line num="519" count="8" type="stmt"/>
        <line num="520" count="8" type="cond" truecount="1" falsecount="1"/>
        <line num="521" count="8" type="cond" truecount="1" falsecount="1"/>
        <line num="522" count="8" type="stmt"/>
        <line num="523" count="8" type="stmt"/>
        <line num="525" count="8" type="stmt"/>
        <line num="526" count="8" type="stmt"/>
        <line num="527" count="8" type="cond" truecount="1" falsecount="1"/>
        <line num="528" count="8" type="cond" truecount="1" falsecount="1"/>
        <line num="529" count="8" type="stmt"/>
        <line num="530" count="8" type="stmt"/>
        <line num="532" count="0" type="stmt"/>
        <line num="533" count="0" type="stmt"/>
        <line num="534" count="0" type="stmt"/>
        <line num="535" count="0" type="cond" truecount="0" falsecount="2"/>
        <line num="536" count="0" type="cond" truecount="0" falsecount="2"/>
        <line num="537" count="0" type="cond" truecount="0" falsecount="2"/>
        <line num="538" count="0" type="stmt"/>
        <line num="539" count="0" type="stmt"/>
        <line num="541" count="62" type="stmt"/>
        <line num="542" count="62" type="cond" truecount="1" falsecount="1"/>
        <line num="543" count="62" type="stmt"/>
        <line num="544" count="62" type="stmt"/>
        <line num="546" count="10" type="stmt"/>
        <line num="547" count="10" type="cond" truecount="1" falsecount="1"/>
        <line num="548" count="10" type="stmt"/>
        <line num="549" count="10" type="stmt"/>
        <line num="551" count="4" type="stmt"/>
        <line num="552" count="4" type="cond" truecount="1" falsecount="1"/>
        <line num="553" count="4" type="stmt"/>
        <line num="554" count="4" type="stmt"/>
        <line num="557" count="35" type="stmt"/>
        <line num="558" count="35" type="cond" truecount="1" falsecount="1"/>
        <line num="559" count="35" type="stmt"/>
        <line num="560" count="35" type="stmt"/>
        <line num="562" count="2" type="stmt"/>
        <line num="563" count="2" type="cond" truecount="1" falsecount="1"/>
        <line num="564" count="2" type="stmt"/>
        <line num="565" count="2" type="stmt"/>
        <line num="567" count="2" type="stmt"/>
        <line num="568" count="2" type="cond" truecount="1" falsecount="1"/>
        <line num="569" count="2" type="stmt"/>
        <line num="570" count="2" type="stmt"/>
        <line num="572" count="4" type="stmt"/>
        <line num="573" count="4" type="stmt"/>
        <line num="574" count="4" type="stmt"/>
        <line num="575" count="4" type="cond" truecount="1" falsecount="1"/>
        <line num="576" count="4" type="cond" truecount="1" falsecount="1"/>
        <line num="577" count="4" type="cond" truecount="1" falsecount="1"/>
        <line num="578" count="4" type="stmt"/>
        <line num="579" count="4" type="stmt"/>
        <line num="581" count="28" type="stmt"/>
        <line num="582" count="28" type="stmt"/>
        <line num="583" count="28" type="cond" truecount="1" falsecount="1"/>
        <line num="584" count="28" type="stmt"/>
        <line num="585" count="28" type="cond" truecount="2" falsecount="0"/>
        <line num="586" count="2" type="cond" truecount="1" falsecount="1"/>
        <line num="587" count="2" type="cond" truecount="1" falsecount="1"/>
        <line num="588" count="0" type="stmt"/>
        <line num="589" count="0" type="stmt"/>
        <line num="592" count="26" type="stmt"/>
        <line num="594" count="28" type="stmt"/>
        <line num="595" count="28" type="stmt"/>
        <line num="597" count="142" type="stmt"/>
        <line num="598" count="142" type="stmt"/>
        <line num="599" count="142" type="cond" truecount="1" falsecount="1"/>
        <line num="600" count="142" type="cond" truecount="1" falsecount="1"/>
        <line num="601" count="142" type="stmt"/>
        <line num="602" count="142" type="stmt"/>
        <line num="604" count="44323" type="stmt"/>
        <line num="605" count="44323" type="stmt"/>
        <line num="607" count="54" type="stmt"/>
        <line num="608" count="54" type="stmt"/>
        <line num="610" count="112" type="stmt"/>
        <line num="611" count="112" type="stmt"/>
        <line num="613" count="44443" type="stmt"/>
        <line num="614" count="44443" type="stmt"/>
        <line num="616" count="44438" type="stmt"/>
        <line num="617" count="44438" type="stmt"/>
        <line num="619" count="112165" type="stmt"/>
        <line num="620" count="112165" type="stmt"/>
        <line num="622" count="112099" type="stmt"/>
        <line num="623" count="112099" type="stmt"/>
        <line num="627" count="35179" type="cond" truecount="2" falsecount="0"/>
        <line num="628" count="23586" type="stmt"/>
        <line num="630" count="35179" type="stmt"/>
        <line num="632" count="182685" type="stmt"/>
        <line num="633" count="182682" type="stmt"/>
        <line num="635" count="0" type="stmt"/>
        <line num="636" count="0" type="cond" truecount="0" falsecount="2"/>
        <line num="637" count="0" type="stmt"/>
        <line num="639" count="0" type="stmt"/>
        <line num="640" count="0" type="cond" truecount="0" falsecount="2"/>
        <line num="641" count="0" type="stmt"/>
        <line num="643" count="23365" type="stmt"/>
        <line num="644" count="23365" type="stmt"/>
        <line num="645" count="23365" type="cond" truecount="3" falsecount="1"/>
        <line num="646" count="23365" type="stmt"/>
        <line num="647" count="23365" type="stmt"/>
        <line num="649" count="43992" type="stmt"/>
        <line num="650" count="43992" type="stmt"/>
        <line num="651" count="43992" type="cond" truecount="3" falsecount="1"/>
        <line num="652" count="43992" type="stmt"/>
        <line num="653" count="43992" type="stmt"/>
        <line num="655" count="10" type="stmt"/>
        <line num="656" count="10" type="stmt"/>
        <line num="657" count="10" type="stmt"/>
        <line num="658" count="10" type="stmt"/>
        <line num="660" count="10" type="stmt"/>
        <line num="661" count="10" type="stmt"/>
        <line num="662" count="10" type="cond" truecount="3" falsecount="1"/>
        <line num="664" count="10" type="cond" truecount="1" falsecount="1"/>
        <line num="665" count="0" type="stmt"/>
        <line num="667" count="10" type="stmt"/>
        <line num="669" count="10" type="stmt"/>
        <line num="671" count="10" type="stmt"/>
        <line num="672" count="10" type="stmt"/>
        <line num="673" count="10" type="cond" truecount="3" falsecount="1"/>
        <line num="675" count="10" type="cond" truecount="1" falsecount="1"/>
        <line num="676" count="0" type="stmt"/>
        <line num="678" count="10" type="stmt"/>
        <line num="680" count="10" type="stmt"/>
        <line num="682" count="10" type="stmt"/>
        <line num="683" count="10" type="stmt"/>
        <line num="684" count="10" type="cond" truecount="3" falsecount="1"/>
        <line num="685" count="10" type="stmt"/>
        <line num="686" count="10" type="stmt"/>
        <line num="688" count="113" type="stmt"/>
        <line num="689" count="113" type="cond" truecount="1" falsecount="1"/>
        <line num="690" count="113" type="stmt"/>
        <line num="691" count="113" type="stmt"/>
        <line num="693" count="44056" type="stmt"/>
        <line num="694" count="44056" type="cond" truecount="1" falsecount="1"/>
        <line num="695" count="44056" type="stmt"/>
        <line num="696" count="44056" type="stmt"/>
        <line num="698" count="9" type="stmt"/>
        <line num="699" count="15" type="stmt"/>
        <line num="701" count="9" type="stmt"/>
        <line num="703" count="801795" type="stmt"/>
        <line num="706" count="0" type="stmt"/>
        <line num="708" count="3" type="stmt"/>
        <line num="709" count="3" type="stmt"/>
        <line num="710" count="0" type="stmt"/>
        <line num="712" count="3" type="stmt"/>
        <line num="716" count="74" type="cond" truecount="2" falsecount="1"/>
        <line num="717" count="675" type="cond" truecount="2" falsecount="1"/>
        <line num="718" count="502" type="cond" truecount="2" falsecount="1"/>
        <line num="719" count="344" type="cond" truecount="2" falsecount="1"/>
        <line num="720" count="24" type="cond" truecount="2" falsecount="1"/>
        <line num="721" count="9" type="cond" truecount="1" falsecount="2"/>
        <line num="722" count="368" type="cond" truecount="2" falsecount="1"/>
        <line num="723" count="48" type="cond" truecount="2" falsecount="1"/>
        <line num="724" count="192" type="cond" truecount="2" falsecount="1"/>
        <line num="725" count="10" type="cond" truecount="2" falsecount="1"/>
        <line num="726" count="8" type="cond" truecount="2" falsecount="1"/>
        <line num="727" count="24" type="cond" truecount="2" falsecount="1"/>
        <line num="728" count="14" type="cond" truecount="2" falsecount="1"/>
        <line num="729" count="12" type="cond" truecount="2" falsecount="1"/>
        <line num="730" count="8" type="cond" truecount="2" falsecount="1"/>
        <line num="731" count="8" type="cond" truecount="2" falsecount="1"/>
        <line num="732" count="4" type="cond" truecount="2" falsecount="1"/>
        <line num="733" count="16" type="cond" truecount="2" falsecount="1"/>
        <line num="734" count="10" type="cond" truecount="2" falsecount="1"/>
        <line num="735" count="4" type="cond" truecount="2" falsecount="1"/>
        <line num="736" count="5" type="cond" truecount="2" falsecount="1"/>
        <line num="737" count="2" type="cond" truecount="2" falsecount="1"/>
        <line num="738" count="4" type="cond" truecount="2" falsecount="1"/>
        <line num="739" count="37" type="cond" truecount="3" falsecount="0"/>
        <line num="740" count="4" type="cond" truecount="3" falsecount="0"/>
        <line num="741" count="18" type="cond" truecount="3" falsecount="0"/>
        <line num="742" count="593" type="cond" truecount="2" falsecount="1"/>
        <line num="743" count="463" type="cond" truecount="3" falsecount="0"/>
        <line num="744" count="63" type="cond" truecount="2" falsecount="1"/>
        <line num="745" count="130" type="cond" truecount="2" falsecount="1"/>
        <line num="746" count="1247" type="cond" truecount="2" falsecount="1"/>
        <line num="747" count="74" type="cond" truecount="2" falsecount="1"/>
        <line num="748" count="18" type="cond" truecount="2" falsecount="1"/>
        <line num="749" count="296" type="cond" truecount="2" falsecount="1"/>
        <line num="750" count="22" type="cond" truecount="2" falsecount="1"/>
        <line num="751" count="8" type="cond" truecount="2" falsecount="1"/>
        <line num="752" count="8" type="cond" truecount="2" falsecount="1"/>
        <line num="753" count="1594" type="cond" truecount="2" falsecount="1"/>
        <line num="754" count="0" type="cond" truecount="0" falsecount="3"/>
        <line num="755" count="0" type="cond" truecount="0" falsecount="3"/>
        <line num="756" count="55" type="cond" truecount="2" falsecount="1"/>
        <line num="757" count="18" type="cond" truecount="2" falsecount="1"/>
        <line num="758" count="10" type="cond" truecount="2" falsecount="1"/>
        <line num="759" count="10" type="cond" truecount="2" falsecount="1"/>
        <line num="760" count="10" type="cond" truecount="2" falsecount="1"/>
        <line num="761" count="10" type="cond" truecount="2" falsecount="1"/>
        <line num="762" count="79" type="cond" truecount="1" falsecount="2"/>
        <line num="763" count="138" type="cond" truecount="2" falsecount="1"/>
        <line num="764" count="24" type="cond" truecount="2" falsecount="1"/>
        <line num="765" count="4" type="cond" truecount="2" falsecount="1"/>
        <line num="766" count="0" type="cond" truecount="0" falsecount="3"/>
        <line num="773" count="4" type="cond" truecount="3" falsecount="1"/>
        <line num="775" count="0" type="stmt"/>
        <line num="777" count="2" type="stmt"/>
        <line num="779" count="1" type="stmt"/>
        <line num="781" count="1" type="stmt"/>
        <line num="783" count="0" type="stmt"/>
        <line num="787" count="1" type="stmt"/>
        <line num="788" count="5" type="cond" truecount="2" falsecount="0"/>
        <line num="789" count="1" type="stmt"/>
        <line num="790" count="1" type="stmt"/>
        <line num="791" count="1" type="stmt"/>
        <line num="792" count="5" type="stmt"/>
        <line num="793" count="5" type="stmt"/>
        <line num="794" count="5" type="cond" truecount="5" falsecount="51"/>
        <line num="796" count="0" type="stmt"/>
        <line num="797" count="0" type="stmt"/>
        <line num="799" count="0" type="stmt"/>
        <line num="800" count="0" type="stmt"/>
        <line num="803" count="0" type="stmt"/>
        <line num="804" count="0" type="stmt"/>
        <line num="806" count="0" type="stmt"/>
        <line num="807" count="0" type="stmt"/>
        <line num="809" count="0" type="stmt"/>
        <line num="810" count="0" type="stmt"/>
        <line num="812" count="0" type="stmt"/>
        <line num="813" count="0" type="stmt"/>
        <line num="815" count="0" type="stmt"/>
        <line num="816" count="0" type="stmt"/>
        <line num="818" count="0" type="stmt"/>
        <line num="819" count="0" type="stmt"/>
        <line num="822" count="0" type="stmt"/>
        <line num="823" count="0" type="stmt"/>
        <line num="825" count="0" type="stmt"/>
        <line num="826" count="0" type="stmt"/>
        <line num="828" count="0" type="stmt"/>
        <line num="829" count="0" type="stmt"/>
        <line num="831" count="0" type="stmt"/>
        <line num="832" count="0" type="stmt"/>
        <line num="834" count="0" type="stmt"/>
        <line num="835" count="0" type="stmt"/>
        <line num="837" count="0" type="stmt"/>
        <line num="838" count="0" type="stmt"/>
        <line num="840" count="0" type="stmt"/>
        <line num="841" count="0" type="stmt"/>
        <line num="843" count="0" type="stmt"/>
        <line num="844" count="0" type="stmt"/>
        <line num="846" count="1" type="stmt"/>
        <line num="847" count="1" type="stmt"/>
        <line num="849" count="0" type="stmt"/>
        <line num="850" count="0" type="stmt"/>
        <line num="852" count="0" type="stmt"/>
        <line num="853" count="0" type="stmt"/>
        <line num="855" count="0" type="stmt"/>
        <line num="856" count="0" type="stmt"/>
        <line num="858" count="0" type="stmt"/>
        <line num="859" count="0" type="stmt"/>
        <line num="861" count="0" type="stmt"/>
        <line num="862" count="0" type="stmt"/>
        <line num="864" count="0" type="stmt"/>
        <line num="865" count="0" type="stmt"/>
        <line num="867" count="0" type="stmt"/>
        <line num="868" count="0" type="stmt"/>
        <line num="870" count="0" type="stmt"/>
        <line num="871" count="0" type="stmt"/>
        <line num="873" count="0" type="stmt"/>
        <line num="874" count="0" type="stmt"/>
        <line num="876" count="0" type="stmt"/>
        <line num="877" count="0" type="stmt"/>
        <line num="879" count="0" type="stmt"/>
        <line num="880" count="0" type="stmt"/>
        <line num="882" count="0" type="stmt"/>
        <line num="883" count="0" type="stmt"/>
        <line num="885" count="0" type="stmt"/>
        <line num="886" count="0" type="stmt"/>
        <line num="888" count="0" type="stmt"/>
        <line num="889" count="0" type="stmt"/>
        <line num="891" count="0" type="stmt"/>
        <line num="892" count="0" type="stmt"/>
        <line num="894" count="0" type="stmt"/>
        <line num="895" count="0" type="stmt"/>
        <line num="897" count="0" type="stmt"/>
        <line num="898" count="0" type="stmt"/>
        <line num="900" count="0" type="stmt"/>
        <line num="901" count="0" type="stmt"/>
        <line num="903" count="1" type="stmt"/>
        <line num="904" count="1" type="stmt"/>
        <line num="906" count="0" type="stmt"/>
        <line num="907" count="0" type="stmt"/>
        <line num="909" count="0" type="stmt"/>
        <line num="910" count="0" type="stmt"/>
        <line num="912" count="0" type="stmt"/>
        <line num="913" count="0" type="stmt"/>
        <line num="915" count="0" type="cond" truecount="0" falsecount="2"/>
        <line num="917" count="0" type="stmt"/>
        <line num="918" count="0" type="cond" truecount="0" falsecount="2"/>
        <line num="919" count="0" type="stmt"/>
        <line num="920" count="0" type="stmt"/>
        <line num="922" count="0" type="cond" truecount="0" falsecount="2"/>
        <line num="923" count="0" type="stmt"/>
        <line num="924" count="0" type="stmt"/>
        <line num="926" count="1" type="stmt"/>
        <line num="927" count="1" type="stmt"/>
        <line num="929" count="0" type="stmt"/>
        <line num="930" count="0" type="stmt"/>
        <line num="932" count="0" type="stmt"/>
        <line num="933" count="0" type="stmt"/>
        <line num="935" count="0" type="stmt"/>
        <line num="936" count="0" type="stmt"/>
        <line num="938" count="0" type="stmt"/>
        <line num="939" count="0" type="stmt"/>
        <line num="941" count="0" type="stmt"/>
        <line num="942" count="0" type="stmt"/>
        <line num="944" count="0" type="stmt"/>
        <line num="945" count="0" type="stmt"/>
        <line num="947" count="0" type="stmt"/>
        <line num="948" count="0" type="stmt"/>
        <line num="950" count="0" type="stmt"/>
        <line num="951" count="0" type="stmt"/>
        <line num="953" count="0" type="stmt"/>
        <line num="954" count="0" type="stmt"/>
        <line num="956" count="0" type="stmt"/>
        <line num="957" count="0" type="stmt"/>
        <line num="959" count="1" type="stmt"/>
        <line num="960" count="1" type="stmt"/>
        <line num="962" count="1" type="stmt"/>
        <line num="963" count="1" type="stmt"/>
        <line num="965" count="0" type="stmt"/>
        <line num="966" count="0" type="stmt"/>
        <line num="968" count="0" type="stmt"/>
        <line num="969" count="0" type="stmt"/>
        <line num="971" count="0" type="stmt"/>
        <line num="973" count="5" type="stmt"/>
        <line num="975" count="1" type="stmt"/>
        <line num="976" count="1" type="stmt"/>
        <line num="977" count="1" type="stmt"/>
        <line num="983" count="1" type="stmt"/>
      </file>
      <file name="Tokenizer.js" path="D:\Programming\Interpreter\Tokenizer.js">
        <metrics statements="208" coveredstatements="208" conditionals="139" coveredconditionals="139" methods="16" coveredmethods="16"/>
        <line num="1" count="2" type="stmt"/>
        <line num="75" count="9532" type="stmt"/>
        <line num="76" count="9532" type="cond" truecount="4" falsecount="0"/>
        <line num="77" count="1668" type="stmt"/>
        <line num="79" count="7864" type="stmt"/>
        <line num="83" count="17505" type="stmt"/>
        <line num="84" count="17505" type="cond" truecount="6" falsecount="0"/>
        <line num="85" count="12223" type="stmt"/>
        <line num="87" count="5282" type="stmt"/>
        <line num="91" count="8935" type="cond" truecount="2" falsecount="0"/>
        <line num="92" count="5797" type="stmt"/>
        <line num="97" count="6693" type="stmt"/>
        <line num="101" count="2" type="stmt"/>
        <line num="105" count="88" type="stmt"/>
        <line num="107" count="88" type="stmt"/>
        <line num="108" count="88" type="stmt"/>
        <line num="109" count="88" type="stmt"/>
        <line num="110" count="88" type="stmt"/>
        <line num="111" count="88" type="stmt"/>
        <line num="113" count="88" type="stmt"/>
        <line num="115" count="88" type="stmt"/>
        <line num="119" count="88" type="stmt"/>
        <line num="121" count="88" type="stmt"/>
        <line num="122" count="5801" type="stmt"/>
        <line num="125" count="83" type="stmt"/>
        <line num="127" count="83" type="stmt"/>
        <line num="131" count="5" type="stmt"/>
        <line num="135" count="6693" type="stmt"/>
        <line num="139" count="39463" type="stmt"/>
        <line num="144" count="19824" type="stmt"/>
        <line num="145" count="19824" type="stmt"/>
        <line num="147" count="19824" type="cond" truecount="2" falsecount="0"/>
        <line num="152" count="5801" type="cond" truecount="2" falsecount="0"/>
        <line num="153" count="3138" type="cond" truecount="2" falsecount="0"/>
        <line num="154" count="831" type="stmt"/>
        <line num="155" count="831" type="stmt"/>
        <line num="156" count="831" type="stmt"/>
        <line num="158" count="3138" type="stmt"/>
        <line num="163" count="526" type="stmt"/>
        <line num="164" count="526" type="stmt"/>
        <line num="165" count="526" type="stmt"/>
        <line num="167" count="526" type="cond" truecount="2" falsecount="0"/>
        <line num="168" count="1733" type="stmt"/>
        <line num="169" count="1733" type="cond" truecount="2" falsecount="0"/>
        <line num="170" count="1125" type="stmt"/>
        <line num="171" count="1125" type="stmt"/>
        <line num="173" count="1733" type="cond" truecount="4" falsecount="0"/>
        <line num="174" count="87" type="stmt"/>
        <line num="175" count="87" type="stmt"/>
        <line num="176" count="87" type="stmt"/>
        <line num="178" count="1733" type="cond" truecount="2" falsecount="0"/>
        <line num="181" count="526" type="cond" truecount="4" falsecount="0"/>
        <line num="182" count="2" type="stmt"/>
        <line num="184" count="524" type="stmt"/>
        <line num="189" count="177" type="stmt"/>
        <line num="190" count="177" type="stmt"/>
        <line num="191" count="177" type="stmt"/>
        <line num="192" count="177" type="cond" truecount="2" falsecount="0"/>
        <line num="193" count="1094" type="stmt"/>
        <line num="194" count="1094" type="stmt"/>
        <line num="196" count="177" type="cond" truecount="4" falsecount="0"/>
        <line num="197" count="2" type="stmt"/>
        <line num="199" count="175" type="stmt"/>
        <line num="200" count="175" type="stmt"/>
        <line num="204" count="1997" type="stmt"/>
        <line num="205" count="1997" type="stmt"/>
        <line num="207" count="1997" type="cond" truecount="2" falsecount="0"/>
        <line num="208" count="12234" type="stmt"/>
        <line num="209" count="12234" type="cond" truecount="5" falsecount="0"/>
        <line num="210" count="10270" type="stmt"/>
        <line num="211" count="10270" type="stmt"/>
        <line num="212" count="10270" type="stmt"/>
        <line num="218" count="1997" type="cond" truecount="26" falsecount="0"/>
        <line num="220" count="297" type="stmt"/>
        <line num="221" count="297" type="stmt"/>
        <line num="223" count="21" type="stmt"/>
        <line num="224" count="21" type="stmt"/>
        <line num="226" count="13" type="stmt"/>
        <line num="227" count="13" type="stmt"/>
        <line num="229" count="11" type="stmt"/>
        <line num="230" count="11" type="stmt"/>
        <line num="232" count="3" type="stmt"/>
        <line num="233" count="3" type="stmt"/>
        <line num="235" count="11" type="stmt"/>
        <line num="236" count="11" type="stmt"/>
        <line num="239" count="355" type="stmt"/>
        <line num="240" count="355" type="stmt"/>
        <line num="243" count="4" type="stmt"/>
        <line num="244" count="4" type="stmt"/>
        <line num="247" count="9" type="stmt"/>
        <line num="248" count="9" type="stmt"/>
        <line num="250" count="9" type="stmt"/>
        <line num="251" count="9" type="stmt"/>
        <line num="253" count="5" type="stmt"/>
        <line num="254" count="5" type="stmt"/>
        <line num="256" count="5" type="stmt"/>
        <line num="257" count="5" type="stmt"/>
        <line num="259" count="5" type="stmt"/>
        <line num="260" count="5" type="stmt"/>
        <line num="262" count="5" type="stmt"/>
        <line num="263" count="5" type="stmt"/>
        <line num="266" count="6" type="stmt"/>
        <line num="267" count="6" type="stmt"/>
        <line num="269" count="3" type="stmt"/>
        <line num="270" count="3" type="stmt"/>
        <line num="272" count="5" type="stmt"/>
        <line num="273" count="5" type="stmt"/>
        <line num="275" count="5" type="stmt"/>
        <line num="276" count="5" type="stmt"/>
        <line num="278" count="5" type="stmt"/>
        <line num="279" count="5" type="stmt"/>
        <line num="282" count="64" type="stmt"/>
        <line num="283" count="64" type="stmt"/>
        <line num="285" count="45" type="stmt"/>
        <line num="286" count="45" type="stmt"/>
        <line num="288" count="69" type="stmt"/>
        <line num="289" count="69" type="stmt"/>
        <line num="292" count="137" type="stmt"/>
        <line num="293" count="137" type="stmt"/>
        <line num="295" count="342" type="stmt"/>
        <line num="296" count="342" type="stmt"/>
        <line num="299" count="5" type="stmt"/>
        <line num="300" count="5" type="stmt"/>
        <line num="303" count="558" type="stmt"/>
        <line num="309" count="5801" type="stmt"/>
        <line num="310" count="5801" type="cond" truecount="2" falsecount="0"/>
        <line num="312" count="5797" type="cond" truecount="4" falsecount="0"/>
        <line num="313" count="526" type="stmt"/>
        <line num="315" count="5271" type="cond" truecount="4" falsecount="0"/>
        <line num="316" count="1997" type="stmt"/>
        <line num="318" count="3274" type="cond" truecount="4" falsecount="0"/>
        <line num="319" count="177" type="stmt"/>
        <line num="322" count="3097" type="stmt"/>
        <line num="323" count="3097" type="stmt"/>
        <line num="324" count="3097" type="cond" truecount="23" falsecount="0"/>
        <line num="326" count="557" type="stmt"/>
        <line num="327" count="557" type="stmt"/>
        <line num="329" count="81" type="stmt"/>
        <line num="330" count="81" type="stmt"/>
        <line num="333" count="27" type="stmt"/>
        <line num="334" count="27" type="stmt"/>
        <line num="336" count="17" type="stmt"/>
        <line num="337" count="17" type="stmt"/>
        <line num="340" count="109" type="stmt"/>
        <line num="341" count="109" type="stmt"/>
        <line num="343" count="109" type="stmt"/>
        <line num="344" count="109" type="stmt"/>
        <line num="347" count="1" type="stmt"/>
        <line num="348" count="1" type="stmt"/>
        <line num="350" count="1" type="stmt"/>
        <line num="351" count="1" type="stmt"/>
        <line num="354" count="714" type="stmt"/>
        <line num="355" count="714" type="stmt"/>
        <line num="357" count="714" type="stmt"/>
        <line num="358" count="714" type="stmt"/>
        <line num="361" count="11" type="stmt"/>
        <line num="362" count="11" type="stmt"/>
        <line num="364" count="11" type="stmt"/>
        <line num="365" count="11" type="stmt"/>
        <line num="367" count="78" type="stmt"/>
        <line num="368" count="78" type="stmt"/>
        <line num="370" count="131" type="stmt"/>
        <line num="371" count="131" type="stmt"/>
        <line num="373" count="11" type="stmt"/>
        <line num="374" count="11" type="stmt"/>
        <line num="376" count="24" type="cond" truecount="4" falsecount="0"/>
        <line num="377" count="13" type="stmt"/>
        <line num="378" count="13" type="cond" truecount="2" falsecount="0"/>
        <line num="379" count="364" type="stmt"/>
        <line num="381" count="13" type="stmt"/>
        <line num="383" count="11" type="stmt"/>
        <line num="384" count="11" type="stmt"/>
        <line num="387" count="16" type="cond" truecount="4" falsecount="0"/>
        <line num="388" count="15" type="stmt"/>
        <line num="389" count="15" type="stmt"/>
        <line num="390" count="15" type="stmt"/>
        <line num="392" count="1" type="stmt"/>
        <line num="395" count="14" type="cond" truecount="4" falsecount="0"/>
        <line num="396" count="13" type="stmt"/>
        <line num="397" count="13" type="stmt"/>
        <line num="398" count="13" type="stmt"/>
        <line num="400" count="1" type="stmt"/>
        <line num="403" count="257" type="cond" truecount="4" falsecount="0"/>
        <line num="404" count="193" type="stmt"/>
        <line num="405" count="193" type="stmt"/>
        <line num="406" count="193" type="stmt"/>
        <line num="408" count="64" type="stmt"/>
        <line num="409" count="64" type="stmt"/>
        <line num="412" count="153" type="cond" truecount="4" falsecount="0"/>
        <line num="413" count="39" type="stmt"/>
        <line num="414" count="39" type="stmt"/>
        <line num="415" count="39" type="stmt"/>
        <line num="417" count="114" type="stmt"/>
        <line num="418" count="114" type="stmt"/>
        <line num="421" count="20" type="cond" truecount="4" falsecount="0"/>
        <line num="422" count="9" type="stmt"/>
        <line num="423" count="9" type="stmt"/>
        <line num="424" count="9" type="stmt"/>
        <line num="426" count="11" type="stmt"/>
        <line num="427" count="11" type="stmt"/>
        <line num="429" count="40" type="cond" truecount="4" falsecount="0"/>
        <line num="430" count="15" type="stmt"/>
        <line num="431" count="15" type="stmt"/>
        <line num="432" count="15" type="stmt"/>
        <line num="434" count="25" type="stmt"/>
        <line num="435" count="25" type="stmt"/>
        <line num="438" count="1" type="stmt"/>
        <line num="445" count="2" type="stmt"/>
      </file>
      <file name="Utils.js" path="D:\Programming\Interpreter\Utils.js">
        <metrics statements="5" coveredstatements="5" conditionals="2" coveredconditionals="2" methods="1" coveredmethods="1"/>
        <line num="3" count="45342" type="cond" truecount="2" falsecount="0"/>
        <line num="4" count="8554" type="stmt"/>
        <line num="6" count="36788" type="stmt"/>
        <line num="10" count="2" type="stmt"/>
        <line num="20" count="2" type="stmt"/>
      </file>
    </package>
    <package name="Interpreter.test">
      <metrics statements="1" coveredstatements="1" conditionals="0" coveredconditionals="0" methods="0" coveredmethods="0"/>
      <file name="testCode.js" path="D:\Programming\Interpreter\test\testCode.js">
        <metrics statements="1" coveredstatements="1" conditionals="0" coveredconditionals="0" methods="0" coveredmethods="0"/>
        <line num="1" count="1" type="stmt"/>
      </file>
    </package>
  </project>
</coverage>
