<?xml version="1.0" encoding="UTF-8"?>
<coverage generated="1618810535518" clover="3.2.0">
  <project timestamp="1618810535518" name="All files">
    <metrics statements="1087" coveredstatements="1056" conditionals="602" coveredconditionals="523" methods="121" coveredmethods="119" elements="1810" coveredelements="1698" complexity="0" loc="1087" ncloc="1087" packages="2" files="5" classes="5"/>
    <package name="Interpreter">
      <metrics statements="1086" coveredstatements="1055" conditionals="602" coveredconditionals="523" methods="121" coveredmethods="119"/>
      <file name="Interpreter.js" path="D:\Programming\Interpreter\Interpreter.js">
        <metrics statements="53" coveredstatements="53" conditionals="20" coveredconditionals="20" methods="2" coveredmethods="2"/>
        <line num="1" count="1" type="stmt"/>
        <line num="2" count="1" type="stmt"/>
        <line num="3" count="1" type="stmt"/>
        <line num="9" count="7" type="stmt"/>
        <line num="11" count="7" type="stmt"/>
        <line num="13" count="7" type="stmt"/>
        <line num="14" count="7" type="cond" truecount="4" falsecount="0"/>
        <line num="16" count="2" type="stmt"/>
        <line num="17" count="2" type="stmt"/>
        <line num="19" count="2" type="stmt"/>
        <line num="20" count="2" type="stmt"/>
        <line num="22" count="2" type="stmt"/>
        <line num="23" count="2" type="stmt"/>
        <line num="25" count="1" type="stmt"/>
        <line num="28" count="6" type="stmt"/>
        <line num="29" count="5" type="stmt"/>
        <line num="30" count="5" type="cond" truecount="4" falsecount="0"/>
        <line num="32" count="1" type="stmt"/>
        <line num="33" count="1" type="stmt"/>
        <line num="35" count="1" type="stmt"/>
        <line num="36" count="1" type="stmt"/>
        <line num="38" count="2" type="stmt"/>
        <line num="39" count="2" type="stmt"/>
        <line num="41" count="1" type="stmt"/>
        <line num="45" count="5" type="stmt"/>
        <line num="49" count="9" type="stmt"/>
        <line num="50" count="9" type="stmt"/>
        <line num="53" count="9" type="stmt"/>
        <line num="54" count="9" type="stmt"/>
        <line num="55" count="9" type="cond" truecount="4" falsecount="0"/>
        <line num="56" count="6" type="stmt"/>
        <line num="57" count="22" type="cond" truecount="2" falsecount="0"/>
        <line num="58" count="4" type="stmt"/>
        <line num="59" count="4" type="stmt"/>
        <line num="60" count="18" type="cond" truecount="2" falsecount="0"/>
        <line num="61" count="4" type="stmt"/>
        <line num="62" count="4" type="stmt"/>
        <line num="63" count="14" type="cond" truecount="2" falsecount="0"/>
        <line num="64" count="4" type="stmt"/>
        <line num="65" count="4" type="stmt"/>
        <line num="67" count="10" type="stmt"/>
        <line num="68" count="10" type="stmt"/>
        <line num="74" count="9" type="stmt"/>
        <line num="75" count="9" type="stmt"/>
        <line num="78" count="9" type="stmt"/>
        <line num="79" count="9" type="stmt"/>
        <line num="82" count="9" type="stmt"/>
        <line num="85" count="9" type="cond" truecount="2" falsecount="0"/>
        <line num="86" count="1" type="stmt"/>
        <line num="90" count="9" type="stmt"/>
        <line num="92" count="6" type="stmt"/>
        <line num="94" count="3" type="stmt"/>
        <line num="99" count="1" type="stmt"/>
      </file>
      <file name="OpObjs.js" path="D:\Programming\Interpreter\OpObjs.js">
        <metrics statements="153" coveredstatements="153" conditionals="116" coveredconditionals="116" methods="51" coveredmethods="51"/>
        <line num="1" count="3" type="stmt"/>
        <line num="3" count="3" type="stmt"/>
        <line num="14" count="807856" type="stmt"/>
        <line num="15" count="807856" type="stmt"/>
        <line num="16" count="807856" type="stmt"/>
        <line num="17" count="807856" type="stmt"/>
        <line num="21" count="112183" type="stmt"/>
        <line num="25" count="90822" type="stmt"/>
        <line num="29" count="2" type="stmt"/>
        <line num="33" count="382166" type="stmt"/>
        <line num="39" count="111916" type="stmt"/>
        <line num="40" count="111916" type="stmt"/>
        <line num="41" count="111916" type="stmt"/>
        <line num="42" count="111916" type="stmt"/>
        <line num="43" count="111916" type="stmt"/>
        <line num="44" count="111916" type="stmt"/>
        <line num="48" count="111862" type="cond" truecount="2" falsecount="0"/>
        <line num="49" count="4" type="stmt"/>
        <line num="51" count="111858" type="stmt"/>
        <line num="52" count="111858" type="stmt"/>
        <line num="53" count="111858" type="stmt"/>
        <line num="54" count="111858" type="stmt"/>
        <line num="55" count="111858" type="stmt"/>
        <line num="59" count="383327" type="cond" truecount="2" falsecount="0"/>
        <line num="61" count="383326" type="cond" truecount="2" falsecount="0"/>
        <line num="62" count="67843" type="stmt"/>
        <line num="64" count="315483" type="stmt"/>
        <line num="66" count="383326" type="stmt"/>
        <line num="67" count="383326" type="stmt"/>
        <line num="71" count="136056" type="cond" truecount="4" falsecount="0"/>
        <line num="73" count="5" type="stmt"/>
        <line num="75" count="64" type="stmt"/>
        <line num="76" count="64" type="stmt"/>
        <line num="78" count="41" type="stmt"/>
        <line num="79" count="41" type="stmt"/>
        <line num="81" count="135946" type="stmt"/>
        <line num="82" count="135946" type="stmt"/>
        <line num="87" count="45412" type="stmt"/>
        <line num="90" count="2" type="stmt"/>
        <line num="93" count="45313" type="stmt"/>
        <line num="96" count="45313" type="stmt"/>
        <line num="99" count="3" type="stmt"/>
        <line num="102" count="3" type="stmt"/>
        <line num="108" count="111961" type="stmt"/>
        <line num="112" count="4" type="stmt"/>
        <line num="115" count="1" type="stmt"/>
        <line num="119" count="12" type="cond" truecount="2" falsecount="0"/>
        <line num="120" count="8" type="stmt"/>
        <line num="123" count="2" type="stmt"/>
        <line num="126" count="1" type="stmt"/>
        <line num="129" count="1" type="stmt"/>
        <line num="132" count="2" type="stmt"/>
        <line num="135" count="2" type="stmt"/>
        <line num="141" count="112223" type="cond" truecount="2" falsecount="0"/>
        <line num="145" count="3" type="stmt"/>
        <line num="149" count="68" type="cond" truecount="2" falsecount="0"/>
        <line num="150" count="66" type="cond" truecount="2" falsecount="0"/>
        <line num="152" count="65" type="stmt"/>
        <line num="153" count="65" type="cond" truecount="2" falsecount="0"/>
        <line num="155" count="65" type="cond" truecount="4" falsecount="0"/>
        <line num="157" count="1" type="stmt"/>
        <line num="158" count="1" type="stmt"/>
        <line num="160" count="61" type="stmt"/>
        <line num="161" count="61" type="stmt"/>
        <line num="163" count="2" type="cond" truecount="2" falsecount="0"/>
        <line num="164" count="2" type="stmt"/>
        <line num="166" count="1" type="stmt"/>
        <line num="169" count="64" type="stmt"/>
        <line num="172" count="63" type="stmt"/>
        <line num="173" count="63" type="cond" truecount="2" falsecount="0"/>
        <line num="175" count="63" type="cond" truecount="4" falsecount="0"/>
        <line num="177" count="8" type="stmt"/>
        <line num="179" count="44" type="stmt"/>
        <line num="181" count="9" type="stmt"/>
        <line num="183" count="2" type="stmt"/>
        <line num="187" count="7" type="stmt"/>
        <line num="190" count="9" type="stmt"/>
        <line num="191" count="9" type="cond" truecount="2" falsecount="0"/>
        <line num="192" count="9" type="cond" truecount="3" falsecount="0"/>
        <line num="194" count="4" type="stmt"/>
        <line num="196" count="4" type="stmt"/>
        <line num="198" count="1" type="stmt"/>
        <line num="202" count="9" type="stmt"/>
        <line num="203" count="9" type="cond" truecount="2" falsecount="0"/>
        <line num="204" count="9" type="cond" truecount="3" falsecount="0"/>
        <line num="206" count="4" type="stmt"/>
        <line num="208" count="4" type="stmt"/>
        <line num="210" count="1" type="stmt"/>
        <line num="214" count="4" type="cond" truecount="2" falsecount="0"/>
        <line num="217" count="4" type="cond" truecount="2" falsecount="0"/>
        <line num="223" count="359143" type="cond" truecount="2" falsecount="0"/>
        <line num="227" count="251" type="stmt"/>
        <line num="231" count="45997" type="cond" truecount="2" falsecount="0"/>
        <line num="232" count="45995" type="cond" truecount="2" falsecount="0"/>
        <line num="234" count="45994" type="stmt"/>
        <line num="235" count="45994" type="cond" truecount="2" falsecount="0"/>
        <line num="237" count="45994" type="cond" truecount="4" falsecount="0"/>
        <line num="239" count="1" type="stmt"/>
        <line num="240" count="1" type="stmt"/>
        <line num="242" count="2" type="cond" truecount="2" falsecount="0"/>
        <line num="243" count="2" type="stmt"/>
        <line num="245" count="45990" type="stmt"/>
        <line num="246" count="45990" type="stmt"/>
        <line num="248" count="1" type="stmt"/>
        <line num="250" count="45993" type="cond" truecount="2" falsecount="0"/>
        <line num="251" count="45993" type="stmt"/>
        <line num="254" count="45327" type="stmt"/>
        <line num="255" count="45327" type="cond" truecount="2" falsecount="0"/>
        <line num="257" count="45327" type="cond" truecount="4" falsecount="0"/>
        <line num="258" count="45325" type="cond" truecount="4" falsecount="0"/>
        <line num="259" count="45324" type="cond" truecount="4" falsecount="0"/>
        <line num="261" count="1" type="stmt"/>
        <line num="263" count="5" type="stmt"/>
        <line num="265" count="45316" type="stmt"/>
        <line num="267" count="2" type="stmt"/>
        <line num="271" count="2" type="stmt"/>
        <line num="274" count="45326" type="stmt"/>
        <line num="275" count="45326" type="cond" truecount="2" falsecount="0"/>
        <line num="276" count="45326" type="cond" truecount="3" falsecount="0"/>
        <line num="278" count="4" type="stmt"/>
        <line num="280" count="45320" type="stmt"/>
        <line num="282" count="2" type="stmt"/>
        <line num="286" count="45326" type="stmt"/>
        <line num="287" count="45326" type="cond" truecount="2" falsecount="0"/>
        <line num="288" count="45326" type="cond" truecount="3" falsecount="0"/>
        <line num="290" count="4" type="stmt"/>
        <line num="292" count="45320" type="stmt"/>
        <line num="294" count="2" type="stmt"/>
        <line num="298" count="8" type="cond" truecount="2" falsecount="0"/>
        <line num="301" count="8" type="cond" truecount="2" falsecount="0"/>
        <line num="307" count="112611" type="cond" truecount="2" falsecount="0"/>
        <line num="311" count="57" type="stmt"/>
        <line num="315" count="138" type="cond" truecount="2" falsecount="0"/>
        <line num="316" count="136" type="cond" truecount="2" falsecount="0"/>
        <line num="318" count="135" type="stmt"/>
        <line num="319" count="135" type="cond" truecount="2" falsecount="0"/>
        <line num="321" count="135" type="cond" truecount="3" falsecount="0"/>
        <line num="323" count="2" type="stmt"/>
        <line num="324" count="2" type="stmt"/>
        <line num="326" count="132" type="stmt"/>
        <line num="327" count="132" type="stmt"/>
        <line num="329" count="1" type="stmt"/>
        <line num="331" count="134" type="stmt"/>
        <line num="335" count="67" type="cond" truecount="2" falsecount="0"/>
        <line num="337" count="67" type="cond" truecount="3" falsecount="0"/>
        <line num="340" count="66" type="stmt"/>
        <line num="342" count="1" type="stmt"/>
        <line num="346" count="4" type="stmt"/>
        <line num="349" count="1" type="stmt"/>
        <line num="352" count="1" type="stmt"/>
        <line num="355" count="1" type="stmt"/>
        <line num="358" count="1" type="stmt"/>
        <line num="362" count="3" type="stmt"/>
      </file>
      <file name="Parser.js" path="D:\Programming\Interpreter\Parser.js">
        <metrics statements="672" coveredstatements="651" conditionals="327" coveredconditionals="256" methods="52" coveredmethods="51"/>
        <line num="1" count="2" type="stmt"/>
        <line num="2" count="2" type="stmt"/>
        <line num="3" count="2" type="stmt"/>
        <line num="9" count="10" type="stmt"/>
        <line num="11" count="10" type="stmt"/>
        <line num="12" count="10" type="stmt"/>
        <line num="13" count="10" type="stmt"/>
        <line num="15" count="10" type="stmt"/>
        <line num="17" count="10" type="stmt"/>
        <line num="18" count="10" type="stmt"/>
        <line num="20" count="10" type="stmt"/>
        <line num="22" count="10" type="stmt"/>
        <line num="23" count="10" type="stmt"/>
        <line num="24" count="10" type="stmt"/>
        <line num="26" count="10" type="stmt"/>
        <line num="30" count="676" type="stmt"/>
        <line num="35" count="1" type="cond" truecount="1" falsecount="1"/>
        <line num="36" count="1" type="stmt"/>
        <line num="38" count="0" type="stmt"/>
        <line num="40" count="1" type="stmt"/>
        <line num="44" count="1" type="stmt"/>
        <line num="48" count="0" type="stmt"/>
        <line num="52" count="39" type="cond" truecount="1" falsecount="1"/>
        <line num="56" count="1434" type="cond" truecount="3" falsecount="1"/>
        <line num="60" count="5707" type="cond" truecount="1" falsecount="1"/>
        <line num="61" count="5707" type="stmt"/>
        <line num="63" count="0" type="cond" truecount="0" falsecount="2"/>
        <line num="64" count="0" type="stmt"/>
        <line num="66" count="0" type="stmt"/>
        <line num="72" count="23810" type="stmt"/>
        <line num="76" count="5707" type="cond" truecount="1" falsecount="1"/>
        <line num="77" count="5707" type="stmt"/>
        <line num="78" count="5707" type="cond" truecount="1" falsecount="1"/>
        <line num="79" count="5707" type="stmt"/>
        <line num="80" count="5707" type="stmt"/>
        <line num="81" count="838" type="stmt"/>
        <line num="82" count="838" type="stmt"/>
        <line num="83" count="838" type="cond" truecount="2" falsecount="0"/>
        <line num="84" count="828" type="stmt"/>
        <line num="90" count="10" type="stmt"/>
        <line num="91" count="10" type="stmt"/>
        <line num="93" count="10" type="stmt"/>
        <line num="94" count="2" type="stmt"/>
        <line num="95" count="2" type="stmt"/>
        <line num="101" count="10" type="stmt"/>
        <line num="102" count="10" type="stmt"/>
        <line num="104" count="10" type="stmt"/>
        <line num="106" count="10" type="stmt"/>
        <line num="108" count="10" type="stmt"/>
        <line num="109" count="10" type="stmt"/>
        <line num="111" count="10" type="stmt"/>
        <line num="112" count="10" type="stmt"/>
        <line num="113" count="10" type="stmt"/>
        <line num="115" count="10" type="stmt"/>
        <line num="117" count="10" type="cond" truecount="4" falsecount="0"/>
        <line num="118" count="6" type="stmt"/>
        <line num="119" count="22" type="stmt"/>
        <line num="123" count="10" type="stmt"/>
        <line num="125" count="10" type="stmt"/>
        <line num="126" count="10" type="stmt"/>
        <line num="127" count="10" type="stmt"/>
        <line num="129" count="10" type="stmt"/>
        <line num="131" count="9" type="stmt"/>
        <line num="132" count="9" type="stmt"/>
        <line num="134" count="9" type="stmt"/>
        <line num="135" count="9" type="stmt"/>
        <line num="136" count="9" type="cond" truecount="2" falsecount="0"/>
        <line num="137" count="5" type="stmt"/>
        <line num="139" count="9" type="stmt"/>
        <line num="141" count="9" type="stmt"/>
        <line num="142" count="9" type="stmt"/>
        <line num="146" count="84" type="stmt"/>
        <line num="147" count="84" type="stmt"/>
        <line num="150" count="83" type="stmt"/>
        <line num="154" count="451" type="stmt"/>
        <line num="157" count="450" type="stmt"/>
        <line num="160" count="155" type="stmt"/>
        <line num="161" count="155" type="cond" truecount="1" falsecount="1"/>
        <line num="162" count="155" type="cond" truecount="2" falsecount="0"/>
        <line num="163" count="155" type="stmt"/>
        <line num="164" count="155" type="cond" truecount="2" falsecount="0"/>
        <line num="165" count="22" type="stmt"/>
        <line num="167" count="155" type="cond" truecount="3" falsecount="0"/>
        <line num="171" count="71" type="stmt"/>
        <line num="172" count="71" type="stmt"/>
        <line num="174" count="155" type="stmt"/>
        <line num="178" count="795" type="stmt"/>
        <line num="179" count="6474" type="stmt"/>
        <line num="180" count="1307" type="cond" truecount="2" falsecount="0"/>
        <line num="181" count="667" type="cond" truecount="2" falsecount="0"/>
        <line num="183" count="155" type="stmt"/>
        <line num="187" count="59" type="stmt"/>
        <line num="191" count="74" type="stmt"/>
        <line num="196" count="1596" type="cond" truecount="2" falsecount="0"/>
        <line num="197" count="1586" type="stmt"/>
        <line num="201" count="1586" type="cond" truecount="3" falsecount="0"/>
        <line num="205" count="30" type="stmt"/>
        <line num="207" count="1556" type="stmt"/>
        <line num="211" count="1556" type="cond" truecount="4" falsecount="0"/>
        <line num="212" count="1461" type="stmt"/>
        <line num="216" count="1461" type="cond" truecount="6" falsecount="0"/>
        <line num="223" count="286" type="stmt"/>
        <line num="225" count="1175" type="stmt"/>
        <line num="229" count="1175" type="cond" truecount="2" falsecount="0"/>
        <line num="230" count="1163" type="stmt"/>
        <line num="234" count="1163" type="cond" truecount="2" falsecount="0"/>
        <line num="235" count="1149" type="stmt"/>
        <line num="239" count="1165" type="cond" truecount="2" falsecount="0"/>
        <line num="240" count="1149" type="stmt"/>
        <line num="244" count="162" type="stmt"/>
        <line num="245" count="162" type="cond" truecount="2" falsecount="0"/>
        <line num="246" count="64" type="stmt"/>
        <line num="247" count="64" type="stmt"/>
        <line num="249" count="162" type="stmt"/>
        <line num="250" count="162" type="cond" truecount="1" falsecount="1"/>
        <line num="251" count="162" type="cond" truecount="1" falsecount="1"/>
        <line num="253" count="162" type="cond" truecount="2" falsecount="0"/>
        <line num="255" count="162" type="stmt"/>
        <line num="257" count="162" type="stmt"/>
        <line num="258" count="146" type="stmt"/>
        <line num="259" count="146" type="stmt"/>
        <line num="261" count="146" type="cond" truecount="1" falsecount="1"/>
        <line num="263" count="146" type="cond" truecount="2" falsecount="0"/>
        <line num="264" count="52" type="stmt"/>
        <line num="268" count="162" type="stmt"/>
        <line num="270" count="162" type="cond" truecount="2" falsecount="0"/>
        <line num="271" count="24" type="stmt"/>
        <line num="273" count="138" type="stmt"/>
        <line num="276" count="162" type="stmt"/>
        <line num="280" count="278" type="stmt"/>
        <line num="281" count="278" type="stmt"/>
        <line num="282" count="278" type="stmt"/>
        <line num="283" count="278" type="cond" truecount="1" falsecount="1"/>
        <line num="285" count="278" type="cond" truecount="4" falsecount="0"/>
        <line num="287" count="98" type="stmt"/>
        <line num="292" count="180" type="stmt"/>
        <line num="293" count="180" type="stmt"/>
        <line num="295" count="0" type="stmt"/>
        <line num="299" count="1781" type="stmt"/>
        <line num="300" count="1781" type="cond" truecount="24" falsecount="1"/>
        <line num="302" count="278" type="stmt"/>
        <line num="305" count="112" type="stmt"/>
        <line num="306" count="112" type="stmt"/>
        <line num="307" count="112" type="cond" truecount="1" falsecount="1"/>
        <line num="308" count="112" type="stmt"/>
        <line num="309" count="112" type="stmt"/>
        <line num="312" count="63" type="stmt"/>
        <line num="313" count="63" type="stmt"/>
        <line num="314" count="63" type="cond" truecount="1" falsecount="1"/>
        <line num="315" count="63" type="stmt"/>
        <line num="316" count="63" type="stmt"/>
        <line num="319" count="10" type="stmt"/>
        <line num="320" count="10" type="stmt"/>
        <line num="321" count="10" type="stmt"/>
        <line num="322" count="10" type="stmt"/>
        <line num="323" count="10" type="stmt"/>
        <line num="326" count="56" type="stmt"/>
        <line num="327" count="56" type="stmt"/>
        <line num="328" count="56" type="stmt"/>
        <line num="329" count="56" type="stmt"/>
        <line num="332" count="4" type="stmt"/>
        <line num="333" count="4" type="stmt"/>
        <line num="334" count="4" type="stmt"/>
        <line num="337" count="136" type="stmt"/>
        <line num="338" count="136" type="stmt"/>
        <line num="339" count="136" type="stmt"/>
        <line num="342" count="341" type="stmt"/>
        <line num="343" count="341" type="stmt"/>
        <line num="344" count="341" type="stmt"/>
        <line num="347" count="519" type="stmt"/>
        <line num="348" count="519" type="stmt"/>
        <line num="349" count="519" type="stmt"/>
        <line num="352" count="169" type="stmt"/>
        <line num="353" count="169" type="stmt"/>
        <line num="354" count="169" type="stmt"/>
        <line num="357" count="8" type="stmt"/>
        <line num="358" count="8" type="stmt"/>
        <line num="359" count="8" type="stmt"/>
        <line num="360" count="8" type="cond" truecount="1" falsecount="1"/>
        <line num="361" count="8" type="stmt"/>
        <line num="363" count="8" type="stmt"/>
        <line num="364" count="8" type="stmt"/>
        <line num="367" count="16" type="stmt"/>
        <line num="368" count="16" type="stmt"/>
        <line num="369" count="16" type="stmt"/>
        <line num="370" count="16" type="cond" truecount="1" falsecount="1"/>
        <line num="371" count="16" type="stmt"/>
        <line num="373" count="16" type="stmt"/>
        <line num="374" count="16" type="stmt"/>
        <line num="377" count="18" type="stmt"/>
        <line num="378" count="18" type="stmt"/>
        <line num="379" count="18" type="stmt"/>
        <line num="380" count="18" type="cond" truecount="2" falsecount="0"/>
        <line num="381" count="2" type="stmt"/>
        <line num="382" count="2" type="stmt"/>
        <line num="383" count="2" type="stmt"/>
        <line num="384" count="2" type="cond" truecount="1" falsecount="1"/>
        <line num="385" count="2" type="stmt"/>
        <line num="386" count="2" type="stmt"/>
        <line num="387" count="2" type="stmt"/>
        <line num="389" count="16" type="stmt"/>
        <line num="391" count="18" type="stmt"/>
        <line num="392" count="18" type="stmt"/>
        <line num="395" count="8" type="stmt"/>
        <line num="396" count="8" type="stmt"/>
        <line num="397" count="8" type="stmt"/>
        <line num="398" count="8" type="cond" truecount="1" falsecount="1"/>
        <line num="399" count="8" type="stmt"/>
        <line num="400" count="8" type="stmt"/>
        <line num="401" count="8" type="stmt"/>
        <line num="404" count="8" type="stmt"/>
        <line num="405" count="8" type="stmt"/>
        <line num="406" count="8" type="stmt"/>
        <line num="407" count="8" type="cond" truecount="1" falsecount="1"/>
        <line num="408" count="8" type="stmt"/>
        <line num="409" count="8" type="stmt"/>
        <line num="410" count="8" type="stmt"/>
        <line num="413" count="4" type="stmt"/>
        <line num="414" count="4" type="stmt"/>
        <line num="415" count="4" type="stmt"/>
        <line num="416" count="4" type="cond" truecount="1" falsecount="1"/>
        <line num="417" count="4" type="stmt"/>
        <line num="418" count="4" type="stmt"/>
        <line num="419" count="4" type="stmt"/>
        <line num="422" count="4" type="stmt"/>
        <line num="423" count="4" type="stmt"/>
        <line num="424" count="4" type="stmt"/>
        <line num="425" count="4" type="stmt"/>
        <line num="426" count="4" type="cond" truecount="1" falsecount="1"/>
        <line num="427" count="4" type="stmt"/>
        <line num="428" count="4" type="stmt"/>
        <line num="429" count="4" type="cond" truecount="1" falsecount="1"/>
        <line num="430" count="4" type="stmt"/>
        <line num="431" count="4" type="stmt"/>
        <line num="432" count="4" type="stmt"/>
        <line num="433" count="4" type="stmt"/>
        <line num="436" count="4" type="stmt"/>
        <line num="437" count="4" type="stmt"/>
        <line num="438" count="4" type="stmt"/>
        <line num="439" count="4" type="stmt"/>
        <line num="440" count="4" type="cond" truecount="1" falsecount="1"/>
        <line num="441" count="4" type="stmt"/>
        <line num="442" count="4" type="stmt"/>
        <line num="443" count="4" type="cond" truecount="1" falsecount="1"/>
        <line num="444" count="4" type="stmt"/>
        <line num="445" count="4" type="stmt"/>
        <line num="446" count="4" type="stmt"/>
        <line num="447" count="4" type="stmt"/>
        <line num="451" count="4" type="stmt"/>
        <line num="452" count="4" type="stmt"/>
        <line num="453" count="4" type="stmt"/>
        <line num="455" count="4" type="stmt"/>
        <line num="457" count="4" type="stmt"/>
        <line num="458" count="4" type="stmt"/>
        <line num="460" count="4" type="stmt"/>
        <line num="461" count="4" type="stmt"/>
        <line num="462" count="4" type="stmt"/>
        <line num="464" count="4" type="stmt"/>
        <line num="465" count="4" type="stmt"/>
        <line num="467" count="4" type="stmt"/>
        <line num="468" count="4" type="stmt"/>
        <line num="470" count="4" type="stmt"/>
        <line num="471" count="4" type="stmt"/>
        <line num="474" count="4" type="stmt"/>
        <line num="475" count="4" type="stmt"/>
        <line num="476" count="4" type="stmt"/>
        <line num="477" count="4" type="stmt"/>
        <line num="478" count="4" type="stmt"/>
        <line num="479" count="4" type="stmt"/>
        <line num="482" count="4" type="stmt"/>
        <line num="483" count="4" type="stmt"/>
        <line num="484" count="4" type="stmt"/>
        <line num="486" count="4" type="stmt"/>
        <line num="488" count="4" type="stmt"/>
        <line num="489" count="4" type="stmt"/>
        <line num="491" count="4" type="stmt"/>
        <line num="493" count="4" type="stmt"/>
        <line num="494" count="4" type="stmt"/>
        <line num="496" count="4" type="stmt"/>
        <line num="497" count="4" type="stmt"/>
        <line num="498" count="4" type="stmt"/>
        <line num="499" count="4" type="stmt"/>
        <line num="500" count="4" type="stmt"/>
        <line num="501" count="4" type="stmt"/>
        <line num="504" count="4" type="stmt"/>
        <line num="505" count="4" type="stmt"/>
        <line num="506" count="4" type="stmt"/>
        <line num="507" count="4" type="stmt"/>
        <line num="508" count="4" type="stmt"/>
        <line num="509" count="4" type="stmt"/>
        <line num="512" count="5" type="stmt"/>
        <line num="513" count="5" type="stmt"/>
        <line num="514" count="5" type="stmt"/>
        <line num="515" count="5" type="stmt"/>
        <line num="516" count="5" type="stmt"/>
        <line num="517" count="5" type="stmt"/>
        <line num="520" count="2" type="stmt"/>
        <line num="521" count="2" type="stmt"/>
        <line num="522" count="2" type="stmt"/>
        <line num="523" count="2" type="stmt"/>
        <line num="524" count="2" type="stmt"/>
        <line num="525" count="2" type="stmt"/>
        <line num="528" count="0" type="stmt"/>
        <line num="533" count="1586" type="stmt"/>
        <line num="535" count="1586" type="cond" truecount="2" falsecount="0"/>
        <line num="536" count="10" type="stmt"/>
        <line num="538" count="10" type="stmt"/>
        <line num="539" count="10" type="stmt"/>
        <line num="540" count="10" type="stmt"/>
        <line num="541" count="10" type="cond" truecount="1" falsecount="1"/>
        <line num="542" count="10" type="cond" truecount="1" falsecount="1"/>
        <line num="544" count="10" type="stmt"/>
        <line num="546" count="10" type="cond" truecount="1" falsecount="0"/>
        <line num="548" count="10" type="stmt"/>
        <line num="549" count="10" type="stmt"/>
        <line num="550" count="10" type="stmt"/>
        <line num="554" count="1586" type="stmt"/>
        <line num="558" count="1556" type="stmt"/>
        <line num="560" count="1556" type="cond" truecount="2" falsecount="0"/>
        <line num="561" count="30" type="stmt"/>
        <line num="563" count="30" type="stmt"/>
        <line num="564" count="30" type="stmt"/>
        <line num="565" count="30" type="stmt"/>
        <line num="566" count="30" type="cond" truecount="1" falsecount="1"/>
        <line num="567" count="30" type="cond" truecount="1" falsecount="1"/>
        <line num="569" count="30" type="stmt"/>
        <line num="571" count="30" type="cond" truecount="3" falsecount="0"/>
        <line num="573" count="10" type="stmt"/>
        <line num="574" count="10" type="stmt"/>
        <line num="576" count="10" type="stmt"/>
        <line num="577" count="10" type="stmt"/>
        <line num="578" count="10" type="stmt"/>
        <line num="580" count="10" type="stmt"/>
        <line num="581" count="10" type="stmt"/>
        <line num="582" count="10" type="stmt"/>
        <line num="586" count="1556" type="stmt"/>
        <line num="590" count="1461" type="stmt"/>
        <line num="592" count="1461" type="cond" truecount="2" falsecount="0"/>
        <line num="593" count="95" type="stmt"/>
        <line num="595" count="95" type="stmt"/>
        <line num="596" count="95" type="stmt"/>
        <line num="597" count="95" type="stmt"/>
        <line num="599" count="95" type="cond" truecount="1" falsecount="1"/>
        <line num="601" count="95" type="stmt"/>
        <line num="603" count="95" type="cond" truecount="2" falsecount="0"/>
        <line num="605" count="77" type="cond" truecount="2" falsecount="0"/>
        <line num="606" count="22" type="stmt"/>
        <line num="607" count="22" type="stmt"/>
        <line num="608" count="55" type="cond" truecount="1" falsecount="1"/>
        <line num="609" count="55" type="stmt"/>
        <line num="611" count="0" type="stmt"/>
        <line num="613" count="77" type="stmt"/>
        <line num="615" count="18" type="cond" truecount="1" falsecount="1"/>
        <line num="616" count="18" type="stmt"/>
        <line num="617" count="18" type="stmt"/>
        <line num="618" count="18" type="stmt"/>
        <line num="622" count="1461" type="stmt"/>
        <line num="626" count="1175" type="stmt"/>
        <line num="628" count="1175" type="cond" truecount="2" falsecount="0"/>
        <line num="629" count="286" type="stmt"/>
        <line num="630" count="286" type="stmt"/>
        <line num="631" count="286" type="stmt"/>
        <line num="632" count="286" type="stmt"/>
        <line num="634" count="286" type="cond" truecount="1" falsecount="1"/>
        <line num="637" count="286" type="stmt"/>
        <line num="638" count="286" type="stmt"/>
        <line num="640" count="286" type="cond" truecount="6" falsecount="0"/>
        <line num="642" count="38" type="stmt"/>
        <line num="643" count="38" type="stmt"/>
        <line num="645" count="192" type="stmt"/>
        <line num="646" count="192" type="stmt"/>
        <line num="648" count="10" type="cond" truecount="1" falsecount="1"/>
        <line num="649" count="10" type="stmt"/>
        <line num="650" count="10" type="stmt"/>
        <line num="652" count="8" type="cond" truecount="1" falsecount="1"/>
        <line num="653" count="8" type="stmt"/>
        <line num="654" count="8" type="stmt"/>
        <line num="656" count="24" type="cond" truecount="1" falsecount="1"/>
        <line num="657" count="24" type="stmt"/>
        <line num="658" count="24" type="stmt"/>
        <line num="660" count="14" type="cond" truecount="1" falsecount="1"/>
        <line num="661" count="14" type="stmt"/>
        <line num="662" count="14" type="stmt"/>
        <line num="665" count="286" type="stmt"/>
        <line num="668" count="1175" type="stmt"/>
        <line num="672" count="1163" type="stmt"/>
        <line num="674" count="1163" type="cond" truecount="2" falsecount="0"/>
        <line num="675" count="12" type="cond" truecount="1" falsecount="1"/>
        <line num="677" count="12" type="stmt"/>
        <line num="678" count="12" type="stmt"/>
        <line num="679" count="12" type="stmt"/>
        <line num="682" count="12" type="stmt"/>
        <line num="684" count="12" type="stmt"/>
        <line num="685" count="12" type="cond" truecount="1" falsecount="1"/>
        <line num="687" count="12" type="stmt"/>
        <line num="690" count="1163" type="stmt"/>
        <line num="694" count="1149" type="stmt"/>
        <line num="696" count="1149" type="cond" truecount="2" falsecount="0"/>
        <line num="697" count="14" type="cond" truecount="1" falsecount="1"/>
        <line num="699" count="14" type="stmt"/>
        <line num="700" count="14" type="stmt"/>
        <line num="701" count="14" type="stmt"/>
        <line num="703" count="14" type="stmt"/>
        <line num="705" count="14" type="stmt"/>
        <line num="706" count="14" type="cond" truecount="1" falsecount="1"/>
        <line num="708" count="14" type="stmt"/>
        <line num="711" count="1149" type="stmt"/>
        <line num="715" count="1149" type="stmt"/>
        <line num="717" count="1149" type="cond" truecount="2" falsecount="0"/>
        <line num="718" count="16" type="cond" truecount="1" falsecount="1"/>
        <line num="720" count="16" type="stmt"/>
        <line num="722" count="16" type="stmt"/>
        <line num="723" count="16" type="stmt"/>
        <line num="724" count="16" type="stmt"/>
        <line num="725" count="16" type="stmt"/>
        <line num="727" count="16" type="stmt"/>
        <line num="729" count="16" type="stmt"/>
        <line num="731" count="16" type="stmt"/>
        <line num="732" count="16" type="stmt"/>
        <line num="734" count="16" type="cond" truecount="1" falsecount="1"/>
        <line num="736" count="16" type="stmt"/>
        <line num="739" count="1149" type="stmt"/>
        <line num="743" count="296" type="stmt"/>
        <line num="745" count="296" type="stmt"/>
        <line num="746" count="296" type="stmt"/>
        <line num="748" count="296" type="cond" truecount="2" falsecount="0"/>
        <line num="749" count="2" type="stmt"/>
        <line num="752" count="296" type="stmt"/>
        <line num="753" count="296" type="stmt"/>
        <line num="754" count="296" type="stmt"/>
        <line num="756" count="296" type="stmt"/>
        <line num="758" count="296" type="cond" truecount="4" falsecount="0"/>
        <line num="759" count="2" type="stmt"/>
        <line num="760" count="2" type="stmt"/>
        <line num="761" count="2" type="stmt"/>
        <line num="763" count="2" type="stmt"/>
        <line num="765" count="2" type="stmt"/>
        <line num="767" count="2" type="stmt"/>
        <line num="769" count="294" type="stmt"/>
        <line num="772" count="296" type="stmt"/>
        <line num="776" count="10" type="stmt"/>
        <line num="777" count="10" type="stmt"/>
        <line num="780" count="10" type="stmt"/>
        <line num="781" count="10" type="stmt"/>
        <line num="783" count="10" type="stmt"/>
        <line num="785" count="10" type="cond" truecount="1" falsecount="1"/>
        <line num="786" count="0" type="stmt"/>
        <line num="788" count="10" type="stmt"/>
        <line num="789" count="10" type="stmt"/>
        <line num="790" count="10" type="stmt"/>
        <line num="792" count="10" type="stmt"/>
        <line num="794" count="10" type="stmt"/>
        <line num="795" count="10" type="stmt"/>
        <line num="796" count="10" type="stmt"/>
        <line num="800" count="12" type="stmt"/>
        <line num="801" count="12" type="stmt"/>
        <line num="802" count="12" type="stmt"/>
        <line num="803" count="12" type="stmt"/>
        <line num="806" count="12" type="stmt"/>
        <line num="808" count="12" type="stmt"/>
        <line num="809" count="12" type="stmt"/>
        <line num="811" count="12" type="cond" truecount="2" falsecount="0"/>
        <line num="812" count="10" type="stmt"/>
        <line num="814" count="2" type="stmt"/>
        <line num="817" count="12" type="stmt"/>
        <line num="819" count="12" type="cond" truecount="2" falsecount="0"/>
        <line num="820" count="10" type="cond" truecount="1" falsecount="1"/>
        <line num="821" count="0" type="stmt"/>
        <line num="823" count="10" type="stmt"/>
        <line num="824" count="10" type="stmt"/>
        <line num="827" count="12" type="stmt"/>
        <line num="828" count="12" type="stmt"/>
        <line num="830" count="12" type="stmt"/>
        <line num="832" count="12" type="cond" truecount="2" falsecount="0"/>
        <line num="833" count="10" type="stmt"/>
        <line num="836" count="12" type="stmt"/>
        <line num="838" count="12" type="stmt"/>
        <line num="840" count="12" type="stmt"/>
        <line num="842" count="12" type="stmt"/>
        <line num="844" count="12" type="stmt"/>
        <line num="845" count="12" type="stmt"/>
        <line num="847" count="12" type="stmt"/>
        <line num="848" count="12" type="stmt"/>
        <line num="852" count="10" type="stmt"/>
        <line num="853" count="10" type="stmt"/>
        <line num="855" count="10" type="stmt"/>
        <line num="857" count="10" type="stmt"/>
        <line num="859" count="10" type="stmt"/>
        <line num="861" count="10" type="stmt"/>
        <line num="862" count="10" type="stmt"/>
        <line num="864" count="10" type="cond" truecount="1" falsecount="1"/>
        <line num="865" count="0" type="stmt"/>
        <line num="868" count="10" type="stmt"/>
        <line num="869" count="10" type="stmt"/>
        <line num="870" count="10" type="stmt"/>
        <line num="872" count="10" type="stmt"/>
        <line num="876" count="10" type="stmt"/>
        <line num="877" count="10" type="cond" truecount="3" falsecount="1"/>
        <line num="878" count="10" type="stmt"/>
        <line num="880" count="10" type="stmt"/>
        <line num="884" count="3" type="stmt"/>
        <line num="885" count="3" type="cond" truecount="1" falsecount="1"/>
        <line num="886" count="3" type="stmt"/>
        <line num="887" count="3" type="stmt"/>
        <line num="889" count="0" type="stmt"/>
        <line num="891" count="3" type="stmt"/>
        <line num="895" count="10" type="cond" truecount="3" falsecount="1"/>
        <line num="899" count="8" type="stmt"/>
        <line num="900" count="8" type="stmt"/>
        <line num="902" count="2" type="stmt"/>
        <line num="903" count="2" type="stmt"/>
        <line num="908" count="117" type="stmt"/>
        <line num="909" count="117" type="cond" truecount="3" falsecount="1"/>
        <line num="911" count="39" type="stmt"/>
        <line num="912" count="39" type="stmt"/>
        <line num="914" count="58" type="stmt"/>
        <line num="915" count="58" type="stmt"/>
        <line num="917" count="20" type="stmt"/>
        <line num="918" count="20" type="stmt"/>
        <line num="920" count="0" type="stmt"/>
        <line num="922" count="117" type="stmt"/>
        <line num="924" count="117" type="stmt"/>
        <line num="926" count="117" type="stmt"/>
        <line num="927" count="117" type="stmt"/>
        <line num="928" count="117" type="stmt"/>
        <line num="930" count="117" type="cond" truecount="5" falsecount="0"/>
        <line num="931" count="74" type="stmt"/>
        <line num="932" count="74" type="stmt"/>
        <line num="934" count="43" type="stmt"/>
        <line num="935" count="43" type="stmt"/>
        <line num="936" count="43" type="cond" truecount="3" falsecount="1"/>
        <line num="938" count="29" type="stmt"/>
        <line num="939" count="29" type="stmt"/>
        <line num="941" count="2" type="stmt"/>
        <line num="942" count="2" type="stmt"/>
        <line num="944" count="12" type="stmt"/>
        <line num="945" count="12" type="stmt"/>
        <line num="947" count="0" type="stmt"/>
        <line num="949" count="43" type="cond" truecount="2" falsecount="0"/>
        <line num="950" count="39" type="stmt"/>
        <line num="951" count="39" type="stmt"/>
        <line num="952" count="39" type="cond" truecount="1" falsecount="1"/>
        <line num="953" count="39" type="stmt"/>
        <line num="956" count="43" type="cond" truecount="1" falsecount="1"/>
        <line num="958" count="43" type="stmt"/>
        <line num="960" count="43" type="stmt"/>
        <line num="965" count="74" type="stmt"/>
        <line num="966" count="74" type="stmt"/>
        <line num="967" count="74" type="stmt"/>
        <line num="969" count="74" type="stmt"/>
        <line num="971" count="74" type="stmt"/>
        <line num="972" count="74" type="stmt"/>
        <line num="974" count="74" type="stmt"/>
        <line num="975" count="74" type="stmt"/>
        <line num="976" count="74" type="stmt"/>
        <line num="978" count="74" type="stmt"/>
        <line num="979" count="74" type="cond" truecount="2" falsecount="0"/>
        <line num="980" count="16" type="cond" truecount="3" falsecount="1"/>
        <line num="982" count="8" type="stmt"/>
        <line num="983" count="8" type="stmt"/>
        <line num="985" count="2" type="stmt"/>
        <line num="986" count="2" type="stmt"/>
        <line num="988" count="6" type="stmt"/>
        <line num="989" count="6" type="stmt"/>
        <line num="991" count="0" type="stmt"/>
        <line num="993" count="16" type="stmt"/>
        <line num="995" count="16" type="stmt"/>
        <line num="996" count="16" type="stmt"/>
        <line num="998" count="16" type="cond" truecount="2" falsecount="0"/>
        <line num="999" count="2" type="stmt"/>
        <line num="1000" count="2" type="cond" truecount="1" falsecount="1"/>
        <line num="1003" count="74" type="stmt"/>
        <line num="1005" count="74" type="stmt"/>
        <line num="1006" count="74" type="cond" truecount="1" falsecount="1"/>
        <line num="1008" count="74" type="stmt"/>
        <line num="1009" count="74" type="stmt"/>
        <line num="1010" count="16" type="stmt"/>
        <line num="1011" count="16" type="cond" truecount="1" falsecount="1"/>
        <line num="1012" count="16" type="stmt"/>
        <line num="1015" count="74" type="stmt"/>
        <line num="1017" count="74" type="stmt"/>
        <line num="1018" count="74" type="stmt"/>
        <line num="1020" count="74" type="stmt"/>
        <line num="1021" count="74" type="stmt"/>
        <line num="1022" count="74" type="stmt"/>
        <line num="1024" count="74" type="stmt"/>
        <line num="1025" count="74" type="stmt"/>
        <line num="1027" count="74" type="stmt"/>
        <line num="1028" count="16" type="stmt"/>
        <line num="1029" count="16" type="cond" truecount="3" falsecount="1"/>
        <line num="1031" count="2" type="stmt"/>
        <line num="1032" count="2" type="stmt"/>
        <line num="1034" count="8" type="stmt"/>
        <line num="1035" count="8" type="stmt"/>
        <line num="1037" count="6" type="stmt"/>
        <line num="1038" count="6" type="stmt"/>
        <line num="1040" count="0" type="stmt"/>
        <line num="1042" count="16" type="stmt"/>
        <line num="1045" count="74" type="stmt"/>
        <line num="1048" count="74" type="stmt"/>
        <line num="1049" count="74" type="stmt"/>
        <line num="1050" count="74" type="stmt"/>
        <line num="1054" count="354" type="stmt"/>
        <line num="1056" count="354" type="cond" truecount="1" falsecount="1"/>
        <line num="1057" count="354" type="stmt"/>
        <line num="1058" count="354" type="cond" truecount="1" falsecount="1"/>
        <line num="1060" count="0" type="stmt"/>
        <line num="1063" count="354" type="stmt"/>
        <line num="1064" count="354" type="stmt"/>
        <line num="1068" count="74" type="stmt"/>
        <line num="1070" count="74" type="stmt"/>
        <line num="1071" count="74" type="stmt"/>
        <line num="1072" count="74" type="cond" truecount="1" falsecount="1"/>
        <line num="1074" count="74" type="stmt"/>
        <line num="1076" count="74" type="stmt"/>
        <line num="1077" count="74" type="cond" truecount="1" falsecount="1"/>
        <line num="1079" count="74" type="stmt"/>
        <line num="1081" count="74" type="cond" truecount="2" falsecount="0"/>
        <line num="1085" count="126" type="stmt"/>
        <line num="1087" count="126" type="stmt"/>
        <line num="1088" count="126" type="cond" truecount="1" falsecount="1"/>
        <line num="1090" count="126" type="cond" truecount="4" falsecount="1"/>
        <line num="1094" count="62" type="stmt"/>
        <line num="1095" count="62" type="stmt"/>
        <line num="1097" count="64" type="stmt"/>
        <line num="1098" count="64" type="stmt"/>
        <line num="1099" count="64" type="stmt"/>
        <line num="1101" count="0" type="stmt"/>
        <line num="1106" count="969" type="cond" truecount="13" falsecount="1"/>
        <line num="1108" count="296" type="stmt"/>
        <line num="1109" count="296" type="stmt"/>
        <line num="1111" count="10" type="stmt"/>
        <line num="1112" count="10" type="stmt"/>
        <line num="1114" count="12" type="stmt"/>
        <line num="1115" count="12" type="stmt"/>
        <line num="1117" count="10" type="stmt"/>
        <line num="1118" count="10" type="stmt"/>
        <line num="1120" count="10" type="stmt"/>
        <line num="1121" count="10" type="stmt"/>
        <line num="1124" count="3" type="stmt"/>
        <line num="1125" count="3" type="stmt"/>
        <line num="1128" count="354" type="cond" truecount="3" falsecount="1"/>
        <line num="1129" count="354" type="stmt"/>
        <line num="1131" count="0" type="stmt"/>
        <line num="1133" count="354" type="stmt"/>
        <line num="1138" count="109" type="stmt"/>
        <line num="1139" count="109" type="stmt"/>
        <line num="1142" count="126" type="stmt"/>
        <line num="1143" count="126" type="stmt"/>
        <line num="1146" count="35" type="stmt"/>
        <line num="1147" count="34" type="stmt"/>
        <line num="1150" count="4" type="stmt"/>
        <line num="1151" count="4" type="stmt"/>
        <line num="1154" count="0" type="stmt"/>
        <line num="1159" count="449" type="cond" truecount="2" falsecount="0"/>
        <line num="1162" count="449" type="stmt"/>
        <line num="1164" count="449" type="cond" truecount="3" falsecount="1"/>
        <line num="1166" count="449" type="cond" truecount="2" falsecount="0"/>
        <line num="1167" count="109" type="stmt"/>
        <line num="1168" count="109" type="stmt"/>
        <line num="1171" count="449" type="stmt"/>
        <line num="1172" count="1077" type="cond" truecount="2" falsecount="0"/>
        <line num="1173" count="108" type="cond" truecount="1" falsecount="1"/>
        <line num="1174" count="108" type="stmt"/>
        <line num="1175" count="108" type="stmt"/>
        <line num="1176" count="108" type="stmt"/>
        <line num="1178" count="0" type="stmt"/>
        <line num="1180" count="969" type="stmt"/>
        <line num="1182" count="968" type="cond" truecount="4" falsecount="0"/>
        <line num="1185" count="448" type="cond" truecount="2" falsecount="0"/>
        <line num="1187" count="447" type="cond" truecount="2" falsecount="0"/>
        <line num="1191" count="2" type="stmt"/>
      </file>
      <file name="Tokenizer.js" path="D:\Programming\Interpreter\Tokenizer.js">
        <metrics statements="208" coveredstatements="198" conditionals="139" coveredconditionals="131" methods="16" coveredmethods="15"/>
        <line num="1" count="2" type="stmt"/>
        <line num="75" count="9420" type="stmt"/>
        <line num="76" count="9420" type="cond" truecount="4" falsecount="0"/>
        <line num="77" count="1642" type="stmt"/>
        <line num="79" count="7778" type="stmt"/>
        <line num="83" count="17239" type="stmt"/>
        <line num="84" count="17239" type="cond" truecount="6" falsecount="0"/>
        <line num="85" count="12011" type="stmt"/>
        <line num="87" count="5228" type="stmt"/>
        <line num="91" count="8855" type="cond" truecount="2" falsecount="0"/>
        <line num="92" count="5719" type="stmt"/>
        <line num="97" count="6547" type="stmt"/>
        <line num="101" count="3" type="stmt"/>
        <line num="105" count="10" type="stmt"/>
        <line num="107" count="10" type="stmt"/>
        <line num="108" count="10" type="stmt"/>
        <line num="109" count="10" type="stmt"/>
        <line num="110" count="10" type="stmt"/>
        <line num="111" count="10" type="stmt"/>
        <line num="113" count="10" type="stmt"/>
        <line num="115" count="10" type="stmt"/>
        <line num="119" count="10" type="stmt"/>
        <line num="121" count="10" type="stmt"/>
        <line num="122" count="5721" type="stmt"/>
        <line num="125" count="10" type="stmt"/>
        <line num="127" count="10" type="stmt"/>
        <line num="131" count="0" type="stmt"/>
        <line num="135" count="6547" type="stmt"/>
        <line num="139" count="38666" type="stmt"/>
        <line num="144" count="19365" type="stmt"/>
        <line num="145" count="19365" type="stmt"/>
        <line num="147" count="19365" type="cond" truecount="2" falsecount="0"/>
        <line num="152" count="5721" type="cond" truecount="2" falsecount="0"/>
        <line num="153" count="3136" type="cond" truecount="2" falsecount="0"/>
        <line num="154" count="830" type="stmt"/>
        <line num="155" count="830" type="stmt"/>
        <line num="156" count="830" type="stmt"/>
        <line num="158" count="3136" type="stmt"/>
        <line num="163" count="519" type="stmt"/>
        <line num="164" count="519" type="stmt"/>
        <line num="165" count="519" type="stmt"/>
        <line num="167" count="519" type="cond" truecount="2" falsecount="0"/>
        <line num="168" count="1714" type="stmt"/>
        <line num="169" count="1714" type="cond" truecount="2" falsecount="0"/>
        <line num="170" count="1113" type="stmt"/>
        <line num="171" count="1113" type="stmt"/>
        <line num="173" count="1714" type="cond" truecount="4" falsecount="0"/>
        <line num="174" count="82" type="stmt"/>
        <line num="175" count="82" type="stmt"/>
        <line num="176" count="82" type="stmt"/>
        <line num="178" count="1714" type="cond" truecount="2" falsecount="0"/>
        <line num="181" count="519" type="cond" truecount="3" falsecount="1"/>
        <line num="182" count="0" type="stmt"/>
        <line num="184" count="519" type="stmt"/>
        <line num="189" count="169" type="stmt"/>
        <line num="190" count="169" type="stmt"/>
        <line num="191" count="169" type="stmt"/>
        <line num="192" count="169" type="cond" truecount="2" falsecount="0"/>
        <line num="193" count="906" type="stmt"/>
        <line num="194" count="906" type="stmt"/>
        <line num="196" count="169" type="cond" truecount="2" falsecount="2"/>
        <line num="197" count="0" type="stmt"/>
        <line num="199" count="169" type="stmt"/>
        <line num="200" count="169" type="stmt"/>
        <line num="204" count="1963" type="stmt"/>
        <line num="205" count="1963" type="stmt"/>
        <line num="207" count="1963" type="cond" truecount="2" falsecount="0"/>
        <line num="208" count="12039" type="stmt"/>
        <line num="209" count="12039" type="cond" truecount="5" falsecount="0"/>
        <line num="210" count="10076" type="stmt"/>
        <line num="211" count="10076" type="stmt"/>
        <line num="212" count="10076" type="stmt"/>
        <line num="218" count="1963" type="cond" truecount="26" falsecount="0"/>
        <line num="220" count="296" type="stmt"/>
        <line num="221" count="296" type="stmt"/>
        <line num="223" count="20" type="stmt"/>
        <line num="224" count="20" type="stmt"/>
        <line num="226" count="12" type="stmt"/>
        <line num="227" count="12" type="stmt"/>
        <line num="229" count="10" type="stmt"/>
        <line num="230" count="10" type="stmt"/>
        <line num="232" count="2" type="stmt"/>
        <line num="233" count="2" type="stmt"/>
        <line num="235" count="10" type="stmt"/>
        <line num="236" count="10" type="stmt"/>
        <line num="239" count="354" type="stmt"/>
        <line num="240" count="354" type="stmt"/>
        <line num="243" count="3" type="stmt"/>
        <line num="244" count="3" type="stmt"/>
        <line num="247" count="8" type="stmt"/>
        <line num="248" count="8" type="stmt"/>
        <line num="250" count="8" type="stmt"/>
        <line num="251" count="8" type="stmt"/>
        <line num="253" count="4" type="stmt"/>
        <line num="254" count="4" type="stmt"/>
        <line num="256" count="4" type="stmt"/>
        <line num="257" count="4" type="stmt"/>
        <line num="259" count="4" type="stmt"/>
        <line num="260" count="4" type="stmt"/>
        <line num="262" count="4" type="stmt"/>
        <line num="263" count="4" type="stmt"/>
        <line num="266" count="5" type="stmt"/>
        <line num="267" count="5" type="stmt"/>
        <line num="269" count="2" type="stmt"/>
        <line num="270" count="2" type="stmt"/>
        <line num="272" count="4" type="stmt"/>
        <line num="273" count="4" type="stmt"/>
        <line num="275" count="4" type="stmt"/>
        <line num="276" count="4" type="stmt"/>
        <line num="278" count="4" type="stmt"/>
        <line num="279" count="4" type="stmt"/>
        <line num="282" count="63" type="stmt"/>
        <line num="283" count="63" type="stmt"/>
        <line num="285" count="44" type="stmt"/>
        <line num="286" count="44" type="stmt"/>
        <line num="288" count="68" type="stmt"/>
        <line num="289" count="68" type="stmt"/>
        <line num="292" count="136" type="stmt"/>
        <line num="293" count="136" type="stmt"/>
        <line num="295" count="341" type="stmt"/>
        <line num="296" count="341" type="stmt"/>
        <line num="299" count="4" type="stmt"/>
        <line num="300" count="4" type="stmt"/>
        <line num="303" count="549" type="stmt"/>
        <line num="309" count="5721" type="stmt"/>
        <line num="310" count="5721" type="cond" truecount="2" falsecount="0"/>
        <line num="312" count="5719" type="cond" truecount="4" falsecount="0"/>
        <line num="313" count="519" type="stmt"/>
        <line num="315" count="5200" type="cond" truecount="4" falsecount="0"/>
        <line num="316" count="1963" type="stmt"/>
        <line num="318" count="3237" type="cond" truecount="4" falsecount="0"/>
        <line num="319" count="169" type="stmt"/>
        <line num="322" count="3068" type="stmt"/>
        <line num="323" count="3068" type="stmt"/>
        <line num="324" count="3068" type="cond" truecount="20" falsecount="3"/>
        <line num="326" count="556" type="stmt"/>
        <line num="327" count="556" type="stmt"/>
        <line num="329" count="80" type="stmt"/>
        <line num="330" count="80" type="stmt"/>
        <line num="333" count="26" type="stmt"/>
        <line num="334" count="26" type="stmt"/>
        <line num="336" count="16" type="stmt"/>
        <line num="337" count="16" type="stmt"/>
        <line num="340" count="109" type="stmt"/>
        <line num="341" count="109" type="stmt"/>
        <line num="343" count="108" type="stmt"/>
        <line num="344" count="108" type="stmt"/>
        <line num="347" count="0" type="stmt"/>
        <line num="348" count="0" type="stmt"/>
        <line num="350" count="0" type="stmt"/>
        <line num="351" count="0" type="stmt"/>
        <line num="354" count="713" type="stmt"/>
        <line num="355" count="713" type="stmt"/>
        <line num="357" count="713" type="stmt"/>
        <line num="358" count="713" type="stmt"/>
        <line num="361" count="10" type="stmt"/>
        <line num="362" count="10" type="stmt"/>
        <line num="364" count="10" type="stmt"/>
        <line num="365" count="10" type="stmt"/>
        <line num="367" count="77" type="stmt"/>
        <line num="368" count="77" type="stmt"/>
        <line num="370" count="130" type="stmt"/>
        <line num="371" count="130" type="stmt"/>
        <line num="373" count="10" type="stmt"/>
        <line num="374" count="10" type="stmt"/>
        <line num="376" count="22" type="cond" truecount="4" falsecount="0"/>
        <line num="377" count="12" type="stmt"/>
        <line num="378" count="12" type="cond" truecount="2" falsecount="0"/>
        <line num="379" count="356" type="stmt"/>
        <line num="381" count="12" type="stmt"/>
        <line num="383" count="10" type="stmt"/>
        <line num="384" count="10" type="stmt"/>
        <line num="387" count="14" type="cond" truecount="3" falsecount="1"/>
        <line num="388" count="14" type="stmt"/>
        <line num="389" count="14" type="stmt"/>
        <line num="390" count="14" type="stmt"/>
        <line num="392" count="0" type="stmt"/>
        <line num="395" count="12" type="cond" truecount="3" falsecount="1"/>
        <line num="396" count="12" type="stmt"/>
        <line num="397" count="12" type="stmt"/>
        <line num="398" count="12" type="stmt"/>
        <line num="400" count="0" type="stmt"/>
        <line num="403" count="255" type="cond" truecount="4" falsecount="0"/>
        <line num="404" count="192" type="stmt"/>
        <line num="405" count="192" type="stmt"/>
        <line num="406" count="192" type="stmt"/>
        <line num="408" count="63" type="stmt"/>
        <line num="409" count="63" type="stmt"/>
        <line num="412" count="151" type="cond" truecount="4" falsecount="0"/>
        <line num="413" count="38" type="stmt"/>
        <line num="414" count="38" type="stmt"/>
        <line num="415" count="38" type="stmt"/>
        <line num="417" count="113" type="stmt"/>
        <line num="418" count="113" type="stmt"/>
        <line num="421" count="18" type="cond" truecount="4" falsecount="0"/>
        <line num="422" count="8" type="stmt"/>
        <line num="423" count="8" type="stmt"/>
        <line num="424" count="8" type="stmt"/>
        <line num="426" count="10" type="stmt"/>
        <line num="427" count="10" type="stmt"/>
        <line num="429" count="38" type="cond" truecount="4" falsecount="0"/>
        <line num="430" count="14" type="stmt"/>
        <line num="431" count="14" type="stmt"/>
        <line num="432" count="14" type="stmt"/>
        <line num="434" count="24" type="stmt"/>
        <line num="435" count="24" type="stmt"/>
        <line num="438" count="0" type="stmt"/>
        <line num="445" count="2" type="stmt"/>
      </file>
    </package>
    <package name="Interpreter.test">
      <metrics statements="1" coveredstatements="1" conditionals="0" coveredconditionals="0" methods="0" coveredmethods="0"/>
      <file name="testCode.js" path="D:\Programming\Interpreter\test\testCode.js">
        <metrics statements="1" coveredstatements="1" conditionals="0" coveredconditionals="0" methods="0" coveredmethods="0"/>
        <line num="1" count="1" type="stmt"/>
      </file>
    </package>
  </project>
</coverage>
