{"D:\\Programming\\Interpreter\\Interpreter.js": {"path":"D:\\Programming\\Interpreter\\Interpreter.js","statementMap":{"0":{"start":{"line":1,"column":38},"end":{"line":1,"column":57}},"1":{"start":{"line":2,"column":18},"end":{"line":2,"column":40}},"2":{"start":{"line":3,"column":31},"end":{"line":3,"column":50}},"3":{"start":{"line":9,"column":15},"end":{"line":9,"column":56}},"4":{"start":{"line":11,"column":2},"end":{"line":11,"column":21}},"5":{"start":{"line":13,"column":11},"end":{"line":13,"column":42}},"6":{"start":{"line":14,"column":2},"end":{"line":26,"column":3}},"7":{"start":{"line":16,"column":4},"end":{"line":16,"column":42}},"8":{"start":{"line":17,"column":4},"end":{"line":17,"column":10}},"9":{"start":{"line":19,"column":4},"end":{"line":19,"column":44}},"10":{"start":{"line":20,"column":4},"end":{"line":20,"column":10}},"11":{"start":{"line":22,"column":4},"end":{"line":22,"column":44}},"12":{"start":{"line":23,"column":4},"end":{"line":23,"column":10}},"13":{"start":{"line":25,"column":4},"end":{"line":25,"column":98}},"14":{"start":{"line":28,"column":2},"end":{"line":43,"column":3}},"15":{"start":{"line":28,"column":13},"end":{"line":28,"column":14}},"16":{"start":{"line":29,"column":3},"end":{"line":29,"column":39}},"17":{"start":{"line":30,"column":3},"end":{"line":42,"column":4}},"18":{"start":{"line":32,"column":5},"end":{"line":32,"column":45}},"19":{"start":{"line":33,"column":5},"end":{"line":33,"column":11}},"20":{"start":{"line":35,"column":5},"end":{"line":35,"column":47}},"21":{"start":{"line":36,"column":5},"end":{"line":36,"column":11}},"22":{"start":{"line":38,"column":5},"end":{"line":38,"column":47}},"23":{"start":{"line":39,"column":5},"end":{"line":39,"column":11}},"24":{"start":{"line":41,"column":5},"end":{"line":41,"column":96}},"25":{"start":{"line":45,"column":2},"end":{"line":45,"column":18}},"26":{"start":{"line":49,"column":19},"end":{"line":49,"column":21}},"27":{"start":{"line":50,"column":2},"end":{"line":95,"column":3}},"28":{"start":{"line":53,"column":26},"end":{"line":53,"column":28}},"29":{"start":{"line":54,"column":27},"end":{"line":54,"column":29}},"30":{"start":{"line":55,"column":3},"end":{"line":71,"column":4}},"31":{"start":{"line":56,"column":4},"end":{"line":70,"column":5}},"32":{"start":{"line":56,"column":15},"end":{"line":56,"column":16}},"33":{"start":{"line":57,"column":5},"end":{"line":69,"column":6}},"34":{"start":{"line":58,"column":6},"end":{"line":58,"column":82}},"35":{"start":{"line":59,"column":6},"end":{"line":59,"column":43}},"36":{"start":{"line":60,"column":11},"end":{"line":69,"column":6}},"37":{"start":{"line":61,"column":6},"end":{"line":61,"column":82}},"38":{"start":{"line":62,"column":6},"end":{"line":62,"column":43}},"39":{"start":{"line":63,"column":11},"end":{"line":69,"column":6}},"40":{"start":{"line":64,"column":6},"end":{"line":64,"column":80}},"41":{"start":{"line":65,"column":6},"end":{"line":65,"column":43}},"42":{"start":{"line":67,"column":6},"end":{"line":67,"column":42}},"43":{"start":{"line":68,"column":6},"end":{"line":68,"column":48}},"44":{"start":{"line":74,"column":17},"end":{"line":74,"column":32}},"45":{"start":{"line":75,"column":17},"end":{"line":75,"column":41}},"46":{"start":{"line":78,"column":14},"end":{"line":78,"column":35}},"47":{"start":{"line":79,"column":17},"end":{"line":79,"column":47}},"48":{"start":{"line":82,"column":3},"end":{"line":82,"column":26}},"49":{"start":{"line":85,"column":3},"end":{"line":87,"column":4}},"50":{"start":{"line":86,"column":4},"end":{"line":86,"column":44}},"51":{"start":{"line":90,"column":18},"end":{"line":90,"column":52}},"52":{"start":{"line":92,"column":3},"end":{"line":92,"column":63}},"53":{"start":{"line":94,"column":3},"end":{"line":94,"column":39}},"54":{"start":{"line":99,"column":0},"end":{"line":99,"column":60}}},"fnMap":{"0":{"name":"(anonymous_0)","decl":{"start":{"line":8,"column":1},"end":{"line":8,"column":2}},"loc":{"start":{"line":8,"column":50},"end":{"line":46,"column":2}},"line":8},"1":{"name":"(anonymous_1)","decl":{"start":{"line":48,"column":1},"end":{"line":48,"column":2}},"loc":{"start":{"line":48,"column":57},"end":{"line":96,"column":2}},"line":48}},"branchMap":{"0":{"loc":{"start":{"line":14,"column":2},"end":{"line":26,"column":3}},"type":"switch","locations":[{"start":{"line":15,"column":3},"end":{"line":17,"column":10}},{"start":{"line":18,"column":3},"end":{"line":20,"column":10}},{"start":{"line":21,"column":3},"end":{"line":23,"column":10}},{"start":{"line":24,"column":3},"end":{"line":25,"column":98}}],"line":14},"1":{"loc":{"start":{"line":30,"column":3},"end":{"line":42,"column":4}},"type":"switch","locations":[{"start":{"line":31,"column":4},"end":{"line":33,"column":11}},{"start":{"line":34,"column":4},"end":{"line":36,"column":11}},{"start":{"line":37,"column":4},"end":{"line":39,"column":11}},{"start":{"line":40,"column":4},"end":{"line":41,"column":96}}],"line":30},"2":{"loc":{"start":{"line":55,"column":3},"end":{"line":71,"column":4}},"type":"if","locations":[{"start":{"line":55,"column":3},"end":{"line":71,"column":4}},{"start":{"line":55,"column":3},"end":{"line":71,"column":4}}],"line":55},"3":{"loc":{"start":{"line":55,"column":7},"end":{"line":55,"column":38}},"type":"binary-expr","locations":[{"start":{"line":55,"column":7},"end":{"line":55,"column":16}},{"start":{"line":55,"column":20},"end":{"line":55,"column":38}}],"line":55},"4":{"loc":{"start":{"line":57,"column":5},"end":{"line":69,"column":6}},"type":"if","locations":[{"start":{"line":57,"column":5},"end":{"line":69,"column":6}},{"start":{"line":57,"column":5},"end":{"line":69,"column":6}}],"line":57},"5":{"loc":{"start":{"line":60,"column":11},"end":{"line":69,"column":6}},"type":"if","locations":[{"start":{"line":60,"column":11},"end":{"line":69,"column":6}},{"start":{"line":60,"column":11},"end":{"line":69,"column":6}}],"line":60},"6":{"loc":{"start":{"line":63,"column":11},"end":{"line":69,"column":6}},"type":"if","locations":[{"start":{"line":63,"column":11},"end":{"line":69,"column":6}},{"start":{"line":63,"column":11},"end":{"line":69,"column":6}}],"line":63},"7":{"loc":{"start":{"line":85,"column":3},"end":{"line":87,"column":4}},"type":"if","locations":[{"start":{"line":85,"column":3},"end":{"line":87,"column":4}},{"start":{"line":85,"column":3},"end":{"line":87,"column":4}}],"line":85}},"s":{"0":1,"1":1,"2":1,"3":7,"4":7,"5":7,"6":7,"7":2,"8":2,"9":2,"10":2,"11":2,"12":2,"13":1,"14":6,"15":6,"16":5,"17":5,"18":1,"19":1,"20":1,"21":1,"22":2,"23":2,"24":1,"25":5,"26":9,"27":9,"28":9,"29":9,"30":9,"31":6,"32":6,"33":22,"34":4,"35":4,"36":18,"37":4,"38":4,"39":14,"40":4,"41":4,"42":10,"43":10,"44":9,"45":9,"46":9,"47":9,"48":9,"49":9,"50":1,"51":9,"52":6,"53":3,"54":1},"f":{"0":7,"1":9},"b":{"0":[2,2,2,1],"1":[1,1,2,1],"2":[6,3],"3":[9,9],"4":[4,18],"5":[4,14],"6":[4,10],"7":[1,8]},"_coverageSchema":"1a1c01bbd47fc00a2c39e90264f33305004495a9","hash":"9709b200115fdefb845bc2ca110e11d8da9eb157"}
,"D:\\Programming\\Interpreter\\OpObjs.js": {"path":"D:\\Programming\\Interpreter\\OpObjs.js","statementMap":{"0":{"start":{"line":1,"column":16},"end":{"line":1,"column":34}},"1":{"start":{"line":3,"column":16},"end":{"line":9,"column":1}},"2":{"start":{"line":14,"column":2},"end":{"line":14,"column":18}},"3":{"start":{"line":15,"column":2},"end":{"line":15,"column":24}},"4":{"start":{"line":16,"column":2},"end":{"line":16,"column":20}},"5":{"start":{"line":17,"column":2},"end":{"line":17,"column":30}},"6":{"start":{"line":21,"column":2},"end":{"line":21,"column":20}},"7":{"start":{"line":25,"column":2},"end":{"line":25,"column":23}},"8":{"start":{"line":29,"column":2},"end":{"line":29,"column":26}},"9":{"start":{"line":33,"column":2},"end":{"line":33,"column":21}},"10":{"start":{"line":39,"column":2},"end":{"line":39,"column":47}},"11":{"start":{"line":40,"column":2},"end":{"line":40,"column":33}},"12":{"start":{"line":41,"column":2},"end":{"line":41,"column":50}},"13":{"start":{"line":42,"column":2},"end":{"line":42,"column":46}},"14":{"start":{"line":43,"column":2},"end":{"line":43,"column":50}},"15":{"start":{"line":44,"column":2},"end":{"line":44,"column":31}},"16":{"start":{"line":48,"column":2},"end":{"line":50,"column":3}},"17":{"start":{"line":49,"column":3},"end":{"line":49,"column":30}},"18":{"start":{"line":51,"column":13},"end":{"line":51,"column":46}},"19":{"start":{"line":52,"column":2},"end":{"line":52,"column":38}},"20":{"start":{"line":53,"column":2},"end":{"line":53,"column":28}},"21":{"start":{"line":54,"column":2},"end":{"line":54,"column":38}},"22":{"start":{"line":55,"column":2},"end":{"line":55,"column":16}},"23":{"start":{"line":59,"column":2},"end":{"line":59,"column":95}},"24":{"start":{"line":59,"column":38},"end":{"line":59,"column":95}},"25":{"start":{"line":61,"column":2},"end":{"line":65,"column":3}},"26":{"start":{"line":62,"column":3},"end":{"line":62,"column":36}},"27":{"start":{"line":64,"column":3},"end":{"line":64,"column":33}},"28":{"start":{"line":66,"column":2},"end":{"line":66,"column":25}},"29":{"start":{"line":67,"column":2},"end":{"line":67,"column":14}},"30":{"start":{"line":71,"column":2},"end":{"line":83,"column":3}},"31":{"start":{"line":73,"column":3},"end":{"line":73,"column":23}},"32":{"start":{"line":75,"column":3},"end":{"line":75,"column":37}},"33":{"start":{"line":76,"column":3},"end":{"line":76,"column":25}},"34":{"start":{"line":78,"column":3},"end":{"line":78,"column":35}},"35":{"start":{"line":79,"column":3},"end":{"line":79,"column":23}},"36":{"start":{"line":81,"column":3},"end":{"line":81,"column":37}},"37":{"start":{"line":82,"column":3},"end":{"line":82,"column":25}},"38":{"start":{"line":87,"column":2},"end":{"line":87,"column":42}},"39":{"start":{"line":90,"column":2},"end":{"line":90,"column":45}},"40":{"start":{"line":93,"column":2},"end":{"line":93,"column":46}},"41":{"start":{"line":96,"column":2},"end":{"line":96,"column":46}},"42":{"start":{"line":99,"column":2},"end":{"line":99,"column":53}},"43":{"start":{"line":102,"column":2},"end":{"line":102,"column":53}},"44":{"start":{"line":108,"column":2},"end":{"line":108,"column":42}},"45":{"start":{"line":112,"column":2},"end":{"line":112,"column":14}},"46":{"start":{"line":115,"column":2},"end":{"line":115,"column":44}},"47":{"start":{"line":119,"column":2},"end":{"line":119,"column":40}},"48":{"start":{"line":119,"column":27},"end":{"line":119,"column":40}},"49":{"start":{"line":120,"column":2},"end":{"line":120,"column":14}},"50":{"start":{"line":123,"column":2},"end":{"line":123,"column":28}},"51":{"start":{"line":126,"column":2},"end":{"line":126,"column":15}},"52":{"start":{"line":129,"column":2},"end":{"line":129,"column":15}},"53":{"start":{"line":132,"column":2},"end":{"line":132,"column":27}},"54":{"start":{"line":135,"column":2},"end":{"line":135,"column":27}},"55":{"start":{"line":141,"column":2},"end":{"line":141,"column":86}},"56":{"start":{"line":145,"column":2},"end":{"line":145,"column":63}},"57":{"start":{"line":149,"column":2},"end":{"line":149,"column":75}},"58":{"start":{"line":149,"column":24},"end":{"line":149,"column":75}},"59":{"start":{"line":150,"column":2},"end":{"line":150,"column":91}},"60":{"start":{"line":150,"column":38},"end":{"line":150,"column":91}},"61":{"start":{"line":152,"column":11},"end":{"line":152,"column":23}},"62":{"start":{"line":153,"column":2},"end":{"line":153,"column":54}},"63":{"start":{"line":153,"column":33},"end":{"line":153,"column":54}},"64":{"start":{"line":155,"column":2},"end":{"line":167,"column":3}},"65":{"start":{"line":157,"column":3},"end":{"line":157,"column":20}},"66":{"start":{"line":158,"column":3},"end":{"line":158,"column":9}},"67":{"start":{"line":160,"column":3},"end":{"line":160,"column":26}},"68":{"start":{"line":161,"column":3},"end":{"line":161,"column":9}},"69":{"start":{"line":163,"column":3},"end":{"line":163,"column":62}},"70":{"start":{"line":164,"column":3},"end":{"line":164,"column":9}},"71":{"start":{"line":166,"column":3},"end":{"line":166,"column":57}},"72":{"start":{"line":169,"column":2},"end":{"line":169,"column":14}},"73":{"start":{"line":172,"column":11},"end":{"line":172,"column":23}},"74":{"start":{"line":173,"column":2},"end":{"line":173,"column":54}},"75":{"start":{"line":173,"column":33},"end":{"line":173,"column":54}},"76":{"start":{"line":175,"column":2},"end":{"line":184,"column":3}},"77":{"start":{"line":177,"column":3},"end":{"line":177,"column":28}},"78":{"start":{"line":179,"column":3},"end":{"line":179,"column":35}},"79":{"start":{"line":181,"column":3},"end":{"line":181,"column":63}},"80":{"start":{"line":183,"column":3},"end":{"line":183,"column":61}},"81":{"start":{"line":187,"column":2},"end":{"line":187,"column":28}},"82":{"start":{"line":190,"column":11},"end":{"line":190,"column":23}},"83":{"start":{"line":191,"column":2},"end":{"line":191,"column":54}},"84":{"start":{"line":191,"column":33},"end":{"line":191,"column":54}},"85":{"start":{"line":192,"column":2},"end":{"line":199,"column":3}},"86":{"start":{"line":194,"column":3},"end":{"line":194,"column":33}},"87":{"start":{"line":196,"column":3},"end":{"line":196,"column":41}},"88":{"start":{"line":198,"column":3},"end":{"line":198,"column":61}},"89":{"start":{"line":202,"column":11},"end":{"line":202,"column":23}},"90":{"start":{"line":203,"column":2},"end":{"line":203,"column":54}},"91":{"start":{"line":203,"column":33},"end":{"line":203,"column":54}},"92":{"start":{"line":204,"column":2},"end":{"line":211,"column":3}},"93":{"start":{"line":206,"column":3},"end":{"line":206,"column":33}},"94":{"start":{"line":208,"column":3},"end":{"line":208,"column":41}},"95":{"start":{"line":210,"column":3},"end":{"line":210,"column":61}},"96":{"start":{"line":214,"column":2},"end":{"line":214,"column":50}},"97":{"start":{"line":217,"column":2},"end":{"line":217,"column":50}},"98":{"start":{"line":223,"column":2},"end":{"line":223,"column":85}},"99":{"start":{"line":227,"column":2},"end":{"line":227,"column":65}},"100":{"start":{"line":231,"column":2},"end":{"line":231,"column":77}},"101":{"start":{"line":231,"column":24},"end":{"line":231,"column":77}},"102":{"start":{"line":232,"column":2},"end":{"line":232,"column":93}},"103":{"start":{"line":232,"column":38},"end":{"line":232,"column":93}},"104":{"start":{"line":234,"column":11},"end":{"line":234,"column":23}},"105":{"start":{"line":235,"column":2},"end":{"line":235,"column":54}},"106":{"start":{"line":235,"column":33},"end":{"line":235,"column":54}},"107":{"start":{"line":237,"column":2},"end":{"line":249,"column":3}},"108":{"start":{"line":239,"column":4},"end":{"line":239,"column":21}},"109":{"start":{"line":240,"column":4},"end":{"line":240,"column":10}},"110":{"start":{"line":242,"column":4},"end":{"line":242,"column":62}},"111":{"start":{"line":243,"column":4},"end":{"line":243,"column":10}},"112":{"start":{"line":245,"column":4},"end":{"line":245,"column":27}},"113":{"start":{"line":246,"column":4},"end":{"line":246,"column":10}},"114":{"start":{"line":248,"column":4},"end":{"line":248,"column":59}},"115":{"start":{"line":250,"column":2},"end":{"line":250,"column":47}},"116":{"start":{"line":250,"column":30},"end":{"line":250,"column":47}},"117":{"start":{"line":251,"column":2},"end":{"line":251,"column":14}},"118":{"start":{"line":254,"column":11},"end":{"line":254,"column":23}},"119":{"start":{"line":255,"column":2},"end":{"line":255,"column":54}},"120":{"start":{"line":255,"column":33},"end":{"line":255,"column":54}},"121":{"start":{"line":257,"column":2},"end":{"line":257,"column":60}},"122":{"start":{"line":257,"column":47},"end":{"line":257,"column":60}},"123":{"start":{"line":258,"column":2},"end":{"line":258,"column":60}},"124":{"start":{"line":258,"column":47},"end":{"line":258,"column":60}},"125":{"start":{"line":259,"column":2},"end":{"line":268,"column":3}},"126":{"start":{"line":261,"column":4},"end":{"line":261,"column":30}},"127":{"start":{"line":263,"column":4},"end":{"line":263,"column":44}},"128":{"start":{"line":265,"column":4},"end":{"line":265,"column":56}},"129":{"start":{"line":267,"column":4},"end":{"line":267,"column":62}},"130":{"start":{"line":271,"column":2},"end":{"line":271,"column":28}},"131":{"start":{"line":274,"column":11},"end":{"line":274,"column":23}},"132":{"start":{"line":275,"column":2},"end":{"line":275,"column":54}},"133":{"start":{"line":275,"column":33},"end":{"line":275,"column":54}},"134":{"start":{"line":276,"column":2},"end":{"line":283,"column":3}},"135":{"start":{"line":278,"column":4},"end":{"line":278,"column":42}},"136":{"start":{"line":280,"column":4},"end":{"line":280,"column":34}},"137":{"start":{"line":282,"column":4},"end":{"line":282,"column":62}},"138":{"start":{"line":286,"column":11},"end":{"line":286,"column":23}},"139":{"start":{"line":287,"column":2},"end":{"line":287,"column":54}},"140":{"start":{"line":287,"column":33},"end":{"line":287,"column":54}},"141":{"start":{"line":288,"column":2},"end":{"line":295,"column":3}},"142":{"start":{"line":290,"column":4},"end":{"line":290,"column":42}},"143":{"start":{"line":292,"column":4},"end":{"line":292,"column":34}},"144":{"start":{"line":294,"column":4},"end":{"line":294,"column":62}},"145":{"start":{"line":298,"column":2},"end":{"line":298,"column":50}},"146":{"start":{"line":301,"column":2},"end":{"line":301,"column":50}},"147":{"start":{"line":307,"column":2},"end":{"line":307,"column":88}},"148":{"start":{"line":311,"column":2},"end":{"line":311,"column":65}},"149":{"start":{"line":315,"column":2},"end":{"line":315,"column":77}},"150":{"start":{"line":315,"column":24},"end":{"line":315,"column":77}},"151":{"start":{"line":316,"column":2},"end":{"line":316,"column":93}},"152":{"start":{"line":316,"column":38},"end":{"line":316,"column":93}},"153":{"start":{"line":318,"column":11},"end":{"line":318,"column":23}},"154":{"start":{"line":319,"column":2},"end":{"line":319,"column":54}},"155":{"start":{"line":319,"column":33},"end":{"line":319,"column":54}},"156":{"start":{"line":321,"column":2},"end":{"line":330,"column":3}},"157":{"start":{"line":323,"column":4},"end":{"line":323,"column":21}},"158":{"start":{"line":324,"column":4},"end":{"line":324,"column":10}},"159":{"start":{"line":326,"column":4},"end":{"line":326,"column":27}},"160":{"start":{"line":327,"column":4},"end":{"line":327,"column":10}},"161":{"start":{"line":329,"column":4},"end":{"line":329,"column":59}},"162":{"start":{"line":331,"column":2},"end":{"line":331,"column":14}},"163":{"start":{"line":335,"column":11},"end":{"line":335,"column":23}},"164":{"start":{"line":336,"column":2},"end":{"line":336,"column":54}},"165":{"start":{"line":336,"column":33},"end":{"line":336,"column":54}},"166":{"start":{"line":338,"column":2},"end":{"line":338,"column":60}},"167":{"start":{"line":338,"column":47},"end":{"line":338,"column":60}},"168":{"start":{"line":339,"column":2},"end":{"line":339,"column":60}},"169":{"start":{"line":339,"column":47},"end":{"line":339,"column":60}},"170":{"start":{"line":341,"column":2},"end":{"line":348,"column":3}},"171":{"start":{"line":343,"column":4},"end":{"line":343,"column":30}},"172":{"start":{"line":345,"column":4},"end":{"line":345,"column":36}},"173":{"start":{"line":347,"column":4},"end":{"line":347,"column":62}},"174":{"start":{"line":351,"column":2},"end":{"line":351,"column":28}},"175":{"start":{"line":354,"column":2},"end":{"line":354,"column":52}},"176":{"start":{"line":357,"column":2},"end":{"line":357,"column":52}},"177":{"start":{"line":360,"column":2},"end":{"line":360,"column":52}},"178":{"start":{"line":363,"column":2},"end":{"line":363,"column":52}},"179":{"start":{"line":367,"column":0},"end":{"line":367,"column":87}}},"fnMap":{"0":{"name":"(anonymous_0)","decl":{"start":{"line":13,"column":1},"end":{"line":13,"column":2}},"loc":{"start":{"line":13,"column":65},"end":{"line":18,"column":2}},"line":13},"1":{"name":"(anonymous_1)","decl":{"start":{"line":20,"column":1},"end":{"line":20,"column":2}},"loc":{"start":{"line":20,"column":11},"end":{"line":22,"column":2}},"line":20},"2":{"name":"(anonymous_2)","decl":{"start":{"line":24,"column":1},"end":{"line":24,"column":2}},"loc":{"start":{"line":24,"column":14},"end":{"line":26,"column":2}},"line":24},"3":{"name":"(anonymous_3)","decl":{"start":{"line":28,"column":1},"end":{"line":28,"column":2}},"loc":{"start":{"line":28,"column":17},"end":{"line":30,"column":2}},"line":28},"4":{"name":"(anonymous_4)","decl":{"start":{"line":32,"column":1},"end":{"line":32,"column":2}},"loc":{"start":{"line":32,"column":12},"end":{"line":34,"column":2}},"line":32},"5":{"name":"(anonymous_5)","decl":{"start":{"line":38,"column":1},"end":{"line":38,"column":2}},"loc":{"start":{"line":38,"column":18},"end":{"line":45,"column":2}},"line":38},"6":{"name":"(anonymous_6)","decl":{"start":{"line":47,"column":1},"end":{"line":47,"column":2}},"loc":{"start":{"line":47,"column":18},"end":{"line":56,"column":2}},"line":47},"7":{"name":"(anonymous_7)","decl":{"start":{"line":58,"column":1},"end":{"line":58,"column":2}},"loc":{"start":{"line":58,"column":11},"end":{"line":68,"column":2}},"line":58},"8":{"name":"(anonymous_8)","decl":{"start":{"line":70,"column":1},"end":{"line":70,"column":2}},"loc":{"start":{"line":70,"column":15},"end":{"line":84,"column":2}},"line":70},"9":{"name":"(anonymous_9)","decl":{"start":{"line":86,"column":1},"end":{"line":86,"column":2}},"loc":{"start":{"line":86,"column":13},"end":{"line":88,"column":2}},"line":86},"10":{"name":"(anonymous_10)","decl":{"start":{"line":89,"column":1},"end":{"line":89,"column":2}},"loc":{"start":{"line":89,"column":16},"end":{"line":91,"column":2}},"line":89},"11":{"name":"(anonymous_11)","decl":{"start":{"line":92,"column":1},"end":{"line":92,"column":2}},"loc":{"start":{"line":92,"column":17},"end":{"line":94,"column":2}},"line":92},"12":{"name":"(anonymous_12)","decl":{"start":{"line":95,"column":1},"end":{"line":95,"column":2}},"loc":{"start":{"line":95,"column":17},"end":{"line":97,"column":2}},"line":95},"13":{"name":"(anonymous_13)","decl":{"start":{"line":98,"column":1},"end":{"line":98,"column":2}},"loc":{"start":{"line":98,"column":24},"end":{"line":100,"column":2}},"line":98},"14":{"name":"(anonymous_14)","decl":{"start":{"line":101,"column":1},"end":{"line":101,"column":2}},"loc":{"start":{"line":101,"column":24},"end":{"line":103,"column":2}},"line":101},"15":{"name":"(anonymous_15)","decl":{"start":{"line":107,"column":1},"end":{"line":107,"column":2}},"loc":{"start":{"line":107,"column":14},"end":{"line":109,"column":2}},"line":107},"16":{"name":"(anonymous_16)","decl":{"start":{"line":111,"column":1},"end":{"line":111,"column":2}},"loc":{"start":{"line":111,"column":10},"end":{"line":113,"column":2}},"line":111},"17":{"name":"(anonymous_17)","decl":{"start":{"line":114,"column":1},"end":{"line":114,"column":2}},"loc":{"start":{"line":114,"column":11},"end":{"line":116,"column":2}},"line":114},"18":{"name":"(anonymous_18)","decl":{"start":{"line":118,"column":1},"end":{"line":118,"column":2}},"loc":{"start":{"line":118,"column":13},"end":{"line":121,"column":2}},"line":118},"19":{"name":"(anonymous_19)","decl":{"start":{"line":122,"column":1},"end":{"line":122,"column":2}},"loc":{"start":{"line":122,"column":16},"end":{"line":124,"column":2}},"line":122},"20":{"name":"(anonymous_20)","decl":{"start":{"line":125,"column":1},"end":{"line":125,"column":2}},"loc":{"start":{"line":125,"column":17},"end":{"line":127,"column":2}},"line":125},"21":{"name":"(anonymous_21)","decl":{"start":{"line":128,"column":1},"end":{"line":128,"column":2}},"loc":{"start":{"line":128,"column":17},"end":{"line":130,"column":2}},"line":128},"22":{"name":"(anonymous_22)","decl":{"start":{"line":131,"column":1},"end":{"line":131,"column":2}},"loc":{"start":{"line":131,"column":24},"end":{"line":133,"column":2}},"line":131},"23":{"name":"(anonymous_23)","decl":{"start":{"line":134,"column":1},"end":{"line":134,"column":2}},"loc":{"start":{"line":134,"column":24},"end":{"line":136,"column":2}},"line":134},"24":{"name":"(anonymous_24)","decl":{"start":{"line":140,"column":1},"end":{"line":140,"column":2}},"loc":{"start":{"line":140,"column":54},"end":{"line":142,"column":2}},"line":140},"25":{"name":"(anonymous_25)","decl":{"start":{"line":144,"column":1},"end":{"line":144,"column":2}},"loc":{"start":{"line":144,"column":10},"end":{"line":146,"column":2}},"line":144},"26":{"name":"(anonymous_26)","decl":{"start":{"line":148,"column":1},"end":{"line":148,"column":2}},"loc":{"start":{"line":148,"column":11},"end":{"line":170,"column":2}},"line":148},"27":{"name":"(anonymous_27)","decl":{"start":{"line":171,"column":1},"end":{"line":171,"column":2}},"loc":{"start":{"line":171,"column":13},"end":{"line":185,"column":2}},"line":171},"28":{"name":"(anonymous_28)","decl":{"start":{"line":186,"column":1},"end":{"line":186,"column":2}},"loc":{"start":{"line":186,"column":16},"end":{"line":188,"column":2}},"line":186},"29":{"name":"(anonymous_29)","decl":{"start":{"line":189,"column":1},"end":{"line":189,"column":2}},"loc":{"start":{"line":189,"column":17},"end":{"line":200,"column":2}},"line":189},"30":{"name":"(anonymous_30)","decl":{"start":{"line":201,"column":1},"end":{"line":201,"column":2}},"loc":{"start":{"line":201,"column":17},"end":{"line":212,"column":2}},"line":201},"31":{"name":"(anonymous_31)","decl":{"start":{"line":213,"column":1},"end":{"line":213,"column":2}},"loc":{"start":{"line":213,"column":24},"end":{"line":215,"column":2}},"line":213},"32":{"name":"(anonymous_32)","decl":{"start":{"line":216,"column":1},"end":{"line":216,"column":2}},"loc":{"start":{"line":216,"column":24},"end":{"line":218,"column":2}},"line":216},"33":{"name":"(anonymous_33)","decl":{"start":{"line":222,"column":1},"end":{"line":222,"column":2}},"loc":{"start":{"line":222,"column":53},"end":{"line":224,"column":2}},"line":222},"34":{"name":"(anonymous_34)","decl":{"start":{"line":226,"column":1},"end":{"line":226,"column":2}},"loc":{"start":{"line":226,"column":10},"end":{"line":228,"column":2}},"line":226},"35":{"name":"(anonymous_35)","decl":{"start":{"line":230,"column":1},"end":{"line":230,"column":2}},"loc":{"start":{"line":230,"column":11},"end":{"line":252,"column":2}},"line":230},"36":{"name":"(anonymous_36)","decl":{"start":{"line":253,"column":1},"end":{"line":253,"column":2}},"loc":{"start":{"line":253,"column":13},"end":{"line":269,"column":2}},"line":253},"37":{"name":"(anonymous_37)","decl":{"start":{"line":270,"column":1},"end":{"line":270,"column":2}},"loc":{"start":{"line":270,"column":16},"end":{"line":272,"column":2}},"line":270},"38":{"name":"(anonymous_38)","decl":{"start":{"line":273,"column":1},"end":{"line":273,"column":2}},"loc":{"start":{"line":273,"column":17},"end":{"line":284,"column":2}},"line":273},"39":{"name":"(anonymous_39)","decl":{"start":{"line":285,"column":1},"end":{"line":285,"column":2}},"loc":{"start":{"line":285,"column":17},"end":{"line":296,"column":2}},"line":285},"40":{"name":"(anonymous_40)","decl":{"start":{"line":297,"column":1},"end":{"line":297,"column":2}},"loc":{"start":{"line":297,"column":24},"end":{"line":299,"column":2}},"line":297},"41":{"name":"(anonymous_41)","decl":{"start":{"line":300,"column":1},"end":{"line":300,"column":2}},"loc":{"start":{"line":300,"column":24},"end":{"line":302,"column":2}},"line":300},"42":{"name":"(anonymous_42)","decl":{"start":{"line":306,"column":1},"end":{"line":306,"column":2}},"loc":{"start":{"line":306,"column":51},"end":{"line":308,"column":2}},"line":306},"43":{"name":"(anonymous_43)","decl":{"start":{"line":310,"column":1},"end":{"line":310,"column":2}},"loc":{"start":{"line":310,"column":10},"end":{"line":312,"column":2}},"line":310},"44":{"name":"(anonymous_44)","decl":{"start":{"line":314,"column":1},"end":{"line":314,"column":2}},"loc":{"start":{"line":314,"column":11},"end":{"line":332,"column":2}},"line":314},"45":{"name":"(anonymous_45)","decl":{"start":{"line":334,"column":1},"end":{"line":334,"column":2}},"loc":{"start":{"line":334,"column":13},"end":{"line":349,"column":2}},"line":334},"46":{"name":"(anonymous_46)","decl":{"start":{"line":350,"column":1},"end":{"line":350,"column":2}},"loc":{"start":{"line":350,"column":16},"end":{"line":352,"column":2}},"line":350},"47":{"name":"(anonymous_47)","decl":{"start":{"line":353,"column":1},"end":{"line":353,"column":2}},"loc":{"start":{"line":353,"column":17},"end":{"line":355,"column":2}},"line":353},"48":{"name":"(anonymous_48)","decl":{"start":{"line":356,"column":1},"end":{"line":356,"column":2}},"loc":{"start":{"line":356,"column":17},"end":{"line":358,"column":2}},"line":356},"49":{"name":"(anonymous_49)","decl":{"start":{"line":359,"column":1},"end":{"line":359,"column":2}},"loc":{"start":{"line":359,"column":24},"end":{"line":361,"column":2}},"line":359},"50":{"name":"(anonymous_50)","decl":{"start":{"line":362,"column":1},"end":{"line":362,"column":2}},"loc":{"start":{"line":362,"column":24},"end":{"line":364,"column":2}},"line":362}},"branchMap":{"0":{"loc":{"start":{"line":13,"column":13},"end":{"line":13,"column":20}},"type":"default-arg","locations":[{"start":{"line":13,"column":18},"end":{"line":13,"column":20}}],"line":13},"1":{"loc":{"start":{"line":13,"column":22},"end":{"line":13,"column":34}},"type":"default-arg","locations":[{"start":{"line":13,"column":30},"end":{"line":13,"column":34}}],"line":13},"2":{"loc":{"start":{"line":13,"column":36},"end":{"line":13,"column":46}},"type":"default-arg","locations":[{"start":{"line":13,"column":42},"end":{"line":13,"column":46}}],"line":13},"3":{"loc":{"start":{"line":13,"column":48},"end":{"line":13,"column":64}},"type":"default-arg","locations":[{"start":{"line":13,"column":59},"end":{"line":13,"column":64}}],"line":13},"4":{"loc":{"start":{"line":48,"column":2},"end":{"line":50,"column":3}},"type":"if","locations":[{"start":{"line":48,"column":2},"end":{"line":50,"column":3}},{"start":{"line":48,"column":2},"end":{"line":50,"column":3}}],"line":48},"5":{"loc":{"start":{"line":59,"column":2},"end":{"line":59,"column":95}},"type":"if","locations":[{"start":{"line":59,"column":2},"end":{"line":59,"column":95}},{"start":{"line":59,"column":2},"end":{"line":59,"column":95}}],"line":59},"6":{"loc":{"start":{"line":61,"column":2},"end":{"line":65,"column":3}},"type":"if","locations":[{"start":{"line":61,"column":2},"end":{"line":65,"column":3}},{"start":{"line":61,"column":2},"end":{"line":65,"column":3}}],"line":61},"7":{"loc":{"start":{"line":71,"column":2},"end":{"line":83,"column":3}},"type":"switch","locations":[{"start":{"line":72,"column":2},"end":{"line":73,"column":23}},{"start":{"line":74,"column":2},"end":{"line":76,"column":25}},{"start":{"line":77,"column":2},"end":{"line":79,"column":23}},{"start":{"line":80,"column":2},"end":{"line":82,"column":25}}],"line":71},"8":{"loc":{"start":{"line":119,"column":2},"end":{"line":119,"column":40}},"type":"if","locations":[{"start":{"line":119,"column":2},"end":{"line":119,"column":40}},{"start":{"line":119,"column":2},"end":{"line":119,"column":40}}],"line":119},"9":{"loc":{"start":{"line":140,"column":19},"end":{"line":140,"column":35}},"type":"default-arg","locations":[{"start":{"line":140,"column":30},"end":{"line":140,"column":35}}],"line":140},"10":{"loc":{"start":{"line":140,"column":37},"end":{"line":140,"column":53}},"type":"default-arg","locations":[{"start":{"line":140,"column":48},"end":{"line":140,"column":53}}],"line":140},"11":{"loc":{"start":{"line":141,"column":30},"end":{"line":141,"column":72}},"type":"cond-expr","locations":[{"start":{"line":141,"column":48},"end":{"line":141,"column":52}},{"start":{"line":141,"column":53},"end":{"line":141,"column":72}}],"line":141},"12":{"loc":{"start":{"line":149,"column":2},"end":{"line":149,"column":75}},"type":"if","locations":[{"start":{"line":149,"column":2},"end":{"line":149,"column":75}},{"start":{"line":149,"column":2},"end":{"line":149,"column":75}}],"line":149},"13":{"loc":{"start":{"line":150,"column":2},"end":{"line":150,"column":91}},"type":"if","locations":[{"start":{"line":150,"column":2},"end":{"line":150,"column":91}},{"start":{"line":150,"column":2},"end":{"line":150,"column":91}}],"line":150},"14":{"loc":{"start":{"line":153,"column":2},"end":{"line":153,"column":54}},"type":"if","locations":[{"start":{"line":153,"column":2},"end":{"line":153,"column":54}},{"start":{"line":153,"column":2},"end":{"line":153,"column":54}}],"line":153},"15":{"loc":{"start":{"line":155,"column":2},"end":{"line":167,"column":3}},"type":"switch","locations":[{"start":{"line":156,"column":2},"end":{"line":158,"column":9}},{"start":{"line":159,"column":2},"end":{"line":161,"column":9}},{"start":{"line":162,"column":2},"end":{"line":164,"column":9}},{"start":{"line":165,"column":2},"end":{"line":166,"column":57}}],"line":155},"16":{"loc":{"start":{"line":163,"column":15},"end":{"line":163,"column":61}},"type":"cond-expr","locations":[{"start":{"line":163,"column":35},"end":{"line":163,"column":39}},{"start":{"line":163,"column":42},"end":{"line":163,"column":61}}],"line":163},"17":{"loc":{"start":{"line":173,"column":2},"end":{"line":173,"column":54}},"type":"if","locations":[{"start":{"line":173,"column":2},"end":{"line":173,"column":54}},{"start":{"line":173,"column":2},"end":{"line":173,"column":54}}],"line":173},"18":{"loc":{"start":{"line":175,"column":2},"end":{"line":184,"column":3}},"type":"switch","locations":[{"start":{"line":176,"column":2},"end":{"line":177,"column":28}},{"start":{"line":178,"column":2},"end":{"line":179,"column":35}},{"start":{"line":180,"column":2},"end":{"line":181,"column":63}},{"start":{"line":182,"column":2},"end":{"line":183,"column":61}}],"line":175},"19":{"loc":{"start":{"line":191,"column":2},"end":{"line":191,"column":54}},"type":"if","locations":[{"start":{"line":191,"column":2},"end":{"line":191,"column":54}},{"start":{"line":191,"column":2},"end":{"line":191,"column":54}}],"line":191},"20":{"loc":{"start":{"line":192,"column":2},"end":{"line":199,"column":3}},"type":"switch","locations":[{"start":{"line":193,"column":2},"end":{"line":194,"column":33}},{"start":{"line":195,"column":2},"end":{"line":196,"column":41}},{"start":{"line":197,"column":2},"end":{"line":198,"column":61}}],"line":192},"21":{"loc":{"start":{"line":203,"column":2},"end":{"line":203,"column":54}},"type":"if","locations":[{"start":{"line":203,"column":2},"end":{"line":203,"column":54}},{"start":{"line":203,"column":2},"end":{"line":203,"column":54}}],"line":203},"22":{"loc":{"start":{"line":204,"column":2},"end":{"line":211,"column":3}},"type":"switch","locations":[{"start":{"line":205,"column":2},"end":{"line":206,"column":33}},{"start":{"line":207,"column":2},"end":{"line":208,"column":41}},{"start":{"line":209,"column":2},"end":{"line":210,"column":61}}],"line":204},"23":{"loc":{"start":{"line":214,"column":9},"end":{"line":214,"column":49}},"type":"binary-expr","locations":[{"start":{"line":214,"column":9},"end":{"line":214,"column":30}},{"start":{"line":214,"column":32},"end":{"line":214,"column":49}}],"line":214},"24":{"loc":{"start":{"line":217,"column":9},"end":{"line":217,"column":49}},"type":"binary-expr","locations":[{"start":{"line":217,"column":9},"end":{"line":217,"column":30}},{"start":{"line":217,"column":32},"end":{"line":217,"column":49}}],"line":217},"25":{"loc":{"start":{"line":222,"column":19},"end":{"line":222,"column":34}},"type":"default-arg","locations":[{"start":{"line":222,"column":30},"end":{"line":222,"column":34}}],"line":222},"26":{"loc":{"start":{"line":222,"column":36},"end":{"line":222,"column":52}},"type":"default-arg","locations":[{"start":{"line":222,"column":47},"end":{"line":222,"column":52}}],"line":222},"27":{"loc":{"start":{"line":223,"column":30},"end":{"line":223,"column":71}},"type":"cond-expr","locations":[{"start":{"line":223,"column":48},"end":{"line":223,"column":52}},{"start":{"line":223,"column":53},"end":{"line":223,"column":71}}],"line":223},"28":{"loc":{"start":{"line":231,"column":2},"end":{"line":231,"column":77}},"type":"if","locations":[{"start":{"line":231,"column":2},"end":{"line":231,"column":77}},{"start":{"line":231,"column":2},"end":{"line":231,"column":77}}],"line":231},"29":{"loc":{"start":{"line":232,"column":2},"end":{"line":232,"column":93}},"type":"if","locations":[{"start":{"line":232,"column":2},"end":{"line":232,"column":93}},{"start":{"line":232,"column":2},"end":{"line":232,"column":93}}],"line":232},"30":{"loc":{"start":{"line":235,"column":2},"end":{"line":235,"column":54}},"type":"if","locations":[{"start":{"line":235,"column":2},"end":{"line":235,"column":54}},{"start":{"line":235,"column":2},"end":{"line":235,"column":54}}],"line":235},"31":{"loc":{"start":{"line":237,"column":2},"end":{"line":249,"column":3}},"type":"switch","locations":[{"start":{"line":238,"column":3},"end":{"line":240,"column":10}},{"start":{"line":241,"column":3},"end":{"line":243,"column":10}},{"start":{"line":244,"column":3},"end":{"line":246,"column":10}},{"start":{"line":247,"column":3},"end":{"line":248,"column":59}}],"line":237},"32":{"loc":{"start":{"line":242,"column":16},"end":{"line":242,"column":61}},"type":"cond-expr","locations":[{"start":{"line":242,"column":36},"end":{"line":242,"column":40}},{"start":{"line":242,"column":43},"end":{"line":242,"column":61}}],"line":242},"33":{"loc":{"start":{"line":250,"column":2},"end":{"line":250,"column":47}},"type":"if","locations":[{"start":{"line":250,"column":2},"end":{"line":250,"column":47}},{"start":{"line":250,"column":2},"end":{"line":250,"column":47}}],"line":250},"34":{"loc":{"start":{"line":255,"column":2},"end":{"line":255,"column":54}},"type":"if","locations":[{"start":{"line":255,"column":2},"end":{"line":255,"column":54}},{"start":{"line":255,"column":2},"end":{"line":255,"column":54}}],"line":255},"35":{"loc":{"start":{"line":257,"column":2},"end":{"line":257,"column":60}},"type":"if","locations":[{"start":{"line":257,"column":2},"end":{"line":257,"column":60}},{"start":{"line":257,"column":2},"end":{"line":257,"column":60}}],"line":257},"36":{"loc":{"start":{"line":257,"column":6},"end":{"line":257,"column":45}},"type":"binary-expr","locations":[{"start":{"line":257,"column":6},"end":{"line":257,"column":23}},{"start":{"line":257,"column":27},"end":{"line":257,"column":45}}],"line":257},"37":{"loc":{"start":{"line":258,"column":2},"end":{"line":258,"column":60}},"type":"if","locations":[{"start":{"line":258,"column":2},"end":{"line":258,"column":60}},{"start":{"line":258,"column":2},"end":{"line":258,"column":60}}],"line":258},"38":{"loc":{"start":{"line":258,"column":6},"end":{"line":258,"column":45}},"type":"binary-expr","locations":[{"start":{"line":258,"column":6},"end":{"line":258,"column":24}},{"start":{"line":258,"column":28},"end":{"line":258,"column":45}}],"line":258},"39":{"loc":{"start":{"line":259,"column":2},"end":{"line":268,"column":3}},"type":"switch","locations":[{"start":{"line":260,"column":3},"end":{"line":261,"column":30}},{"start":{"line":262,"column":3},"end":{"line":263,"column":44}},{"start":{"line":264,"column":3},"end":{"line":265,"column":56}},{"start":{"line":266,"column":3},"end":{"line":267,"column":62}}],"line":259},"40":{"loc":{"start":{"line":275,"column":2},"end":{"line":275,"column":54}},"type":"if","locations":[{"start":{"line":275,"column":2},"end":{"line":275,"column":54}},{"start":{"line":275,"column":2},"end":{"line":275,"column":54}}],"line":275},"41":{"loc":{"start":{"line":276,"column":2},"end":{"line":283,"column":3}},"type":"switch","locations":[{"start":{"line":277,"column":3},"end":{"line":278,"column":42}},{"start":{"line":279,"column":3},"end":{"line":280,"column":34}},{"start":{"line":281,"column":3},"end":{"line":282,"column":62}}],"line":276},"42":{"loc":{"start":{"line":287,"column":2},"end":{"line":287,"column":54}},"type":"if","locations":[{"start":{"line":287,"column":2},"end":{"line":287,"column":54}},{"start":{"line":287,"column":2},"end":{"line":287,"column":54}}],"line":287},"43":{"loc":{"start":{"line":288,"column":2},"end":{"line":295,"column":3}},"type":"switch","locations":[{"start":{"line":289,"column":3},"end":{"line":290,"column":42}},{"start":{"line":291,"column":3},"end":{"line":292,"column":34}},{"start":{"line":293,"column":3},"end":{"line":294,"column":62}}],"line":288},"44":{"loc":{"start":{"line":298,"column":9},"end":{"line":298,"column":49}},"type":"binary-expr","locations":[{"start":{"line":298,"column":9},"end":{"line":298,"column":30}},{"start":{"line":298,"column":32},"end":{"line":298,"column":49}}],"line":298},"45":{"loc":{"start":{"line":301,"column":9},"end":{"line":301,"column":49}},"type":"binary-expr","locations":[{"start":{"line":301,"column":9},"end":{"line":301,"column":30}},{"start":{"line":301,"column":32},"end":{"line":301,"column":49}}],"line":301},"46":{"loc":{"start":{"line":306,"column":19},"end":{"line":306,"column":32}},"type":"default-arg","locations":[{"start":{"line":306,"column":30},"end":{"line":306,"column":32}}],"line":306},"47":{"loc":{"start":{"line":306,"column":34},"end":{"line":306,"column":50}},"type":"default-arg","locations":[{"start":{"line":306,"column":45},"end":{"line":306,"column":50}}],"line":306},"48":{"loc":{"start":{"line":307,"column":33},"end":{"line":307,"column":74}},"type":"cond-expr","locations":[{"start":{"line":307,"column":51},"end":{"line":307,"column":55}},{"start":{"line":307,"column":56},"end":{"line":307,"column":74}}],"line":307},"49":{"loc":{"start":{"line":315,"column":2},"end":{"line":315,"column":77}},"type":"if","locations":[{"start":{"line":315,"column":2},"end":{"line":315,"column":77}},{"start":{"line":315,"column":2},"end":{"line":315,"column":77}}],"line":315},"50":{"loc":{"start":{"line":316,"column":2},"end":{"line":316,"column":93}},"type":"if","locations":[{"start":{"line":316,"column":2},"end":{"line":316,"column":93}},{"start":{"line":316,"column":2},"end":{"line":316,"column":93}}],"line":316},"51":{"loc":{"start":{"line":319,"column":2},"end":{"line":319,"column":54}},"type":"if","locations":[{"start":{"line":319,"column":2},"end":{"line":319,"column":54}},{"start":{"line":319,"column":2},"end":{"line":319,"column":54}}],"line":319},"52":{"loc":{"start":{"line":321,"column":2},"end":{"line":330,"column":3}},"type":"switch","locations":[{"start":{"line":322,"column":3},"end":{"line":324,"column":10}},{"start":{"line":325,"column":3},"end":{"line":327,"column":10}},{"start":{"line":328,"column":3},"end":{"line":329,"column":59}}],"line":321},"53":{"loc":{"start":{"line":336,"column":2},"end":{"line":336,"column":54}},"type":"if","locations":[{"start":{"line":336,"column":2},"end":{"line":336,"column":54}},{"start":{"line":336,"column":2},"end":{"line":336,"column":54}}],"line":336},"54":{"loc":{"start":{"line":338,"column":2},"end":{"line":338,"column":60}},"type":"if","locations":[{"start":{"line":338,"column":2},"end":{"line":338,"column":60}},{"start":{"line":338,"column":2},"end":{"line":338,"column":60}}],"line":338},"55":{"loc":{"start":{"line":338,"column":6},"end":{"line":338,"column":45}},"type":"binary-expr","locations":[{"start":{"line":338,"column":6},"end":{"line":338,"column":23}},{"start":{"line":338,"column":27},"end":{"line":338,"column":45}}],"line":338},"56":{"loc":{"start":{"line":339,"column":2},"end":{"line":339,"column":60}},"type":"if","locations":[{"start":{"line":339,"column":2},"end":{"line":339,"column":60}},{"start":{"line":339,"column":2},"end":{"line":339,"column":60}}],"line":339},"57":{"loc":{"start":{"line":339,"column":6},"end":{"line":339,"column":45}},"type":"binary-expr","locations":[{"start":{"line":339,"column":6},"end":{"line":339,"column":24}},{"start":{"line":339,"column":28},"end":{"line":339,"column":45}}],"line":339},"58":{"loc":{"start":{"line":341,"column":2},"end":{"line":348,"column":3}},"type":"switch","locations":[{"start":{"line":342,"column":3},"end":{"line":343,"column":30}},{"start":{"line":344,"column":3},"end":{"line":345,"column":36}},{"start":{"line":346,"column":3},"end":{"line":347,"column":62}}],"line":341}},"s":{"0":2,"1":2,"2":807720,"3":807720,"4":807720,"5":807720,"6":112181,"7":90822,"8":2,"9":382158,"10":111905,"11":111905,"12":111905,"13":111905,"14":111905,"15":111905,"16":111861,"17":3,"18":111858,"19":111858,"20":111858,"21":111858,"22":111858,"23":383319,"24":1,"25":383318,"26":67843,"27":315475,"28":383318,"29":383318,"30":136055,"31":5,"32":63,"33":63,"34":41,"35":41,"36":135946,"37":135946,"38":45412,"39":2,"40":45313,"41":45313,"42":3,"43":3,"44":111942,"45":4,"46":1,"47":12,"48":4,"49":8,"50":2,"51":1,"52":1,"53":2,"54":2,"55":112198,"56":3,"57":68,"58":2,"59":66,"60":1,"61":65,"62":65,"63":57,"64":65,"65":1,"66":1,"67":61,"68":61,"69":2,"70":2,"71":1,"72":64,"73":63,"74":63,"75":36,"76":63,"77":9,"78":44,"79":8,"80":2,"81":7,"82":9,"83":9,"84":1,"85":9,"86":4,"87":4,"88":1,"89":9,"90":9,"91":1,"92":9,"93":4,"94":4,"95":1,"96":4,"97":4,"98":359104,"99":250,"100":45987,"101":1,"102":45986,"103":0,"104":45986,"105":45986,"106":45131,"107":45986,"108":0,"109":0,"110":0,"111":0,"112":45986,"113":45986,"114":0,"115":45986,"116":0,"117":45986,"118":45314,"119":45314,"120":45310,"121":45314,"122":0,"123":45314,"124":0,"125":45314,"126":0,"127":0,"128":45314,"129":0,"130":0,"131":45316,"132":45316,"133":45310,"134":45316,"135":0,"136":45316,"137":0,"138":45316,"139":45316,"140":45310,"141":45316,"142":0,"143":45316,"144":0,"145":3,"146":3,"147":112569,"148":56,"149":130,"150":1,"151":129,"152":0,"153":129,"154":129,"155":73,"156":129,"157":0,"158":0,"159":129,"160":129,"161":0,"162":129,"163":60,"164":60,"165":54,"166":60,"167":2,"168":58,"169":0,"170":58,"171":0,"172":58,"173":0,"174":2,"175":0,"176":0,"177":0,"178":0,"179":2},"f":{"0":807720,"1":112181,"2":90822,"3":2,"4":382158,"5":111905,"6":111861,"7":383319,"8":136055,"9":45412,"10":2,"11":45313,"12":45313,"13":3,"14":3,"15":111942,"16":4,"17":1,"18":12,"19":2,"20":1,"21":1,"22":2,"23":2,"24":112198,"25":3,"26":68,"27":63,"28":7,"29":9,"30":9,"31":4,"32":4,"33":359104,"34":250,"35":45987,"36":45314,"37":0,"38":45316,"39":45316,"40":3,"41":3,"42":112569,"43":56,"44":130,"45":60,"46":2,"47":0,"48":0,"49":0,"50":0},"b":{"0":[15],"1":[1],"2":[1],"3":[1],"4":[3,111858],"5":[1,383318],"6":[67843,315475],"7":[5,63,41,135946],"8":[4,8],"9":[3],"10":[26],"11":[111964,234],"12":[2,66],"13":[1,65],"14":[57,8],"15":[1,61,2,1],"16":[1,1],"17":[36,27],"18":[9,44,8,2],"19":[1,8],"20":[4,4,1],"21":[1,8],"22":[4,4,1],"23":[4,4],"24":[4,4],"25":[1],"26":[32],"27":[156229,202875],"28":[1,45986],"29":[0,45986],"30":[45131,855],"31":[0,0,45986,0],"32":[0,0],"33":[0,45986],"34":[45310,4],"35":[0,45314],"36":[45314,0],"37":[0,45314],"38":[45314,0],"39":[0,0,45314,0],"40":[45310,6],"41":[0,45316,0],"42":[45310,6],"43":[0,45316,0],"44":[3,2],"45":[3,2],"46":[2],"47":[9],"48":[112017,552],"49":[1,129],"50":[0,129],"51":[73,56],"52":[0,129,0],"53":[54,6],"54":[2,58],"55":[60,2],"56":[0,58],"57":[58,0],"58":[0,58,0]},"_coverageSchema":"1a1c01bbd47fc00a2c39e90264f33305004495a9","hash":"ce02667463f29861cf2e3ae8ca16704bd1432df3"}
,"D:\\Programming\\Interpreter\\Parser.js": {"path":"D:\\Programming\\Interpreter\\Parser.js","statementMap":{"0":{"start":{"line":1,"column":23},"end":{"line":1,"column":41}},"1":{"start":{"line":2,"column":16},"end":{"line":2,"column":48}},"2":{"start":{"line":3,"column":18},"end":{"line":3,"column":38}},"3":{"start":{"line":9,"column":2},"end":{"line":9,"column":21}},"4":{"start":{"line":11,"column":2},"end":{"line":11,"column":20}},"5":{"start":{"line":12,"column":2},"end":{"line":12,"column":28}},"6":{"start":{"line":13,"column":2},"end":{"line":13,"column":40}},"7":{"start":{"line":15,"column":2},"end":{"line":15,"column":23}},"8":{"start":{"line":17,"column":2},"end":{"line":17,"column":20}},"9":{"start":{"line":18,"column":2},"end":{"line":18,"column":19}},"10":{"start":{"line":20,"column":2},"end":{"line":20,"column":29}},"11":{"start":{"line":22,"column":2},"end":{"line":22,"column":22}},"12":{"start":{"line":23,"column":2},"end":{"line":23,"column":25}},"13":{"start":{"line":24,"column":2},"end":{"line":24,"column":23}},"14":{"start":{"line":26,"column":2},"end":{"line":26,"column":20}},"15":{"start":{"line":30,"column":2},"end":{"line":30,"column":30}},"16":{"start":{"line":35,"column":2},"end":{"line":39,"column":3}},"17":{"start":{"line":36,"column":3},"end":{"line":36,"column":29}},"18":{"start":{"line":38,"column":3},"end":{"line":38,"column":52}},"19":{"start":{"line":40,"column":12},"end":{"line":40,"column":69}},"20":{"start":{"line":41,"column":2},"end":{"line":41,"column":14}},"21":{"start":{"line":45,"column":2},"end":{"line":45,"column":46}},"22":{"start":{"line":49,"column":2},"end":{"line":49,"column":120}},"23":{"start":{"line":53,"column":2},"end":{"line":53,"column":109}},"24":{"start":{"line":53,"column":63},"end":{"line":53,"column":109}},"25":{"start":{"line":57,"column":2},"end":{"line":57,"column":88}},"26":{"start":{"line":61,"column":2},"end":{"line":69,"column":3}},"27":{"start":{"line":62,"column":3},"end":{"line":62,"column":19}},"28":{"start":{"line":64,"column":3},"end":{"line":68,"column":4}},"29":{"start":{"line":65,"column":4},"end":{"line":65,"column":136}},"30":{"start":{"line":67,"column":4},"end":{"line":67,"column":95}},"31":{"start":{"line":73,"column":2},"end":{"line":73,"column":46}},"32":{"start":{"line":77,"column":2},"end":{"line":87,"column":3}},"33":{"start":{"line":78,"column":3},"end":{"line":78,"column":21}},"34":{"start":{"line":79,"column":3},"end":{"line":79,"column":32}},"35":{"start":{"line":79,"column":25},"end":{"line":79,"column":32}},"36":{"start":{"line":80,"column":3},"end":{"line":80,"column":45}},"37":{"start":{"line":81,"column":3},"end":{"line":86,"column":4}},"38":{"start":{"line":82,"column":4},"end":{"line":82,"column":47}},"39":{"start":{"line":83,"column":4},"end":{"line":83,"column":22}},"40":{"start":{"line":84,"column":4},"end":{"line":84,"column":33}},"41":{"start":{"line":84,"column":26},"end":{"line":84,"column":33}},"42":{"start":{"line":85,"column":4},"end":{"line":85,"column":46}},"43":{"start":{"line":91,"column":2},"end":{"line":91,"column":20}},"44":{"start":{"line":92,"column":2},"end":{"line":92,"column":28}},"45":{"start":{"line":94,"column":2},"end":{"line":97,"column":3}},"46":{"start":{"line":95,"column":3},"end":{"line":95,"column":21}},"47":{"start":{"line":96,"column":3},"end":{"line":96,"column":45}},"48":{"start":{"line":102,"column":2},"end":{"line":102,"column":40}},"49":{"start":{"line":103,"column":2},"end":{"line":103,"column":20}},"50":{"start":{"line":105,"column":2},"end":{"line":105,"column":29}},"51":{"start":{"line":107,"column":2},"end":{"line":107,"column":23}},"52":{"start":{"line":109,"column":2},"end":{"line":109,"column":20}},"53":{"start":{"line":110,"column":2},"end":{"line":110,"column":19}},"54":{"start":{"line":112,"column":2},"end":{"line":112,"column":22}},"55":{"start":{"line":113,"column":2},"end":{"line":113,"column":25}},"56":{"start":{"line":114,"column":2},"end":{"line":114,"column":23}},"57":{"start":{"line":116,"column":2},"end":{"line":116,"column":31}},"58":{"start":{"line":118,"column":2},"end":{"line":120,"column":3}},"59":{"start":{"line":118,"column":13},"end":{"line":118,"column":14}},"60":{"start":{"line":119,"column":3},"end":{"line":119,"column":113}},"61":{"start":{"line":122,"column":2},"end":{"line":122,"column":24}},"62":{"start":{"line":124,"column":21},"end":{"line":124,"column":37}},"63":{"start":{"line":125,"column":26},"end":{"line":125,"column":59}},"64":{"start":{"line":126,"column":2},"end":{"line":126,"column":33}},"65":{"start":{"line":128,"column":2},"end":{"line":128,"column":47}},"66":{"start":{"line":130,"column":2},"end":{"line":130,"column":33}},"67":{"start":{"line":131,"column":2},"end":{"line":131,"column":49}},"68":{"start":{"line":133,"column":19},"end":{"line":133,"column":21}},"69":{"start":{"line":134,"column":2},"end":{"line":134,"column":74}},"70":{"start":{"line":135,"column":2},"end":{"line":137,"column":3}},"71":{"start":{"line":136,"column":3},"end":{"line":136,"column":115}},"72":{"start":{"line":138,"column":2},"end":{"line":138,"column":68}},"73":{"start":{"line":140,"column":2},"end":{"line":140,"column":23}},"74":{"start":{"line":141,"column":2},"end":{"line":141,"column":22}},"75":{"start":{"line":145,"column":2},"end":{"line":145,"column":44}},"76":{"start":{"line":146,"column":2},"end":{"line":146,"column":72}},"77":{"start":{"line":149,"column":2},"end":{"line":149,"column":52}},"78":{"start":{"line":153,"column":2},"end":{"line":153,"column":36}},"79":{"start":{"line":156,"column":2},"end":{"line":156,"column":43}},"80":{"start":{"line":159,"column":22},"end":{"line":159,"column":50}},"81":{"start":{"line":160,"column":2},"end":{"line":160,"column":165}},"82":{"start":{"line":160,"column":30},"end":{"line":160,"column":165}},"83":{"start":{"line":161,"column":10},"end":{"line":161,"column":221}},"84":{"start":{"line":162,"column":2},"end":{"line":162,"column":41}},"85":{"start":{"line":163,"column":2},"end":{"line":165,"column":3}},"86":{"start":{"line":164,"column":3},"end":{"line":164,"column":30}},"87":{"start":{"line":166,"column":2},"end":{"line":172,"column":3}},"88":{"start":{"line":170,"column":4},"end":{"line":170,"column":44}},"89":{"start":{"line":171,"column":4},"end":{"line":171,"column":10}},"90":{"start":{"line":173,"column":2},"end":{"line":173,"column":13}},"91":{"start":{"line":177,"column":2},"end":{"line":181,"column":3}},"92":{"start":{"line":177,"column":15},"end":{"line":177,"column":30}},"93":{"start":{"line":178,"column":18},"end":{"line":178,"column":73}},"94":{"start":{"line":178,"column":50},"end":{"line":178,"column":71}},"95":{"start":{"line":179,"column":3},"end":{"line":179,"column":33}},"96":{"start":{"line":179,"column":17},"end":{"line":179,"column":33}},"97":{"start":{"line":180,"column":3},"end":{"line":180,"column":33}},"98":{"start":{"line":180,"column":27},"end":{"line":180,"column":33}},"99":{"start":{"line":182,"column":2},"end":{"line":182,"column":14}},"100":{"start":{"line":186,"column":2},"end":{"line":186,"column":44}},"101":{"start":{"line":190,"column":2},"end":{"line":190,"column":89}},"102":{"start":{"line":195,"column":2},"end":{"line":195,"column":56}},"103":{"start":{"line":195,"column":44},"end":{"line":195,"column":56}},"104":{"start":{"line":196,"column":2},"end":{"line":196,"column":15}},"105":{"start":{"line":200,"column":2},"end":{"line":205,"column":3}},"106":{"start":{"line":204,"column":3},"end":{"line":204,"column":15}},"107":{"start":{"line":206,"column":2},"end":{"line":206,"column":15}},"108":{"start":{"line":210,"column":2},"end":{"line":210,"column":89}},"109":{"start":{"line":210,"column":77},"end":{"line":210,"column":89}},"110":{"start":{"line":211,"column":2},"end":{"line":211,"column":15}},"111":{"start":{"line":215,"column":2},"end":{"line":223,"column":3}},"112":{"start":{"line":222,"column":4},"end":{"line":222,"column":16}},"113":{"start":{"line":224,"column":2},"end":{"line":224,"column":15}},"114":{"start":{"line":228,"column":2},"end":{"line":228,"column":51}},"115":{"start":{"line":228,"column":39},"end":{"line":228,"column":51}},"116":{"start":{"line":229,"column":2},"end":{"line":229,"column":15}},"117":{"start":{"line":233,"column":2},"end":{"line":233,"column":50}},"118":{"start":{"line":233,"column":38},"end":{"line":233,"column":50}},"119":{"start":{"line":234,"column":2},"end":{"line":234,"column":15}},"120":{"start":{"line":238,"column":2},"end":{"line":238,"column":56}},"121":{"start":{"line":238,"column":44},"end":{"line":238,"column":56}},"122":{"start":{"line":239,"column":2},"end":{"line":239,"column":15}},"123":{"start":{"line":243,"column":24},"end":{"line":243,"column":29}},"124":{"start":{"line":244,"column":2},"end":{"line":247,"column":3}},"125":{"start":{"line":245,"column":3},"end":{"line":245,"column":30}},"126":{"start":{"line":246,"column":3},"end":{"line":246,"column":26}},"127":{"start":{"line":248,"column":17},"end":{"line":248,"column":43}},"128":{"start":{"line":249,"column":2},"end":{"line":249,"column":128}},"129":{"start":{"line":249,"column":45},"end":{"line":249,"column":128}},"130":{"start":{"line":250,"column":2},"end":{"line":250,"column":83}},"131":{"start":{"line":250,"column":17},"end":{"line":250,"column":83}},"132":{"start":{"line":252,"column":2},"end":{"line":252,"column":53}},"133":{"start":{"line":252,"column":25},"end":{"line":252,"column":53}},"134":{"start":{"line":254,"column":2},"end":{"line":254,"column":34}},"135":{"start":{"line":256,"column":2},"end":{"line":265,"column":3}},"136":{"start":{"line":256,"column":13},"end":{"line":256,"column":14}},"137":{"start":{"line":257,"column":12},"end":{"line":257,"column":31}},"138":{"start":{"line":258,"column":3},"end":{"line":258,"column":54}},"139":{"start":{"line":260,"column":3},"end":{"line":260,"column":98}},"140":{"start":{"line":260,"column":54},"end":{"line":260,"column":98}},"141":{"start":{"line":262,"column":3},"end":{"line":264,"column":4}},"142":{"start":{"line":263,"column":4},"end":{"line":263,"column":32}},"143":{"start":{"line":267,"column":2},"end":{"line":267,"column":35}},"144":{"start":{"line":269,"column":2},"end":{"line":273,"column":3}},"145":{"start":{"line":270,"column":3},"end":{"line":270,"column":65}},"146":{"start":{"line":272,"column":3},"end":{"line":272,"column":63}},"147":{"start":{"line":275,"column":2},"end":{"line":275,"column":29}},"148":{"start":{"line":279,"column":16},"end":{"line":279,"column":32}},"149":{"start":{"line":280,"column":19},"end":{"line":280,"column":44}},"150":{"start":{"line":281,"column":2},"end":{"line":281,"column":30}},"151":{"start":{"line":282,"column":2},"end":{"line":282,"column":76}},"152":{"start":{"line":282,"column":17},"end":{"line":282,"column":76}},"153":{"start":{"line":284,"column":2},"end":{"line":293,"column":3}},"154":{"start":{"line":286,"column":4},"end":{"line":286,"column":36}},"155":{"start":{"line":291,"column":4},"end":{"line":291,"column":136}},"156":{"start":{"line":292,"column":4},"end":{"line":292,"column":25}},"157":{"start":{"line":294,"column":2},"end":{"line":294,"column":78}},"158":{"start":{"line":298,"column":11},"end":{"line":298,"column":15}},"159":{"start":{"line":299,"column":2},"end":{"line":528,"column":3}},"160":{"start":{"line":301,"column":4},"end":{"line":301,"column":26}},"161":{"start":{"line":304,"column":4},"end":{"line":304,"column":32}},"162":{"start":{"line":305,"column":4},"end":{"line":305,"column":25}},"163":{"start":{"line":306,"column":4},"end":{"line":306,"column":101}},"164":{"start":{"line":306,"column":56},"end":{"line":306,"column":101}},"165":{"start":{"line":307,"column":4},"end":{"line":307,"column":54}},"166":{"start":{"line":308,"column":4},"end":{"line":308,"column":31}},"167":{"start":{"line":311,"column":4},"end":{"line":311,"column":30}},"168":{"start":{"line":312,"column":4},"end":{"line":312,"column":25}},"169":{"start":{"line":313,"column":4},"end":{"line":313,"column":97}},"170":{"start":{"line":313,"column":54},"end":{"line":313,"column":97}},"171":{"start":{"line":314,"column":4},"end":{"line":314,"column":54}},"172":{"start":{"line":315,"column":4},"end":{"line":315,"column":29}},"173":{"start":{"line":318,"column":4},"end":{"line":318,"column":35}},"174":{"start":{"line":319,"column":4},"end":{"line":319,"column":25}},"175":{"start":{"line":320,"column":4},"end":{"line":320,"column":78}},"176":{"start":{"line":321,"column":4},"end":{"line":321,"column":53}},"177":{"start":{"line":322,"column":4},"end":{"line":322,"column":29}},"178":{"start":{"line":325,"column":4},"end":{"line":325,"column":36}},"179":{"start":{"line":326,"column":4},"end":{"line":326,"column":29}},"180":{"start":{"line":327,"column":4},"end":{"line":327,"column":37}},"181":{"start":{"line":328,"column":4},"end":{"line":328,"column":16}},"182":{"start":{"line":331,"column":4},"end":{"line":331,"column":78}},"183":{"start":{"line":332,"column":4},"end":{"line":332,"column":31}},"184":{"start":{"line":333,"column":4},"end":{"line":333,"column":29}},"185":{"start":{"line":336,"column":4},"end":{"line":336,"column":104}},"186":{"start":{"line":337,"column":4},"end":{"line":337,"column":31}},"187":{"start":{"line":338,"column":4},"end":{"line":338,"column":29}},"188":{"start":{"line":341,"column":4},"end":{"line":341,"column":105}},"189":{"start":{"line":342,"column":4},"end":{"line":342,"column":32}},"190":{"start":{"line":343,"column":4},"end":{"line":343,"column":29}},"191":{"start":{"line":346,"column":4},"end":{"line":346,"column":118}},"192":{"start":{"line":347,"column":4},"end":{"line":347,"column":40}},"193":{"start":{"line":348,"column":4},"end":{"line":348,"column":31}},"194":{"start":{"line":351,"column":4},"end":{"line":351,"column":118}},"195":{"start":{"line":352,"column":4},"end":{"line":352,"column":40}},"196":{"start":{"line":353,"column":4},"end":{"line":353,"column":31}},"197":{"start":{"line":356,"column":4},"end":{"line":356,"column":31}},"198":{"start":{"line":357,"column":4},"end":{"line":357,"column":36}},"199":{"start":{"line":358,"column":4},"end":{"line":358,"column":31}},"200":{"start":{"line":359,"column":4},"end":{"line":361,"column":5}},"201":{"start":{"line":360,"column":5},"end":{"line":360,"column":58}},"202":{"start":{"line":362,"column":4},"end":{"line":362,"column":37}},"203":{"start":{"line":363,"column":4},"end":{"line":363,"column":29}},"204":{"start":{"line":366,"column":4},"end":{"line":366,"column":33}},"205":{"start":{"line":367,"column":4},"end":{"line":367,"column":36}},"206":{"start":{"line":368,"column":4},"end":{"line":368,"column":31}},"207":{"start":{"line":369,"column":4},"end":{"line":371,"column":5}},"208":{"start":{"line":370,"column":5},"end":{"line":370,"column":60}},"209":{"start":{"line":372,"column":4},"end":{"line":372,"column":37}},"210":{"start":{"line":373,"column":4},"end":{"line":373,"column":31}},"211":{"start":{"line":376,"column":4},"end":{"line":376,"column":33}},"212":{"start":{"line":377,"column":4},"end":{"line":377,"column":36}},"213":{"start":{"line":378,"column":4},"end":{"line":378,"column":31}},"214":{"start":{"line":379,"column":4},"end":{"line":389,"column":5}},"215":{"start":{"line":380,"column":5},"end":{"line":380,"column":33}},"216":{"start":{"line":381,"column":5},"end":{"line":381,"column":56}},"217":{"start":{"line":382,"column":5},"end":{"line":382,"column":30}},"218":{"start":{"line":383,"column":5},"end":{"line":383,"column":125}},"219":{"start":{"line":383,"column":58},"end":{"line":383,"column":125}},"220":{"start":{"line":384,"column":5},"end":{"line":384,"column":55}},"221":{"start":{"line":385,"column":5},"end":{"line":385,"column":88}},"222":{"start":{"line":386,"column":5},"end":{"line":386,"column":83}},"223":{"start":{"line":388,"column":5},"end":{"line":388,"column":84}},"224":{"start":{"line":390,"column":4},"end":{"line":390,"column":37}},"225":{"start":{"line":391,"column":4},"end":{"line":391,"column":31}},"226":{"start":{"line":394,"column":4},"end":{"line":394,"column":31}},"227":{"start":{"line":395,"column":4},"end":{"line":395,"column":36}},"228":{"start":{"line":396,"column":4},"end":{"line":396,"column":29}},"229":{"start":{"line":397,"column":4},"end":{"line":397,"column":101}},"230":{"start":{"line":397,"column":56},"end":{"line":397,"column":101}},"231":{"start":{"line":398,"column":4},"end":{"line":398,"column":55}},"232":{"start":{"line":399,"column":4},"end":{"line":399,"column":37}},"233":{"start":{"line":400,"column":4},"end":{"line":400,"column":31}},"234":{"start":{"line":403,"column":4},"end":{"line":403,"column":32}},"235":{"start":{"line":404,"column":4},"end":{"line":404,"column":36}},"236":{"start":{"line":405,"column":4},"end":{"line":405,"column":29}},"237":{"start":{"line":406,"column":4},"end":{"line":406,"column":101}},"238":{"start":{"line":406,"column":56},"end":{"line":406,"column":101}},"239":{"start":{"line":407,"column":4},"end":{"line":407,"column":56}},"240":{"start":{"line":408,"column":4},"end":{"line":408,"column":37}},"241":{"start":{"line":409,"column":4},"end":{"line":409,"column":31}},"242":{"start":{"line":412,"column":4},"end":{"line":412,"column":30}},"243":{"start":{"line":413,"column":4},"end":{"line":413,"column":36}},"244":{"start":{"line":414,"column":4},"end":{"line":414,"column":29}},"245":{"start":{"line":415,"column":4},"end":{"line":415,"column":101}},"246":{"start":{"line":415,"column":56},"end":{"line":415,"column":101}},"247":{"start":{"line":416,"column":4},"end":{"line":416,"column":54}},"248":{"start":{"line":417,"column":4},"end":{"line":417,"column":37}},"249":{"start":{"line":418,"column":4},"end":{"line":418,"column":31}},"250":{"start":{"line":421,"column":4},"end":{"line":421,"column":30}},"251":{"start":{"line":422,"column":4},"end":{"line":422,"column":36}},"252":{"start":{"line":423,"column":4},"end":{"line":423,"column":29}},"253":{"start":{"line":424,"column":4},"end":{"line":424,"column":55}},"254":{"start":{"line":425,"column":4},"end":{"line":425,"column":101}},"255":{"start":{"line":425,"column":56},"end":{"line":425,"column":101}},"256":{"start":{"line":426,"column":4},"end":{"line":426,"column":32}},"257":{"start":{"line":427,"column":4},"end":{"line":427,"column":29}},"258":{"start":{"line":428,"column":4},"end":{"line":428,"column":101}},"259":{"start":{"line":428,"column":56},"end":{"line":428,"column":101}},"260":{"start":{"line":429,"column":4},"end":{"line":429,"column":54}},"261":{"start":{"line":430,"column":4},"end":{"line":430,"column":82}},"262":{"start":{"line":431,"column":4},"end":{"line":431,"column":37}},"263":{"start":{"line":432,"column":4},"end":{"line":432,"column":31}},"264":{"start":{"line":435,"column":4},"end":{"line":435,"column":30}},"265":{"start":{"line":436,"column":4},"end":{"line":436,"column":36}},"266":{"start":{"line":437,"column":4},"end":{"line":437,"column":29}},"267":{"start":{"line":438,"column":4},"end":{"line":438,"column":55}},"268":{"start":{"line":439,"column":4},"end":{"line":439,"column":101}},"269":{"start":{"line":439,"column":56},"end":{"line":439,"column":101}},"270":{"start":{"line":440,"column":4},"end":{"line":440,"column":32}},"271":{"start":{"line":441,"column":4},"end":{"line":441,"column":29}},"272":{"start":{"line":442,"column":4},"end":{"line":442,"column":101}},"273":{"start":{"line":442,"column":56},"end":{"line":442,"column":101}},"274":{"start":{"line":443,"column":4},"end":{"line":443,"column":54}},"275":{"start":{"line":444,"column":4},"end":{"line":444,"column":82}},"276":{"start":{"line":445,"column":4},"end":{"line":445,"column":37}},"277":{"start":{"line":446,"column":4},"end":{"line":446,"column":31}},"278":{"start":{"line":450,"column":4},"end":{"line":450,"column":32}},"279":{"start":{"line":451,"column":4},"end":{"line":451,"column":36}},"280":{"start":{"line":452,"column":4},"end":{"line":452,"column":61}},"281":{"start":{"line":454,"column":4},"end":{"line":454,"column":55}},"282":{"start":{"line":456,"column":4},"end":{"line":456,"column":32}},"283":{"start":{"line":457,"column":4},"end":{"line":457,"column":61}},"284":{"start":{"line":459,"column":4},"end":{"line":459,"column":54}},"285":{"start":{"line":460,"column":4},"end":{"line":460,"column":82}},"286":{"start":{"line":461,"column":4},"end":{"line":461,"column":55}},"287":{"start":{"line":463,"column":4},"end":{"line":463,"column":32}},"288":{"start":{"line":464,"column":4},"end":{"line":464,"column":61}},"289":{"start":{"line":466,"column":4},"end":{"line":466,"column":54}},"290":{"start":{"line":467,"column":4},"end":{"line":467,"column":82}},"291":{"start":{"line":469,"column":4},"end":{"line":469,"column":37}},"292":{"start":{"line":470,"column":4},"end":{"line":470,"column":31}},"293":{"start":{"line":473,"column":4},"end":{"line":473,"column":30}},"294":{"start":{"line":474,"column":4},"end":{"line":474,"column":36}},"295":{"start":{"line":475,"column":4},"end":{"line":475,"column":61}},"296":{"start":{"line":476,"column":4},"end":{"line":476,"column":54}},"297":{"start":{"line":477,"column":4},"end":{"line":477,"column":37}},"298":{"start":{"line":478,"column":4},"end":{"line":478,"column":31}},"299":{"start":{"line":481,"column":4},"end":{"line":481,"column":33}},"300":{"start":{"line":482,"column":4},"end":{"line":482,"column":36}},"301":{"start":{"line":483,"column":4},"end":{"line":483,"column":61}},"302":{"start":{"line":485,"column":4},"end":{"line":485,"column":55}},"303":{"start":{"line":487,"column":4},"end":{"line":487,"column":32}},"304":{"start":{"line":488,"column":4},"end":{"line":488,"column":61}},"305":{"start":{"line":490,"column":4},"end":{"line":490,"column":55}},"306":{"start":{"line":492,"column":4},"end":{"line":492,"column":32}},"307":{"start":{"line":493,"column":4},"end":{"line":493,"column":61}},"308":{"start":{"line":495,"column":4},"end":{"line":495,"column":82}},"309":{"start":{"line":496,"column":4},"end":{"line":496,"column":54}},"310":{"start":{"line":497,"column":4},"end":{"line":497,"column":54}},"311":{"start":{"line":498,"column":4},"end":{"line":498,"column":113}},"312":{"start":{"line":499,"column":4},"end":{"line":499,"column":37}},"313":{"start":{"line":500,"column":4},"end":{"line":500,"column":31}},"314":{"start":{"line":503,"column":4},"end":{"line":503,"column":31}},"315":{"start":{"line":504,"column":4},"end":{"line":504,"column":36}},"316":{"start":{"line":505,"column":4},"end":{"line":505,"column":61}},"317":{"start":{"line":506,"column":4},"end":{"line":506,"column":55}},"318":{"start":{"line":507,"column":4},"end":{"line":507,"column":37}},"319":{"start":{"line":508,"column":4},"end":{"line":508,"column":31}},"320":{"start":{"line":511,"column":4},"end":{"line":511,"column":32}},"321":{"start":{"line":512,"column":4},"end":{"line":512,"column":36}},"322":{"start":{"line":513,"column":4},"end":{"line":513,"column":61}},"323":{"start":{"line":514,"column":4},"end":{"line":514,"column":56}},"324":{"start":{"line":515,"column":4},"end":{"line":515,"column":37}},"325":{"start":{"line":516,"column":4},"end":{"line":516,"column":31}},"326":{"start":{"line":519,"column":4},"end":{"line":519,"column":32}},"327":{"start":{"line":520,"column":4},"end":{"line":520,"column":36}},"328":{"start":{"line":521,"column":4},"end":{"line":521,"column":61}},"329":{"start":{"line":522,"column":4},"end":{"line":522,"column":56}},"330":{"start":{"line":523,"column":4},"end":{"line":523,"column":37}},"331":{"start":{"line":524,"column":4},"end":{"line":524,"column":31}},"332":{"start":{"line":527,"column":4},"end":{"line":527,"column":87}},"333":{"start":{"line":532,"column":15},"end":{"line":532,"column":30}},"334":{"start":{"line":534,"column":2},"end":{"line":551,"column":3}},"335":{"start":{"line":535,"column":3},"end":{"line":535,"column":54}},"336":{"start":{"line":537,"column":15},"end":{"line":537,"column":30}},"337":{"start":{"line":538,"column":3},"end":{"line":538,"column":23}},"338":{"start":{"line":539,"column":17},"end":{"line":539,"column":32}},"339":{"start":{"line":540,"column":3},"end":{"line":540,"column":108}},"340":{"start":{"line":540,"column":59},"end":{"line":540,"column":108}},"341":{"start":{"line":541,"column":3},"end":{"line":541,"column":110}},"342":{"start":{"line":541,"column":60},"end":{"line":541,"column":110}},"343":{"start":{"line":543,"column":3},"end":{"line":543,"column":53}},"344":{"start":{"line":545,"column":3},"end":{"line":550,"column":4}},"345":{"start":{"line":547,"column":5},"end":{"line":547,"column":88}},"346":{"start":{"line":548,"column":5},"end":{"line":548,"column":83}},"347":{"start":{"line":549,"column":5},"end":{"line":549,"column":11}},"348":{"start":{"line":553,"column":2},"end":{"line":553,"column":18}},"349":{"start":{"line":557,"column":15},"end":{"line":557,"column":38}},"350":{"start":{"line":559,"column":2},"end":{"line":583,"column":3}},"351":{"start":{"line":560,"column":3},"end":{"line":560,"column":54}},"352":{"start":{"line":562,"column":14},"end":{"line":562,"column":29}},"353":{"start":{"line":563,"column":3},"end":{"line":563,"column":22}},"354":{"start":{"line":564,"column":17},"end":{"line":564,"column":40}},"355":{"start":{"line":565,"column":3},"end":{"line":565,"column":108}},"356":{"start":{"line":565,"column":59},"end":{"line":565,"column":108}},"357":{"start":{"line":566,"column":3},"end":{"line":566,"column":110}},"358":{"start":{"line":566,"column":60},"end":{"line":566,"column":110}},"359":{"start":{"line":568,"column":3},"end":{"line":568,"column":53}},"360":{"start":{"line":570,"column":3},"end":{"line":582,"column":4}},"361":{"start":{"line":572,"column":5},"end":{"line":572,"column":83}},"362":{"start":{"line":573,"column":5},"end":{"line":573,"column":11}},"363":{"start":{"line":575,"column":5},"end":{"line":575,"column":83}},"364":{"start":{"line":576,"column":5},"end":{"line":576,"column":83}},"365":{"start":{"line":577,"column":5},"end":{"line":577,"column":11}},"366":{"start":{"line":579,"column":5},"end":{"line":579,"column":83}},"367":{"start":{"line":580,"column":5},"end":{"line":580,"column":83}},"368":{"start":{"line":581,"column":5},"end":{"line":581,"column":11}},"369":{"start":{"line":585,"column":2},"end":{"line":585,"column":18}},"370":{"start":{"line":589,"column":15},"end":{"line":589,"column":28}},"371":{"start":{"line":591,"column":2},"end":{"line":619,"column":3}},"372":{"start":{"line":592,"column":3},"end":{"line":592,"column":54}},"373":{"start":{"line":594,"column":13},"end":{"line":594,"column":28}},"374":{"start":{"line":595,"column":3},"end":{"line":595,"column":21}},"375":{"start":{"line":596,"column":17},"end":{"line":596,"column":30}},"376":{"start":{"line":598,"column":3},"end":{"line":598,"column":88}},"377":{"start":{"line":598,"column":49},"end":{"line":598,"column":88}},"378":{"start":{"line":600,"column":3},"end":{"line":600,"column":53}},"379":{"start":{"line":602,"column":3},"end":{"line":618,"column":4}},"380":{"start":{"line":604,"column":5},"end":{"line":611,"column":6}},"381":{"start":{"line":605,"column":6},"end":{"line":605,"column":87}},"382":{"start":{"line":606,"column":6},"end":{"line":606,"column":84}},"383":{"start":{"line":607,"column":11},"end":{"line":611,"column":6}},"384":{"start":{"line":608,"column":6},"end":{"line":608,"column":84}},"385":{"start":{"line":610,"column":6},"end":{"line":610,"column":72}},"386":{"start":{"line":612,"column":5},"end":{"line":612,"column":11}},"387":{"start":{"line":614,"column":5},"end":{"line":614,"column":96}},"388":{"start":{"line":614,"column":41},"end":{"line":614,"column":96}},"389":{"start":{"line":615,"column":5},"end":{"line":615,"column":83}},"390":{"start":{"line":616,"column":5},"end":{"line":616,"column":55}},"391":{"start":{"line":617,"column":5},"end":{"line":617,"column":11}},"392":{"start":{"line":621,"column":2},"end":{"line":621,"column":18}},"393":{"start":{"line":625,"column":15},"end":{"line":625,"column":27}},"394":{"start":{"line":627,"column":2},"end":{"line":665,"column":3}},"395":{"start":{"line":628,"column":3},"end":{"line":628,"column":54}},"396":{"start":{"line":629,"column":17},"end":{"line":629,"column":32}},"397":{"start":{"line":630,"column":3},"end":{"line":630,"column":25}},"398":{"start":{"line":631,"column":17},"end":{"line":631,"column":29}},"399":{"start":{"line":633,"column":3},"end":{"line":633,"column":88}},"400":{"start":{"line":633,"column":49},"end":{"line":633,"column":88}},"401":{"start":{"line":636,"column":3},"end":{"line":636,"column":53}},"402":{"start":{"line":637,"column":3},"end":{"line":637,"column":81}},"403":{"start":{"line":639,"column":3},"end":{"line":662,"column":4}},"404":{"start":{"line":641,"column":5},"end":{"line":641,"column":54}},"405":{"start":{"line":642,"column":5},"end":{"line":642,"column":11}},"406":{"start":{"line":644,"column":5},"end":{"line":644,"column":55}},"407":{"start":{"line":645,"column":5},"end":{"line":645,"column":11}},"408":{"start":{"line":647,"column":5},"end":{"line":647,"column":101}},"409":{"start":{"line":647,"column":41},"end":{"line":647,"column":101}},"410":{"start":{"line":648,"column":5},"end":{"line":648,"column":54}},"411":{"start":{"line":649,"column":5},"end":{"line":649,"column":11}},"412":{"start":{"line":651,"column":5},"end":{"line":651,"column":102}},"413":{"start":{"line":651,"column":41},"end":{"line":651,"column":102}},"414":{"start":{"line":652,"column":5},"end":{"line":652,"column":55}},"415":{"start":{"line":653,"column":5},"end":{"line":653,"column":11}},"416":{"start":{"line":655,"column":5},"end":{"line":655,"column":101}},"417":{"start":{"line":655,"column":41},"end":{"line":655,"column":101}},"418":{"start":{"line":656,"column":5},"end":{"line":656,"column":54}},"419":{"start":{"line":657,"column":5},"end":{"line":657,"column":11}},"420":{"start":{"line":659,"column":5},"end":{"line":659,"column":102}},"421":{"start":{"line":659,"column":41},"end":{"line":659,"column":102}},"422":{"start":{"line":660,"column":5},"end":{"line":660,"column":55}},"423":{"start":{"line":661,"column":5},"end":{"line":661,"column":11}},"424":{"start":{"line":664,"column":3},"end":{"line":664,"column":30}},"425":{"start":{"line":667,"column":2},"end":{"line":667,"column":18}},"426":{"start":{"line":671,"column":15},"end":{"line":671,"column":31}},"427":{"start":{"line":673,"column":2},"end":{"line":687,"column":3}},"428":{"start":{"line":674,"column":3},"end":{"line":674,"column":104}},"429":{"start":{"line":674,"column":57},"end":{"line":674,"column":104}},"430":{"start":{"line":676,"column":26},"end":{"line":676,"column":42}},"431":{"start":{"line":677,"column":3},"end":{"line":677,"column":54}},"432":{"start":{"line":678,"column":3},"end":{"line":678,"column":44}},"433":{"start":{"line":681,"column":3},"end":{"line":681,"column":29}},"434":{"start":{"line":683,"column":17},"end":{"line":683,"column":33}},"435":{"start":{"line":684,"column":3},"end":{"line":684,"column":106}},"436":{"start":{"line":684,"column":58},"end":{"line":684,"column":106}},"437":{"start":{"line":686,"column":3},"end":{"line":686,"column":47}},"438":{"start":{"line":689,"column":2},"end":{"line":689,"column":18}},"439":{"start":{"line":693,"column":15},"end":{"line":693,"column":27}},"440":{"start":{"line":695,"column":2},"end":{"line":708,"column":3}},"441":{"start":{"line":696,"column":3},"end":{"line":696,"column":104}},"442":{"start":{"line":696,"column":57},"end":{"line":696,"column":104}},"443":{"start":{"line":698,"column":26},"end":{"line":698,"column":42}},"444":{"start":{"line":699,"column":3},"end":{"line":699,"column":54}},"445":{"start":{"line":700,"column":3},"end":{"line":700,"column":45}},"446":{"start":{"line":702,"column":3},"end":{"line":702,"column":28}},"447":{"start":{"line":704,"column":17},"end":{"line":704,"column":29}},"448":{"start":{"line":705,"column":3},"end":{"line":705,"column":106}},"449":{"start":{"line":705,"column":58},"end":{"line":705,"column":106}},"450":{"start":{"line":707,"column":3},"end":{"line":707,"column":47}},"451":{"start":{"line":710,"column":2},"end":{"line":710,"column":18}},"452":{"start":{"line":714,"column":17},"end":{"line":714,"column":28}},"453":{"start":{"line":716,"column":2},"end":{"line":736,"column":3}},"454":{"start":{"line":717,"column":3},"end":{"line":717,"column":108}},"455":{"start":{"line":717,"column":59},"end":{"line":717,"column":108}},"456":{"start":{"line":719,"column":3},"end":{"line":719,"column":34}},"457":{"start":{"line":721,"column":19},"end":{"line":721,"column":35}},"458":{"start":{"line":722,"column":18},"end":{"line":722,"column":34}},"459":{"start":{"line":723,"column":3},"end":{"line":723,"column":54}},"460":{"start":{"line":724,"column":3},"end":{"line":724,"column":37}},"461":{"start":{"line":726,"column":3},"end":{"line":726,"column":34}},"462":{"start":{"line":728,"column":3},"end":{"line":728,"column":31}},"463":{"start":{"line":730,"column":3},
[...]
anonymous_10)","decl":{"start":{"line":142,"column":1},"end":{"line":142,"column":2}},"loc":{"start":{"line":142,"column":11},"end":{"line":149,"column":2}},"line":142},"11":{"name":"(anonymous_11)","decl":{"start":{"line":151,"column":1},"end":{"line":151,"column":2}},"loc":{"start":{"line":151,"column":13},"end":{"line":160,"column":2}},"line":151},"12":{"name":"(anonymous_12)","decl":{"start":{"line":162,"column":1},"end":{"line":162,"column":2}},"loc":{"start":{"line":162,"column":17},"end":{"line":186,"column":2}},"line":162},"13":{"name":"(anonymous_13)","decl":{"start":{"line":188,"column":1},"end":{"line":188,"column":2}},"loc":{"start":{"line":188,"column":17},"end":{"line":201,"column":2}},"line":188},"14":{"name":"(anonymous_14)","decl":{"start":{"line":203,"column":1},"end":{"line":203,"column":2}},"loc":{"start":{"line":203,"column":9},"end":{"line":305,"column":2}},"line":203},"15":{"name":"(anonymous_15)","decl":{"start":{"line":308,"column":1},"end":{"line":308,"column":2}},"loc":{"start":{"line":308,"column":8},"end":{"line":442,"column":2}},"line":308}},"branchMap":{"0":{"loc":{"start":{"line":76,"column":1},"end":{"line":78,"column":2}},"type":"if","locations":[{"start":{"line":76,"column":1},"end":{"line":78,"column":2}},{"start":{"line":76,"column":1},"end":{"line":78,"column":2}}],"line":76},"1":{"loc":{"start":{"line":76,"column":5},"end":{"line":76,"column":33}},"type":"binary-expr","locations":[{"start":{"line":76,"column":5},"end":{"line":76,"column":17}},{"start":{"line":76,"column":21},"end":{"line":76,"column":33}}],"line":76},"2":{"loc":{"start":{"line":84,"column":1},"end":{"line":86,"column":2}},"type":"if","locations":[{"start":{"line":84,"column":1},"end":{"line":86,"column":2}},{"start":{"line":84,"column":1},"end":{"line":86,"column":2}}],"line":84},"3":{"loc":{"start":{"line":84,"column":5},"end":{"line":84,"column":70}},"type":"binary-expr","locations":[{"start":{"line":84,"column":6},"end":{"line":84,"column":18}},{"start":{"line":84,"column":22},"end":{"line":84,"column":34}},{"start":{"line":84,"column":40},"end":{"line":84,"column":52}},{"start":{"line":84,"column":56},"end":{"line":84,"column":69}}],"line":84},"4":{"loc":{"start":{"line":91,"column":1},"end":{"line":91,"column":46}},"type":"if","locations":[{"start":{"line":91,"column":1},"end":{"line":91,"column":46}},{"start":{"line":91,"column":1},"end":{"line":91,"column":46}}],"line":91},"5":{"loc":{"start":{"line":134,"column":16},"end":{"line":134,"column":28}},"type":"default-arg","locations":[{"start":{"line":134,"column":24},"end":{"line":134,"column":28}}],"line":134},"6":{"loc":{"start":{"line":147,"column":3},"end":{"line":147,"column":50}},"type":"if","locations":[{"start":{"line":147,"column":3},"end":{"line":147,"column":50}},{"start":{"line":147,"column":3},"end":{"line":147,"column":50}}],"line":147},"7":{"loc":{"start":{"line":152,"column":9},"end":{"line":152,"column":46}},"type":"binary-expr","locations":[{"start":{"line":152,"column":9},"end":{"line":152,"column":24}},{"start":{"line":152,"column":28},"end":{"line":152,"column":46}}],"line":152},"8":{"loc":{"start":{"line":153,"column":3},"end":{"line":157,"column":4}},"type":"if","locations":[{"start":{"line":153,"column":3},"end":{"line":157,"column":4}},{"start":{"line":153,"column":3},"end":{"line":157,"column":4}}],"line":153},"9":{"loc":{"start":{"line":167,"column":9},"end":{"line":167,"column":35}},"type":"binary-expr","locations":[{"start":{"line":167,"column":9},"end":{"line":167,"column":24}},{"start":{"line":167,"column":28},"end":{"line":167,"column":35}}],"line":167},"10":{"loc":{"start":{"line":169,"column":3},"end":{"line":172,"column":4}},"type":"if","locations":[{"start":{"line":169,"column":3},"end":{"line":172,"column":4}},{"start":{"line":169,"column":3},"end":{"line":172,"column":4}}],"line":169},"11":{"loc":{"start":{"line":173,"column":3},"end":{"line":177,"column":4}},"type":"if","locations":[{"start":{"line":173,"column":3},"end":{"line":177,"column":4}},{"start":{"line":173,"column":3},"end":{"line":177,"column":4}}],"line":173},"12":{"loc":{"start":{"line":173,"column":7},"end":{"line":173,"column":35}},"type":"binary-expr","locations":[{"start":{"line":173,"column":7},"end":{"line":173,"column":24}},{"start":{"line":173,"column":28},"end":{"line":173,"column":35}}],"line":173},"13":{"loc":{"start":{"line":178,"column":3},"end":{"line":178,"column":31}},"type":"if","locations":[{"start":{"line":178,"column":3},"end":{"line":178,"column":31}},{"start":{"line":178,"column":3},"end":{"line":178,"column":31}}],"line":178},"14":{"loc":{"start":{"line":181,"column":2},"end":{"line":185,"column":3}},"type":"if","locations":[{"start":{"line":181,"column":2},"end":{"line":185,"column":3}},{"start":{"line":181,"column":2},"end":{"line":185,"column":3}}],"line":181},"15":{"loc":{"start":{"line":181,"column":6},"end":{"line":181,"column":30}},"type":"binary-expr","locations":[{"start":{"line":181,"column":6},"end":{"line":181,"column":20}},{"start":{"line":181,"column":24},"end":{"line":181,"column":30}}],"line":181},"16":{"loc":{"start":{"line":192,"column":9},"end":{"line":192,"column":58}},"type":"binary-expr","locations":[{"start":{"line":192,"column":9},"end":{"line":192,"column":24}},{"start":{"line":192,"column":28},"end":{"line":192,"column":58}}],"line":192},"17":{"loc":{"start":{"line":196,"column":2},"end":{"line":198,"column":3}},"type":"if","locations":[{"start":{"line":196,"column":2},"end":{"line":198,"column":3}},{"start":{"line":196,"column":2},"end":{"line":198,"column":3}}],"line":196},"18":{"loc":{"start":{"line":196,"column":6},"end":{"line":196,"column":56}},"type":"binary-expr","locations":[{"start":{"line":196,"column":6},"end":{"line":196,"column":22}},{"start":{"line":196,"column":26},"end":{"line":196,"column":56}}],"line":196},"19":{"loc":{"start":{"line":207,"column":9},"end":{"line":207,"column":44}},"type":"binary-expr","locations":[{"start":{"line":207,"column":9},"end":{"line":207,"column":24}},{"start":{"line":207,"column":28},"end":{"line":207,"column":44}}],"line":207},"20":{"loc":{"start":{"line":209,"column":3},"end":{"line":213,"column":4}},"type":"if","locations":[{"start":{"line":209,"column":3},"end":{"line":213,"column":4}},{"start":{"line":209,"column":3},"end":{"line":213,"column":4}}],"line":209},"21":{"loc":{"start":{"line":209,"column":7},"end":{"line":209,"column":68}},"type":"binary-expr","locations":[{"start":{"line":209,"column":7},"end":{"line":209,"column":25}},{"start":{"line":209,"column":29},"end":{"line":209,"column":47}},{"start":{"line":209,"column":51},"end":{"line":209,"column":68}}],"line":209},"22":{"loc":{"start":{"line":218,"column":2},"end":{"line":304,"column":3}},"type":"switch","locations":[{"start":{"line":219,"column":3},"end":{"line":221,"column":10}},{"start":{"line":222,"column":3},"end":{"line":224,"column":10}},{"start":{"line":225,"column":3},"end":{"line":227,"column":10}},{"start":{"line":228,"column":3},"end":{"line":230,"column":10}},{"start":{"line":231,"column":3},"end":{"line":233,"column":10}},{"start":{"line":234,"column":3},"end":{"line":236,"column":10}},{"start":{"line":238,"column":3},"end":{"line":240,"column":10}},{"start":{"line":242,"column":3},"end":{"line":244,"column":10}},{"start":{"line":246,"column":3},"end":{"line":248,"column":10}},{"start":{"line":249,"column":3},"end":{"line":251,"column":10}},{"start":{"line":252,"column":3},"end":{"line":254,"column":10}},{"start":{"line":255,"column":3},"end":{"line":257,"column":10}},{"start":{"line":258,"column":3},"end":{"line":260,"column":10}},{"start":{"line":261,"column":3},"end":{"line":263,"column":10}},{"start":{"line":265,"column":3},"end":{"line":267,"column":10}},{"start":{"line":268,"column":3},"end":{"line":270,"column":10}},{"start":{"line":271,"column":3},"end":{"line":273,"column":10}},{"start":{"line":274,"column":3},"end":{"line":276,"column":10}},{"start":{"line":277,"column":3},"end":{"line":279,"column":10}},{"start":{"line":281,"column":3},"end":{"line":283,"column":10}},{"start":{"line":284,"column":3},"end":{"line":286,"column":10}},{"start":{"line":287,"column":3},"end":{"line":289,"column":10}},{"start":{"line":291,"column":3},"end":{"line":293,"column":10}},{"start":{"line":294,"column":3},"end":{"line":296,"column":10}},{"start":{"line":298,"column":3},"end":{"line":300,"column":10}},{"start":{"line":302,"column":3},"end":{"line":303,"column":48}}],"line":218},"23":{"loc":{"start":{"line":310,"column":2},"end":{"line":441,"column":3}},"type":"if","locations":[{"start":{"line":310,"column":2},"end":{"line":441,"column":3}},{"start":{"line":310,"column":2},"end":{"line":441,"column":3}}],"line":310},"24":{"loc":{"start":{"line":312,"column":3},"end":{"line":440,"column":4}},"type":"if","locations":[{"start":{"line":312,"column":3},"end":{"line":440,"column":4}},{"start":{"line":312,"column":3},"end":{"line":440,"column":4}}],"line":312},"25":{"loc":{"start":{"line":312,"column":7},"end":{"line":312,"column":46}},"type":"binary-expr","locations":[{"start":{"line":312,"column":7},"end":{"line":312,"column":25}},{"start":{"line":312,"column":29},"end":{"line":312,"column":46}}],"line":312},"26":{"loc":{"start":{"line":315,"column":10},"end":{"line":440,"column":4}},"type":"if","locations":[{"start":{"line":315,"column":10},"end":{"line":440,"column":4}},{"start":{"line":315,"column":10},"end":{"line":440,"column":4}}],"line":315},"27":{"loc":{"start":{"line":315,"column":14},"end":{"line":315,"column":53}},"type":"binary-expr","locations":[{"start":{"line":315,"column":14},"end":{"line":315,"column":32}},{"start":{"line":315,"column":36},"end":{"line":315,"column":53}}],"line":315},"28":{"loc":{"start":{"line":318,"column":10},"end":{"line":440,"column":4}},"type":"if","locations":[{"start":{"line":318,"column":10},"end":{"line":440,"column":4}},{"start":{"line":318,"column":10},"end":{"line":440,"column":4}}],"line":318},"29":{"loc":{"start":{"line":318,"column":14},"end":{"line":318,"column":52}},"type":"binary-expr","locations":[{"start":{"line":318,"column":14},"end":{"line":318,"column":31}},{"start":{"line":318,"column":35},"end":{"line":318,"column":52}}],"line":318},"30":{"loc":{"start":{"line":324,"column":4},"end":{"line":439,"column":5}},"type":"switch","locations":[{"start":{"line":325,"column":5},"end":{"line":327,"column":12}},{"start":{"line":328,"column":5},"end":{"line":330,"column":12}},{"start":{"line":332,"column":5},"end":{"line":334,"column":12}},{"start":{"line":335,"column":5},"end":{"line":337,"column":12}},{"start":{"line":339,"column":5},"end":{"line":341,"column":12}},{"start":{"line":342,"column":5},"end":{"line":344,"column":12}},{"start":{"line":346,"column":5},"end":{"line":348,"column":12}},{"start":{"line":349,"column":5},"end":{"line":351,"column":12}},{"start":{"line":353,"column":5},"end":{"line":355,"column":12}},{"start":{"line":356,"column":5},"end":{"line":358,"column":12}},{"start":{"line":360,"column":5},"end":{"line":362,"column":12}},{"start":{"line":363,"column":5},"end":{"line":365,"column":12}},{"start":{"line":366,"column":5},"end":{"line":368,"column":12}},{"start":{"line":369,"column":5},"end":{"line":371,"column":12}},{"start":{"line":372,"column":5},"end":{"line":374,"column":12}},{"start":{"line":375,"column":5},"end":{"line":384,"column":12}},{"start":{"line":386,"column":5},"end":{"line":392,"column":97}},{"start":{"line":394,"column":5},"end":{"line":400,"column":99}},{"start":{"line":402,"column":5},"end":{"line":409,"column":12}},{"start":{"line":411,"column":5},"end":{"line":418,"column":12}},{"start":{"line":420,"column":5},"end":{"line":427,"column":12}},{"start":{"line":428,"column":5},"end":{"line":435,"column":12}},{"start":{"line":437,"column":5},"end":{"line":438,"column":60}}],"line":324},"31":{"loc":{"start":{"line":376,"column":6},"end":{"line":382,"column":7}},"type":"if","locations":[{"start":{"line":376,"column":6},"end":{"line":382,"column":7}},{"start":{"line":376,"column":6},"end":{"line":382,"column":7}}],"line":376},"32":{"loc":{"start":{"line":376,"column":10},"end":{"line":376,"column":46}},"type":"binary-expr","locations":[{"start":{"line":376,"column":10},"end":{"line":376,"column":25}},{"start":{"line":376,"column":29},"end":{"line":376,"column":46}}],"line":376},"33":{"loc":{"start":{"line":378,"column":14},"end":{"line":378,"column":51}},"type":"binary-expr","locations":[{"start":{"line":378,"column":14},"end":{"line":378,"column":29}},{"start":{"line":378,"column":33},"end":{"line":378,"column":51}}],"line":378},"34":{"loc":{"start":{"line":387,"column":6},"end":{"line":391,"column":7}},"type":"if","locations":[{"start":{"line":387,"column":6},"end":{"line":391,"column":7}},{"start":{"line":387,"column":6},"end":{"line":391,"column":7}}],"line":387},"35":{"loc":{"start":{"line":387,"column":10},"end":{"line":387,"column":46}},"type":"binary-expr","locations":[{"start":{"line":387,"column":10},"end":{"line":387,"column":25}},{"start":{"line":387,"column":29},"end":{"line":387,"column":46}}],"line":387},"36":{"loc":{"start":{"line":395,"column":6},"end":{"line":399,"column":7}},"type":"if","locations":[{"start":{"line":395,"column":6},"end":{"line":399,"column":7}},{"start":{"line":395,"column":6},"end":{"line":399,"column":7}}],"line":395},"37":{"loc":{"start":{"line":395,"column":10},"end":{"line":395,"column":46}},"type":"binary-expr","locations":[{"start":{"line":395,"column":10},"end":{"line":395,"column":25}},{"start":{"line":395,"column":29},"end":{"line":395,"column":46}}],"line":395},"38":{"loc":{"start":{"line":403,"column":6},"end":{"line":407,"column":7}},"type":"if","locations":[{"start":{"line":403,"column":6},"end":{"line":407,"column":7}},{"start":{"line":403,"column":6},"end":{"line":407,"column":7}}],"line":403},"39":{"loc":{"start":{"line":403,"column":10},"end":{"line":403,"column":46}},"type":"binary-expr","locations":[{"start":{"line":403,"column":10},"end":{"line":403,"column":25}},{"start":{"line":403,"column":29},"end":{"line":403,"column":46}}],"line":403},"40":{"loc":{"start":{"line":412,"column":6},"end":{"line":416,"column":7}},"type":"if","locations":[{"start":{"line":412,"column":6},"end":{"line":416,"column":7}},{"start":{"line":412,"column":6},"end":{"line":416,"column":7}}],"line":412},"41":{"loc":{"start":{"line":412,"column":10},"end":{"line":412,"column":46}},"type":"binary-expr","locations":[{"start":{"line":412,"column":10},"end":{"line":412,"column":25}},{"start":{"line":412,"column":29},"end":{"line":412,"column":46}}],"line":412},"42":{"loc":{"start":{"line":421,"column":6},"end":{"line":425,"column":7}},"type":"if","locations":[{"start":{"line":421,"column":6},"end":{"line":425,"column":7}},{"start":{"line":421,"column":6},"end":{"line":425,"column":7}}],"line":421},"43":{"loc":{"start":{"line":421,"column":10},"end":{"line":421,"column":46}},"type":"binary-expr","locations":[{"start":{"line":421,"column":10},"end":{"line":421,"column":25}},{"start":{"line":421,"column":29},"end":{"line":421,"column":46}}],"line":421},"44":{"loc":{"start":{"line":429,"column":6},"end":{"line":433,"column":7}},"type":"if","locations":[{"start":{"line":429,"column":6},"end":{"line":433,"column":7}},{"start":{"line":429,"column":6},"end":{"line":433,"column":7}}],"line":429},"45":{"loc":{"start":{"line":429,"column":10},"end":{"line":429,"column":46}},"type":"binary-expr","locations":[{"start":{"line":429,"column":10},"end":{"line":429,"column":25}},{"start":{"line":429,"column":29},"end":{"line":429,"column":46}}],"line":429}},"s":{"0":2,"1":9532,"2":9532,"3":1668,"4":7864,"5":17505,"6":17505,"7":12223,"8":5282,"9":8935,"10":3138,"11":5797,"12":6693,"13":2,"14":88,"15":88,"16":88,"17":88,"18":88,"19":88,"20":88,"21":88,"22":88,"23":88,"24":5801,"25":83,"26":83,"27":5,"28":6693,"29":39463,"30":19824,"31":19824,"32":19824,"33":19737,"34":5801,"35":3138,"36":831,"37":831,"38":831,"39":3138,"40":526,"41":526,"42":526,"43":526,"44":1733,"45":1733,"46":1125,"47":1125,"48":1733,"49":87,"50":87,"51":87,"52":1733,"53":1212,"54":526,"55":2,"56":524,"57":177,"58":177,"59":177,"60":177,"61":1094,"62":1094,"63":177,"64":2,"65":175,"66":175,"67":1997,"68":1997,"69":1997,"70":12234,"71":12234,"72":10270,"73":10270,"74":10270,"75":1997,"76":297,"77":297,"78":21,"79":21,"80":13,"81":13,"82":11,"83":11,"84":3,"85":3,"86":11,"87":11,"88":355,"89":355,"90":4,"91":4,"92":9,"93":9,"94":9,"95":9,"96":5,"97":5,"98":5,"99":5,"100":5,"101":5,"102":5,"103":5,"104":6,"105":6,"106":3,"107":3,"108":5,"109":5,"110":5,"111":5,"112":5,"113":5,"114":64,"115":64,"116":45,"117":45,"118":69,"119":69,"120":137,"121":137,"122":342,"123":342,"124":5,"125":5,"126":558,"127":5801,"128":5801,"129":5797,"130":526,"131":5271,"132":1997,"133":3274,"134":177,"135":3097,"136":3097,"137":3097,"138":557,"139":557,"140":81,"141":81,"142":27,"143":27,"144":17,"145":17,"146":109,"147":109,"148":109,"149":109,"150":1,"151":1,"152":1,"153":1,"154":714,"155":714,"156":714,"157":714,"158":11,"159":11,"160":11,"161":11,"162":78,"163":78,"164":131,"165":131,"166":11,"167":11,"168":24,"169":13,"170":13,"171":364,"172":13,"173":11,"174":11,"175":16,"176":15,"177":15,"178":15,"179":1,"180":14,"181":13,"182":13,"183":13,"184":1,"185":257,"186":193,"187":193,"188":193,"189":64,"190":64,"191":153,"192":39,"193":39,"194":39,"195":114,"196":114,"197":20,"198":9,"199":9,"200":9,"201":11,"202":11,"203":40,"204":15,"205":15,"206":15,"207":25,"208":25,"209":1,"210":2},"f":{"0":9532,"1":17505,"2":8935,"3":6693,"4":2,"5":88,"6":88,"7":5,"8":6693,"9":39463,"10":19824,"11":5801,"12":526,"13":177,"14":1997,"15":5801},"b":{"0":[1668,7864],"1":[9532,5404],"2":[12223,5282],"3":[17505,12491,17089,12043],"4":[3138,5797],"5":[4523],"6":[19737,87],"7":[8939,8935],"8":[831,2307],"9":[2259,2254],"10":[1125,608],"11":[87,1646],"12":[1733,87],"13":[1212,521],"14":[2,524],"15":[526,194],"16":[1271,1269],"17":[2,175],"18":[177,2],"19":[14231,14198],"20":[10270,1964],"21":[12234,2002,1976],"22":[297,21,13,11,3,11,355,4,9,9,5,5,5,5,6,3,5,5,5,64,45,69,137,342,5,558],"23":[5797,4],"24":[526,5271],"25":[5797,5280],"26":[1997,3274],"27":[5271,3280],"28":[177,3097],"29":[3274,3101],"30":[557,81,27,17,109,109,1,1,714,714,11,11,78,131,11,24,16,14,257,153,20,40,1],"31":[13,11],"32":[24,23],"33":[377,376],"34":[15,1],"35":[16,15],"36":[13,1],"37":[14,13],"38":[193,64],"39":[257,256],"40":[39,114],"41":[153,152],"42":[9,11],"43":[20,19],"44":[15,25],"45":[40,39]},"_coverageSchema":"1a1c01bbd47fc00a2c39e90264f33305004495a9","hash":"e68108176f8663e85454cf72ebadcdfbb9bf3a45"}
,"D:\\Programming\\Interpreter\\Utils.js": {"path":"D:\\Programming\\Interpreter\\Utils.js","statementMap":{"0":{"start":{"line":3,"column":2},"end":{"line":5,"column":3}},"1":{"start":{"line":4,"column":3},"end":{"line":4,"column":15}},"2":{"start":{"line":6,"column":2},"end":{"line":6,"column":15}},"3":{"start":{"line":10,"column":21},"end":{"line":18,"column":1}},"4":{"start":{"line":20,"column":0},"end":{"line":20,"column":37}}},"fnMap":{"0":{"name":"(anonymous_0)","decl":{"start":{"line":2,"column":1},"end":{"line":2,"column":2}},"loc":{"start":{"line":2,"column":26},"end":{"line":7,"column":2}},"line":2}},"branchMap":{"0":{"loc":{"start":{"line":3,"column":2},"end":{"line":5,"column":3}},"type":"if","locations":[{"start":{"line":3,"column":2},"end":{"line":5,"column":3}},{"start":{"line":3,"column":2},"end":{"line":5,"column":3}}],"line":3}},"s":{"0":45342,"1":8554,"2":36788,"3":2,"4":2},"f":{"0":45342},"b":{"0":[8554,36788]},"_coverageSchema":"1a1c01bbd47fc00a2c39e90264f33305004495a9","hash":"116ce8bccfc2b6f45c73aa3fd313d2df7efca950"}
,"D:\\Programming\\Interpreter\\test\\testCode.js": {"path":"D:\\Programming\\Interpreter\\test\\testCode.js","statementMap":{"0":{"start":{"line":1,"column":0},"end":{"line":416,"column":2}}},"fnMap":{},"branchMap":{},"s":{"0":1},"f":{},"b":{},"_coverageSchema":"1a1c01bbd47fc00a2c39e90264f33305004495a9","hash":"ae3030afa0ddfcd35b29ecc9edf5bb625d1cde4e"}
}
