{"D:\\Programming\\Interpreter\\Interpreter.js": {"path":"D:\\Programming\\Interpreter\\Interpreter.js","statementMap":{"0":{"start":{"line":1,"column":38},"end":{"line":1,"column":57}},"1":{"start":{"line":2,"column":18},"end":{"line":2,"column":40}},"2":{"start":{"line":3,"column":31},"end":{"line":3,"column":50}},"3":{"start":{"line":9,"column":15},"end":{"line":9,"column":56}},"4":{"start":{"line":11,"column":2},"end":{"line":11,"column":21}},"5":{"start":{"line":13,"column":11},"end":{"line":13,"column":42}},"6":{"start":{"line":14,"column":2},"end":{"line":26,"column":3}},"7":{"start":{"line":16,"column":4},"end":{"line":16,"column":42}},"8":{"start":{"line":17,"column":4},"end":{"line":17,"column":10}},"9":{"start":{"line":19,"column":4},"end":{"line":19,"column":44}},"10":{"start":{"line":20,"column":4},"end":{"line":20,"column":10}},"11":{"start":{"line":22,"column":4},"end":{"line":22,"column":44}},"12":{"start":{"line":23,"column":4},"end":{"line":23,"column":10}},"13":{"start":{"line":25,"column":4},"end":{"line":25,"column":98}},"14":{"start":{"line":28,"column":2},"end":{"line":43,"column":3}},"15":{"start":{"line":28,"column":13},"end":{"line":28,"column":14}},"16":{"start":{"line":29,"column":3},"end":{"line":29,"column":39}},"17":{"start":{"line":30,"column":3},"end":{"line":42,"column":4}},"18":{"start":{"line":32,"column":5},"end":{"line":32,"column":45}},"19":{"start":{"line":33,"column":5},"end":{"line":33,"column":11}},"20":{"start":{"line":35,"column":5},"end":{"line":35,"column":47}},"21":{"start":{"line":36,"column":5},"end":{"line":36,"column":11}},"22":{"start":{"line":38,"column":5},"end":{"line":38,"column":47}},"23":{"start":{"line":39,"column":5},"end":{"line":39,"column":11}},"24":{"start":{"line":41,"column":5},"end":{"line":41,"column":96}},"25":{"start":{"line":45,"column":2},"end":{"line":45,"column":18}},"26":{"start":{"line":49,"column":19},"end":{"line":49,"column":21}},"27":{"start":{"line":50,"column":2},"end":{"line":95,"column":3}},"28":{"start":{"line":53,"column":26},"end":{"line":53,"column":28}},"29":{"start":{"line":54,"column":27},"end":{"line":54,"column":29}},"30":{"start":{"line":55,"column":3},"end":{"line":71,"column":4}},"31":{"start":{"line":56,"column":4},"end":{"line":70,"column":5}},"32":{"start":{"line":56,"column":15},"end":{"line":56,"column":16}},"33":{"start":{"line":57,"column":5},"end":{"line":69,"column":6}},"34":{"start":{"line":58,"column":6},"end":{"line":58,"column":82}},"35":{"start":{"line":59,"column":6},"end":{"line":59,"column":43}},"36":{"start":{"line":60,"column":11},"end":{"line":69,"column":6}},"37":{"start":{"line":61,"column":6},"end":{"line":61,"column":82}},"38":{"start":{"line":62,"column":6},"end":{"line":62,"column":43}},"39":{"start":{"line":63,"column":11},"end":{"line":69,"column":6}},"40":{"start":{"line":64,"column":6},"end":{"line":64,"column":80}},"41":{"start":{"line":65,"column":6},"end":{"line":65,"column":43}},"42":{"start":{"line":67,"column":6},"end":{"line":67,"column":42}},"43":{"start":{"line":68,"column":6},"end":{"line":68,"column":48}},"44":{"start":{"line":74,"column":17},"end":{"line":74,"column":32}},"45":{"start":{"line":75,"column":17},"end":{"line":75,"column":41}},"46":{"start":{"line":78,"column":14},"end":{"line":78,"column":35}},"47":{"start":{"line":79,"column":17},"end":{"line":79,"column":47}},"48":{"start":{"line":82,"column":3},"end":{"line":82,"column":26}},"49":{"start":{"line":85,"column":3},"end":{"line":87,"column":4}},"50":{"start":{"line":86,"column":4},"end":{"line":86,"column":44}},"51":{"start":{"line":90,"column":18},"end":{"line":90,"column":52}},"52":{"start":{"line":92,"column":3},"end":{"line":92,"column":63}},"53":{"start":{"line":94,"column":3},"end":{"line":94,"column":39}},"54":{"start":{"line":99,"column":0},"end":{"line":99,"column":60}}},"fnMap":{"0":{"name":"(anonymous_0)","decl":{"start":{"line":8,"column":1},"end":{"line":8,"column":2}},"loc":{"start":{"line":8,"column":50},"end":{"line":46,"column":2}},"line":8},"1":{"name":"(anonymous_1)","decl":{"start":{"line":48,"column":1},"end":{"line":48,"column":2}},"loc":{"start":{"line":48,"column":57},"end":{"line":96,"column":2}},"line":48}},"branchMap":{"0":{"loc":{"start":{"line":14,"column":2},"end":{"line":26,"column":3}},"type":"switch","locations":[{"start":{"line":15,"column":3},"end":{"line":17,"column":10}},{"start":{"line":18,"column":3},"end":{"line":20,"column":10}},{"start":{"line":21,"column":3},"end":{"line":23,"column":10}},{"start":{"line":24,"column":3},"end":{"line":25,"column":98}}],"line":14},"1":{"loc":{"start":{"line":30,"column":3},"end":{"line":42,"column":4}},"type":"switch","locations":[{"start":{"line":31,"column":4},"end":{"line":33,"column":11}},{"start":{"line":34,"column":4},"end":{"line":36,"column":11}},{"start":{"line":37,"column":4},"end":{"line":39,"column":11}},{"start":{"line":40,"column":4},"end":{"line":41,"column":96}}],"line":30},"2":{"loc":{"start":{"line":55,"column":3},"end":{"line":71,"column":4}},"type":"if","locations":[{"start":{"line":55,"column":3},"end":{"line":71,"column":4}},{"start":{"line":55,"column":3},"end":{"line":71,"column":4}}],"line":55},"3":{"loc":{"start":{"line":55,"column":7},"end":{"line":55,"column":38}},"type":"binary-expr","locations":[{"start":{"line":55,"column":7},"end":{"line":55,"column":16}},{"start":{"line":55,"column":20},"end":{"line":55,"column":38}}],"line":55},"4":{"loc":{"start":{"line":57,"column":5},"end":{"line":69,"column":6}},"type":"if","locations":[{"start":{"line":57,"column":5},"end":{"line":69,"column":6}},{"start":{"line":57,"column":5},"end":{"line":69,"column":6}}],"line":57},"5":{"loc":{"start":{"line":60,"column":11},"end":{"line":69,"column":6}},"type":"if","locations":[{"start":{"line":60,"column":11},"end":{"line":69,"column":6}},{"start":{"line":60,"column":11},"end":{"line":69,"column":6}}],"line":60},"6":{"loc":{"start":{"line":63,"column":11},"end":{"line":69,"column":6}},"type":"if","locations":[{"start":{"line":63,"column":11},"end":{"line":69,"column":6}},{"start":{"line":63,"column":11},"end":{"line":69,"column":6}}],"line":63},"7":{"loc":{"start":{"line":85,"column":3},"end":{"line":87,"column":4}},"type":"if","locations":[{"start":{"line":85,"column":3},"end":{"line":87,"column":4}},{"start":{"line":85,"column":3},"end":{"line":87,"column":4}}],"line":85}},"s":{"0":1,"1":1,"2":1,"3":7,"4":7,"5":7,"6":7,"7":2,"8":2,"9":2,"10":2,"11":2,"12":2,"13":1,"14":6,"15":6,"16":5,"17":5,"18":1,"19":1,"20":1,"21":1,"22":2,"23":2,"24":1,"25":5,"26":9,"27":9,"28":9,"29":9,"30":9,"31":6,"32":6,"33":22,"34":4,"35":4,"36":18,"37":4,"38":4,"39":14,"40":4,"41":4,"42":10,"43":10,"44":9,"45":9,"46":9,"47":9,"48":9,"49":9,"50":1,"51":9,"52":6,"53":3,"54":1},"f":{"0":7,"1":9},"b":{"0":[2,2,2,1],"1":[1,1,2,1],"2":[6,3],"3":[9,9],"4":[4,18],"5":[4,14],"6":[4,10],"7":[1,8]},"_coverageSchema":"1a1c01bbd47fc00a2c39e90264f33305004495a9","hash":"9709b200115fdefb845bc2ca110e11d8da9eb157"}
,"D:\\Programming\\Interpreter\\OpObjs.js": {"path":"D:\\Programming\\Interpreter\\OpObjs.js","statementMap":{"0":{"start":{"line":1,"column":16},"end":{"line":1,"column":34}},"1":{"start":{"line":3,"column":16},"end":{"line":9,"column":1}},"2":{"start":{"line":14,"column":2},"end":{"line":14,"column":18}},"3":{"start":{"line":15,"column":2},"end":{"line":15,"column":24}},"4":{"start":{"line":16,"column":2},"end":{"line":16,"column":20}},"5":{"start":{"line":17,"column":2},"end":{"line":17,"column":30}},"6":{"start":{"line":21,"column":2},"end":{"line":21,"column":20}},"7":{"start":{"line":25,"column":2},"end":{"line":25,"column":23}},"8":{"start":{"line":29,"column":2},"end":{"line":29,"column":26}},"9":{"start":{"line":33,"column":2},"end":{"line":33,"column":21}},"10":{"start":{"line":39,"column":2},"end":{"line":39,"column":47}},"11":{"start":{"line":40,"column":2},"end":{"line":40,"column":33}},"12":{"start":{"line":41,"column":2},"end":{"line":41,"column":50}},"13":{"start":{"line":42,"column":2},"end":{"line":42,"column":46}},"14":{"start":{"line":43,"column":2},"end":{"line":43,"column":50}},"15":{"start":{"line":44,"column":2},"end":{"line":44,"column":31}},"16":{"start":{"line":48,"column":2},"end":{"line":50,"column":3}},"17":{"start":{"line":49,"column":3},"end":{"line":49,"column":30}},"18":{"start":{"line":51,"column":13},"end":{"line":51,"column":46}},"19":{"start":{"line":52,"column":2},"end":{"line":52,"column":38}},"20":{"start":{"line":53,"column":2},"end":{"line":53,"column":28}},"21":{"start":{"line":54,"column":2},"end":{"line":54,"column":38}},"22":{"start":{"line":55,"column":2},"end":{"line":55,"column":16}},"23":{"start":{"line":59,"column":2},"end":{"line":59,"column":95}},"24":{"start":{"line":59,"column":38},"end":{"line":59,"column":95}},"25":{"start":{"line":61,"column":2},"end":{"line":65,"column":3}},"26":{"start":{"line":62,"column":3},"end":{"line":62,"column":36}},"27":{"start":{"line":64,"column":3},"end":{"line":64,"column":33}},"28":{"start":{"line":66,"column":2},"end":{"line":66,"column":25}},"29":{"start":{"line":67,"column":2},"end":{"line":67,"column":14}},"30":{"start":{"line":71,"column":2},"end":{"line":83,"column":3}},"31":{"start":{"line":73,"column":3},"end":{"line":73,"column":23}},"32":{"start":{"line":75,"column":3},"end":{"line":75,"column":37}},"33":{"start":{"line":76,"column":3},"end":{"line":76,"column":25}},"34":{"start":{"line":78,"column":3},"end":{"line":78,"column":35}},"35":{"start":{"line":79,"column":3},"end":{"line":79,"column":23}},"36":{"start":{"line":81,"column":3},"end":{"line":81,"column":37}},"37":{"start":{"line":82,"column":3},"end":{"line":82,"column":25}},"38":{"start":{"line":87,"column":2},"end":{"line":87,"column":42}},"39":{"start":{"line":90,"column":2},"end":{"line":90,"column":45}},"40":{"start":{"line":93,"column":2},"end":{"line":93,"column":46}},"41":{"start":{"line":96,"column":2},"end":{"line":96,"column":46}},"42":{"start":{"line":99,"column":2},"end":{"line":99,"column":53}},"43":{"start":{"line":102,"column":2},"end":{"line":102,"column":53}},"44":{"start":{"line":108,"column":2},"end":{"line":108,"column":42}},"45":{"start":{"line":112,"column":2},"end":{"line":112,"column":14}},"46":{"start":{"line":115,"column":2},"end":{"line":115,"column":44}},"47":{"start":{"line":119,"column":2},"end":{"line":119,"column":40}},"48":{"start":{"line":119,"column":27},"end":{"line":119,"column":40}},"49":{"start":{"line":120,"column":2},"end":{"line":120,"column":14}},"50":{"start":{"line":123,"column":2},"end":{"line":123,"column":28}},"51":{"start":{"line":126,"column":2},"end":{"line":126,"column":15}},"52":{"start":{"line":129,"column":2},"end":{"line":129,"column":15}},"53":{"start":{"line":132,"column":2},"end":{"line":132,"column":27}},"54":{"start":{"line":135,"column":2},"end":{"line":135,"column":27}},"55":{"start":{"line":141,"column":2},"end":{"line":141,"column":86}},"56":{"start":{"line":145,"column":2},"end":{"line":145,"column":63}},"57":{"start":{"line":149,"column":2},"end":{"line":149,"column":75}},"58":{"start":{"line":149,"column":24},"end":{"line":149,"column":75}},"59":{"start":{"line":150,"column":2},"end":{"line":150,"column":91}},"60":{"start":{"line":150,"column":38},"end":{"line":150,"column":91}},"61":{"start":{"line":152,"column":11},"end":{"line":152,"column":23}},"62":{"start":{"line":153,"column":2},"end":{"line":153,"column":54}},"63":{"start":{"line":153,"column":33},"end":{"line":153,"column":54}},"64":{"start":{"line":155,"column":2},"end":{"line":167,"column":3}},"65":{"start":{"line":157,"column":3},"end":{"line":157,"column":20}},"66":{"start":{"line":158,"column":3},"end":{"line":158,"column":9}},"67":{"start":{"line":160,"column":3},"end":{"line":160,"column":26}},"68":{"start":{"line":161,"column":3},"end":{"line":161,"column":9}},"69":{"start":{"line":163,"column":3},"end":{"line":163,"column":62}},"70":{"start":{"line":164,"column":3},"end":{"line":164,"column":9}},"71":{"start":{"line":166,"column":3},"end":{"line":166,"column":57}},"72":{"start":{"line":169,"column":2},"end":{"line":169,"column":14}},"73":{"start":{"line":172,"column":11},"end":{"line":172,"column":23}},"74":{"start":{"line":173,"column":2},"end":{"line":173,"column":54}},"75":{"start":{"line":173,"column":33},"end":{"line":173,"column":54}},"76":{"start":{"line":175,"column":2},"end":{"line":184,"column":3}},"77":{"start":{"line":177,"column":3},"end":{"line":177,"column":28}},"78":{"start":{"line":179,"column":3},"end":{"line":179,"column":35}},"79":{"start":{"line":181,"column":3},"end":{"line":181,"column":63}},"80":{"start":{"line":183,"column":3},"end":{"line":183,"column":61}},"81":{"start":{"line":187,"column":2},"end":{"line":187,"column":28}},"82":{"start":{"line":190,"column":11},"end":{"line":190,"column":23}},"83":{"start":{"line":191,"column":2},"end":{"line":191,"column":54}},"84":{"start":{"line":191,"column":33},"end":{"line":191,"column":54}},"85":{"start":{"line":192,"column":2},"end":{"line":199,"column":3}},"86":{"start":{"line":194,"column":3},"end":{"line":194,"column":33}},"87":{"start":{"line":196,"column":3},"end":{"line":196,"column":41}},"88":{"start":{"line":198,"column":3},"end":{"line":198,"column":61}},"89":{"start":{"line":202,"column":11},"end":{"line":202,"column":23}},"90":{"start":{"line":203,"column":2},"end":{"line":203,"column":54}},"91":{"start":{"line":203,"column":33},"end":{"line":203,"column":54}},"92":{"start":{"line":204,"column":2},"end":{"line":211,"column":3}},"93":{"start":{"line":206,"column":3},"end":{"line":206,"column":33}},"94":{"start":{"line":208,"column":3},"end":{"line":208,"column":41}},"95":{"start":{"line":210,"column":3},"end":{"line":210,"column":61}},"96":{"start":{"line":214,"column":2},"end":{"line":214,"column":50}},"97":{"start":{"line":217,"column":2},"end":{"line":217,"column":50}},"98":{"start":{"line":223,"column":2},"end":{"line":223,"column":85}},"99":{"start":{"line":227,"column":2},"end":{"line":227,"column":65}},"100":{"start":{"line":231,"column":2},"end":{"line":231,"column":77}},"101":{"start":{"line":231,"column":24},"end":{"line":231,"column":77}},"102":{"start":{"line":232,"column":2},"end":{"line":232,"column":93}},"103":{"start":{"line":232,"column":38},"end":{"line":232,"column":93}},"104":{"start":{"line":234,"column":11},"end":{"line":234,"column":23}},"105":{"start":{"line":235,"column":2},"end":{"line":235,"column":54}},"106":{"start":{"line":235,"column":33},"end":{"line":235,"column":54}},"107":{"start":{"line":237,"column":2},"end":{"line":249,"column":3}},"108":{"start":{"line":239,"column":4},"end":{"line":239,"column":21}},"109":{"start":{"line":240,"column":4},"end":{"line":240,"column":10}},"110":{"start":{"line":242,"column":4},"end":{"line":242,"column":62}},"111":{"start":{"line":243,"column":4},"end":{"line":243,"column":10}},"112":{"start":{"line":245,"column":4},"end":{"line":245,"column":27}},"113":{"start":{"line":246,"column":4},"end":{"line":246,"column":10}},"114":{"start":{"line":248,"column":4},"end":{"line":248,"column":59}},"115":{"start":{"line":250,"column":2},"end":{"line":250,"column":47}},"116":{"start":{"line":250,"column":30},"end":{"line":250,"column":47}},"117":{"start":{"line":251,"column":2},"end":{"line":251,"column":14}},"118":{"start":{"line":254,"column":11},"end":{"line":254,"column":23}},"119":{"start":{"line":255,"column":2},"end":{"line":255,"column":54}},"120":{"start":{"line":255,"column":33},"end":{"line":255,"column":54}},"121":{"start":{"line":257,"column":2},"end":{"line":257,"column":60}},"122":{"start":{"line":257,"column":47},"end":{"line":257,"column":60}},"123":{"start":{"line":258,"column":2},"end":{"line":258,"column":60}},"124":{"start":{"line":258,"column":47},"end":{"line":258,"column":60}},"125":{"start":{"line":259,"column":2},"end":{"line":268,"column":3}},"126":{"start":{"line":261,"column":4},"end":{"line":261,"column":30}},"127":{"start":{"line":263,"column":4},"end":{"line":263,"column":44}},"128":{"start":{"line":265,"column":4},"end":{"line":265,"column":56}},"129":{"start":{"line":267,"column":4},"end":{"line":267,"column":62}},"130":{"start":{"line":271,"column":2},"end":{"line":271,"column":28}},"131":{"start":{"line":274,"column":11},"end":{"line":274,"column":23}},"132":{"start":{"line":275,"column":2},"end":{"line":275,"column":54}},"133":{"start":{"line":275,"column":33},"end":{"line":275,"column":54}},"134":{"start":{"line":276,"column":2},"end":{"line":283,"column":3}},"135":{"start":{"line":278,"column":4},"end":{"line":278,"column":42}},"136":{"start":{"line":280,"column":4},"end":{"line":280,"column":34}},"137":{"start":{"line":282,"column":4},"end":{"line":282,"column":62}},"138":{"start":{"line":286,"column":11},"end":{"line":286,"column":23}},"139":{"start":{"line":287,"column":2},"end":{"line":287,"column":54}},"140":{"start":{"line":287,"column":33},"end":{"line":287,"column":54}},"141":{"start":{"line":288,"column":2},"end":{"line":295,"column":3}},"142":{"start":{"line":290,"column":4},"end":{"line":290,"column":42}},"143":{"start":{"line":292,"column":4},"end":{"line":292,"column":34}},"144":{"start":{"line":294,"column":4},"end":{"line":294,"column":62}},"145":{"start":{"line":298,"column":2},"end":{"line":298,"column":50}},"146":{"start":{"line":301,"column":2},"end":{"line":301,"column":50}},"147":{"start":{"line":307,"column":2},"end":{"line":307,"column":88}},"148":{"start":{"line":311,"column":2},"end":{"line":311,"column":65}},"149":{"start":{"line":315,"column":2},"end":{"line":315,"column":77}},"150":{"start":{"line":315,"column":24},"end":{"line":315,"column":77}},"151":{"start":{"line":316,"column":2},"end":{"line":316,"column":93}},"152":{"start":{"line":316,"column":38},"end":{"line":316,"column":93}},"153":{"start":{"line":318,"column":11},"end":{"line":318,"column":23}},"154":{"start":{"line":319,"column":2},"end":{"line":319,"column":54}},"155":{"start":{"line":319,"column":33},"end":{"line":319,"column":54}},"156":{"start":{"line":321,"column":2},"end":{"line":330,"column":3}},"157":{"start":{"line":323,"column":4},"end":{"line":323,"column":21}},"158":{"start":{"line":324,"column":4},"end":{"line":324,"column":10}},"159":{"start":{"line":326,"column":4},"end":{"line":326,"column":27}},"160":{"start":{"line":327,"column":4},"end":{"line":327,"column":10}},"161":{"start":{"line":329,"column":4},"end":{"line":329,"column":59}},"162":{"start":{"line":331,"column":2},"end":{"line":331,"column":14}},"163":{"start":{"line":335,"column":11},"end":{"line":335,"column":73}},"164":{"start":{"line":337,"column":2},"end":{"line":343,"column":3}},"165":{"start":{"line":340,"column":4},"end":{"line":340,"column":36}},"166":{"start":{"line":342,"column":4},"end":{"line":342,"column":62}},"167":{"start":{"line":346,"column":2},"end":{"line":346,"column":28}},"168":{"start":{"line":349,"column":2},"end":{"line":349,"column":52}},"169":{"start":{"line":352,"column":2},"end":{"line":352,"column":52}},"170":{"start":{"line":355,"column":2},"end":{"line":355,"column":52}},"171":{"start":{"line":358,"column":2},"end":{"line":358,"column":52}},"172":{"start":{"line":362,"column":0},"end":{"line":362,"column":87}}},"fnMap":{"0":{"name":"(anonymous_0)","decl":{"start":{"line":13,"column":1},"end":{"line":13,"column":2}},"loc":{"start":{"line":13,"column":65},"end":{"line":18,"column":2}},"line":13},"1":{"name":"(anonymous_1)","decl":{"start":{"line":20,"column":1},"end":{"line":20,"column":2}},"loc":{"start":{"line":20,"column":11},"end":{"line":22,"column":2}},"line":20},"2":{"name":"(anonymous_2)","decl":{"start":{"line":24,"column":1},"end":{"line":24,"column":2}},"loc":{"start":{"line":24,"column":14},"end":{"line":26,"column":2}},"line":24},"3":{"name":"(anonymous_3)","decl":{"start":{"line":28,"column":1},"end":{"line":28,"column":2}},"loc":{"start":{"line":28,"column":17},"end":{"line":30,"column":2}},"line":28},"4":{"name":"(anonymous_4)","decl":{"start":{"line":32,"column":1},"end":{"line":32,"column":2}},"loc":{"start":{"line":32,"column":12},"end":{"line":34,"column":2}},"line":32},"5":{"name":"(anonymous_5)","decl":{"start":{"line":38,"column":1},"end":{"line":38,"column":2}},"loc":{"start":{"line":38,"column":18},"end":{"line":45,"column":2}},"line":38},"6":{"name":"(anonymous_6)","decl":{"start":{"line":47,"column":1},"end":{"line":47,"column":2}},"loc":{"start":{"line":47,"column":18},"end":{"line":56,"column":2}},"line":47},"7":{"name":"(anonymous_7)","decl":{"start":{"line":58,"column":1},"end":{"line":58,"column":2}},"loc":{"start":{"line":58,"column":11},"end":{"line":68,"column":2}},"line":58},"8":{"name":"(anonymous_8)","decl":{"start":{"line":70,"column":1},"end":{"line":70,"column":2}},"loc":{"start":{"line":70,"column":15},"end":{"line":84,"column":2}},"line":70},"9":{"name":"(anonymous_9)","decl":{"start":{"line":86,"column":1},"end":{"line":86,"column":2}},"loc":{"start":{"line":86,"column":13},"end":{"line":88,"column":2}},"line":86},"10":{"name":"(anonymous_10)","decl":{"start":{"line":89,"column":1},"end":{"line":89,"column":2}},"loc":{"start":{"line":89,"column":16},"end":{"line":91,"column":2}},"line":89},"11":{"name":"(anonymous_11)","decl":{"start":{"line":92,"column":1},"end":{"line":92,"column":2}},"loc":{"start":{"line":92,"column":17},"end":{"line":94,"column":2}},"line":92},"12":{"name":"(anonymous_12)","decl":{"start":{"line":95,"column":1},"end":{"line":95,"column":2}},"loc":{"start":{"line":95,"column":17},"end":{"line":97,"column":2}},"line":95},"13":{"name":"(anonymous_13)","decl":{"start":{"line":98,"column":1},"end":{"line":98,"column":2}},"loc":{"start":{"line":98,"column":24},"end":{"line":100,"column":2}},"line":98},"14":{"name":"(anonymous_14)","decl":{"start":{"line":101,"column":1},"end":{"line":101,"column":2}},"loc":{"start":{"line":101,"column":24},"end":{"line":103,"column":2}},"line":101},"15":{"name":"(anonymous_15)","decl":{"start":{"line":107,"column":1},"end":{"line":107,"column":2}},"loc":{"start":{"line":107,"column":14},"end":{"line":109,"column":2}},"line":107},"16":{"name":"(anonymous_16)","decl":{"start":{"line":111,"column":1},"end":{"line":111,"column":2}},"loc":{"start":{"line":111,"column":10},"end":{"line":113,"column":2}},"line":111},"17":{"name":"(anonymous_17)","decl":{"start":{"line":114,"column":1},"end":{"line":114,"column":2}},"loc":{"start":{"line":114,"column":11},"end":{"line":116,"column":2}},"line":114},"18":{"name":"(anonymous_18)","decl":{"start":{"line":118,"column":1},"end":{"line":118,"column":2}},"loc":{"start":{"line":118,"column":13},"end":{"line":121,"column":2}},"line":118},"19":{"name":"(anonymous_19)","decl":{"start":{"line":122,"column":1},"end":{"line":122,"column":2}},"loc":{"start":{"line":122,"column":16},"end":{"line":124,"column":2}},"line":122},"20":{"name":"(anonymous_20)","decl":{"start":{"line":125,"column":1},"end":{"line":125,"column":2}},"loc":{"start":{"line":125,"column":17},"end":{"line":127,"column":2}},"line":125},"21":{"name":"(anonymous_21)","decl":{"start":{"line":128,"column":1},"end":{"line":128,"column":2}},"loc":{"start":{"line":128,"column":17},"end":{"line":130,"column":2}},"line":128},"22":{"name":"(anonymous_22)","decl":{"start":{"line":131,"column":1},"end":{"line":131,"column":2}},"loc":{"start":{"line":131,"column":24},"end":{"line":133,"column":2}},"line":131},"23":{"name":"(anonymous_23)","decl":{"start":{"line":134,"column":1},"end":{"line":134,"column":2}},"loc":{"start":{"line":134,"column":24},"end":{"line":136,"column":2}},"line":134},"24":{"name":"(anonymous_24)","decl":{"start":{"line":140,"column":1},"end":{"line":140,"column":2}},"loc":{"start":{"line":140,"column":54},"end":{"line":142,"column":2}},"line":140},"25":{"name":"(anonymous_25)","decl":{"start":{"line":144,"column":1},"end":{"line":144,"column":2}},"loc":{"start":{"line":144,"column":10},"end":{"line":146,"column":2}},"line":144},"26":{"name":"(anonymous_26)","decl":{"start":{"line":148,"column":1},"end":{"line":148,"column":2}},"loc":{"start":{"line":148,"column":11},"end":{"line":170,"column":2}},"line":148},"27":{"name":"(anonymous_27)","decl":{"start":{"line":171,"column":1},"end":{"line":171,"column":2}},"loc":{"start":{"line":171,"column":13},"end":{"line":185,"column":2}},"line":171},"28":{"name":"(anonymous_28)","decl":{"start":{"line":186,"column":1},"end":{"line":186,"column":2}},"loc":{"start":{"line":186,"column":16},"end":{"line":188,"column":2}},"line":186},"29":{"name":"(anonymous_29)","decl":{"start":{"line":189,"column":1},"end":{"line":189,"column":2}},"loc":{"start":{"line":189,"column":17},"end":{"line":200,"column":2}},"line":189},"30":{"name":"(anonymous_30)","decl":{"start":{"line":201,"column":1},"end":{"line":201,"column":2}},"loc":{"start":{"line":201,"column":17},"end":{"line":212,"column":2}},"line":201},"31":{"name":"(anonymous_31)","decl":{"start":{"line":213,"column":1},"end":{"line":213,"column":2}},"loc":{"start":{"line":213,"column":24},"end":{"line":215,"column":2}},"line":213},"32":{"name":"(anonymous_32)","decl":{"start":{"line":216,"column":1},"end":{"line":216,"column":2}},"loc":{"start":{"line":216,"column":24},"end":{"line":218,"column":2}},"line":216},"33":{"name":"(anonymous_33)","decl":{"start":{"line":222,"column":1},"end":{"line":222,"column":2}},"loc":{"start":{"line":222,"column":53},"end":{"line":224,"column":2}},"line":222},"34":{"name":"(anonymous_34)","decl":{"start":{"line":226,"column":1},"end":{"line":226,"column":2}},"loc":{"start":{"line":226,"column":10},"end":{"line":228,"column":2}},"line":226},"35":{"name":"(anonymous_35)","decl":{"start":{"line":230,"column":1},"end":{"line":230,"column":2}},"loc":{"start":{"line":230,"column":11},"end":{"line":252,"column":2}},"line":230},"36":{"name":"(anonymous_36)","decl":{"start":{"line":253,"column":1},"end":{"line":253,"column":2}},"loc":{"start":{"line":253,"column":13},"end":{"line":269,"column":2}},"line":253},"37":{"name":"(anonymous_37)","decl":{"start":{"line":270,"column":1},"end":{"line":270,"column":2}},"loc":{"start":{"line":270,"column":16},"end":{"line":272,"column":2}},"line":270},"38":{"name":"(anonymous_38)","decl":{"start":{"line":273,"column":1},"end":{"line":273,"column":2}},"loc":{"start":{"line":273,"column":17},"end":{"line":284,"column":2}},"line":273},"39":{"name":"(anonymous_39)","decl":{"start":{"line":285,"column":1},"end":{"line":285,"column":2}},"loc":{"start":{"line":285,"column":17},"end":{"line":296,"column":2}},"line":285},"40":{"name":"(anonymous_40)","decl":{"start":{"line":297,"column":1},"end":{"line":297,"column":2}},"loc":{"start":{"line":297,"column":24},"end":{"line":299,"column":2}},"line":297},"41":{"name":"(anonymous_41)","decl":{"start":{"line":300,"column":1},"end":{"line":300,"column":2}},"loc":{"start":{"line":300,"column":24},"end":{"line":302,"column":2}},"line":300},"42":{"name":"(anonymous_42)","decl":{"start":{"line":306,"column":1},"end":{"line":306,"column":2}},"loc":{"start":{"line":306,"column":51},"end":{"line":308,"column":2}},"line":306},"43":{"name":"(anonymous_43)","decl":{"start":{"line":310,"column":1},"end":{"line":310,"column":2}},"loc":{"start":{"line":310,"column":10},"end":{"line":312,"column":2}},"line":310},"44":{"name":"(anonymous_44)","decl":{"start":{"line":314,"column":1},"end":{"line":314,"column":2}},"loc":{"start":{"line":314,"column":11},"end":{"line":332,"column":2}},"line":314},"45":{"name":"(anonymous_45)","decl":{"start":{"line":334,"column":1},"end":{"line":334,"column":2}},"loc":{"start":{"line":334,"column":13},"end":{"line":344,"column":2}},"line":334},"46":{"name":"(anonymous_46)","decl":{"start":{"line":345,"column":1},"end":{"line":345,"column":2}},"loc":{"start":{"line":345,"column":16},"end":{"line":347,"column":2}},"line":345},"47":{"name":"(anonymous_47)","decl":{"start":{"line":348,"column":1},"end":{"line":348,"column":2}},"loc":{"start":{"line":348,"column":17},"end":{"line":350,"column":2}},"line":348},"48":{"name":"(anonymous_48)","decl":{"start":{"line":351,"column":1},"end":{"line":351,"column":2}},"loc":{"start":{"line":351,"column":17},"end":{"line":353,"column":2}},"line":351},"49":{"name":"(anonymous_49)","decl":{"start":{"line":354,"column":1},"end":{"line":354,"column":2}},"loc":{"start":{"line":354,"column":24},"end":{"line":356,"column":2}},"line":354},"50":{"name":"(anonymous_50)","decl":{"start":{"line":357,"column":1},"end":{"line":357,"column":2}},"loc":{"start":{"line":357,"column":24},"end":{"line":359,"column":2}},"line":357}},"branchMap":{"0":{"loc":{"start":{"line":13,"column":13},"end":{"line":13,"column":20}},"type":"default-arg","locations":[{"start":{"line":13,"column":18},"end":{"line":13,"column":20}}],"line":13},"1":{"loc":{"start":{"line":13,"column":22},"end":{"line":13,"column":34}},"type":"default-arg","locations":[{"start":{"line":13,"column":30},"end":{"line":13,"column":34}}],"line":13},"2":{"loc":{"start":{"line":13,"column":36},"end":{"line":13,"column":46}},"type":"default-arg","locations":[{"start":{"line":13,"column":42},"end":{"line":13,"column":46}}],"line":13},"3":{"loc":{"start":{"line":13,"column":48},"end":{"line":13,"column":64}},"type":"default-arg","locations":[{"start":{"line":13,"column":59},"end":{"line":13,"column":64}}],"line":13},"4":{"loc":{"start":{"line":48,"column":2},"end":{"line":50,"column":3}},"type":"if","locations":[{"start":{"line":48,"column":2},"end":{"line":50,"column":3}},{"start":{"line":48,"column":2},"end":{"line":50,"column":3}}],"line":48},"5":{"loc":{"start":{"line":59,"column":2},"end":{"line":59,"column":95}},"type":"if","locations":[{"start":{"line":59,"column":2},"end":{"line":59,"column":95}},{"start":{"line":59,"column":2},"end":{"line":59,"column":95}}],"line":59},"6":{"loc":{"start":{"line":61,"column":2},"end":{"line":65,"column":3}},"type":"if","locations":[{"start":{"line":61,"column":2},"end":{"line":65,"column":3}},{"start":{"line":61,"column":2},"end":{"line":65,"column":3}}],"line":61},"7":{"loc":{"start":{"line":71,"column":2},"end":{"line":83,"column":3}},"type":"switch","locations":[{"start":{"line":72,"column":2},"end":{"line":73,"column":23}},{"start":{"line":74,"column":2},"end":{"line":76,"column":25}},{"start":{"line":77,"column":2},"end":{"line":79,"column":23}},{"start":{"line":80,"column":2},"end":{"line":82,"column":25}}],"line":71},"8":{"loc":{"start":{"line":119,"column":2},"end":{"line":119,"column":40}},"type":"if","locations":[{"start":{"line":119,"column":2},"end":{"line":119,"column":40}},{"start":{"line":119,"column":2},"end":{"line":119,"column":40}}],"line":119},"9":{"loc":{"start":{"line":140,"column":19},"end":{"line":140,"column":35}},"type":"default-arg","locations":[{"start":{"line":140,"column":30},"end":{"line":140,"column":35}}],"line":140},"10":{"loc":{"start":{"line":140,"column":37},"end":{"line":140,"column":53}},"type":"default-arg","locations":[{"start":{"line":140,"column":48},"end":{"line":140,"column":53}}],"line":140},"11":{"loc":{"start":{"line":141,"column":30},"end":{"line":141,"column":72}},"type":"cond-expr","locations":[{"start":{"line":141,"column":48},"end":{"line":141,"column":52}},{"start":{"line":141,"column":53},"end":{"line":141,"column":72}}],"line":141},"12":{"loc":{"start":{"line":149,"column":2},"end":{"line":149,"column":75}},"type":"if","locations":[{"start":{"line":149,"column":2},"end":{"line":149,"column":75}},{"start":{"line":149,"column":2},"end":{"line":149,"column":75}}],"line":149},"13":{"loc":{"start":{"line":150,"column":2},"end":{"line":150,"column":91}},"type":"if","locations":[{"start":{"line":150,"column":2},"end":{"line":150,"column":91}},{"start":{"line":150,"column":2},"end":{"line":150,"column":91}}],"line":150},"14":{"loc":{"start":{"line":153,"column":2},"end":{"line":153,"column":54}},"type":"if","locations":[{"start":{"line":153,"column":2},"end":{"line":153,"column":54}},{"start":{"line":153,"column":2},"end":{"line":153,"column":54}}],"line":153},"15":{"loc":{"start":{"line":155,"column":2},"end":{"line":167,"column":3}},"type":"switch","locations":[{"start":{"line":156,"column":2},"end":{"line":158,"column":9}},{"start":{"line":159,"column":2},"end":{"line":161,"column":9}},{"start":{"line":162,"column":2},"end":{"line":164,"column":9}},{"start":{"line":165,"column":2},"end":{"line":166,"column":57}}],"line":155},"16":{"loc":{"start":{"line":163,"column":15},"end":{"line":163,"column":61}},"type":"cond-expr","locations":[{"start":{"line":163,"column":35},"end":{"line":163,"column":39}},{"start":{"line":163,"column":42},"end":{"line":163,"column":61}}],"line":163},"17":{"loc":{"start":{"line":173,"column":2},"end":{"line":173,"column":54}},"type":"if","locations":[{"start":{"line":173,"column":2},"end":{"line":173,"column":54}},{"start":{"line":173,"column":2},"end":{"line":173,"column":54}}],"line":173},"18":{"loc":{"start":{"line":175,"column":2},"end":{"line":184,"column":3}},"type":"switch","locations":[{"start":{"line":176,"column":2},"end":{"line":177,"column":28}},{"start":{"line":178,"column":2},"end":{"line":179,"column":35}},{"start":{"line":180,"column":2},"end":{"line":181,"column":63}},{"start":{"line":182,"column":2},"end":{"line":183,"column":61}}],"line":175},"19":{"loc":{"start":{"line":191,"column":2},"end":{"line":191,"column":54}},"type":"if","locations":[{"start":{"line":191,"column":2},"end":{"line":191,"column":54}},{"start":{"line":191,"column":2},"end":{"line":191,"column":54}}],"line":191},"20":{"loc":{"start":{"line":192,"column":2},"end":{"line":199,"column":3}},"type":"switch","locations":[{"start":{"line":193,"column":2},"end":{"line":194,"column":33}},{"start":{"line":195,"column":2},"end":{"line":196,"column":41}},{"start":{"line":197,"column":2},"end":{"line":198,"column":61}}],"line":192},"21":{"loc":{"start":{"line":203,"column":2},"end":{"line":203,"column":54}},"type":"if","locations":[{"start":{"line":203,"column":2},"end":{"line":203,"column":54}},{"start":{"line":203,"column":2},"end":{"line":203,"column":54}}],"line":203},"22":{"loc":{"start":{"line":204,"column":2},"end":{"line":211,"column":3}},"type":"switch","locations":[{"start":{"line":205,"column":2},"end":{"line":206,"column":33}},{"start":{"line":207,"column":2},"end":{"line":208,"column":41}},{"start":{"line":209,"column":2},"end":{"line":210,"column":61}}],"line":204},"23":{"loc":{"start":{"line":214,"column":9},"end":{"line":214,"column":49}},"type":"binary-expr","locations":[{"start":{"line":214,"column":9},"end":{"line":214,"column":30}},{"start":{"line":214,"column":32},"end":{"line":214,"column":49}}],"line":214},"24":{"loc":{"start":{"line":217,"column":9},"end":{"line":217,"column":49}},"type":"binary-expr","locations":[{"start":{"line":217,"column":9},"end":{"line":217,"column":30}},{"start":{"line":217,"column":32},"end":{"line":217,"column":49}}],"line":217},"25":{"loc":{"start":{"line":222,"column":19},"end":{"line":222,"column":34}},"type":"default-arg","locations":[{"start":{"line":222,"column":30},"end":{"line":222,"column":34}}],"line":222},"26":{"loc":{"start":{"line":222,"column":36},"end":{"line":222,"column":52}},"type":"default-arg","locations":[{"start":{"line":222,"column":47},"end":{"line":222,"column":52}}],"line":222},"27":{"loc":{"start":{"line":223,"column":30},"end":{"line":223,"column":71}},"type":"cond-expr","locations":[{"start":{"line":223,"column":48},"end":{"line":223,"column":52}},{"start":{"line":223,"column":53},"end":{"line":223,"column":71}}],"line":223},"28":{"loc":{"start":{"line":231,"column":2},"end":{"line":231,"column":77}},"type":"if","locations":[{"start":{"line":231,"column":2},"end":{"line":231,"column":77}},{"start":{"line":231,"column":2},"end":{"line":231,"column":77}}],"line":231},"29":{"loc":{"start":{"line":232,"column":2},"end":{"line":232,"column":93}},"type":"if","locations":[{"start":{"line":232,"column":2},"end":{"line":232,"column":93}},{"start":{"line":232,"column":2},"end":{"line":232,"column":93}}],"line":232},"30":{"loc":{"start":{"line":235,"column":2},"end":{"line":235,"column":54}},"type":"if","locations":[{"start":{"line":235,"column":2},"end":{"line":235,"column":54}},{"start":{"line":235,"column":2},"end":{"line":235,"column":54}}],"line":235},"31":{"loc":{"start":{"line":237,"column":2},"end":{"line":249,"column":3}},"type":"switch","locations":[{"start":{"line":238,"column":3},"end":{"line":240,"column":10}},{"start":{"line":241,"column":3},"end":{"line":243,"column":10}},{"start":{"line":244,"column":3},"end":{"line":246,"column":10}},{"start":{"line":247,"column":3},"end":{"line":248,"column":59}}],"line":237},"32":{"loc":{"start":{"line":242,"column":16},"end":{"line":242,"column":61}},"type":"cond-expr","locations":[{"start":{"line":242,"column":36},"end":{"line":242,"column":40}},{"start":{"line":242,"column":43},"end":{"line":242,"column":61}}],"line":242},"33":{"loc":{"start":{"line":250,"column":2},"end":{"line":250,"column":47}},"type":"if","locations":[{"start":{"line":250,"column":2},"end":{"line":250,"column":47}},{"start":{"line":250,"column":2},"end":{"line":250,"column":47}}],"line":250},"34":{"loc":{"start":{"line":255,"column":2},"end":{"line":255,"column":54}},"type":"if","locations":[{"start":{"line":255,"column":2},"end":{"line":255,"column":54}},{"start":{"line":255,"column":2},"end":{"line":255,"column":54}}],"line":255},"35":{"loc":{"start":{"line":257,"column":2},"end":{"line":257,"column":60}},"type":"if","locations":[{"start":{"line":257,"column":2},"end":{"line":257,"column":60}},{"start":{"line":257,"column":2},"end":{"line":257,"column":60}}],"line":257},"36":{"loc":{"start":{"line":257,"column":6},"end":{"line":257,"column":45}},"type":"binary-expr","locations":[{"start":{"line":257,"column":6},"end":{"line":257,"column":23}},{"start":{"line":257,"column":27},"end":{"line":257,"column":45}}],"line":257},"37":{"loc":{"start":{"line":258,"column":2},"end":{"line":258,"column":60}},"type":"if","locations":[{"start":{"line":258,"column":2},"end":{"line":258,"column":60}},{"start":{"line":258,"column":2},"end":{"line":258,"column":60}}],"line":258},"38":{"loc":{"start":{"line":258,"column":6},"end":{"line":258,"column":45}},"type":"binary-expr","locations":[{"start":{"line":258,"column":6},"end":{"line":258,"column":24}},{"start":{"line":258,"column":28},"end":{"line":258,"column":45}}],"line":258},"39":{"loc":{"start":{"line":259,"column":2},"end":{"line":268,"column":3}},"type":"switch","locations":[{"start":{"line":260,"column":3},"end":{"line":261,"column":30}},{"start":{"line":262,"column":3},"end":{"line":263,"column":44}},{"start":{"line":264,"column":3},"end":{"line":265,"column":56}},{"start":{"line":266,"column":3},"end":{"line":267,"column":62}}],"line":259},"40":{"loc":{"start":{"line":275,"column":2},"end":{"line":275,"column":54}},"type":"if","locations":[{"start":{"line":275,"column":2},"end":{"line":275,"column":54}},{"start":{"line":275,"column":2},"end":{"line":275,"column":54}}],"line":275},"41":{"loc":{"start":{"line":276,"column":2},"end":{"line":283,"column":3}},"type":"switch","locations":[{"start":{"line":277,"column":3},"end":{"line":278,"column":42}},{"start":{"line":279,"column":3},"end":{"line":280,"column":34}},{"start":{"line":281,"column":3},"end":{"line":282,"column":62}}],"line":276},"42":{"loc":{"start":{"line":287,"column":2},"end":{"line":287,"column":54}},"type":"if","locations":[{"start":{"line":287,"column":2},"end":{"line":287,"column":54}},{"start":{"line":287,"column":2},"end":{"line":287,"column":54}}],"line":287},"43":{"loc":{"start":{"line":288,"column":2},"end":{"line":295,"column":3}},"type":"switch","locations":[{"start":{"line":289,"column":3},"end":{"line":290,"column":42}},{"start":{"line":291,"column":3},"end":{"line":292,"column":34}},{"start":{"line":293,"column":3},"end":{"line":294,"column":62}}],"line":288},"44":{"loc":{"start":{"line":298,"column":9},"end":{"line":298,"column":49}},"type":"binary-expr","locations":[{"start":{"line":298,"column":9},"end":{"line":298,"column":30}},{"start":{"line":298,"column":32},"end":{"line":298,"column":49}}],"line":298},"45":{"loc":{"start":{"line":301,"column":9},"end":{"line":301,"column":49}},"type":"binary-expr","locations":[{"start":{"line":301,"column":9},"end":{"line":301,"column":30}},{"start":{"line":301,"column":32},"end":{"line":301,"column":49}}],"line":301},"46":{"loc":{"start":{"line":306,"column":19},"end":{"line":306,"column":32}},"type":"default-arg","locations":[{"start":{"line":306,"column":30},"end":{"line":306,"column":32}}],"line":306},"47":{"loc":{"start":{"line":306,"column":34},"end":{"line":306,"column":50}},"type":"default-arg","locations":[{"start":{"line":306,"column":45},"end":{"line":306,"column":50}}],"line":306},"48":{"loc":{"start":{"line":307,"column":33},"end":{"line":307,"column":74}},"type":"cond-expr","locations":[{"start":{"line":307,"column":51},"end":{"line":307,"column":55}},{"start":{"line":307,"column":56},"end":{"line":307,"column":74}}],"line":307},"49":{"loc":{"start":{"line":315,"column":2},"end":{"line":315,"column":77}},"type":"if","locations":[{"start":{"line":315,"column":2},"end":{"line":315,"column":77}},{"start":{"line":315,"column":2},"end":{"line":315,"column":77}}],"line":315},"50":{"loc":{"start":{"line":316,"column":2},"end":{"line":316,"column":93}},"type":"if","locations":[{"start":{"line":316,"column":2},"end":{"line":316,"column":93}},{"start":{"line":316,"column":2},"end":{"line":316,"column":93}}],"line":316},"51":{"loc":{"start":{"line":319,"column":2},"end":{"line":319,"column":54}},"type":"if","locations":[{"start":{"line":319,"column":2},"end":{"line":319,"column":54}},{"start":{"line":319,"column":2},"end":{"line":319,"column":54}}],"line":319},"52":{"loc":{"start":{"line":321,"column":2},"end":{"line":330,"column":3}},"type":"switch","locations":[{"start":{"line":322,"column":3},"end":{"line":324,"column":10}},{"start":{"line":325,"column":3},"end":{"line":327,"column":10}},{"start":{"line":328,"column":3},"end":{"line":329,"column":59}}],"line":321},"53":{"loc":{"start":{"line":335,"column":11},"end":{"line":335,"column":73}},"type":"cond-expr","locations":[{"start":{"line":335,"column":45},"end":{"line":335,"column":60}},{"start":{"line":335,"column":61},"end":{"line":335,"column":73}}],"line":335},"54":{"loc":{"start":{"line":337,"column":2},"end":{"line":343,"column":3}},"type":"switch","locations":[{"start":{"line":338,"column":3},"end":{"line":338,"column":23}},{"start":{"line":339,"column":3},"end":{"line":340,"column":36}},{"start":{"line":341,"column":3},"end":{"line":342,"column":62}}],"line":337}},"s":{"0":3,"1":3,"2":807856,"3":807856,"4":807856,"5":807856,"6":112183,"7":90822,"8":2,"9":382166,"10":111916,"11":111916,"12":111916,"13":111916,"14":111916,"15":111916,"16":111862,"17":4,"18":111858,"19":111858,"20":111858,"21":111858,"22":111858,"23":383327,"24":1,"25":383326,"26":67843,"27":315483,"28":383326,"29":383326,"30":136056,"31":5,"32":64,"33":64,"34":41,"35":41,"36":135946,"37":135946,"38":45412,"39":2,"40":45313,"41":45313,"42":3,"43":3,"44":111961,"45":4,"46":1,"47":12,"48":4,"49":8,"50":2,"51":1,"52":1,"53":2,"54":2,"55":112223,"56":3,"57":68,"58":2,"59":66,"60":1,"61":65,"62":65,"63":57,"64":65,"65":1,"66":1,"67":61,"68":61,"69":2,"70":2,"71":1,"72":64,"73":63,"74":63,"75":37,"76":63,"77":8,"78":44,"79":9,"80":2,"81":7,"82":9,"83":9,"84":1,"85":9,"86":4,"87":4,"88":1,"89":9,"90":9,"91":1,"92":9,"93":4,"94":4,"95":1,"96":4,"97":4,"98":359143,"99":251,"100":45997,"101":2,"102":45995,"103":1,"104":45994,"105":45994,"106":45132,"107":45994,"108":1,"109":1,"110":2,"111":2,"112":45990,"113":45990,"114":1,"115":45993,"116":1,"117":45993,"118":45327,"119":45327,"120":45311,"121":45327,"122":2,"123":45325,"124":1,"125":45324,"126":1,"127":5,"128":45316,"129":2,"130":2,"131":45326,"132":45326,"133":45312,"134":45326,"135":4,"136":45320,"137":2,"138":45326,"139":45326,"140":45312,"141":45326,"142":4,"143":45320,"144":2,"145":8,"146":8,"147":112611,"148":57,"149":138,"150":2,"151":136,"152":1,"153":135,"154":135,"155":75,"156":135,"157":2,"158":2,"159":132,"160":132,"161":1,"162":134,"163":67,"164":67,"165":66,"166":1,"167":4,"168":1,"169":1,"170":1,"171":1,"172":3},"f":{"0":807856,"1":112183,"2":90822,"3":2,"4":382166,"5":111916,"6":111862,"7":383327,"8":136056,"9":45412,"10":2,"11":45313,"12":45313,"13":3,"14":3,"15":111961,"16":4,"17":1,"18":12,"19":2,"20":1,"21":1,"22":2,"23":2,"24":112223,"25":3,"26":68,"27":63,"28":7,"29":9,"30":9,"31":4,"32":4,"33":359143,"34":251,"35":45997,"36":45327,"37":2,"38":45326,"39":45326,"40":8,"41":8,"42":112611,"43":57,"44":138,"45":67,"46":4,"47":1,"48":1,"49":1,"50":1},"b":{"0":[37],"1":[1],"2":[1],"3":[1],"4":[4,111858],"5":[1,383326],"6":[67843,315483],"7":[5,64,41,135946],"8":[4,8],"9":[3],"10":[38],"11":[111976,247],"12":[2,66],"13":[1,65],"14":[57,8],"15":[1,61,2,1],"16":[1,1],"17":[37,26],"18":[8,44,9,2],"19":[1,8],"20":[4,4,1],"21":[1,8],"22":[4,4,1],"23":[4,4],"24":[4,4],"25":[4],"26":[54],"27":[156248,202895],"28":[2,45995],"29":[1,45994],"30":[45132,862],"31":[1,2,45990,1],"32":[1,1],"33":[1,45992],"34":[45311,16],"35":[2,45325],"36":[45327,3],"37":[1,45324],"38":[45325,2],"39":[1,5,45316,2],"40":[45312,14],"41":[4,45320,2],"42":[45312,14],"43":[4,45320,2],"44":[8,4],"45":[8,5],"46":[14],"47":[36],"48":[112031,580],"49":[2,136],"50":[1,135],"51":[75,60],"52":[2,132,1],"53":[56,11],"54":[4,66,1]},"_coverageSchema":"1a1c01bbd47fc00a2c39e90264f33305004495a9","hash":"c886cb79d927563c362744293aeb7e8f65840e74"}
,"D:\\Programming\\Interpreter\\Parser.js": {"path":"D:\\Programming\\Interpreter\\Parser.js","statementMap":{"0":{"start":{"line":1,"column":23},"end":{"line":1,"column":41}},"1":{"start":{"line":2,"column":16},"end":{"line":2,"column":48}},"2":{"start":{"line":3,"column":18},"end":{"line":3,"column":38}},"3":{"start":{"line":9,"column":2},"end":{"line":9,"column":21}},"4":{"start":{"line":11,"column":2},"end":{"line":11,"column":20}},"5":{"start":{"line":12,"column":2},"end":{"line":12,"column":28}},"6":{"start":{"line":13,"column":2},"end":{"line":13,"column":40}},"7":{"start":{"line":15,"column":2},"end":{"line":15,"column":23}},"8":{"start":{"line":17,"column":2},"end":{"line":17,"column":20}},"9":{"start":{"line":18,"column":2},"end":{"line":18,"column":19}},"10":{"start":{"line":20,"column":2},"end":{"line":20,"column":29}},"11":{"start":{"line":22,"column":2},"end":{"line":22,"column":22}},"12":{"start":{"line":23,"column":2},"end":{"line":23,"column":25}},"13":{"start":{"line":24,"column":2},"end":{"line":24,"column":23}},"14":{"start":{"line":26,"column":2},"end":{"line":26,"column":20}},"15":{"start":{"line":30,"column":2},"end":{"line":30,"column":30}},"16":{"start":{"line":35,"column":2},"end":{"line":39,"column":3}},"17":{"start":{"line":36,"column":3},"end":{"line":36,"column":29}},"18":{"start":{"line":38,"column":3},"end":{"line":38,"column":52}},"19":{"start":{"line":40,"column":2},"end":{"line":40,"column":66}},"20":{"start":{"line":44,"column":2},"end":{"line":44,"column":46}},"21":{"start":{"line":48,"column":2},"end":{"line":48,"column":120}},"22":{"start":{"line":52,"column":2},"end":{"line":52,"column":109}},"23":{"start":{"line":52,"column":63},"end":{"line":52,"column":109}},"24":{"start":{"line":56,"column":2},"end":{"line":56,"column":88}},"25":{"start":{"line":60,"column":2},"end":{"line":68,"column":3}},"26":{"start":{"line":61,"column":3},"end":{"line":61,"column":19}},"27":{"start":{"line":63,"column":3},"end":{"line":67,"column":4}},"28":{"start":{"line":64,"column":4},"end":{"line":64,"column":136}},"29":{"start":{"line":66,"column":4},"end":{"line":66,"column":95}},"30":{"start":{"line":72,"column":2},"end":{"line":72,"column":46}},"31":{"start":{"line":76,"column":2},"end":{"line":86,"column":3}},"32":{"start":{"line":77,"column":3},"end":{"line":77,"column":21}},"33":{"start":{"line":78,"column":3},"end":{"line":78,"column":32}},"34":{"start":{"line":78,"column":25},"end":{"line":78,"column":32}},"35":{"start":{"line":79,"column":3},"end":{"line":79,"column":45}},"36":{"start":{"line":80,"column":3},"end":{"line":85,"column":4}},"37":{"start":{"line":81,"column":4},"end":{"line":81,"column":47}},"38":{"start":{"line":82,"column":4},"end":{"line":82,"column":22}},"39":{"start":{"line":83,"column":4},"end":{"line":83,"column":33}},"40":{"start":{"line":83,"column":26},"end":{"line":83,"column":33}},"41":{"start":{"line":84,"column":4},"end":{"line":84,"column":46}},"42":{"start":{"line":90,"column":2},"end":{"line":90,"column":20}},"43":{"start":{"line":91,"column":2},"end":{"line":91,"column":28}},"44":{"start":{"line":93,"column":2},"end":{"line":96,"column":3}},"45":{"start":{"line":94,"column":3},"end":{"line":94,"column":21}},"46":{"start":{"line":95,"column":3},"end":{"line":95,"column":45}},"47":{"start":{"line":101,"column":2},"end":{"line":101,"column":40}},"48":{"start":{"line":102,"column":2},"end":{"line":102,"column":20}},"49":{"start":{"line":104,"column":2},"end":{"line":104,"column":29}},"50":{"start":{"line":106,"column":2},"end":{"line":106,"column":23}},"51":{"start":{"line":108,"column":2},"end":{"line":108,"column":20}},"52":{"start":{"line":109,"column":2},"end":{"line":109,"column":19}},"53":{"start":{"line":111,"column":2},"end":{"line":111,"column":22}},"54":{"start":{"line":112,"column":2},"end":{"line":112,"column":25}},"55":{"start":{"line":113,"column":2},"end":{"line":113,"column":23}},"56":{"start":{"line":115,"column":2},"end":{"line":115,"column":31}},"57":{"start":{"line":117,"column":2},"end":{"line":121,"column":3}},"58":{"start":{"line":118,"column":3},"end":{"line":120,"column":4}},"59":{"start":{"line":118,"column":14},"end":{"line":118,"column":15}},"60":{"start":{"line":119,"column":4},"end":{"line":119,"column":114}},"61":{"start":{"line":123,"column":2},"end":{"line":123,"column":24}},"62":{"start":{"line":125,"column":21},"end":{"line":125,"column":37}},"63":{"start":{"line":126,"column":26},"end":{"line":126,"column":59}},"64":{"start":{"line":127,"column":2},"end":{"line":127,"column":33}},"65":{"start":{"line":129,"column":2},"end":{"line":129,"column":47}},"66":{"start":{"line":131,"column":2},"end":{"line":131,"column":33}},"67":{"start":{"line":132,"column":2},"end":{"line":132,"column":49}},"68":{"start":{"line":134,"column":19},"end":{"line":134,"column":21}},"69":{"start":{"line":135,"column":2},"end":{"line":135,"column":74}},"70":{"start":{"line":136,"column":2},"end":{"line":138,"column":3}},"71":{"start":{"line":137,"column":3},"end":{"line":137,"column":115}},"72":{"start":{"line":139,"column":2},"end":{"line":139,"column":68}},"73":{"start":{"line":141,"column":2},"end":{"line":141,"column":23}},"74":{"start":{"line":142,"column":2},"end":{"line":142,"column":22}},"75":{"start":{"line":146,"column":2},"end":{"line":146,"column":44}},"76":{"start":{"line":147,"column":2},"end":{"line":147,"column":72}},"77":{"start":{"line":150,"column":2},"end":{"line":150,"column":52}},"78":{"start":{"line":154,"column":2},"end":{"line":154,"column":36}},"79":{"start":{"line":157,"column":2},"end":{"line":157,"column":43}},"80":{"start":{"line":160,"column":22},"end":{"line":160,"column":50}},"81":{"start":{"line":161,"column":2},"end":{"line":161,"column":165}},"82":{"start":{"line":161,"column":30},"end":{"line":161,"column":165}},"83":{"start":{"line":162,"column":10},"end":{"line":162,"column":221}},"84":{"start":{"line":163,"column":2},"end":{"line":163,"column":41}},"85":{"start":{"line":164,"column":2},"end":{"line":166,"column":3}},"86":{"start":{"line":165,"column":3},"end":{"line":165,"column":30}},"87":{"start":{"line":167,"column":2},"end":{"line":173,"column":3}},"88":{"start":{"line":171,"column":4},"end":{"line":171,"column":44}},"89":{"start":{"line":172,"column":4},"end":{"line":172,"column":10}},"90":{"start":{"line":174,"column":2},"end":{"line":174,"column":13}},"91":{"start":{"line":178,"column":2},"end":{"line":182,"column":3}},"92":{"start":{"line":178,"column":15},"end":{"line":178,"column":30}},"93":{"start":{"line":179,"column":18},"end":{"line":179,"column":73}},"94":{"start":{"line":179,"column":50},"end":{"line":179,"column":71}},"95":{"start":{"line":180,"column":3},"end":{"line":180,"column":33}},"96":{"start":{"line":180,"column":17},"end":{"line":180,"column":33}},"97":{"start":{"line":181,"column":3},"end":{"line":181,"column":33}},"98":{"start":{"line":181,"column":27},"end":{"line":181,"column":33}},"99":{"start":{"line":183,"column":2},"end":{"line":183,"column":14}},"100":{"start":{"line":187,"column":2},"end":{"line":187,"column":44}},"101":{"start":{"line":191,"column":2},"end":{"line":191,"column":89}},"102":{"start":{"line":196,"column":2},"end":{"line":196,"column":56}},"103":{"start":{"line":196,"column":44},"end":{"line":196,"column":56}},"104":{"start":{"line":197,"column":2},"end":{"line":197,"column":15}},"105":{"start":{"line":201,"column":2},"end":{"line":206,"column":3}},"106":{"start":{"line":205,"column":3},"end":{"line":205,"column":15}},"107":{"start":{"line":207,"column":2},"end":{"line":207,"column":15}},"108":{"start":{"line":211,"column":2},"end":{"line":211,"column":89}},"109":{"start":{"line":211,"column":77},"end":{"line":211,"column":89}},"110":{"start":{"line":212,"column":2},"end":{"line":212,"column":15}},"111":{"start":{"line":216,"column":2},"end":{"line":224,"column":3}},"112":{"start":{"line":223,"column":4},"end":{"line":223,"column":16}},"113":{"start":{"line":225,"column":2},"end":{"line":225,"column":15}},"114":{"start":{"line":229,"column":2},"end":{"line":229,"column":51}},"115":{"start":{"line":229,"column":39},"end":{"line":229,"column":51}},"116":{"start":{"line":230,"column":2},"end":{"line":230,"column":15}},"117":{"start":{"line":234,"column":2},"end":{"line":234,"column":50}},"118":{"start":{"line":234,"column":38},"end":{"line":234,"column":50}},"119":{"start":{"line":235,"column":2},"end":{"line":235,"column":15}},"120":{"start":{"line":239,"column":2},"end":{"line":239,"column":56}},"121":{"start":{"line":239,"column":44},"end":{"line":239,"column":56}},"122":{"start":{"line":240,"column":2},"end":{"line":240,"column":15}},"123":{"start":{"line":244,"column":24},"end":{"line":244,"column":29}},"124":{"start":{"line":245,"column":2},"end":{"line":248,"column":3}},"125":{"start":{"line":246,"column":3},"end":{"line":246,"column":30}},"126":{"start":{"line":247,"column":3},"end":{"line":247,"column":26}},"127":{"start":{"line":249,"column":17},"end":{"line":249,"column":43}},"128":{"start":{"line":250,"column":2},"end":{"line":250,"column":128}},"129":{"start":{"line":250,"column":45},"end":{"line":250,"column":128}},"130":{"start":{"line":251,"column":2},"end":{"line":251,"column":83}},"131":{"start":{"line":251,"column":17},"end":{"line":251,"column":83}},"132":{"start":{"line":253,"column":2},"end":{"line":253,"column":53}},"133":{"start":{"line":253,"column":25},"end":{"line":253,"column":53}},"134":{"start":{"line":255,"column":2},"end":{"line":255,"column":34}},"135":{"start":{"line":257,"column":2},"end":{"line":266,"column":3}},"136":{"start":{"line":257,"column":13},"end":{"line":257,"column":14}},"137":{"start":{"line":258,"column":12},"end":{"line":258,"column":31}},"138":{"start":{"line":259,"column":3},"end":{"line":259,"column":54}},"139":{"start":{"line":261,"column":3},"end":{"line":261,"column":98}},"140":{"start":{"line":261,"column":54},"end":{"line":261,"column":98}},"141":{"start":{"line":263,"column":3},"end":{"line":265,"column":4}},"142":{"start":{"line":264,"column":4},"end":{"line":264,"column":32}},"143":{"start":{"line":268,"column":2},"end":{"line":268,"column":35}},"144":{"start":{"line":270,"column":2},"end":{"line":274,"column":3}},"145":{"start":{"line":271,"column":3},"end":{"line":271,"column":65}},"146":{"start":{"line":273,"column":3},"end":{"line":273,"column":63}},"147":{"start":{"line":276,"column":2},"end":{"line":276,"column":29}},"148":{"start":{"line":280,"column":16},"end":{"line":280,"column":32}},"149":{"start":{"line":281,"column":19},"end":{"line":281,"column":44}},"150":{"start":{"line":282,"column":2},"end":{"line":282,"column":30}},"151":{"start":{"line":283,"column":2},"end":{"line":283,"column":76}},"152":{"start":{"line":283,"column":17},"end":{"line":283,"column":76}},"153":{"start":{"line":285,"column":2},"end":{"line":294,"column":3}},"154":{"start":{"line":287,"column":4},"end":{"line":287,"column":36}},"155":{"start":{"line":292,"column":4},"end":{"line":292,"column":136}},"156":{"start":{"line":293,"column":4},"end":{"line":293,"column":25}},"157":{"start":{"line":295,"column":2},"end":{"line":295,"column":78}},"158":{"start":{"line":299,"column":11},"end":{"line":299,"column":15}},"159":{"start":{"line":300,"column":2},"end":{"line":529,"column":3}},"160":{"start":{"line":302,"column":4},"end":{"line":302,"column":26}},"161":{"start":{"line":305,"column":4},"end":{"line":305,"column":32}},"162":{"start":{"line":306,"column":4},"end":{"line":306,"column":25}},"163":{"start":{"line":307,"column":4},"end":{"line":307,"column":101}},"164":{"start":{"line":307,"column":56},"end":{"line":307,"column":101}},"165":{"start":{"line":308,"column":4},"end":{"line":308,"column":54}},"166":{"start":{"line":309,"column":4},"end":{"line":309,"column":31}},"167":{"start":{"line":312,"column":4},"end":{"line":312,"column":30}},"168":{"start":{"line":313,"column":4},"end":{"line":313,"column":25}},"169":{"start":{"line":314,"column":4},"end":{"line":314,"column":97}},"170":{"start":{"line":314,"column":54},"end":{"line":314,"column":97}},"171":{"start":{"line":315,"column":4},"end":{"line":315,"column":54}},"172":{"start":{"line":316,"column":4},"end":{"line":316,"column":29}},"173":{"start":{"line":319,"column":4},"end":{"line":319,"column":35}},"174":{"start":{"line":320,"column":4},"end":{"line":320,"column":25}},"175":{"start":{"line":321,"column":4},"end":{"line":321,"column":78}},"176":{"start":{"line":322,"column":4},"end":{"line":322,"column":53}},"177":{"start":{"line":323,"column":4},"end":{"line":323,"column":29}},"178":{"start":{"line":326,"column":4},"end":{"line":326,"column":36}},"179":{"start":{"line":327,"column":4},"end":{"line":327,"column":29}},"180":{"start":{"line":328,"column":4},"end":{"line":328,"column":37}},"181":{"start":{"line":329,"column":4},"end":{"line":329,"column":16}},"182":{"start":{"line":332,"column":4},"end":{"line":332,"column":78}},"183":{"start":{"line":333,"column":4},"end":{"line":333,"column":31}},"184":{"start":{"line":334,"column":4},"end":{"line":334,"column":29}},"185":{"start":{"line":337,"column":4},"end":{"line":337,"column":104}},"186":{"start":{"line":338,"column":4},"end":{"line":338,"column":31}},"187":{"start":{"line":339,"column":4},"end":{"line":339,"column":29}},"188":{"start":{"line":342,"column":4},"end":{"line":342,"column":105}},"189":{"start":{"line":343,"column":4},"end":{"line":343,"column":32}},"190":{"start":{"line":344,"column":4},"end":{"line":344,"column":29}},"191":{"start":{"line":347,"column":4},"end":{"line":347,"column":118}},"192":{"start":{"line":348,"column":4},"end":{"line":348,"column":40}},"193":{"start":{"line":349,"column":4},"end":{"line":349,"column":31}},"194":{"start":{"line":352,"column":4},"end":{"line":352,"column":118}},"195":{"start":{"line":353,"column":4},"end":{"line":353,"column":40}},"196":{"start":{"line":354,"column":4},"end":{"line":354,"column":31}},"197":{"start":{"line":357,"column":4},"end":{"line":357,"column":31}},"198":{"start":{"line":358,"column":4},"end":{"line":358,"column":36}},"199":{"start":{"line":359,"column":4},"end":{"line":359,"column":31}},"200":{"start":{"line":360,"column":4},"end":{"line":362,"column":5}},"201":{"start":{"line":361,"column":5},"end":{"line":361,"column":58}},"202":{"start":{"line":363,"column":4},"end":{"line":363,"column":37}},"203":{"start":{"line":364,"column":4},"end":{"line":364,"column":29}},"204":{"start":{"line":367,"column":4},"end":{"line":367,"column":33}},"205":{"start":{"line":368,"column":4},"end":{"line":368,"column":36}},"206":{"start":{"line":369,"column":4},"end":{"line":369,"column":31}},"207":{"start":{"line":370,"column":4},"end":{"line":372,"column":5}},"208":{"start":{"line":371,"column":5},"end":{"line":371,"column":60}},"209":{"start":{"line":373,"column":4},"end":{"line":373,"column":37}},"210":{"start":{"line":374,"column":4},"end":{"line":374,"column":31}},"211":{"start":{"line":377,"column":4},"end":{"line":377,"column":33}},"212":{"start":{"line":378,"column":4},"end":{"line":378,"column":36}},"213":{"start":{"line":379,"column":4},"end":{"line":379,"column":31}},"214":{"start":{"line":380,"column":4},"end":{"line":390,"column":5}},"215":{"start":{"line":381,"column":5},"end":{"line":381,"column":33}},"216":{"start":{"line":382,"column":5},"end":{"line":382,"column":56}},"217":{"start":{"line":383,"column":5},"end":{"line":383,"column":30}},"218":{"start":{"line":384,"column":5},"end":{"line":384,"column":125}},"219":{"start":{"line":384,"column":58},"end":{"line":384,"column":125}},"220":{"start":{"line":385,"column":5},"end":{"line":385,"column":55}},"221":{"start":{"line":386,"column":5},"end":{"line":386,"column":88}},"222":{"start":{"line":387,"column":5},"end":{"line":387,"column":83}},"223":{"start":{"line":389,"column":5},"end":{"line":389,"column":84}},"224":{"start":{"line":391,"column":4},"end":{"line":391,"column":37}},"225":{"start":{"line":392,"column":4},"end":{"line":392,"column":31}},"226":{"start":{"line":395,"column":4},"end":{"line":395,"column":31}},"227":{"start":{"line":396,"column":4},"end":{"line":396,"column":36}},"228":{"start":{"line":397,"column":4},"end":{"line":397,"column":29}},"229":{"start":{"line":398,"column":4},"end":{"line":398,"column":101}},"230":{"start":{"line":398,"column":56},"end":{"line":398,"column":101}},"231":{"start":{"line":399,"column":4},"end":{"line":399,"column":55}},"232":{"start":{"line":400,"column":4},"end":{"line":400,"column":37}},"233":{"start":{"line":401,"column":4},"end":{"line":401,"column":31}},"234":{"start":{"line":404,"column":4},"end":{"line":404,"column":32}},"235":{"start":{"line":405,"column":4},"end":{"line":405,"column":36}},"236":{"start":{"line":406,"column":4},"end":{"line":406,"column":29}},"237":{"start":{"line":407,"column":4},"end":{"line":407,"column":101}},"238":{"start":{"line":407,"column":56},"end":{"line":407,"column":101}},"239":{"start":{"line":408,"column":4},"end":{"line":408,"column":56}},"240":{"start":{"line":409,"column":4},"end":{"line":409,"column":37}},"241":{"start":{"line":410,"column":4},"end":{"line":410,"column":31}},"242":{"start":{"line":413,"column":4},"end":{"line":413,"column":30}},"243":{"start":{"line":414,"column":4},"end":{"line":414,"column":36}},"244":{"start":{"line":415,"column":4},"end":{"line":415,"column":29}},"245":{"start":{"line":416,"column":4},"end":{"line":416,"column":101}},"246":{"start":{"line":416,"column":56},"end":{"line":416,"column":101}},"247":{"start":{"line":417,"column":4},"end":{"line":417,"column":54}},"248":{"start":{"line":418,"column":4},"end":{"line":418,"column":37}},"249":{"start":{"line":419,"column":4},"end":{"line":419,"column":31}},"250":{"start":{"line":422,"column":4},"end":{"line":422,"column":30}},"251":{"start":{"line":423,"column":4},"end":{"line":423,"column":36}},"252":{"start":{"line":424,"column":4},"end":{"line":424,"column":29}},"253":{"start":{"line":425,"column":4},"end":{"line":425,"column":55}},"254":{"start":{"line":426,"column":4},"end":{"line":426,"column":101}},"255":{"start":{"line":426,"column":56},"end":{"line":426,"column":101}},"256":{"start":{"line":427,"column":4},"end":{"line":427,"column":32}},"257":{"start":{"line":428,"column":4},"end":{"line":428,"column":29}},"258":{"start":{"line":429,"column":4},"end":{"line":429,"column":101}},"259":{"start":{"line":429,"column":56},"end":{"line":429,"column":101}},"260":{"start":{"line":430,"column":4},"end":{"line":430,"column":54}},"261":{"start":{"line":431,"column":4},"end":{"line":431,"column":82}},"262":{"start":{"line":432,"column":4},"end":{"line":432,"column":37}},"263":{"start":{"line":433,"column":4},"end":{"line":433,"column":31}},"264":{"start":{"line":436,"column":4},"end":{"line":436,"column":30}},"265":{"start":{"line":437,"column":4},"end":{"line":437,"column":36}},"266":{"start":{"line":438,"column":4},"end":{"line":438,"column":29}},"267":{"start":{"line":439,"column":4},"end":{"line":439,"column":55}},"268":{"start":{"line":440,"column":4},"end":{"line":440,"column":101}},"269":{"start":{"line":440,"column":56},"end":{"line":440,"column":101}},"270":{"start":{"line":441,"column":4},"end":{"line":441,"column":32}},"271":{"start":{"line":442,"column":4},"end":{"line":442,"column":29}},"272":{"start":{"line":443,"column":4},"end":{"line":443,"column":101}},"273":{"start":{"line":443,"column":56},"end":{"line":443,"column":101}},"274":{"start":{"line":444,"column":4},"end":{"line":444,"column":54}},"275":{"start":{"line":445,"column":4},"end":{"line":445,"column":82}},"276":{"start":{"line":446,"column":4},"end":{"line":446,"column":37}},"277":{"start":{"line":447,"column":4},"end":{"line":447,"column":31}},"278":{"start":{"line":451,"column":4},"end":{"line":451,"column":32}},"279":{"start":{"line":452,"column":4},"end":{"line":452,"column":36}},"280":{"start":{"line":453,"column":4},"end":{"line":453,"column":61}},"281":{"start":{"line":455,"column":4},"end":{"line":455,"column":55}},"282":{"start":{"line":457,"column":4},"end":{"line":457,"column":32}},"283":{"start":{"line":458,"column":4},"end":{"line":458,"column":61}},"284":{"start":{"line":460,"column":4},"end":{"line":460,"column":54}},"285":{"start":{"line":461,"column":4},"end":{"line":461,"column":82}},"286":{"start":{"line":462,"column":4},"end":{"line":462,"column":55}},"287":{"start":{"line":464,"column":4},"end":{"line":464,"column":32}},"288":{"start":{"line":465,"column":4},"end":{"line":465,"column":61}},"289":{"start":{"line":467,"column":4},"end":{"line":467,"column":54}},"290":{"start":{"line":468,"column":4},"end":{"line":468,"column":82}},"291":{"start":{"line":470,"column":4},"end":{"line":470,"column":37}},"292":{"start":{"line":471,"column":4},"end":{"line":471,"column":31}},"293":{"start":{"line":474,"column":4},"end":{"line":474,"column":30}},"294":{"start":{"line":475,"column":4},"end":{"line":475,"column":36}},"295":{"start":{"line":476,"column":4},"end":{"line":476,"column":61}},"296":{"start":{"line":477,"column":4},"end":{"line":477,"column":54}},"297":{"start":{"line":478,"column":4},"end":{"line":478,"column":37}},"298":{"start":{"line":479,"column":4},"end":{"line":479,"column":31}},"299":{"start":{"line":482,"column":4},"end":{"line":482,"column":33}},"300":{"start":{"line":483,"column":4},"end":{"line":483,"column":36}},"301":{"start":{"line":484,"column":4},"end":{"line":484,"column":61}},"302":{"start":{"line":486,"column":4},"end":{"line":486,"column":55}},"303":{"start":{"line":488,"column":4},"end":{"line":488,"column":32}},"304":{"start":{"line":489,"column":4},"end":{"line":489,"column":61}},"305":{"start":{"line":491,"column":4},"end":{"line":491,"column":55}},"306":{"start":{"line":493,"column":4},"end":{"line":493,"column":32}},"307":{"start":{"line":494,"column":4},"end":{"line":494,"column":61}},"308":{"start":{"line":496,"column":4},"end":{"line":496,"column":82}},"309":{"start":{"line":497,"column":4},"end":{"line":497,"column":54}},"310":{"start":{"line":498,"column":4},"end":{"line":498,"column":54}},"311":{"start":{"line":499,"column":4},"end":{"line":499,"column":113}},"312":{"start":{"line":500,"column":4},"end":{"line":500,"column":37}},"313":{"start":{"line":501,"column":4},"end":{"line":501,"column":31}},"314":{"start":{"line":504,"column":4},"end":{"line":504,"column":31}},"315":{"start":{"line":505,"column":4},"end":{"line":505,"column":36}},"316":{"start":{"line":506,"column":4},"end":{"line":506,"column":61}},"317":{"start":{"line":507,"column":4},"end":{"line":507,"column":55}},"318":{"start":{"line":508,"column":4},"end":{"line":508,"column":37}},"319":{"start":{"line":509,"column":4},"end":{"line":509,"column":31}},"320":{"start":{"line":512,"column":4},"end":{"line":512,"column":32}},"321":{"start":{"line":513,"column":4},"end":{"line":513,"column":36}},"322":{"start":{"line":514,"column":4},"end":{"line":514,"column":61}},"323":{"start":{"line":515,"column":4},"end":{"line":515,"column":56}},"324":{"start":{"line":516,"column":4},"end":{"line":516,"column":37}},"325":{"start":{"line":517,"column":4},"end":{"line":517,"column":31}},"326":{"start":{"line":520,"column":4},"end":{"line":520,"column":32}},"327":{"start":{"line":521,"column":4},"end":{"line":521,"column":36}},"328":{"start":{"line":522,"column":4},"end":{"line":522,"column":61}},"329":{"start":{"line":523,"column":4},"end":{"line":523,"column":56}},"330":{"start":{"line":524,"column":4},"end":{"line":524,"column":37}},"331":{"start":{"line":525,"column":4},"end":{"line":525,"column":31}},"332":{"start":{"line":528,"column":4},"end":{"line":528,"column":87}},"333":{"start":{"line":533,"column":15},"end":{"line":533,"column":30}},"334":{"start":{"line":535,"column":2},"end":{"line":552,"column":3}},"335":{"start":{"line":536,"column":3},"end":{"line":536,"column":54}},"336":{"start":{"line":538,"column":15},"end":{"line":538,"column":30}},"337":{"start":{"line":539,"column":3},"end":{"line":539,"column":23}},"338":{"start":{"line":540,"column":17},"end":{"line":540,"column":32}},"339":{"start":{"line":541,"column":3},"end":{"line":541,"column":108}},"340":{"start":{"line":541,"column":59},"end":{"line":541,"column":108}},"341":{"start":{"line":542,"column":3},"end":{"line":542,"column":110}},"342":{"start":{"line":542,"column":60},"end":{"line":542,"column":110}},"343":{"start":{"line":544,"column":3},"end":{"line":544,"column":53}},"344":{"start":{"line":546,"column":3},"end":{"line":551,"column":4}},"345":{"start":{"line":548,"column":5},"end":{"line":548,"column":88}},"346":{"start":{"line":549,"column":5},"end":{"line":549,"column":83}},"347":{"start":{"line":550,"column":5},"end":{"line":550,"column":11}},"348":{"start":{"line":554,"column":2},"end":{"line":554,"column":18}},"349":{"start":{"line":558,"column":15},"end":{"line":558,"column":38}},"350":{"start":{"line":560,"column":2},"end":{"line":584,"column":3}},"351":{"start":{"line":561,"column":3},"end":{"line":561,"column":54}},"352":{"start":{"line":563,"column":14},"end":{"line":563,"column":29}},"353":{"start":{"line":564,"column":3},"end":{"line":564,"column":22}},"354":{"start":{"line":565,"column":17},"end":{"line":565,"column":40}},"355":{"start":{"line":566,"column":3},"end":{"line":566,"column":108}},"356":{"start":{"line":566,"column":59},"end":{"line":566,"column":108}},"357":{"start":{"line":567,"column":3},"end":{"line":567,"column":110}},"358":{"start":{"line":567,"column":60},"end":{"line":567,"column":110}},"359":{"start":{"line":569,"column":3},"end":{"line":569,"column":53}},"360":{"start":{"line":571,"column":3},"end":{"line":583,"column":4}},"361":{"start":{"line":573,"column":5},"end":{"line":573,"column":83}},"362":{"start":{"line":574,"column":5},"end":{"line":574,"column":11}},"363":{"start":{"line":576,"column":5},"end":{"line":576,"column":83}},"364":{"start":{"line":577,"column":5},"end":{"line":577,"column":83}},"365":{"start":{"line":578,"column":5},"end":{"line":578,"column":11}},"366":{"start":{"line":580,"column":5},"end":{"line":580,"column":83}},"367":{"start":{"line":581,"column":5},"end":{"line":581,"column":83}},"368":{"start":{"line":582,"column":5},"end":{"line":582,"column":11}},"369":{"start":{"line":586,"column":2},"end":{"line":586,"column":18}},"370":{"start":{"line":590,"column":15},"end":{"line":590,"column":28}},"371":{"start":{"line":592,"column":2},"end":{"line":620,"column":3}},"372":{"start":{"line":593,"column":3},"end":{"line":593,"column":54}},"373":{"start":{"line":595,"column":13},"end":{"line":595,"column":28}},"374":{"start":{"line":596,"column":3},"end":{"line":596,"column":21}},"375":{"start":{"line":597,"column":17},"end":{"line":597,"column":30}},"376":{"start":{"line":599,"column":3},"end":{"line":599,"column":88}},"377":{"start":{"line":599,"column":49},"end":{"line":599,"column":88}},"378":{"start":{"line":601,"column":3},"end":{"line":601,"column":53}},"379":{"start":{"line":603,"column":3},"end":{"line":619,"column":4}},"380":{"start":{"line":605,"column":5},"end":{"line":612,"column":6}},"381":{"start":{"line":606,"column":6},"end":{"line":606,"column":87}},"382":{"start":{"line":607,"column":6},"end":{"line":607,"column":84}},"383":{"start":{"line":608,"column":11},"end":{"line":612,"column":6}},"384":{"start":{"line":609,"column":6},"end":{"line":609,"column":84}},"385":{"start":{"line":611,"column":6},"end":{"line":611,"column":72}},"386":{"start":{"line":613,"column":5},"end":{"line":613,"column":11}},"387":{"start":{"line":615,"column":5},"end":{"line":615,"column":96}},"388":{"start":{"line":615,"column":41},"end":{"line":615,"column":96}},"389":{"start":{"line":616,"column":5},"end":{"line":616,"column":83}},"390":{"start":{"line":617,"column":5},"end":{"line":617,"column":55}},"391":{"start":{"line":618,"column":5},"end":{"line":618,"column":11}},"392":{"start":{"line":622,"column":2},"end":{"line":622,"column":18}},"393":{"start":{"line":626,"column":15},"end":{"line":626,"column":27}},"394":{"start":{"line":628,"column":2},"end":{"line":666,"column":3}},"395":{"start":{"line":629,"column":3},"end":{"line":629,"column":54}},"396":{"start":{"line":630,"column":17},"end":{"line":630,"column":32}},"397":{"start":{"line":631,"column":3},"end":{"line":631,"column":25}},"398":{"start":{"line":632,"column":17},"end":{"line":632,"column":29}},"399":{"start":{"line":634,"column":3},"end":{"line":634,"column":88}},"400":{"start":{"line":634,"column":49},"end":{"line":634,"column":88}},"401":{"start":{"line":637,"column":3},"end":{"line":637,"column":53}},"402":{"start":{"line":638,"column":3},"end":{"line":638,"column":81}},"403":{"start":{"line":640,"column":3},"end":{"line":663,"column":4}},"404":{"start":{"line":642,"column":5},"end":{"line":642,"column":54}},"405":{"start":{"line":643,"column":5},"end":{"line":643,"column":11}},"406":{"start":{"line":645,"column":5},"end":{"line":645,"column":55}},"407":{"start":{"line":646,"column":5},"end":{"line":646,"column":11}},"408":{"start":{"line":648,"column":5},"end":{"line":648,"column":101}},"409":{"start":{"line":648,"column":41},"end":{"line":648,"column":101}},"410":{"start":{"line":649,"column":5},"end":{"line":649,"column":54}},"411":{"start":{"line":650,"column":5},"end":{"line":650,"column":11}},"412":{"start":{"line":652,"column":5},"end":{"line":652,"column":102}},"413":{"start":{"line":652,"column":41},"end":{"line":652,"column":102}},"414":{"start":{"line":653,"column":5},"end":{"line":653,"column":55}},"415":{"start":{"line":654,"column":5},"end":{"line":654,"column":11}},"416":{"start":{"line":656,"column":5},"end":{"line":656,"column":101}},"417":{"start":{"line":656,"column":41},"end":{"line":656,"column":101}},"418":{"start":{"line":657,"column":5},"end":{"line":657,"column":54}},"419":{"start":{"line":658,"column":5},"end":{"line":658,"column":11}},"420":{"start":{"line":660,"column":5},"end":{"line":660,"column":102}},"421":{"start":{"line":660,"column":41},"end":{"line":660,"column":102}},"422":{"start":{"line":661,"column":5},"end":{"line":661,"column":55}},"423":{"start":{"line":662,"column":5},"end":{"line":662,"column":11}},"424":{"start":{"line":665,"column":3},"end":{"line":665,"column":30}},"425":{"start":{"line":668,"column":2},"end":{"line":668,"column":18}},"426":{"start":{"line":672,"column":15},"end":{"line":672,"column":31}},"427":{"start":{"line":674,"column":2},"end":{"line":688,"column":3}},"428":{"start":{"line":675,"column":3},"end":{"line":675,"column":104}},"429":{"start":{"line":675,"column":57},"end":{"line":675,"column":104}},"430":{"start":{"line":677,"column":26},"end":{"line":677,"column":42}},"431":{"start":{"line":678,"column":3},"end":{"line":678,"column":54}},"432":{"start":{"line":679,"column":3},"end":{"line":679,"column":44}},"433":{"start":{"line":682,"column":3},"end":{"line":682,"column":29}},"434":{"start":{"line":684,"column":17},"end":{"line":684,"column":33}},"435":{"start":{"line":685,"column":3},"end":{"line":685,"column":106}},"436":{"start":{"line":685,"column":58},"end":{"line":685,"column":106}},"437":{"start":{"line":687,"column":3},"end":{"line":687,"column":47}},"438":{"start":{"line":690,"column":2},"end":{"line":690,"column":18}},"439":{"start":{"line":694,"column":15},"end":{"line":694,"column":27}},"440":{"start":{"line":696,"column":2},"end":{"line":709,"column":3}},"441":{"start":{"line":697,"column":3},"end":{"line":697,"column":104}},"442":{"start":{"line":697,"column":57},"end":{"line":697,"column":104}},"443":{"start":{"line":699,"column":26},"end":{"line":699,"column":42}},"444":{"start":{"line":700,"column":3},"end":{"line":700,"column":54}},"445":{"start":{"line":701,"column":3},"end":{"line":701,"column":45}},"446":{"start":{"line":703,"column":3},"end":{"line":703,"column":28}},"447":{"start":{"line":705,"column":17},"end":{"line":705,"column":29}},"448":{"start":{"line":706,"column":3},"end":{"line":706,"column":106}},"449":{"start":{"line":706,"column":58},"end":{"line":706,"column":106}},"450":{"start":{"line":708,"column":3},"end":{"line":708,"column":47}},"451":{"start":{"line":711,"column":2},"end":{"line":711,"column":18}},"452":{"start":{"line":715,"column":17},"end":{"line":715,"column":28}},"453":{"start":{"line":717,"column":2},"end":{"line":737,"column":3}},"454":{"start":{"line":718,"column":3},"end":{"line":718,"column":108}},"455":{"start":{"line":718,"column":59},"end":{"line":718,"column":108}},"456":{"start":{"line":720,"column":3},"end":{"line":720,"column":34}},"457":{"start":{"line":722,"column":19},"end":{"line":722,"column":35}},"458":{"start":{"line":723,"column":18},"end":{"line":723,"column":34}},"459":{"start":{"line":724,"column":3},"end":{"line":724,"column":54}},"460":{"start":{"line":725,"column":3},"end":{"line":725,"column":37}},"461":{"start":{"line":727,"column":3},"end":{"line":727,"column":34}},"462":{"start":{"line":729,"column":3},"end":{"line":729,"column":31}},"463":{"start":{"line":731,"column":3},"end":{"line":731,"column":37}},"464":{"start":{"line":732,"column":3},"end":{"line":732,"column":40}},"465":{"start":{"line":734,"column":3},"end":{"line":734,"column":133}},"466":{"start":{"line":734,"column":61},"end":{"line":734,"column":133}},"467":{"start":{"line":736,"column":3},"end":{"line":736,"column":39}},"468":{"start":{"line":739,"column":2},"end":{"line":739,"column":20}},"469":{"start":{"line":743,"column":20},"end":{"line":743,"column":36}},"470":{"start":{"line":745,"column":2},"end":{"line":745,"column":27}},"471":{"start":{"line":746,"column":2},"end":{"line":746,"column":34}},"472":{"start":{"line":748,"column":2},"end":{"line":750,"column":3}},"473":{"start":{"line":749,"column":3},"end":{"line":749,"column":56}},"474":{"start":{"line":752,"column":2},"end":{"line":752,"column":53}},"475":{"start":{"line":753,"column":2},"end":{"line":753,"column":34}},"476":{"start":{"line":754,"column":2},"end":{"line":754,"column":35}},"477":{"start":{"line":756,"column":2},"end":{"line":756,"column":78}},"478":{"start":{"line":758,"column":2},"end":{"line":770,"column":3}},"479":{"start":{"line":759,"column":20},"end":{"line":759,"column":36}},"480":{"start":{"line":760,"column":3},"end":{"line":760,"column":35}},"481":{"start":{"line":761,"column":3},"end":{"line":761,"column":38}},"482":{"start":{"line":763,"column":3},"end":{"line":763,"column":30}},"483":{"start":{"line":765,"column":3},"end":{"line":765,"column":79}},"484":{"start":{"line":767,"column":3},"end":{"line":767,"column":37}},"485":{"start":{"line":769,"column":3},"end":{"line":769,"column":
[...]
ine":100,"column":1},"end":{"line":100,"column":2}},"loc":{"start":{"line":100,"column":23},"end":{"line":102,"column":2}},"line":100},"5":{"name":"(anonymous_5)","decl":{"start":{"line":104,"column":1},"end":{"line":104,"column":2}},"loc":{"start":{"line":104,"column":15},"end":{"line":116,"column":2}},"line":104},"6":{"name":"(anonymous_6)","decl":{"start":{"line":118,"column":1},"end":{"line":118,"column":2}},"loc":{"start":{"line":118,"column":16},"end":{"line":128,"column":2}},"line":118},"7":{"name":"(anonymous_7)","decl":{"start":{"line":130,"column":1},"end":{"line":130,"column":2}},"loc":{"start":{"line":130,"column":21},"end":{"line":132,"column":2}},"line":130},"8":{"name":"(anonymous_8)","decl":{"start":{"line":134,"column":1},"end":{"line":134,"column":2}},"loc":{"start":{"line":134,"column":30},"end":{"line":136,"column":2}},"line":134},"9":{"name":"(anonymous_9)","decl":{"start":{"line":138,"column":1},"end":{"line":138,"column":2}},"loc":{"start":{"line":138,"column":12},"end":{"line":140,"column":2}},"line":138},"10":{"name":"(anonymous_10)","decl":{"start":{"line":142,"column":1},"end":{"line":142,"column":2}},"loc":{"start":{"line":142,"column":11},"end":{"line":149,"column":2}},"line":142},"11":{"name":"(anonymous_11)","decl":{"start":{"line":151,"column":1},"end":{"line":151,"column":2}},"loc":{"start":{"line":151,"column":13},"end":{"line":160,"column":2}},"line":151},"12":{"name":"(anonymous_12)","decl":{"start":{"line":162,"column":1},"end":{"line":162,"column":2}},"loc":{"start":{"line":162,"column":17},"end":{"line":186,"column":2}},"line":162},"13":{"name":"(anonymous_13)","decl":{"start":{"line":188,"column":1},"end":{"line":188,"column":2}},"loc":{"start":{"line":188,"column":17},"end":{"line":201,"column":2}},"line":188},"14":{"name":"(anonymous_14)","decl":{"start":{"line":203,"column":1},"end":{"line":203,"column":2}},"loc":{"start":{"line":203,"column":9},"end":{"line":305,"column":2}},"line":203},"15":{"name":"(anonymous_15)","decl":{"start":{"line":308,"column":1},"end":{"line":308,"column":2}},"loc":{"start":{"line":308,"column":8},"end":{"line":442,"column":2}},"line":308}},"branchMap":{"0":{"loc":{"start":{"line":76,"column":1},"end":{"line":78,"column":2}},"type":"if","locations":[{"start":{"line":76,"column":1},"end":{"line":78,"column":2}},{"start":{"line":76,"column":1},"end":{"line":78,"column":2}}],"line":76},"1":{"loc":{"start":{"line":76,"column":5},"end":{"line":76,"column":33}},"type":"binary-expr","locations":[{"start":{"line":76,"column":5},"end":{"line":76,"column":17}},{"start":{"line":76,"column":21},"end":{"line":76,"column":33}}],"line":76},"2":{"loc":{"start":{"line":84,"column":1},"end":{"line":86,"column":2}},"type":"if","locations":[{"start":{"line":84,"column":1},"end":{"line":86,"column":2}},{"start":{"line":84,"column":1},"end":{"line":86,"column":2}}],"line":84},"3":{"loc":{"start":{"line":84,"column":5},"end":{"line":84,"column":70}},"type":"binary-expr","locations":[{"start":{"line":84,"column":6},"end":{"line":84,"column":18}},{"start":{"line":84,"column":22},"end":{"line":84,"column":34}},{"start":{"line":84,"column":40},"end":{"line":84,"column":52}},{"start":{"line":84,"column":56},"end":{"line":84,"column":69}}],"line":84},"4":{"loc":{"start":{"line":91,"column":1},"end":{"line":91,"column":46}},"type":"if","locations":[{"start":{"line":91,"column":1},"end":{"line":91,"column":46}},{"start":{"line":91,"column":1},"end":{"line":91,"column":46}}],"line":91},"5":{"loc":{"start":{"line":134,"column":16},"end":{"line":134,"column":28}},"type":"default-arg","locations":[{"start":{"line":134,"column":24},"end":{"line":134,"column":28}}],"line":134},"6":{"loc":{"start":{"line":147,"column":3},"end":{"line":147,"column":50}},"type":"if","locations":[{"start":{"line":147,"column":3},"end":{"line":147,"column":50}},{"start":{"line":147,"column":3},"end":{"line":147,"column":50}}],"line":147},"7":{"loc":{"start":{"line":152,"column":9},"end":{"line":152,"column":46}},"type":"binary-expr","locations":[{"start":{"line":152,"column":9},"end":{"line":152,"column":24}},{"start":{"line":152,"column":28},"end":{"line":152,"column":46}}],"line":152},"8":{"loc":{"start":{"line":153,"column":3},"end":{"line":157,"column":4}},"type":"if","locations":[{"start":{"line":153,"column":3},"end":{"line":157,"column":4}},{"start":{"line":153,"column":3},"end":{"line":157,"column":4}}],"line":153},"9":{"loc":{"start":{"line":167,"column":9},"end":{"line":167,"column":35}},"type":"binary-expr","locations":[{"start":{"line":167,"column":9},"end":{"line":167,"column":24}},{"start":{"line":167,"column":28},"end":{"line":167,"column":35}}],"line":167},"10":{"loc":{"start":{"line":169,"column":3},"end":{"line":172,"column":4}},"type":"if","locations":[{"start":{"line":169,"column":3},"end":{"line":172,"column":4}},{"start":{"line":169,"column":3},"end":{"line":172,"column":4}}],"line":169},"11":{"loc":{"start":{"line":173,"column":3},"end":{"line":177,"column":4}},"type":"if","locations":[{"start":{"line":173,"column":3},"end":{"line":177,"column":4}},{"start":{"line":173,"column":3},"end":{"line":177,"column":4}}],"line":173},"12":{"loc":{"start":{"line":173,"column":7},"end":{"line":173,"column":35}},"type":"binary-expr","locations":[{"start":{"line":173,"column":7},"end":{"line":173,"column":24}},{"start":{"line":173,"column":28},"end":{"line":173,"column":35}}],"line":173},"13":{"loc":{"start":{"line":178,"column":3},"end":{"line":178,"column":31}},"type":"if","locations":[{"start":{"line":178,"column":3},"end":{"line":178,"column":31}},{"start":{"line":178,"column":3},"end":{"line":178,"column":31}}],"line":178},"14":{"loc":{"start":{"line":181,"column":2},"end":{"line":185,"column":3}},"type":"if","locations":[{"start":{"line":181,"column":2},"end":{"line":185,"column":3}},{"start":{"line":181,"column":2},"end":{"line":185,"column":3}}],"line":181},"15":{"loc":{"start":{"line":181,"column":6},"end":{"line":181,"column":30}},"type":"binary-expr","locations":[{"start":{"line":181,"column":6},"end":{"line":181,"column":20}},{"start":{"line":181,"column":24},"end":{"line":181,"column":30}}],"line":181},"16":{"loc":{"start":{"line":192,"column":9},"end":{"line":192,"column":58}},"type":"binary-expr","locations":[{"start":{"line":192,"column":9},"end":{"line":192,"column":24}},{"start":{"line":192,"column":28},"end":{"line":192,"column":58}}],"line":192},"17":{"loc":{"start":{"line":196,"column":2},"end":{"line":198,"column":3}},"type":"if","locations":[{"start":{"line":196,"column":2},"end":{"line":198,"column":3}},{"start":{"line":196,"column":2},"end":{"line":198,"column":3}}],"line":196},"18":{"loc":{"start":{"line":196,"column":6},"end":{"line":196,"column":56}},"type":"binary-expr","locations":[{"start":{"line":196,"column":6},"end":{"line":196,"column":22}},{"start":{"line":196,"column":26},"end":{"line":196,"column":56}}],"line":196},"19":{"loc":{"start":{"line":207,"column":9},"end":{"line":207,"column":44}},"type":"binary-expr","locations":[{"start":{"line":207,"column":9},"end":{"line":207,"column":24}},{"start":{"line":207,"column":28},"end":{"line":207,"column":44}}],"line":207},"20":{"loc":{"start":{"line":209,"column":3},"end":{"line":213,"column":4}},"type":"if","locations":[{"start":{"line":209,"column":3},"end":{"line":213,"column":4}},{"start":{"line":209,"column":3},"end":{"line":213,"column":4}}],"line":209},"21":{"loc":{"start":{"line":209,"column":7},"end":{"line":209,"column":68}},"type":"binary-expr","locations":[{"start":{"line":209,"column":7},"end":{"line":209,"column":25}},{"start":{"line":209,"column":29},"end":{"line":209,"column":47}},{"start":{"line":209,"column":51},"end":{"line":209,"column":68}}],"line":209},"22":{"loc":{"start":{"line":218,"column":2},"end":{"line":304,"column":3}},"type":"switch","locations":[{"start":{"line":219,"column":3},"end":{"line":221,"column":10}},{"start":{"line":222,"column":3},"end":{"line":224,"column":10}},{"start":{"line":225,"column":3},"end":{"line":227,"column":10}},{"start":{"line":228,"column":3},"end":{"line":230,"column":10}},{"start":{"line":231,"column":3},"end":{"line":233,"column":10}},{"start":{"line":234,"column":3},"end":{"line":236,"column":10}},{"start":{"line":238,"column":3},"end":{"line":240,"column":10}},{"start":{"line":242,"column":3},"end":{"line":244,"column":10}},{"start":{"line":246,"column":3},"end":{"line":248,"column":10}},{"start":{"line":249,"column":3},"end":{"line":251,"column":10}},{"start":{"line":252,"column":3},"end":{"line":254,"column":10}},{"start":{"line":255,"column":3},"end":{"line":257,"column":10}},{"start":{"line":258,"column":3},"end":{"line":260,"column":10}},{"start":{"line":261,"column":3},"end":{"line":263,"column":10}},{"start":{"line":265,"column":3},"end":{"line":267,"column":10}},{"start":{"line":268,"column":3},"end":{"line":270,"column":10}},{"start":{"line":271,"column":3},"end":{"line":273,"column":10}},{"start":{"line":274,"column":3},"end":{"line":276,"column":10}},{"start":{"line":277,"column":3},"end":{"line":279,"column":10}},{"start":{"line":281,"column":3},"end":{"line":283,"column":10}},{"start":{"line":284,"column":3},"end":{"line":286,"column":10}},{"start":{"line":287,"column":3},"end":{"line":289,"column":10}},{"start":{"line":291,"column":3},"end":{"line":293,"column":10}},{"start":{"line":294,"column":3},"end":{"line":296,"column":10}},{"start":{"line":298,"column":3},"end":{"line":300,"column":10}},{"start":{"line":302,"column":3},"end":{"line":303,"column":48}}],"line":218},"23":{"loc":{"start":{"line":310,"column":2},"end":{"line":441,"column":3}},"type":"if","locations":[{"start":{"line":310,"column":2},"end":{"line":441,"column":3}},{"start":{"line":310,"column":2},"end":{"line":441,"column":3}}],"line":310},"24":{"loc":{"start":{"line":312,"column":3},"end":{"line":440,"column":4}},"type":"if","locations":[{"start":{"line":312,"column":3},"end":{"line":440,"column":4}},{"start":{"line":312,"column":3},"end":{"line":440,"column":4}}],"line":312},"25":{"loc":{"start":{"line":312,"column":7},"end":{"line":312,"column":46}},"type":"binary-expr","locations":[{"start":{"line":312,"column":7},"end":{"line":312,"column":25}},{"start":{"line":312,"column":29},"end":{"line":312,"column":46}}],"line":312},"26":{"loc":{"start":{"line":315,"column":10},"end":{"line":440,"column":4}},"type":"if","locations":[{"start":{"line":315,"column":10},"end":{"line":440,"column":4}},{"start":{"line":315,"column":10},"end":{"line":440,"column":4}}],"line":315},"27":{"loc":{"start":{"line":315,"column":14},"end":{"line":315,"column":53}},"type":"binary-expr","locations":[{"start":{"line":315,"column":14},"end":{"line":315,"column":32}},{"start":{"line":315,"column":36},"end":{"line":315,"column":53}}],"line":315},"28":{"loc":{"start":{"line":318,"column":10},"end":{"line":440,"column":4}},"type":"if","locations":[{"start":{"line":318,"column":10},"end":{"line":440,"column":4}},{"start":{"line":318,"column":10},"end":{"line":440,"column":4}}],"line":318},"29":{"loc":{"start":{"line":318,"column":14},"end":{"line":318,"column":52}},"type":"binary-expr","locations":[{"start":{"line":318,"column":14},"end":{"line":318,"column":31}},{"start":{"line":318,"column":35},"end":{"line":318,"column":52}}],"line":318},"30":{"loc":{"start":{"line":324,"column":4},"end":{"line":439,"column":5}},"type":"switch","locations":[{"start":{"line":325,"column":5},"end":{"line":327,"column":12}},{"start":{"line":328,"column":5},"end":{"line":330,"column":12}},{"start":{"line":332,"column":5},"end":{"line":334,"column":12}},{"start":{"line":335,"column":5},"end":{"line":337,"column":12}},{"start":{"line":339,"column":5},"end":{"line":341,"column":12}},{"start":{"line":342,"column":5},"end":{"line":344,"column":12}},{"start":{"line":346,"column":5},"end":{"line":348,"column":12}},{"start":{"line":349,"column":5},"end":{"line":351,"column":12}},{"start":{"line":353,"column":5},"end":{"line":355,"column":12}},{"start":{"line":356,"column":5},"end":{"line":358,"column":12}},{"start":{"line":360,"column":5},"end":{"line":362,"column":12}},{"start":{"line":363,"column":5},"end":{"line":365,"column":12}},{"start":{"line":366,"column":5},"end":{"line":368,"column":12}},{"start":{"line":369,"column":5},"end":{"line":371,"column":12}},{"start":{"line":372,"column":5},"end":{"line":374,"column":12}},{"start":{"line":375,"column":5},"end":{"line":384,"column":12}},{"start":{"line":386,"column":5},"end":{"line":392,"column":97}},{"start":{"line":394,"column":5},"end":{"line":400,"column":99}},{"start":{"line":402,"column":5},"end":{"line":409,"column":12}},{"start":{"line":411,"column":5},"end":{"line":418,"column":12}},{"start":{"line":420,"column":5},"end":{"line":427,"column":12}},{"start":{"line":428,"column":5},"end":{"line":435,"column":12}},{"start":{"line":437,"column":5},"end":{"line":438,"column":60}}],"line":324},"31":{"loc":{"start":{"line":376,"column":6},"end":{"line":382,"column":7}},"type":"if","locations":[{"start":{"line":376,"column":6},"end":{"line":382,"column":7}},{"start":{"line":376,"column":6},"end":{"line":382,"column":7}}],"line":376},"32":{"loc":{"start":{"line":376,"column":10},"end":{"line":376,"column":46}},"type":"binary-expr","locations":[{"start":{"line":376,"column":10},"end":{"line":376,"column":25}},{"start":{"line":376,"column":29},"end":{"line":376,"column":46}}],"line":376},"33":{"loc":{"start":{"line":378,"column":14},"end":{"line":378,"column":51}},"type":"binary-expr","locations":[{"start":{"line":378,"column":14},"end":{"line":378,"column":29}},{"start":{"line":378,"column":33},"end":{"line":378,"column":51}}],"line":378},"34":{"loc":{"start":{"line":387,"column":6},"end":{"line":391,"column":7}},"type":"if","locations":[{"start":{"line":387,"column":6},"end":{"line":391,"column":7}},{"start":{"line":387,"column":6},"end":{"line":391,"column":7}}],"line":387},"35":{"loc":{"start":{"line":387,"column":10},"end":{"line":387,"column":46}},"type":"binary-expr","locations":[{"start":{"line":387,"column":10},"end":{"line":387,"column":25}},{"start":{"line":387,"column":29},"end":{"line":387,"column":46}}],"line":387},"36":{"loc":{"start":{"line":395,"column":6},"end":{"line":399,"column":7}},"type":"if","locations":[{"start":{"line":395,"column":6},"end":{"line":399,"column":7}},{"start":{"line":395,"column":6},"end":{"line":399,"column":7}}],"line":395},"37":{"loc":{"start":{"line":395,"column":10},"end":{"line":395,"column":46}},"type":"binary-expr","locations":[{"start":{"line":395,"column":10},"end":{"line":395,"column":25}},{"start":{"line":395,"column":29},"end":{"line":395,"column":46}}],"line":395},"38":{"loc":{"start":{"line":403,"column":6},"end":{"line":407,"column":7}},"type":"if","locations":[{"start":{"line":403,"column":6},"end":{"line":407,"column":7}},{"start":{"line":403,"column":6},"end":{"line":407,"column":7}}],"line":403},"39":{"loc":{"start":{"line":403,"column":10},"end":{"line":403,"column":46}},"type":"binary-expr","locations":[{"start":{"line":403,"column":10},"end":{"line":403,"column":25}},{"start":{"line":403,"column":29},"end":{"line":403,"column":46}}],"line":403},"40":{"loc":{"start":{"line":412,"column":6},"end":{"line":416,"column":7}},"type":"if","locations":[{"start":{"line":412,"column":6},"end":{"line":416,"column":7}},{"start":{"line":412,"column":6},"end":{"line":416,"column":7}}],"line":412},"41":{"loc":{"start":{"line":412,"column":10},"end":{"line":412,"column":46}},"type":"binary-expr","locations":[{"start":{"line":412,"column":10},"end":{"line":412,"column":25}},{"start":{"line":412,"column":29},"end":{"line":412,"column":46}}],"line":412},"42":{"loc":{"start":{"line":421,"column":6},"end":{"line":425,"column":7}},"type":"if","locations":[{"start":{"line":421,"column":6},"end":{"line":425,"column":7}},{"start":{"line":421,"column":6},"end":{"line":425,"column":7}}],"line":421},"43":{"loc":{"start":{"line":421,"column":10},"end":{"line":421,"column":46}},"type":"binary-expr","locations":[{"start":{"line":421,"column":10},"end":{"line":421,"column":25}},{"start":{"line":421,"column":29},"end":{"line":421,"column":46}}],"line":421},"44":{"loc":{"start":{"line":429,"column":6},"end":{"line":433,"column":7}},"type":"if","locations":[{"start":{"line":429,"column":6},"end":{"line":433,"column":7}},{"start":{"line":429,"column":6},"end":{"line":433,"column":7}}],"line":429},"45":{"loc":{"start":{"line":429,"column":10},"end":{"line":429,"column":46}},"type":"binary-expr","locations":[{"start":{"line":429,"column":10},"end":{"line":429,"column":25}},{"start":{"line":429,"column":29},"end":{"line":429,"column":46}}],"line":429}},"s":{"0":2,"1":9420,"2":9420,"3":1642,"4":7778,"5":17239,"6":17239,"7":12011,"8":5228,"9":8855,"10":3136,"11":5719,"12":6547,"13":3,"14":10,"15":10,"16":10,"17":10,"18":10,"19":10,"20":10,"21":10,"22":10,"23":10,"24":5721,"25":10,"26":10,"27":0,"28":6547,"29":38666,"30":19365,"31":19365,"32":19365,"33":19355,"34":5721,"35":3136,"36":830,"37":830,"38":830,"39":3136,"40":519,"41":519,"42":519,"43":519,"44":1714,"45":1714,"46":1113,"47":1113,"48":1714,"49":82,"50":82,"51":82,"52":1714,"53":1195,"54":519,"55":0,"56":519,"57":169,"58":169,"59":169,"60":169,"61":906,"62":906,"63":169,"64":0,"65":169,"66":169,"67":1963,"68":1963,"69":1963,"70":12039,"71":12039,"72":10076,"73":10076,"74":10076,"75":1963,"76":296,"77":296,"78":20,"79":20,"80":12,"81":12,"82":10,"83":10,"84":2,"85":2,"86":10,"87":10,"88":354,"89":354,"90":3,"91":3,"92":8,"93":8,"94":8,"95":8,"96":4,"97":4,"98":4,"99":4,"100":4,"101":4,"102":4,"103":4,"104":5,"105":5,"106":2,"107":2,"108":4,"109":4,"110":4,"111":4,"112":4,"113":4,"114":63,"115":63,"116":44,"117":44,"118":68,"119":68,"120":136,"121":136,"122":341,"123":341,"124":4,"125":4,"126":549,"127":5721,"128":5721,"129":5719,"130":519,"131":5200,"132":1963,"133":3237,"134":169,"135":3068,"136":3068,"137":3068,"138":556,"139":556,"140":80,"141":80,"142":26,"143":26,"144":16,"145":16,"146":109,"147":109,"148":108,"149":108,"150":0,"151":0,"152":0,"153":0,"154":713,"155":713,"156":713,"157":713,"158":10,"159":10,"160":10,"161":10,"162":77,"163":77,"164":130,"165":130,"166":10,"167":10,"168":22,"169":12,"170":12,"171":356,"172":12,"173":10,"174":10,"175":14,"176":14,"177":14,"178":14,"179":0,"180":12,"181":12,"182":12,"183":12,"184":0,"185":255,"186":192,"187":192,"188":192,"189":63,"190":63,"191":151,"192":38,"193":38,"194":38,"195":113,"196":113,"197":18,"198":8,"199":8,"200":8,"201":10,"202":10,"203":38,"204":14,"205":14,"206":14,"207":24,"208":24,"209":0,"210":2},"f":{"0":9420,"1":17239,"2":8855,"3":6547,"4":3,"5":10,"6":10,"7":0,"8":6547,"9":38666,"10":19365,"11":5721,"12":519,"13":169,"14":1963,"15":5721},"b":{"0":[1642,7778],"1":[9420,5322],"2":[12011,5228],"3":[17239,12266,16864,11869],"4":[3136,5719],"5":[4470],"6":[19355,10],"7":[8857,8855],"8":[830,2306],"9":[2233,2233],"10":[1113,601],"11":[82,1632],"12":[1714,82],"13":[1195,519],"14":[0,519],"15":[519,191],"16":[1075,1075],"17":[0,169],"18":[169,0],"19":[14002,14002],"20":[10076,1963],"21":[12039,1987,1971],"22":[296,20,12,10,2,10,354,3,8,8,4,4,4,4,5,2,4,4,4,63,44,68,136,341,4,549],"23":[5719,2],"24":[519,5200],"25":[5719,5206],"26":[1963,3237],"27":[5200,3241],"28":[169,3068],"29":[3237,3068],"30":[556,80,26,16,109,108,0,0,713,713,10,10,77,130,10,22,14,12,255,151,18,38,0],"31":[12,10],"32":[22,22],"33":[368,368],"34":[14,0],"35":[14,14],"36":[12,0],"37":[12,12],"38":[192,63],"39":[255,255],"40":[38,113],"41":[151,151],"42":[8,10],"43":[18,18],"44":[14,24],"45":[38,38]},"_coverageSchema":"1a1c01bbd47fc00a2c39e90264f33305004495a9","hash":"e68108176f8663e85454cf72ebadcdfbb9bf3a45"}
,"D:\\Programming\\Interpreter\\test\\testCode.js": {"path":"D:\\Programming\\Interpreter\\test\\testCode.js","statementMap":{"0":{"start":{"line":1,"column":0},"end":{"line":416,"column":2}}},"fnMap":{},"branchMap":{},"s":{"0":1},"f":{},"b":{},"_coverageSchema":"1a1c01bbd47fc00a2c39e90264f33305004495a9","hash":"ae3030afa0ddfcd35b29ecc9edf5bb625d1cde4e"}
}
