TN:
SF:Interpreter.js
FN:8,(anonymous_0)
FN:48,(anonymous_1)
FNF:2
FNH:2
FNDA:7,(anonymous_0)
FNDA:9,(anonymous_1)
DA:1,1
DA:2,1
DA:3,1
DA:9,7
DA:11,7
DA:13,7
DA:14,7
DA:16,2
DA:17,2
DA:19,2
DA:20,2
DA:22,2
DA:23,2
DA:25,1
DA:28,6
DA:29,5
DA:30,5
DA:32,1
DA:33,1
DA:35,1
DA:36,1
DA:38,2
DA:39,2
DA:41,1
DA:45,5
DA:49,9
DA:50,9
DA:53,9
DA:54,9
DA:55,9
DA:56,6
DA:57,22
DA:58,4
DA:59,4
DA:60,18
DA:61,4
DA:62,4
DA:63,14
DA:64,4
DA:65,4
DA:67,10
DA:68,10
DA:74,9
DA:75,9
DA:78,9
DA:79,9
DA:82,9
DA:85,9
DA:86,1
DA:90,9
DA:92,6
DA:94,3
DA:99,1
LF:53
LH:53
BRDA:14,0,0,2
BRDA:14,0,1,2
BRDA:14,0,2,2
BRDA:14,0,3,1
BRDA:30,1,0,1
BRDA:30,1,1,1
BRDA:30,1,2,2
BRDA:30,1,3,1
BRDA:55,2,0,6
BRDA:55,2,1,3
BRDA:55,3,0,9
BRDA:55,3,1,9
BRDA:57,4,0,4
BRDA:57,4,1,18
BRDA:60,5,0,4
BRDA:60,5,1,14
BRDA:63,6,0,4
BRDA:63,6,1,10
BRDA:85,7,0,1
BRDA:85,7,1,8
BRF:20
BRH:20
end_of_record
TN:
SF:OpObjs.js
FN:13,(anonymous_0)
FN:20,(anonymous_1)
FN:24,(anonymous_2)
FN:28,(anonymous_3)
FN:32,(anonymous_4)
FN:38,(anonymous_5)
FN:47,(anonymous_6)
FN:58,(anonymous_7)
FN:70,(anonymous_8)
FN:86,(anonymous_9)
FN:89,(anonymous_10)
FN:92,(anonymous_11)
FN:95,(anonymous_12)
FN:98,(anonymous_13)
FN:101,(anonymous_14)
FN:107,(anonymous_15)
FN:111,(anonymous_16)
FN:114,(anonymous_17)
FN:118,(anonymous_18)
FN:122,(anonymous_19)
FN:125,(anonymous_20)
FN:128,(anonymous_21)
FN:131,(anonymous_22)
FN:134,(anonymous_23)
FN:140,(anonymous_24)
FN:144,(anonymous_25)
FN:148,(anonymous_26)
FN:171,(anonymous_27)
FN:186,(anonymous_28)
FN:189,(anonymous_29)
FN:201,(anonymous_30)
FN:213,(anonymous_31)
FN:216,(anonymous_32)
FN:222,(anonymous_33)
FN:226,(anonymous_34)
FN:230,(anonymous_35)
FN:253,(anonymous_36)
FN:270,(anonymous_37)
FN:273,(anonymous_38)
FN:285,(anonymous_39)
FN:297,(anonymous_40)
FN:300,(anonymous_41)
FN:306,(anonymous_42)
FN:310,(anonymous_43)
FN:314,(anonymous_44)
FN:334,(anonymous_45)
FN:350,(anonymous_46)
FN:353,(anonymous_47)
FN:356,(anonymous_48)
FN:359,(anonymous_49)
FN:362,(anonymous_50)
FNF:51
FNH:41
FNDA:807644,(anonymous_0)
FNDA:112180,(anonymous_1)
FNDA:90822,(anonymous_2)
FNDA:2,(anonymous_3)
FNDA:382149,(anonymous_4)
FNDA:111900,(anonymous_5)
FNDA:111861,(anonymous_6)
FNDA:383315,(anonymous_7)
FNDA:136055,(anonymous_8)
FNDA:45412,(anonymous_9)
FNDA:2,(anonymous_10)
FNDA:45313,(anonymous_11)
FNDA:45313,(anonymous_12)
FNDA:3,(anonymous_13)
FNDA:3,(anonymous_14)
FNDA:111929,(anonymous_15)
FNDA:4,(anonymous_16)
FNDA:1,(anonymous_17)
FNDA:12,(anonymous_18)
FNDA:2,(anonymous_19)
FNDA:1,(anonymous_20)
FNDA:1,(anonymous_21)
FNDA:2,(anonymous_22)
FNDA:2,(anonymous_23)
FNDA:112164,(anonymous_24)
FNDA:2,(anonymous_25)
FNDA:58,(anonymous_26)
FNDA:40,(anonymous_27)
FNDA:0,(anonymous_28)
FNDA:0,(anonymous_29)
FNDA:0,(anonymous_30)
FNDA:0,(anonymous_31)
FNDA:0,(anonymous_32)
FNDA:359086,(anonymous_33)
FNDA:250,(anonymous_34)
FNDA:45987,(anonymous_35)
FNDA:45314,(anonymous_36)
FNDA:0,(anonymous_37)
FNDA:45316,(anonymous_38)
FNDA:45316,(anonymous_39)
FNDA:3,(anonymous_40)
FNDA:3,(anonymous_41)
FNDA:112563,(anonymous_42)
FNDA:56,(anonymous_43)
FNDA:130,(anonymous_44)
FNDA:60,(anonymous_45)
FNDA:2,(anonymous_46)
FNDA:0,(anonymous_47)
FNDA:0,(anonymous_48)
FNDA:0,(anonymous_49)
FNDA:0,(anonymous_50)
DA:1,2
DA:3,2
DA:14,807644
DA:15,807644
DA:16,807644
DA:17,807644
DA:21,112180
DA:25,90822
DA:29,2
DA:33,382149
DA:39,111900
DA:40,111900
DA:41,111900
DA:42,111900
DA:43,111900
DA:44,111900
DA:48,111861
DA:49,3
DA:51,111858
DA:52,111858
DA:53,111858
DA:54,111858
DA:55,111858
DA:59,383315
DA:61,383315
DA:62,67843
DA:64,315472
DA:66,383315
DA:67,383315
DA:71,136055
DA:73,5
DA:75,63
DA:76,63
DA:78,41
DA:79,41
DA:81,135946
DA:82,135946
DA:87,45412
DA:90,2
DA:93,45313
DA:96,45313
DA:99,3
DA:102,3
DA:108,111929
DA:112,4
DA:115,1
DA:119,12
DA:120,8
DA:123,2
DA:126,1
DA:129,1
DA:132,2
DA:135,2
DA:141,112164
DA:145,2
DA:149,58
DA:150,57
DA:152,57
DA:153,57
DA:155,57
DA:157,0
DA:158,0
DA:160,57
DA:161,57
DA:163,0
DA:164,0
DA:166,0
DA:169,57
DA:172,40
DA:173,40
DA:175,40
DA:177,4
DA:179,36
DA:181,0
DA:183,0
DA:187,0
DA:190,0
DA:191,0
DA:192,0
DA:194,0
DA:196,0
DA:198,0
DA:202,0
DA:203,0
DA:204,0
DA:206,0
DA:208,0
DA:210,0
DA:214,0
DA:217,0
DA:223,359086
DA:227,250
DA:231,45987
DA:232,45986
DA:234,45986
DA:235,45986
DA:237,45986
DA:239,0
DA:240,0
DA:242,0
DA:243,0
DA:245,45986
DA:246,45986
DA:248,0
DA:250,45986
DA:251,45986
DA:254,45314
DA:255,45314
DA:257,45314
DA:258,45314
DA:259,45314
DA:261,0
DA:263,0
DA:265,45314
DA:267,0
DA:271,0
DA:274,45316
DA:275,45316
DA:276,45316
DA:278,0
DA:280,45316
DA:282,0
DA:286,45316
DA:287,45316
DA:288,45316
DA:290,0
DA:292,45316
DA:294,0
DA:298,3
DA:301,3
DA:307,112563
DA:311,56
DA:315,130
DA:316,129
DA:318,129
DA:319,129
DA:321,129
DA:323,0
DA:324,0
DA:326,129
DA:327,129
DA:329,0
DA:331,129
DA:335,60
DA:336,60
DA:338,60
DA:339,58
DA:341,58
DA:343,0
DA:345,58
DA:347,0
DA:351,2
DA:354,0
DA:357,0
DA:360,0
DA:363,0
DA:367,2
LF:157
LH:113
BRDA:13,0,0,8
BRDA:13,1,0,1
BRDA:13,2,0,1
BRDA:13,3,0,1
BRDA:48,4,0,3
BRDA:48,4,1,111858
BRDA:59,5,0,0
BRDA:59,5,1,383315
BRDA:61,6,0,67843
BRDA:61,6,1,315472
BRDA:71,7,0,5
BRDA:71,7,1,63
BRDA:71,7,2,41
BRDA:71,7,3,135946
BRDA:119,8,0,4
BRDA:119,8,1,8
BRDA:140,9,0,1
BRDA:140,10,0,2
BRDA:141,11,0,111954
BRDA:141,11,1,210
BRDA:149,12,0,1
BRDA:149,12,1,57
BRDA:150,13,0,0
BRDA:150,13,1,57
BRDA:153,14,0,55
BRDA:153,14,1,2
BRDA:155,15,0,0
BRDA:155,15,1,57
BRDA:155,15,2,0
BRDA:155,15,3,0
BRDA:163,16,0,0
BRDA:163,16,1,0
BRDA:173,17,0,36
BRDA:173,17,1,4
BRDA:175,18,0,4
BRDA:175,18,1,36
BRDA:175,18,2,0
BRDA:175,18,3,0
BRDA:191,19,0,0
BRDA:191,19,1,0
BRDA:192,20,0,0
BRDA:192,20,1,0
BRDA:192,20,2,0
BRDA:203,21,0,0
BRDA:203,21,1,0
BRDA:204,22,0,0
BRDA:204,22,1,0
BRDA:204,22,2,0
BRDA:214,23,0,0
BRDA:214,23,1,0
BRDA:217,24,0,0
BRDA:217,24,1,0
BRDA:222,25,0,1
BRDA:222,26,0,19
BRDA:223,27,0,156224
BRDA:223,27,1,202862
BRDA:231,28,0,1
BRDA:231,28,1,45986
BRDA:232,29,0,0
BRDA:232,29,1,45986
BRDA:235,30,0,45131
BRDA:235,30,1,855
BRDA:237,31,0,0
BRDA:237,31,1,0
BRDA:237,31,2,45986
BRDA:237,31,3,0
BRDA:242,32,0,0
BRDA:242,32,1,0
BRDA:250,33,0,0
BRDA:250,33,1,45986
BRDA:255,34,0,45310
BRDA:255,34,1,4
BRDA:257,35,0,0
BRDA:257,35,1,45314
BRDA:257,36,0,45314
BRDA:257,36,1,0
BRDA:258,37,0,0
BRDA:258,37,1,45314
BRDA:258,38,0,45314
BRDA:258,38,1,0
BRDA:259,39,0,0
BRDA:259,39,1,0
BRDA:259,39,2,45314
BRDA:259,39,3,0
BRDA:275,40,0,45310
BRDA:275,40,1,6
BRDA:276,41,0,0
BRDA:276,41,1,45316
BRDA:276,41,2,0
BRDA:287,42,0,45310
BRDA:287,42,1,6
BRDA:288,43,0,0
BRDA:288,43,1,45316
BRDA:288,43,2,0
BRDA:298,44,0,3
BRDA:298,44,1,2
BRDA:301,45,0,3
BRDA:301,45,1,2
BRDA:306,46,0,1
BRDA:306,47,0,8
BRDA:307,48,0,112012
BRDA:307,48,1,551
BRDA:315,49,0,1
BRDA:315,49,1,129
BRDA:316,50,0,0
BRDA:316,50,1,129
BRDA:319,51,0,73
BRDA:319,51,1,56
BRDA:321,52,0,0
BRDA:321,52,1,129
BRDA:321,52,2,0
BRDA:336,53,0,54
BRDA:336,53,1,6
BRDA:338,54,0,2
BRDA:338,54,1,58
BRDA:338,55,0,60
BRDA:338,55,1,2
BRDA:339,56,0,0
BRDA:339,56,1,58
BRDA:339,57,0,58
BRDA:339,57,1,0
BRDA:341,58,0,0
BRDA:341,58,1,58
BRDA:341,58,2,0
BRF:124
BRH:76
end_of_record
TN:
SF:Parser.js
FN:8,(anonymous_0)
FN:29,(anonymous_1)
FN:33,(anonymous_2)
FN:44,(anonymous_3)
FN:48,(anonymous_4)
FN:52,(anonymous_5)
FN:56,(anonymous_6)
FN:60,(anonymous_7)
FN:72,(anonymous_8)
FN:76,(anonymous_9)
FN:90,(anonymous_10)
FN:100,(anonymous_11)
FN:144,(anonymous_12)
FN:148,(anonymous_13)
FN:152,(anonymous_14)
FN:155,(anonymous_15)
FN:158,(anonymous_16)
FN:176,(anonymous_17)
FN:178,(anonymous_18)
FN:185,(anonymous_19)
FN:189,(anonymous_20)
FN:194,(anonymous_21)
FN:199,(anonymous_22)
FN:209,(anonymous_23)
FN:214,(anonymous_24)
FN:227,(anonymous_25)
FN:232,(anonymous_26)
FN:237,(anonymous_27)
FN:242,(anonymous_28)
FN:278,(anonymous_29)
FN:297,(anonymous_30)
FN:531,(anonymous_31)
FN:556,(anonymous_32)
FN:588,(anonymous_33)
FN:624,(anonymous_34)
FN:670,(anonymous_35)
FN:692,(anonymous_36)
FN:713,(anonymous_37)
FN:741,(anonymous_38)
FN:774,(anonymous_39)
FN:798,(anonymous_40)
FN:850,(anonymous_41)
FN:874,(anonymous_42)
FN:882,(anonymous_43)
FN:893,(anonymous_44)
FN:906,(anonymous_45)
FN:963,(anonymous_46)
FN:1052,(anonymous_47)
FN:1066,(anonymous_48)
FN:1083,(anonymous_49)
FN:1104,(anonymous_50)
FN:1157,(anonymous_51)
FNF:52
FNH:49
FNDA:9,(anonymous_0)
FNDA:675,(anonymous_1)
FNDA:0,(anonymous_2)
FNDA:0,(anonymous_3)
FNDA:0,(anonymous_4)
FNDA:39,(anonymous_5)
FNDA:1434,(anonymous_6)
FNDA:5706,(anonymous_7)
FNDA:23804,(anonymous_8)
FNDA:5706,(anonymous_9)
FNDA:9,(anonymous_10)
FNDA:9,(anonymous_11)
FNDA:83,(anonymous_12)
FNDA:83,(anonymous_13)
FNDA:450,(anonymous_14)
FNDA:450,(anonymous_15)
FNDA:155,(anonymous_16)
FNDA:795,(anonymous_17)
FNDA:6474,(anonymous_18)
FNDA:59,(anonymous_19)
FNDA:74,(anonymous_20)
FNDA:1596,(anonymous_21)
FNDA:1586,(anonymous_22)
FNDA:1556,(anonymous_23)
FNDA:1461,(anonymous_24)
FNDA:1175,(anonymous_25)
FNDA:1163,(anonymous_26)
FNDA:1165,(anonymous_27)
FNDA:162,(anonymous_28)
FNDA:278,(anonymous_29)
FNDA:1781,(anonymous_30)
FNDA:1586,(anonymous_31)
FNDA:1556,(anonymous_32)
FNDA:1461,(anonymous_33)
FNDA:1175,(anonymous_34)
FNDA:1163,(anonymous_35)
FNDA:1149,(anonymous_36)
FNDA:1149,(anonymous_37)
FNDA:296,(anonymous_38)
FNDA:10,(anonymous_39)
FNDA:12,(anonymous_40)
FNDA:10,(anonymous_41)
FNDA:10,(anonymous_42)
FNDA:3,(anonymous_43)
FNDA:10,(anonymous_44)
FNDA:117,(anonymous_45)
FNDA:74,(anonymous_46)
FNDA:354,(anonymous_47)
FNDA:74,(anonymous_48)
FNDA:126,(anonymous_49)
FNDA:968,(anonymous_50)
FNDA:447,(anonymous_51)
DA:1,1
DA:2,1
DA:3,1
DA:9,9
DA:11,9
DA:12,9
DA:13,9
DA:15,9
DA:17,9
DA:18,9
DA:20,9
DA:22,9
DA:23,9
DA:24,9
DA:26,9
DA:30,675
DA:35,0
DA:36,0
DA:38,0
DA:40,0
DA:41,0
DA:45,0
DA:49,0
DA:53,39
DA:57,1434
DA:61,5706
DA:62,5706
DA:64,0
DA:65,0
DA:67,0
DA:73,23804
DA:77,5706
DA:78,5706
DA:79,5706
DA:80,5706
DA:81,5706
DA:82,837
DA:83,837
DA:84,837
DA:85,828
DA:91,9
DA:92,9
DA:94,9
DA:95,2
DA:96,2
DA:102,9
DA:103,9
DA:105,9
DA:107,9
DA:109,9
DA:110,9
DA:112,9
DA:113,9
DA:114,9
DA:116,9
DA:118,9
DA:119,22
DA:122,9
DA:124,9
DA:125,9
DA:126,9
DA:128,9
DA:130,9
DA:131,9
DA:133,9
DA:134,9
DA:135,9
DA:136,5
DA:138,9
DA:140,9
DA:141,9
DA:145,83
DA:146,83
DA:149,83
DA:153,450
DA:156,450
DA:159,155
DA:160,155
DA:161,155
DA:162,155
DA:163,155
DA:164,22
DA:166,155
DA:170,71
DA:171,71
DA:173,155
DA:177,795
DA:178,6474
DA:179,1307
DA:180,667
DA:182,155
DA:186,59
DA:190,74
DA:195,1596
DA:196,1586
DA:200,1586
DA:204,30
DA:206,1556
DA:210,1556
DA:211,1461
DA:215,1461
DA:222,286
DA:224,1175
DA:228,1175
DA:229,1163
DA:233,1163
DA:234,1149
DA:238,1165
DA:239,1149
DA:243,162
DA:244,162
DA:245,64
DA:246,64
DA:248,162
DA:249,162
DA:250,162
DA:252,162
DA:254,162
DA:256,162
DA:257,146
DA:258,146
DA:260,146
DA:262,146
DA:263,52
DA:267,162
DA:269,162
DA:270,24
DA:272,138
DA:275,162
DA:279,278
DA:280,278
DA:281,278
DA:282,278
DA:284,278
DA:286,98
DA:291,180
DA:292,180
DA:294,0
DA:298,1781
DA:299,1781
DA:301,278
DA:304,112
DA:305,112
DA:306,112
DA:307,112
DA:308,112
DA:311,63
DA:312,63
DA:313,63
DA:314,63
DA:315,63
DA:318,10
DA:319,10
DA:320,10
DA:321,10
DA:322,10
DA:325,56
DA:326,56
DA:327,56
DA:328,56
DA:331,4
DA:332,4
DA:333,4
DA:336,136
DA:337,136
DA:338,136
DA:341,341
DA:342,341
DA:343,341
DA:346,519
DA:347,519
DA:348,519
DA:351,169
DA:352,169
DA:353,169
DA:356,8
DA:357,8
DA:358,8
DA:359,8
DA:360,8
DA:362,8
DA:363,8
DA:366,16
DA:367,16
DA:368,16
DA:369,16
DA:370,16
DA:372,16
DA:373,16
DA:376,18
DA:377,18
DA:378,18
DA:379,18
DA:380,2
DA:381,2
DA:382,2
DA:383,2
DA:384,2
DA:385,2
DA:386,2
DA:388,16
DA:390,18
DA:391,18
DA:394,8
DA:395,8
DA:396,8
DA:397,8
DA:398,8
DA:399,8
DA:400,8
DA:403,8
DA:404,8
DA:405,8
DA:406,8
DA:407,8
DA:408,8
DA:409,8
DA:412,4
DA:413,4
DA:414,4
DA:415,4
DA:416,4
DA:417,4
DA:418,4
DA:421,4
DA:422,4
DA:423,4
DA:424,4
DA:425,4
DA:426,4
DA:427,4
DA:428,4
DA:429,4
DA:430,4
DA:431,4
DA:432,4
DA:435,4
DA:436,4
DA:437,4
DA:438,4
DA:439,4
DA:440,4
DA:441,4
DA:442,4
DA:443,4
DA:444,4
DA:445,4
DA:446,4
DA:450,4
DA:451,4
DA:452,4
DA:454,4
DA:456,4
DA:457,4
DA:459,4
DA:460,4
DA:461,4
DA:463,4
DA:464,4
DA:466,4
DA:467,4
DA:469,4
DA:470,4
DA:473,4
DA:474,4
DA:475,4
DA:476,4
DA:477,4
DA:478,4
DA:481,4
DA:482,4
DA:483,4
DA:485,4
DA:487,4
DA:488,4
DA:490,4
DA:492,4
DA:493,4
DA:495,4
DA:496,4
DA:497,4
DA:498,4
DA:499,4
DA:500,4
DA:503,4
DA:504,4
DA:505,4
DA:506,4
DA:507,4
DA:508,4
DA:511,5
DA:512,5
DA:513,5
DA:514,5
DA:515,5
DA:516,5
DA:519,2
DA:520,2
DA:521,2
DA:522,2
DA:523,2
DA:524,2
DA:527,0
DA:532,1586
DA:534,1586
DA:535,10
DA:537,10
DA:538,10
DA:539,10
DA:540,10
DA:541,10
DA:543,10
DA:545,10
DA:547,10
DA:548,10
DA:549,10
DA:553,1586
DA:557,1556
DA:559,1556
DA:560,30
DA:562,30
DA:563,30
DA:564,30
DA:565,30
DA:566,30
DA:568,30
DA:570,30
DA:572,10
DA:573,10
DA:575,10
DA:576,10
DA:577,10
DA:579,10
DA:580,10
DA:581,10
DA:585,1556
DA:589,1461
DA:591,1461
DA:592,95
DA:594,95
DA:595,95
DA:596,95
DA:598,95
DA:600,95
DA:602,95
DA:604,77
DA:605,22
DA:606,22
DA:607,55
DA:608,55
DA:610,0
DA:612,77
DA:614,18
DA:615,18
DA:616,18
DA:617,18
DA:621,1461
DA:625,1175
DA:627,1175
DA:628,286
DA:629,286
DA:630,286
DA:631,286
DA:633,286
DA:636,286
DA:637,286
DA:639,286
DA:641,38
DA:642,38
DA:644,192
DA:645,192
DA:647,10
DA:648,10
DA:649,10
DA:651,8
DA:652,8
DA:653,8
DA:655,24
DA:656,24
DA:657,24
DA:659,14
DA:660,14
DA:661,14
DA:664,286
DA:667,1175
DA:671,1163
DA:673,1163
DA:674,12
DA:676,12
DA:677,12
DA:678,12
DA:681,12
DA:683,12
DA:684,12
DA:686,12
DA:689,1163
DA:693,1149
DA:695,1149
DA:696,14
DA:698,14
DA:699,14
DA:700,14
DA:702,14
DA:704,14
DA:705,14
DA:707,14
DA:710,1149
DA:714,1149
DA:716,1149
DA:717,16
DA:719,16
DA:721,16
DA:722,16
DA:723,16
DA:724,16
DA:726,16
DA:728,16
DA:730,16
DA:731,16
DA:733,16
DA:735,16
DA:738,1149
DA:742,296
DA:744,296
DA:745,296
DA:747,296
DA:748,2
DA:751,296
DA:752,296
DA:753,296
DA:755,296
DA:757,296
DA:758,2
DA:759,2
DA:760,2
DA:762,2
DA:764,2
DA:766,2
DA:768,294
DA:771,296
DA:775,10
DA:776,10
DA:779,10
DA:780,10
DA:782,10
DA:784,10
DA:785,0
DA:787,10
DA:788,10
DA:789,10
DA:791,10
DA:793,10
DA:794,10
DA:795,10
DA:799,12
DA:800,12
DA:801,12
DA:802,12
DA:805,12
DA:807,12
DA:808,12
DA:810,12
DA:811,10
DA:813,2
DA:816,12
DA:818,12
DA:819,10
DA:820,0
DA:822,10
DA:823,10
DA:826,12
DA:827,12
DA:829,12
DA:831,12
DA:832,10
DA:835,12
DA:837,12
DA:839,12
DA:841,12
DA:843,12
DA:844,12
DA:846,12
DA:847,12
DA:851,10
DA:852,10
DA:854,10
DA:856,10
DA:858,10
DA:860,10
DA:861,10
DA:863,10
DA:864,0
DA:867,10
DA:868,10
DA:869,10
DA:871,10
DA:875,10
DA:876,10
DA:877,10
DA:879,10
DA:883,3
DA:884,3
DA:885,3
DA:886,3
DA:888,0
DA:890,3
DA:894,10
DA:898,8
DA:899,8
DA:901,2
DA:902,2
DA:907,117
DA:908,117
DA:910,39
DA:911,39
DA:913,58
DA:914,58
DA:916,20
DA:917,20
DA:919,0
DA:921,117
DA:923,117
DA:925,117
DA:926,117
DA:927,117
DA:929,117
DA:930,74
DA:931,74
DA:933,43
DA:934,43
DA:935,43
DA:937,29
DA:938,29
DA:940,2
DA:941,2
DA:943,12
DA:944,12
DA:946,0
DA:948,43
DA:949,39
DA:950,39
DA:951,39
DA:952,39
DA:955,43
DA:957,43
DA:959,43
DA:964,74
DA:965,74
DA:966,74
DA:968,74
DA:970,74
DA:971,74
DA:973,74
DA:974,74
DA:975,74
DA:977,74
DA:978,74
DA:979,16
DA:981,8
DA:982,8
DA:984,2
DA:985,2
DA:987,6
DA:988,6
DA:990,0
DA:992,16
DA:994,16
DA:995,16
DA:997,16
DA:998,2
DA:999,2
DA:1002,74
DA:1004,74
DA:1005,74
DA:1007,74
DA:1008,74
DA:1009,16
DA:1010,16
DA:1011,16
DA:1014,74
DA:1016,74
DA:1017,74
DA:1019,74
DA:1020,74
DA:1021,74
DA:1023,74
DA:1024,74
DA:1026,74
DA:1027,16
DA:1028,16
DA:1030,2
DA:1031,2
DA:1033,8
DA:1034,8
DA:1036,6
DA:1037,6
DA:1039,0
DA:1041,16
DA:1044,74
DA:1047,74
DA:1048,74
DA:1049,74
DA:1053,354
DA:1055,354
DA:1056,354
DA:1057,354
DA:1059,0
DA:1062,354
DA:1063,354
DA:1067,74
DA:1069,74
DA:1070,74
DA:1071,74
DA:1073,74
DA:1075,74
DA:1076,74
DA:1078,74
DA:1080,74
DA:1084,126
DA:1086,126
DA:1087,126
DA:1089,126
DA:1093,62
DA:1094,62
DA:1096,64
DA:1097,64
DA:1098,64
DA:1100,0
DA:1105,968
DA:1107,296
DA:1108,296
DA:1110,10
DA:1111,10
DA:1113,12
DA:1114,12
DA:1116,10
DA:1117,10
DA:1119,10
DA:1120,10
DA:1123,3
DA:1124,3
DA:1127,354
DA:1128,354
DA:1130,0
DA:1132,354
DA:1137,109
DA:1138,109
DA:1141,126
DA:1142,126
DA:1145,34
DA:1146,34
DA:1149,4
DA:1150,4
DA:1153,0
DA:1158,447
DA:1161,447
DA:1163,447
DA:1165,447
DA:1166,108
DA:1167,108
DA:1170,447
DA:1171,1076
DA:1172,108
DA:1173,108
DA:1174,108
DA:1175,108
DA:1177,0
DA:1179,968
DA:1181,968
DA:1184,447
DA:1186,447
DA:1190,1
LF:672
LH:646
BRDA:35,0,0,0
BRDA:35,0,1,0
BRDA:52,1,0,39
BRDA:53,2,0,0
BRDA:53,2,1,39
BRDA:56,3,0,1395
BRDA:57,4,0,1434
BRDA:57,4,1,26
BRDA:57,4,2,26
BRDA:57,4,3,0
BRDA:61,5,0,5706
BRDA:61,5,1,0
BRDA:64,6,0,0
BRDA:64,6,1,0
BRDA:77,7,0,5706
BRDA:77,7,1,0
BRDA:79,8,0,0
BRDA:79,8,1,5706
BRDA:84,9,0,9
BRDA:84,9,1,828
BRDA:135,10,0,5
BRDA:135,10,1,4
BRDA:158,11,0,59
BRDA:158,12,0,71
BRDA:158,13,0,71
BRDA:160,14,0,0
BRDA:160,14,1,155
BRDA:161,15,0,22
BRDA:161,15,1,133
BRDA:163,16,0,22
BRDA:163,16,1,133
BRDA:166,17,0,8
BRDA:166,17,1,49
BRDA:166,17,2,71
BRDA:176,18,0,640
BRDA:179,19,0,640
BRDA:179,19,1,667
BRDA:180,20,0,155
BRDA:180,20,1,512
BRDA:195,21,0,10
BRDA:195,21,1,1586
BRDA:200,22,0,10
BRDA:200,22,1,20
BRDA:200,22,2,30
BRDA:210,23,0,95
BRDA:210,23,1,1461
BRDA:210,24,0,1556
BRDA:210,24,1,1479
BRDA:215,25,0,24
BRDA:215,25,1,38
BRDA:215,25,2,48
BRDA:215,25,3,56
BRDA:215,25,4,94
BRDA:215,25,5,286
BRDA:228,26,0,12
BRDA:228,26,1,1163
BRDA:233,27,0,14
BRDA:233,27,1,1149
BRDA:238,28,0,16
BRDA:238,28,1,1149
BRDA:242,29,0,64
BRDA:244,30,0,64
BRDA:244,30,1,98
BRDA:249,31,0,0
BRDA:249,31,1,162
BRDA:250,32,0,0
BRDA:250,32,1,162
BRDA:252,33,0,64
BRDA:252,33,1,98
BRDA:260,34,0,0
BRDA:260,34,1,146
BRDA:262,35,0,52
BRDA:262,35,1,94
BRDA:269,36,0,24
BRDA:269,36,1,138
BRDA:282,37,0,0
BRDA:282,37,1,278
BRDA:284,38,0,98
BRDA:284,38,1,41
BRDA:284,38,2,52
BRDA:284,38,3,180
BRDA:299,39,0,278
BRDA:299,39,1,112
BRDA:299,39,2,63
BRDA:299,39,3,10
BRDA:299,39,4,56
BRDA:299,39,5,4
BRDA:299,39,6,136
BRDA:299,39,7,341
BRDA:299,39,8,519
BRDA:299,39,9,169
BRDA:299,39,10,8
BRDA:299,39,11,16
BRDA:299,39,12,18
BRDA:299,39,13,8
BRDA:299,39,14,8
BRDA:299,39,15,4
BRDA:299,39,16,4
BRDA:299,39,17,4
BRDA:299,39,18,4
BRDA:299,39,19,4
BRDA:299,39,20,4
BRDA:299,39,21,4
BRDA:299,39,22,5
BRDA:299,39,23,2
BRDA:299,39,24,0
BRDA:306,40,0,0
BRDA:306,40,1,112
BRDA:313,41,0,0
BRDA:313,41,1,63
BRDA:359,42,0,8
BRDA:359,42,1,0
BRDA:369,43,0,16
BRDA:369,43,1,0
BRDA:379,44,0,2
BRDA:379,44,1,16
BRDA:383,45,0,0
BRDA:383,45,1,2
BRDA:397,46,0,0
BRDA:397,46,1,8
BRDA:406,47,0,0
BRDA:406,47,1,8
BRDA:415,48,0,0
BRDA:415,48,1,4
BRDA:425,49,0,0
BRDA:425,49,1,4
BRDA:428,50,0,0
BRDA:428,50,1,4
BRDA:439,51,0,0
BRDA:439,51,1,4
BRDA:442,52,0,0
BRDA:442,52,1,4
BRDA:534,53,0,1596
BRDA:534,53,1,1596
BRDA:540,54,0,0
BRDA:540,54,1,10
BRDA:541,55,0,0
BRDA:541,55,1,10
BRDA:545,56,0,10
BRDA:559,57,0,1586
BRDA:559,57,1,1586
BRDA:565,58,0,0
BRDA:565,58,1,30
BRDA:566,59,0,0
BRDA:566,59,1,30
BRDA:570,60,0,10
BRDA:570,60,1,10
BRDA:570,60,2,10
BRDA:591,61,0,1556
BRDA:591,61,1,1556
BRDA:598,62,0,0
BRDA:598,62,1,95
BRDA:602,63,0,77
BRDA:602,63,1,18
BRDA:604,64,0,22
BRDA:604,64,1,55
BRDA:607,65,0,55
BRDA:607,65,1,0
BRDA:614,66,0,0
BRDA:614,66,1,18
BRDA:627,67,0,1461
BRDA:627,67,1,1461
BRDA:633,68,0,0
BRDA:633,68,1,286
BRDA:639,69,0,38
BRDA:639,69,1,192
BRDA:639,69,2,10
BRDA:639,69,3,8
BRDA:639,69,4,24
BRDA:639,69,5,14
BRDA:647,70,0,0
BRDA:647,70,1,10
BRDA:651,71,0,0
BRDA:651,71,1,8
BRDA:655,72,0,0
BRDA:655,72,1,24
BRDA:659,73,0,0
BRDA:659,73,1,14
BRDA:673,74,0,1175
BRDA:673,74,1,1175
BRDA:674,75,0,0
BRDA:674,75,1,12
BRDA:684,76,0,0
BRDA:684,76,1,12
BRDA:695,77,0,1163
BRDA:695,77,1,1163
BRDA:696,78,0,0
BRDA:696,78,1,14
BRDA:705,79,0,0
BRDA:705,79,1,14
BRDA:716,80,0,1165
BRDA:716,80,1,1165
BRDA:717,81,0,0
BRDA:717,81,1,16
BRDA:733,82,0,0
BRDA:733,82,1,16
BRDA:747,83,0,2
BRDA:747,83,1,294
BRDA:757,84,0,2
BRDA:757,84,1,294
BRDA:757,85,0,296
BRDA:757,85,1,296
BRDA:784,86,0,0
BRDA:784,86,1,10
BRDA:810,87,0,10
BRDA:810,87,1,2
BRDA:818,88,0,10
BRDA:818,88,1,2
BRDA:819,89,0,0
BRDA:819,89,1,10
BRDA:831,90,0,10
BRDA:831,90,1,2
BRDA:863,91,0,0
BRDA:863,91,1,10
BRDA:876,92,0,0
BRDA:876,92,1,10
BRDA:876,93,0,10
BRDA:876,93,1,10
BRDA:884,94,0,3
BRDA:884,94,1,0
BRDA:893,95,0,0
BRDA:894,96,0,0
BRDA:894,96,1,6
BRDA:894,96,2,8
BRDA:894,96,3,2
BRDA:906,97,0,109
BRDA:908,98,0,39
BRDA:908,98,1,58
BRDA:908,98,2,20
BRDA:908,98,3,0
BRDA:958,99,0,43
BRDA:958,99,1,43
BRDA:929,100,0,74
BRDA:929,100,1,43
BRDA:929,101,0,117
BRDA:929,101,1,109
BRDA:929,101,2,109
BRDA:935,102,0,29
BRDA:935,102,1,2
BRDA:935,102,2,12
BRDA:935,102,3,0
BRDA:948,103,0,39
BRDA:948,103,1,4
BRDA:951,104,0,0
BRDA:951,104,1,39
BRDA:955,105,0,0
BRDA:955,105,1,43
BRDA:978,106,0,90
BRDA:978,106,1,90
BRDA:979,107,0,8
BRDA:979,107,1,2
BRDA:979,107,2,6
BRDA:979,107,3,0
BRDA:997,108,0,2
BRDA:997,108,1,14
BRDA:999,109,0,0
BRDA:999,109,1,2
BRDA:1005,110,0,0
BRDA:1005,110,1,74
BRDA:1010,111,0,0
BRDA:1010,111,1,16
BRDA:1028,112,0,2
BRDA:1028,112,1,8
BRDA:1028,112,2,6
BRDA:1028,112,3,0
BRDA:1055,113,0,354
BRDA:1055,113,1,0
BRDA:1057,114,0,0
BRDA:1057,114,1,354
BRDA:1066,115,0,62
BRDA:1071,116,0,0
BRDA:1071,116,1,74
BRDA:1076,117,0,0
BRDA:1076,117,1,74
BRDA:1080,118,0,64
BRDA:1080,118,1,10
BRDA:1087,119,0,0
BRDA:1087,119,1,126
BRDA:1089,120,0,50
BRDA:1089,120,1,54
BRDA:1089,120,2,62
BRDA:1089,120,3,64
BRDA:1089,120,4,0
BRDA:1105,121,0,296
BRDA:1105,121,1,10
BRDA:1105,121,2,12
BRDA:1105,121,3,10
BRDA:1105,121,4,10
BRDA:1105,121,5,3
BRDA:1105,121,6,354
BRDA:1105,121,7,33
BRDA:1105,121,8,51
BRDA:1105,121,9,109
BRDA:1105,121,10,126
BRDA:1105,121,11,34
BRDA:1105,121,12,4
BRDA:1105,121,13,0
BRDA:1127,122,0,354
BRDA:1127,122,1,0
BRDA:1127,123,0,354
BRDA:1127,123,1,354
BRDA:1157,124,0,0
BRDA:1157,125,0,9
BRDA:1158,126,0,364
BRDA:1158,126,1,83
BRDA:1163,127,0,0
BRDA:1163,127,1,447
BRDA:1163,128,0,447
BRDA:1163,128,1,339
BRDA:1165,129,0,108
BRDA:1165,129,1,339
BRDA:1171,130,0,108
BRDA:1171,130,1,968
BRDA:1172,131,0,108
BRDA:1172,131,1,0
BRDA:1181,132,0,330
BRDA:1181,132,1,638
BRDA:1181,133,0,968
BRDA:1181,133,1,776
BRDA:1184,134,0,0
BRDA:1184,134,1,447
BRDA:1186,135,0,364
BRDA:1186,135,1,83
BRF:323
BRH:250
end_of_record
TN:
SF:Program.js
FN:78,(anonymous_0)
FN:86,(anonymous_1)
FN:87,(anonymous_2)
FN:88,(anonymous_3)
FN:96,(anonymous_4)
FN:114,(anonymous_5)
FN:131,(anonymous_6)
FN:150,(anonymous_7)
FN:157,(anonymous_8)
FN:187,(anonymous_9)
FN:299,(anonymous_10)
FN:336,(anonymous_11)
FN:371,(anonymous_12)
FN:375,(anonymous_13)
FN:379,(anonymous_14)
FN:383,(anonymous_15)
FN:410,(anonymous_16)
FN:716,(anonymous_17)
FN:717,(anonymous_18)
FN:718,(anonymous_19)
FN:719,(anonymous_20)
FN:720,(anonymous_21)
FN:721,(anonymous_22)
FN:722,(anonymous_23)
FN:723,(anonymous_24)
FN:724,(anonymous_25)
FN:725,(anonymous_26)
FN:726,(anonymous_27)
FN:727,(anonymous_28)
FN:728,(anonymous_29)
FN:729,(anonymous_30)
FN:730,(anonymous_31)
FN:731,(anonymous_32)
FN:732,(anonymous_33)
FN:733,(anonymous_34)
FN:734,(anonymous_35)
FN:735,(anonymous_36)
FN:736,(anonymous_37)
FN:737,(anonymous_38)
FN:738,(anonymous_39)
FN:739,(anonymous_40)
FN:740,(anonymous_41)
FN:741,(anonymous_42)
FN:742,(anonymous_43)
FN:743,(anonymous_44)
FN:744,(anonymous_45)
FN:745,(anonymous_46)
FN:746,(anonymous_47)
FN:747,(anonymous_48)
FN:748,(anonymous_49)
FN:749,(anonymous_50)
FN:750,(anonymous_51)
FN:751,(anonymous_52)
FN:752,(anonymous_53)
FN:753,(anonymous_54)
FN:754,(anonymous_55)
FN:755,(anonymous_56)
FN:756,(anonymous_57)
FN:757,(anonymous_58)
FN:758,(anonymous_59)
FN:759,(anonymous_60)
FN:760,(anonymous_61)
FN:761,(anonymous_62)
FN:762,(anonymous_63)
FN:763,(anonymous_64)
FN:764,(anonymous_65)
FN:765,(anonymous_66)
FN:766,(anonymous_67)
FN:772,(anonymous_68)
FN:786,(anonymous_69)
FN:788,(anonymous_70)
FNF:71
FNH:66
FNDA:4529,(anonymous_0)
FNDA:313,(anonymous_1)
FNDA:1165,(anonymous_2)
FNDA:113,(anonymous_3)
FNDA:9,(anonymous_4)
FNDA:3400,(anonymous_5)
FNDA:4609,(anonymous_6)
FNDA:568,(anonymous_7)
FNDA:124,(anonymous_8)
FNDA:8,(anonymous_9)
FNDA:9,(anonymous_10)
FNDA:905802,(anonymous_11)
FNDA:0,(anonymous_12)
FNDA:0,(anonymous_13)
FNDA:9,(anonymous_14)
FNDA:905802,(anonymous_15)
FNDA:66,(anonymous_16)
FNDA:74,(anonymous_17)
FNDA:675,(anonymous_18)
FNDA:502,(anonymous_19)
FNDA:344,(anonymous_20)
FNDA:24,(anonymous_21)
FNDA:9,(anonymous_22)
FNDA:368,(anonymous_23)
FNDA:48,(anonymous_24)
FNDA:192,(anonymous_25)
FNDA:10,(anonymous_26)
FNDA:8,(anonymous_27)
FNDA:24,(anonymous_28)
FNDA:14,(anonymous_29)
FNDA:12,(anonymous_30)
FNDA:8,(anonymous_31)
FNDA:8,(anonymous_32)
FNDA:4,(anonymous_33)
FNDA:16,(anonymous_34)
FNDA:10,(anonymous_35)
FNDA:4,(anonymous_36)
FNDA:5,(anonymous_37)
FNDA:2,(anonymous_38)
FNDA:4,(anonymous_39)
FNDA:37,(anonymous_40)
FNDA:4,(anonymous_41)
FNDA:18,(anonymous_42)
FNDA:593,(anonymous_43)
FNDA:463,(anonymous_44)
FNDA:63,(anonymous_45)
FNDA:130,(anonymous_46)
FNDA:1247,(anonymous_47)
FNDA:74,(anonymous_48)
FNDA:18,(anonymous_49)
FNDA:296,(anonymous_50)
FNDA:22,(anonymous_51)
FNDA:8,(anonymous_52)
FNDA:8,(anonymous_53)
FNDA:1594,(anonymous_54)
FNDA:0,(anonymous_55)
FNDA:0,(anonymous_56)
FNDA:55,(anonymous_57)
FNDA:18,(anonymous_58)
FNDA:10,(anonymous_59)
FNDA:10,(anonymous_60)
FNDA:10,(anonymous_61)
FNDA:10,(anonymous_62)
FNDA:79,(anonymous_63)
FNDA:138,(anonymous_64)
FNDA:24,(anonymous_65)
FNDA:4,(anonymous_66)
FNDA:0,(anonymous_67)
FNDA:4,(anonymous_68)
FNDA:1,(anonymous_69)
FNDA:5,(anonymous_70)
DA:1,1
DA:2,1
DA:5,1
DA:67,1
DA:77,1
DA:79,4529
DA:80,3581
DA:81,940
DA:82,8
DA:84,0
DA:86,313
DA:87,1165
DA:88,113
DA:90,1
DA:97,9
DA:98,9
DA:100,9
DA:102,9
DA:104,9
DA:105,9
DA:106,9
DA:107,9
DA:108,9
DA:109,9
DA:110,9
DA:115,3400
DA:117,746
DA:118,727
DA:119,591
DA:120,19
DA:121,19
DA:122,19
DA:123,0
DA:124,0
DA:125,0
DA:128,0
DA:132,4609
DA:145,353
DA:147,4256
DA:151,568
DA:152,196
DA:154,372
DA:158,124
DA:159,124
DA:160,124
DA:162,124
DA:164,13
DA:165,13
DA:167,92
DA:168,92
DA:170,3
DA:171,3
DA:173,2
DA:174,2
DA:176,10
DA:177,10
DA:179,4
DA:180,4
DA:182,0
DA:184,124
DA:188,8
DA:189,3686
DA:190,634
DA:191,634
DA:195,8
DA:196,8
DA:197,18
DA:198,18
DA:199,7525
DA:200,7525
DA:201,7525
DA:202,7525
DA:204,7525
DA:206,568
DA:207,124
DA:208,124
DA:209,124
DA:210,124
DA:211,124
DA:212,124
DA:213,124
DA:217,568
DA:219,648
DA:220,371
DA:221,129
DA:222,129
DA:223,129
DA:224,129
DA:227,648
DA:229,2236
DA:230,0
DA:231,0
DA:232,2236
DA:233,56
DA:234,56
DA:235,56
DA:236,56
DA:237,2180
DA:241,19
DA:242,19
DA:243,19
DA:245,19
DA:246,19
DA:247,19
DA:248,19
DA:249,19
DA:251,2161
DA:255,17
DA:256,17
DA:257,17
DA:258,17
DA:259,2144
DA:263,0
DA:264,0
DA:265,0
DA:266,0
DA:267,0
DA:268,0
DA:270,2144
DA:271,144
DA:272,42
DA:273,42
DA:274,42
DA:275,42
DA:277,2000
DA:278,175
DA:279,175
DA:280,175
DA:281,175
DA:282,175
DA:284,1825
DA:285,36
DA:286,36
DA:287,36
DA:288,36
DA:290,2236
DA:296,8
DA:300,9
DA:301,9
DA:302,8
DA:303,8
DA:306,9
DA:307,9
DA:308,5923
DA:309,675
DA:310,0
DA:312,675
DA:314,675
DA:315,675
DA:319,9
DA:320,5248
DA:329,1008
DA:330,1008
DA:333,9
DA:337,905802
DA:339,655118
DA:341,474480
DA:343,180630
DA:345,8
DA:347,0
DA:350,158910
DA:353,91679
DA:355,393
DA:356,57
DA:358,91017
DA:360,269
DA:362,0
DA:366,95
DA:368,0
DA:372,0
DA:376,0
DA:380,9
DA:381,9
DA:382,9
DA:383,905802
DA:385,9
DA:387,9
DA:389,9
DA:391,9
DA:393,9
DA:394,9
DA:396,9
DA:397,9
DA:398,9
DA:400,9
DA:401,959608
DA:402,959608
DA:403,959608
DA:404,959608
DA:405,959608
DA:407,0
DA:410,70
DA:411,70
DA:413,44438
DA:414,44438
DA:415,44438
DA:416,44438
DA:418,44438
DA:419,44438
DA:420,44438
DA:423,6
DA:426,46176
DA:427,46176
DA:429,23131
DA:430,23131
DA:432,45410
DA:433,45410
DA:434,45410
DA:435,45410
DA:438,45310
DA:439,45310
DA:441,100
DA:442,100
DA:444,45410
DA:447,23182
DA:448,11527
DA:449,11527
DA:451,11655
DA:453,265
DA:454,248
DA:455,248
DA:457,17
DA:459,138
DA:460,10
DA:461,10
DA:463,128
DA:465,22113
DA:466,10953
DA:467,10953
DA:469,11160
DA:471,12
DA:472,11
DA:473,11
DA:475,1
DA:477,102
DA:478,3
DA:479,3
DA:481,99
DA:484,239
DA:485,239
DA:487,107
DA:488,107
DA:490,106
DA:491,106
DA:493,6
DA:494,6
DA:496,22127
DA:497,22127
DA:499,144
DA:500,144
DA:503,8
DA:504,8
DA:505,8
DA:506,8
DA:508,8
DA:509,8
DA:510,8
DA:511,8
DA:513,4
DA:514,4
DA:515,4
DA:516,4
DA:518,8
DA:519,8
DA:520,8
DA:521,8
DA:522,8
DA:523,8
DA:525,8
DA:526,8
DA:527,8
DA:528,8
DA:529,8
DA:530,8
DA:532,0
DA:533,0
DA:534,0
DA:535,0
DA:536,0
DA:537,0
DA:538,0
DA:539,0
DA:541,62
DA:542,62
DA:543,62
DA:544,62
DA:546,10
DA:547,10
DA:548,10
DA:549,10
DA:551,4
DA:552,4
DA:553,4
DA:554,4
DA:557,35
DA:558,35
DA:559,35
DA:560,35
DA:562,2
DA:563,2
DA:564,2
DA:565,2
DA:567,2
DA:568,2
DA:569,2
DA:570,2
DA:572,4
DA:573,4
DA:574,4
DA:575,4
DA:576,4
DA:577,4
DA:578,4
DA:579,4
DA:581,28
DA:582,28
DA:583,28
DA:584,28
DA:585,28
DA:586,2
DA:587,2
DA:588,0
DA:589,0
DA:592,26
DA:594,28
DA:595,28
DA:597,142
DA:598,142
DA:599,142
DA:600,142
DA:601,142
DA:602,142
DA:604,44323
DA:605,44323
DA:607,54
DA:608,54
DA:610,112
DA:611,112
DA:613,44443
DA:614,44443
DA:616,44438
DA:617,44438
DA:619,112165
DA:620,112165
DA:622,112099
DA:623,112099
DA:627,35179
DA:628,23586
DA:630,35179
DA:632,182685
DA:633,182682
DA:635,0
DA:636,0
DA:637,0
DA:639,0
DA:640,0
DA:641,0
DA:643,23365
DA:644,23365
DA:645,23365
DA:646,23365
DA:647,23365
DA:649,43992
DA:650,43992
DA:651,43992
DA:652,43992
DA:653,43992
DA:655,10
DA:656,10
DA:657,10
DA:658,10
DA:660,10
DA:661,10
DA:662,10
DA:664,10
DA:665,0
DA:667,10
DA:669,10
DA:671,10
DA:672,10
DA:673,10
DA:675,10
DA:676,0
DA:678,10
DA:680,10
DA:682,10
DA:683,10
DA:684,10
DA:685,10
DA:686,10
DA:688,113
DA:689,113
DA:690,113
DA:691,113
DA:693,44056
DA:694,44056
DA:695,44056
DA:696,44056
DA:698,9
DA:699,15
DA:701,9
DA:703,801795
DA:706,0
DA:708,3
DA:709,3
DA:710,0
DA:712,3
DA:716,74
DA:717,675
DA:718,502
DA:719,344
DA:720,24
DA:721,9
DA:722,368
DA:723,48
DA:724,192
DA:725,10
DA:726,8
DA:727,24
DA:728,14
DA:729,12
DA:730,8
DA:731,8
DA:732,4
DA:733,16
DA:734,10
DA:735,4
DA:736,5
DA:737,2
DA:738,4
DA:739,37
DA:740,4
DA:741,18
DA:742,593
DA:743,463
DA:744,63
DA:745,130
DA:746,1247
DA:747,74
DA:748,18
DA:749,296
DA:750,22
DA:751,8
DA:752,8
DA:753,1594
DA:754,0
DA:755,0
DA:756,55
DA:757,18
DA:758,10
DA:759,10
DA:760,10
DA:761,10
DA:762,79
DA:763,138
DA:764,24
DA:765,4
DA:766,0
DA:773,4
DA:775,0
DA:777,2
DA:779,1
DA:781,1
DA:783,0
DA:787,1
DA:788,5
DA:789,1
DA:790,1
DA:791,1
DA:792,5
DA:793,5
DA:794,5
DA:796,0
DA:797,0
DA:799,0
DA:800,0
DA:803,0
DA:804,0
DA:806,0
DA:807,0
DA:809,0
DA:810,0
DA:812,0
DA:813,0
DA:815,0
DA:816,0
DA:818,0
DA:819,0
DA:822,0
DA:823,0
DA:825,0
DA:826,0
DA:828,0
DA:829,0
DA:831,0
DA:832,0
DA:834,0
DA:835,0
DA:837,0
DA:838,0
DA:840,0
DA:841,0
DA:843,0
DA:844,0
DA:846,1
DA:847,1
DA:849,0
DA:850,0
DA:852,0
DA:853,0
DA:855,0
DA:856,0
DA:858,0
DA:859,0
DA:861,0
DA:862,0
DA:864,0
DA:865,0
DA:867,0
DA:868,0
DA:870,0
DA:871,0
DA:873,0
DA:874,0
DA:876,0
DA:877,0
DA:879,0
DA:880,0
DA:882,0
DA:883,0
DA:885,0
DA:886,0
DA:888,0
DA:889,0
DA:891,0
DA:892,0
DA:894,0
DA:895,0
DA:897,0
DA:898,0
DA:900,0
DA:901,0
DA:903,1
DA:904,1
DA:906,0
DA:907,0
DA:909,0
DA:910,0
DA:912,0
DA:913,0
DA:915,0
DA:917,0
DA:918,0
DA:919,0
DA:920,0
DA:922,0
DA:923,0
DA:924,0
DA:926,1
DA:927,1
DA:929,0
DA:930,0
DA:932,0
DA:933,0
DA:935,0
DA:936,0
DA:938,0
DA:939,0
DA:941,0
DA:942,0
DA:944,0
DA:945,0
DA:947,0
DA:948,0
DA:950,0
DA:951,0
DA:953,0
DA:954,0
DA:956,0
DA:957,0
DA:959,1
DA:960,1
DA:962,1
DA:963,1
DA:965,0
DA:966,0
DA:968,0
DA:969,0
DA:971,0
DA:973,5
DA:975,1
DA:976,1
DA:977,1
DA:983,1
LF:594
LH:441
BRDA:79,0,0,3581
BRDA:79,0,1,940
BRDA:79,0,2,8
BRDA:86,1,0,0
BRDA:115,2,0,2654
BRDA:115,2,1,746
BRDA:117,3,0,727
BRDA:117,3,1,19
BRDA:118,4,0,136
BRDA:118,4,1,591
BRDA:120,5,0,19
BRDA:120,5,1,0
BRDA:121,6,0,0
BRDA:121,6,1,19
BRDA:121,7,0,19
BRDA:121,7,1,19
BRDA:123,8,0,0
BRDA:123,8,1,0
BRDA:124,9,0,0
BRDA:124,9,1,0
BRDA:132,10,0,37
BRDA:132,10,1,65
BRDA:132,10,2,77
BRDA:132,10,3,99
BRDA:132,10,4,99
BRDA:132,10,5,99
BRDA:132,10,6,202
BRDA:132,10,7,249
BRDA:132,10,8,275
BRDA:132,10,9,301
BRDA:132,10,10,327
BRDA:132,10,11,353
BRDA:151,11,0,196
BRDA:151,11,1,372
BRDA:158,12,0,0
BRDA:158,12,1,124
BRDA:158,13,0,124
BRDA:158,13,1,3
BRDA:162,14,0,13
BRDA:162,14,1,92
BRDA:162,14,2,3
BRDA:162,14,3,2
BRDA:162,14,4,10
BRDA:162,14,5,4
BRDA:162,14,6,0
BRDA:164,15,0,13
BRDA:164,15,1,0
BRDA:167,16,0,90
BRDA:167,16,1,2
BRDA:170,17,0,3
BRDA:170,17,1,0
BRDA:173,18,0,2
BRDA:173,18,1,0
BRDA:176,19,0,9
BRDA:176,19,1,1
BRDA:179,20,0,4
BRDA:179,20,1,0
BRDA:189,21,0,634
BRDA:189,21,1,3052
BRDA:201,22,0,7507
BRDA:201,22,1,18
BRDA:202,23,0,7490
BRDA:202,23,1,35
BRDA:204,24,0,568
BRDA:204,24,1,648
BRDA:204,24,2,2236
BRDA:206,25,0,124
BRDA:206,25,1,444
BRDA:206,26,0,568
BRDA:206,26,1,196
BRDA:206,26,2,124
BRDA:206,26,3,3
BRDA:207,27,0,124
BRDA:207,27,1,0
BRDA:207,28,0,124
BRDA:207,28,1,124
BRDA:209,29,0,124
BRDA:209,29,1,0
BRDA:219,30,0,371
BRDA:219,30,1,277
BRDA:219,31,0,648
BRDA:219,31,1,422
BRDA:220,32,0,129
BRDA:220,32,1,242
BRDA:229,33,0,0
BRDA:229,33,1,2236
BRDA:232,34,0,56
BRDA:232,34,1,2180
BRDA:232,35,0,2236
BRDA:232,35,1,56
BRDA:232,35,2,56
BRDA:232,35,3,56
BRDA:237,36,0,19
BRDA:237,36,1,2161
BRDA:237,37,0,2180
BRDA:237,37,1,57
BRDA:237,37,2,27
BRDA:237,37,3,19
BRDA:237,37,4,19
BRDA:237,37,5,19
BRDA:237,37,6,0
BRDA:241,38,0,19
BRDA:241,38,1,0
BRDA:242,39,0,19
BRDA:242,39,1,0
BRDA:251,40,0,17
BRDA:251,40,1,2144
BRDA:251,41,0,2161
BRDA:251,41,1,321
BRDA:251,41,2,61
BRDA:251,41,3,59
BRDA:251,41,4,17
BRDA:251,41,5,17
BRDA:251,41,6,17
BRDA:259,42,0,0
BRDA:259,42,1,2144
BRDA:259,43,0,2144
BRDA:259,43,1,146
BRDA:259,43,2,56
BRDA:259,43,3,48
BRDA:259,43,4,0
BRDA:259,43,5,0
BRDA:263,44,0,0
BRDA:263,44,1,0
BRDA:270,45,0,144
BRDA:270,45,1,2000
BRDA:270,46,0,2144
BRDA:270,46,1,146
BRDA:270,46,2,144
BRDA:271,47,0,42
BRDA:271,47,1,102
BRDA:277,48,0,175
BRDA:277,48,1,1825
BRDA:277,49,0,2000
BRDA:277,49,1,247
BRDA:277,49,2,241
BRDA:278,50,0,175
BRDA:278,50,1,0
BRDA:284,51,0,36
BRDA:284,51,1,1789
BRDA:284,52,0,1825
BRDA:284,52,1,304
BRDA:284,52,2,283
BRDA:284,52,3,36
BRDA:300,53,0,0
BRDA:300,53,1,9
BRDA:301,54,0,8
BRDA:301,54,1,1
BRDA:301,55,0,9
BRDA:301,55,1,9
BRDA:303,56,0,0
BRDA:303,56,1,8
BRDA:308,57,0,675
BRDA:308,57,1,5248
BRDA:309,58,0,0
BRDA:309,58,1,675
BRDA:320,59,0,502
BRDA:320,59,1,815
BRDA:320,59,2,851
BRDA:320,59,3,855
BRDA:320,59,4,864
BRDA:320,59,5,867
BRDA:320,59,6,870
BRDA:320,59,7,1008
BRDA:337,60,0,655118
BRDA:337,60,1,158910
BRDA:337,60,2,91679
BRDA:337,60,3,95
BRDA:339,61,0,474480
BRDA:339,61,1,180630
BRDA:339,61,2,8
BRDA:353,62,0,393
BRDA:353,62,1,91017
BRDA:353,62,2,269
BRDA:353,62,3,0
BRDA:355,63,0,336
BRDA:355,63,1,57
BRDA:385,64,0,0
BRDA:385,64,1,9
BRDA:400,65,0,959608
BRDA:400,65,1,959608
BRDA:405,66,0,0
BRDA:405,66,1,70
BRDA:405,66,2,44438
BRDA:405,66,3,44438
BRDA:405,66,4,6
BRDA:405,66,5,46176
BRDA:405,66,6,23131
BRDA:405,66,7,45410
BRDA:405,66,8,23182
BRDA:405,66,9,265
BRDA:405,66,10,138
BRDA:405,66,11,22113
BRDA:405,66,12,12
BRDA:405,66,13,102
BRDA:405,66,14,239
BRDA:405,66,15,107
BRDA:405,66,16,106
BRDA:405,66,17,6
BRDA:405,66,18,22127
BRDA:405,66,19,144
BRDA:405,66,20,8
BRDA:405,66,21,8
BRDA:405,66,22,4
BRDA:405,66,23,8
BRDA:405,66,24,8
BRDA:405,66,25,0
BRDA:405,66,26,62
BRDA:405,66,27,10
BRDA:405,66,28,4
BRDA:405,66,29,35
BRDA:405,66,30,2
BRDA:405,66,31,2
BRDA:405,66,32,4
BRDA:405,66,33,28
BRDA:405,66,34,142
BRDA:405,66,35,44323
BRDA:405,66,36,54
BRDA:405,66,37,112
BRDA:405,66,38,44443
BRDA:405,66,39,44438
BRDA:405,66,40,112165
BRDA:405,66,41,112099
BRDA:405,66,42,35179
BRDA:405,66,43,182685
BRDA:405,66,44,0
BRDA:405,66,45,0
BRDA:405,66,46,23365
BRDA:405,66,47,43992
BRDA:405,66,48,10
BRDA:405,66,49,10
BRDA:405,66,50,10
BRDA:405,66,51,10
BRDA:405,66,52,113
BRDA:405,66,53,44056
BRDA:405,66,54,9
BRDA:435,67,0,45310
BRDA:435,67,1,100
BRDA:435,68,0,45410
BRDA:435,68,1,45410
BRDA:435,68,2,100
BRDA:435,68,3,45310
BRDA:435,68,4,45310
BRDA:435,68,5,0
BRDA:447,69,0,11527
BRDA:447,69,1,11655
BRDA:453,70,0,248
BRDA:453,70,1,17
BRDA:459,71,0,10
BRDA:459,71,1,128
BRDA:465,72,0,10953
BRDA:465,72,1,11160
BRDA:465,73,0,22113
BRDA:465,73,1,15347
BRDA:471,74,0,11
BRDA:471,74,1,1
BRDA:477,75,0,3
BRDA:477,75,1,99
BRDA:477,76,0,102
BRDA:477,76,1,100
BRDA:484,77,0,18
BRDA:484,77,1,221
BRDA:487,78,0,6
BRDA:487,78,1,101
BRDA:490,79,0,103
BRDA:490,79,1,3
BRDA:493,80,0,4
BRDA:493,80,1,2
BRDA:493,81,0,6
BRDA:493,81,1,4
BRDA:496,82,0,11173
BRDA:496,82,1,10954
BRDA:499,83,0,134
BRDA:499,83,1,10
BRDA:499,84,0,144
BRDA:499,84,1,21
BRDA:504,85,0,0
BRDA:504,85,1,8
BRDA:509,86,0,0
BRDA:509,86,1,8
BRDA:514,87,0,0
BRDA:514,87,1,4
BRDA:520,88,0,0
BRDA:520,88,1,8
BRDA:521,89,0,0
BRDA:521,89,1,8
BRDA:527,90,0,0
BRDA:527,90,1,8
BRDA:528,91,0,0
BRDA:528,91,1,8
BRDA:535,92,0,0
BRDA:535,92,1,0
BRDA:536,93,0,0
BRDA:536,93,1,0
BRDA:537,94,0,0
BRDA:537,94,1,0
BRDA:542,95,0,0
BRDA:542,95,1,62
BRDA:547,96,0,0
BRDA:547,96,1,10
BRDA:552,97,0,0
BRDA:552,97,1,4
BRDA:558,98,0,0
BRDA:558,98,1,35
BRDA:563,99,0,0
BRDA:563,99,1,2
BRDA:568,100,0,0
BRDA:568,100,1,2
BRDA:575,101,0,0
BRDA:575,101,1,4
BRDA:576,102,0,0
BRDA:576,102,1,4
BRDA:577,103,0,0
BRDA:577,103,1,4
BRDA:583,104,0,0
BRDA:583,104,1,28
BRDA:585,105,0,2
BRDA:585,105,1,26
BRDA:586,106,0,2
BRDA:586,106,1,0
BRDA:587,107,0,0
BRDA:587,107,1,2
BRDA:599,108,0,0
BRDA:599,108,1,142
BRDA:600,109,0,0
BRDA:600,109,1,142
BRDA:627,110,0,23586
BRDA:627,110,1,11593
BRDA:636,111,0,0
BRDA:636,111,1,0
BRDA:640,112,0,0
BRDA:640,112,1,0
BRDA:645,113,0,0
BRDA:645,113,1,23365
BRDA:645,114,0,23365
BRDA:645,114,1,23365
BRDA:651,115,0,0
BRDA:651,115,1,43992
BRDA:651,116,0,43992
BRDA:651,116,1,43992
BRDA:662,117,0,0
BRDA:662,117,1,10
BRDA:662,118,0,10
BRDA:662,118,1,10
BRDA:664,119,0,0
BRDA:664,119,1,10
BRDA:673,120,0,0
BRDA:673,120,1,10
BRDA:673,121,0,10
BRDA:673,121,1,10
BRDA:675,122,0,0
BRDA:675,122,1,10
BRDA:684,123,0,0
BRDA:684,123,1,10
BRDA:684,124,0,10
BRDA:684,124,1,10
BRDA:689,125,0,0
BRDA:689,125,1,113
BRDA:694,126,0,0
BRDA:694,126,1,44056
BRDA:716,127,0,74
BRDA:716,128,0,0
BRDA:716,128,1,74
BRDA:717,129,0,675
BRDA:717,130,0,0
BRDA:717,130,1,675
BRDA:718,131,0,502
BRDA:718,132,0,0
BRDA:718,132,1,502
BRDA:719,133,0,344
BRDA:719,134,0,0
BRDA:719,134,1,344
BRDA:720,135,0,24
BRDA:720,136,0,0
BRDA:720,136,1,24
BRDA:721,137,0,0
BRDA:721,138,0,9
BRDA:721,138,1,0
BRDA:722,139,0,368
BRDA:722,140,0,0
BRDA:722,140,1,368
BRDA:723,141,0,48
BRDA:723,142,0,0
BRDA:723,142,1,48
BRDA:724,143,0,192
BRDA:724,144,0,0
BRDA:724,144,1,192
BRDA:725,145,0,10
BRDA:725,146,0,0
BRDA:725,146,1,10
BRDA:726,147,0,8
BRDA:726,148,0,0
BRDA:726,148,1,8
BRDA:727,149,0,24
BRDA:727,150,0,0
BRDA:727,150,1,24
BRDA:728,151,0,14
BRDA:728,152,0,0
BRDA:728,152,1,14
BRDA:729,153,0,12
BRDA:729,154,0,0
BRDA:729,154,1,12
BRDA:730,155,0,8
BRDA:730,156,0,0
BRDA:730,156,1,8
BRDA:731,157,0,8
BRDA:731,158,0,0
BRDA:731,158,1,8
BRDA:732,159,0,4
BRDA:732,160,0,0
BRDA:732,160,1,4
BRDA:733,161,0,16
BRDA:733,162,0,0
BRDA:733,162,1,16
BRDA:734,163,0,10
BRDA:734,164,0,0
BRDA:734,164,1,10
BRDA:735,165,0,4
BRDA:735,166,0,0
BRDA:735,166,1,4
BRDA:736,167,0,5
BRDA:736,168,0,0
BRDA:736,168,1,5
BRDA:737,169,0,2
BRDA:737,170,0,0
BRDA:737,170,1,2
BRDA:738,171,0,4
BRDA:738,172,0,0
BRDA:738,172,1,4
BRDA:739,173,0,29
BRDA:739,174,0,8
BRDA:739,174,1,29
BRDA:740,175,0,2
BRDA:740,176,0,2
BRDA:740,176,1,2
BRDA:741,177,0,12
BRDA:741,178,0,6
BRDA:741,178,1,12
BRDA:742,179,0,593
BRDA:742,180,0,0
BRDA:742,180,1,593
BRDA:743,181,0,447
BRDA:743,182,0,16
BRDA:743,182,1,447
BRDA:744,183,0,63
BRDA:744,184,0,0
BRDA:744,184,1,63
BRDA:745,185,0,130
BRDA:745,186,0,0
BRDA:745,186,1,130
BRDA:746,187,0,1247
BRDA:746,188,0,0
BRDA:746,188,1,1247
BRDA:747,189,0,74
BRDA:747,190,0,0
BRDA:747,190,1,74
BRDA:748,191,0,18
BRDA:748,192,0,0
BRDA:748,192,1,18
BRDA:749,193,0,296
BRDA:749,194,0,0
BRDA:749,194,1,296
BRDA:750,195,0,22
BRDA:750,196,0,0
BRDA:750,196,1,22
BRDA:751,197,0,8
BRDA:751,198,0,0
BRDA:751,198,1,8
BRDA:752,199,0,8
BRDA:752,200,0,0
BRDA:752,200,1,8
BRDA:753,201,0,1594
BRDA:753,202,0,0
BRDA:753,202,1,1594
BRDA:754,203,0,0
BRDA:754,204,0,0
BRDA:754,204,1,0
BRDA:755,205,0,0
BRDA:755,206,0,0
BRDA:755,206,1,0
BRDA:756,207,0,55
BRDA:756,208,0,0
BRDA:756,208,1,55
BRDA:757,209,0,18
BRDA:757,210,0,0
BRDA:757,210,1,18
BRDA:758,211,0,10
BRDA:758,212,0,0
BRDA:758,212,1,10
BRDA:759,213,0,10
BRDA:759,214,0,0
BRDA:759,214,1,10
BRDA:760,215,0,10
BRDA:760,216,0,0
BRDA:760,216,1,10
BRDA:761,217,0,10
BRDA:761,218,0,0
BRDA:761,218,1,10
BRDA:762,219,0,0
BRDA:762,220,0,79
BRDA:762,220,1,0
BRDA:763,221,0,138
BRDA:763,222,0,0
BRDA:763,222,1,138
BRDA:764,223,0,24
BRDA:764,224,0,0
BRDA:764,224,1,24
BRDA:765,225,0,4
BRDA:765,226,0,0
BRDA:765,226,1,4
BRDA:766,227,0,0
BRDA:766,228,0,0
BRDA:766,228,1,0
BRDA:773,229,0,0
BRDA:773,229,1,2
BRDA:773,229,2,1
BRDA:773,229,3,1
BRDA:786,230,0,1
BRDA:788,231,0,5
BRDA:788,231,1,5
BRDA:794,232,0,0
BRDA:794,232,1,0
BRDA:794,232,2,0
BRDA:794,232,3,0
BRDA:794,232,4,0
BRDA:794,232,5,0
BRDA:794,232,6,0
BRDA:794,232,7,0
BRDA:794,232,8,0
BRDA:794,232,9,0
BRDA:794,232,10,0
BRDA:794,232,11,0
BRDA:794,232,12,0
BRDA:794,232,13,0
BRDA:794,232,14,0
BRDA:794,232,15,0
BRDA:794,232,16,1
BRDA:794,232,17,0
BRDA:794,232,18,0
BRDA:794,232,19,0
BRDA:794,232,20,0
BRDA:794,232,21,0
BRDA:794,232,22,0
BRDA:794,232,23,0
BRDA:794,232,24,0
BRDA:794,232,25,0
BRDA:794,232,26,0
BRDA:794,232,27,0
BRDA:794,232,28,0
BRDA:794,232,29,0
BRDA:794,232,30,0
BRDA:794,232,31,0
BRDA:794,232,32,0
BRDA:794,232,33,0
BRDA:794,232,34,0
BRDA:794,232,35,1
BRDA:794,232,36,0
BRDA:794,232,37,0
BRDA:794,232,38,0
BRDA:794,232,39,0
BRDA:794,232,40,1
BRDA:794,232,41,0
BRDA:794,232,42,0
BRDA:794,232,43,0
BRDA:794,232,44,0
BRDA:794,232,45,0
BRDA:794,232,46,0
BRDA:794,232,47,0
BRDA:794,232,48,0
BRDA:794,232,49,0
BRDA:794,232,50,0
BRDA:794,232,51,1
BRDA:794,232,52,1
BRDA:794,232,53,0
BRDA:794,232,54,0
BRDA:794,232,55,0
BRDA:915,233,0,0
BRDA:915,233,1,0
BRDA:918,234,0,0
BRDA:918,234,1,0
BRDA:922,235,0,0
BRDA:922,235,1,0
BRF:582
BRH:394
end_of_record
TN:
SF:Tokenizer.js
FN:74,isDigit
FN:82,isAlpha
FN:90,isSpace
FN:96,(anonymous_3)
FN:100,(anonymous_4)
FN:104,(anonymous_5)
FN:118,(anonymous_6)
FN:130,(anonymous_7)
FN:134,(anonymous_8)
FN:138,(anonymous_9)
FN:142,(anonymous_10)
FN:151,(anonymous_11)
FN:162,(anonymous_12)
FN:188,(anonymous_13)
FN:203,(anonymous_14)
FN:308,(anonymous_15)
FNF:16
FNH:16
FNDA:9532,isDigit
FNDA:17505,isAlpha
FNDA:8935,isSpace
FNDA:6693,(anonymous_3)
FNDA:2,(anonymous_4)
FNDA:88,(anonymous_5)
FNDA:88,(anonymous_6)
FNDA:5,(anonymous_7)
FNDA:6693,(anonymous_8)
FNDA:39463,(anonymous_9)
FNDA:19824,(anonymous_10)
FNDA:5801,(anonymous_11)
FNDA:526,(anonymous_12)
FNDA:177,(anonymous_13)
FNDA:1997,(anonymous_14)
FNDA:5801,(anonymous_15)
DA:1,2
DA:75,9532
DA:76,9532
DA:77,1668
DA:79,7864
DA:83,17505
DA:84,17505
DA:85,12223
DA:87,5282
DA:91,8935
DA:92,5797
DA:97,6693
DA:101,2
DA:105,88
DA:107,88
DA:108,88
DA:109,88
DA:110,88
DA:111,88
DA:113,88
DA:115,88
DA:119,88
DA:121,88
DA:122,5801
DA:125,83
DA:127,83
DA:131,5
DA:135,6693
DA:139,39463
DA:144,19824
DA:145,19824
DA:147,19824
DA:152,5801
DA:153,3138
DA:154,831
DA:155,831
DA:156,831
DA:158,3138
DA:163,526
DA:164,526
DA:165,526
DA:167,526
DA:168,1733
DA:169,1733
DA:170,1125
DA:171,1125
DA:173,1733
DA:174,87
DA:175,87
DA:176,87
DA:178,1733
DA:181,526
DA:182,2
DA:184,524
DA:189,177
DA:190,177
DA:191,177
DA:192,177
DA:193,1094
DA:194,1094
DA:196,177
DA:197,2
DA:199,175
DA:200,175
DA:204,1997
DA:205,1997
DA:207,1997
DA:208,12234
DA:209,12234
DA:210,10270
DA:211,10270
DA:212,10270
DA:218,1997
DA:220,297
DA:221,297
DA:223,21
DA:224,21
DA:226,13
DA:227,13
DA:229,11
DA:230,11
DA:232,3
DA:233,3
DA:235,11
DA:236,11
DA:239,355
DA:240,355
DA:243,4
DA:244,4
DA:247,9
DA:248,9
DA:250,9
DA:251,9
DA:253,5
DA:254,5
DA:256,5
DA:257,5
DA:259,5
DA:260,5
DA:262,5
DA:263,5
DA:266,6
DA:267,6
DA:269,3
DA:270,3
DA:272,5
DA:273,5
DA:275,5
DA:276,5
DA:278,5
DA:279,5
DA:282,64
DA:283,64
DA:285,45
DA:286,45
DA:288,69
DA:289,69
DA:292,137
DA:293,137
DA:295,342
DA:296,342
DA:299,5
DA:300,5
DA:303,558
DA:309,5801
DA:310,5801
DA:312,5797
DA:313,526
DA:315,5271
DA:316,1997
DA:318,3274
DA:319,177
DA:322,3097
DA:323,3097
DA:324,3097
DA:326,557
DA:327,557
DA:329,81
DA:330,81
DA:333,27
DA:334,27
DA:336,17
DA:337,17
DA:340,109
DA:341,109
DA:343,109
DA:344,109
DA:347,1
DA:348,1
DA:350,1
DA:351,1
DA:354,714
DA:355,714
DA:357,714
DA:358,714
DA:361,11
DA:362,11
DA:364,11
DA:365,11
DA:367,78
DA:368,78
DA:370,131
DA:371,131
DA:373,11
DA:374,11
DA:376,24
DA:377,13
DA:378,13
DA:379,364
DA:381,13
DA:383,11
DA:384,11
DA:387,16
DA:388,15
DA:389,15
DA:390,15
DA:392,1
DA:395,14
DA:396,13
DA:397,13
DA:398,13
DA:400,1
DA:403,257
DA:404,193
DA:405,193
DA:406,193
DA:408,64
DA:409,64
DA:412,153
DA:413,39
DA:414,39
DA:415,39
DA:417,114
DA:418,114
DA:421,20
DA:422,9
DA:423,9
DA:424,9
DA:426,11
DA:427,11
DA:429,40
DA:430,15
DA:431,15
DA:432,15
DA:434,25
DA:435,25
DA:438,1
DA:445,2
LF:208
LH:208
BRDA:76,0,0,1668
BRDA:76,0,1,7864
BRDA:76,1,0,9532
BRDA:76,1,1,5404
BRDA:84,2,0,12223
BRDA:84,2,1,5282
BRDA:84,3,0,17505
BRDA:84,3,1,12491
BRDA:84,3,2,17089
BRDA:84,3,3,12043
BRDA:91,4,0,3138
BRDA:91,4,1,5797
BRDA:134,5,0,4523
BRDA:147,6,0,19737
BRDA:147,6,1,87
BRDA:152,7,0,8939
BRDA:152,7,1,8935
BRDA:153,8,0,831
BRDA:153,8,1,2307
BRDA:167,9,0,2259
BRDA:167,9,1,2254
BRDA:169,10,0,1125
BRDA:169,10,1,608
BRDA:173,11,0,87
BRDA:173,11,1,1646
BRDA:173,12,0,1733
BRDA:173,12,1,87
BRDA:178,13,0,1212
BRDA:178,13,1,521
BRDA:181,14,0,2
BRDA:181,14,1,524
BRDA:181,15,0,526
BRDA:181,15,1,194
BRDA:192,16,0,1271
BRDA:192,16,1,1269
BRDA:196,17,0,2
BRDA:196,17,1,175
BRDA:196,18,0,177
BRDA:196,18,1,2
BRDA:207,19,0,14231
BRDA:207,19,1,14198
BRDA:209,20,0,10270
BRDA:209,20,1,1964
BRDA:209,21,0,12234
BRDA:209,21,1,2002
BRDA:209,21,2,1976
BRDA:218,22,0,297
BRDA:218,22,1,21
BRDA:218,22,2,13
BRDA:218,22,3,11
BRDA:218,22,4,3
BRDA:218,22,5,11
BRDA:218,22,6,355
BRDA:218,22,7,4
BRDA:218,22,8,9
BRDA:218,22,9,9
BRDA:218,22,10,5
BRDA:218,22,11,5
BRDA:218,22,12,5
BRDA:218,22,13,5
BRDA:218,22,14,6
BRDA:218,22,15,3
BRDA:218,22,16,5
BRDA:218,22,17,5
BRDA:218,22,18,5
BRDA:218,22,19,64
BRDA:218,22,20,45
BRDA:218,22,21,69
BRDA:218,22,22,137
BRDA:218,22,23,342
BRDA:218,22,24,5
BRDA:218,22,25,558
BRDA:310,23,0,5797
BRDA:310,23,1,4
BRDA:312,24,0,526
BRDA:312,24,1,5271
BRDA:312,25,0,5797
BRDA:312,25,1,5280
BRDA:315,26,0,1997
BRDA:315,26,1,3274
BRDA:315,27,0,5271
BRDA:315,27,1,3280
BRDA:318,28,0,177
BRDA:318,28,1,3097
BRDA:318,29,0,3274
BRDA:318,29,1,3101
BRDA:324,30,0,557
BRDA:324,30,1,81
BRDA:324,30,2,27
BRDA:324,30,3,17
BRDA:324,30,4,109
BRDA:324,30,5,109
BRDA:324,30,6,1
BRDA:324,30,7,1
BRDA:324,30,8,714
BRDA:324,30,9,714
BRDA:324,30,10,11
BRDA:324,30,11,11
BRDA:324,30,12,78
BRDA:324,30,13,131
BRDA:324,30,14,11
BRDA:324,30,15,24
BRDA:324,30,16,16
BRDA:324,30,17,14
BRDA:324,30,18,257
BRDA:324,30,19,153
BRDA:324,30,20,20
BRDA:324,30,21,40
BRDA:324,30,22,1
BRDA:376,31,0,13
BRDA:376,31,1,11
BRDA:376,32,0,24
BRDA:376,32,1,23
BRDA:378,33,0,377
BRDA:378,33,1,376
BRDA:387,34,0,15
BRDA:387,34,1,1
BRDA:387,35,0,16
BRDA:387,35,1,15
BRDA:395,36,0,13
BRDA:395,36,1,1
BRDA:395,37,0,14
BRDA:395,37,1,13
BRDA:403,38,0,193
BRDA:403,38,1,64
BRDA:403,39,0,257
BRDA:403,39,1,256
BRDA:412,40,0,39
BRDA:412,40,1,114
BRDA:412,41,0,153
BRDA:412,41,1,152
BRDA:421,42,0,9
BRDA:421,42,1,11
BRDA:421,43,0,20
BRDA:421,43,1,19
BRDA:429,44,0,15
BRDA:429,44,1,25
BRDA:429,45,0,40
BRDA:429,45,1,39
BRF:139
BRH:139
end_of_record
TN:
SF:Utils.js
FN:2,(anonymous_0)
FNF:1
FNH:1
FNDA:45334,(anonymous_0)
DA:3,45334
DA:4,8550
DA:6,36784
DA:10,2
DA:20,2
LF:5
LH:5
BRDA:3,0,0,8550
BRDA:3,0,1,36784
BRF:2
BRH:2
end_of_record
TN:
SF:test\testCode.js
FNF:0
FNH:0
DA:1,1
LF:1
LH:1
BRF:0
BRH:0
end_of_record
