TN:
SF:Interpreter.js
FN:8,(anonymous_0)
FN:48,(anonymous_1)
FNF:2
FNH:2
FNDA:7,(anonymous_0)
FNDA:9,(anonymous_1)
DA:1,1
DA:2,1
DA:3,1
DA:9,7
DA:11,7
DA:13,7
DA:14,7
DA:16,2
DA:17,2
DA:19,2
DA:20,2
DA:22,2
DA:23,2
DA:25,1
DA:28,6
DA:29,5
DA:30,5
DA:32,1
DA:33,1
DA:35,1
DA:36,1
DA:38,2
DA:39,2
DA:41,1
DA:45,5
DA:49,9
DA:50,9
DA:53,9
DA:54,9
DA:55,9
DA:56,6
DA:57,22
DA:58,4
DA:59,4
DA:60,18
DA:61,4
DA:62,4
DA:63,14
DA:64,4
DA:65,4
DA:67,10
DA:68,10
DA:74,9
DA:75,9
DA:78,9
DA:79,9
DA:82,9
DA:85,9
DA:86,1
DA:90,9
DA:92,6
DA:94,3
DA:99,1
LF:53
LH:53
BRDA:14,0,0,2
BRDA:14,0,1,2
BRDA:14,0,2,2
BRDA:14,0,3,1
BRDA:30,1,0,1
BRDA:30,1,1,1
BRDA:30,1,2,2
BRDA:30,1,3,1
BRDA:55,2,0,6
BRDA:55,2,1,3
BRDA:55,3,0,9
BRDA:55,3,1,9
BRDA:57,4,0,4
BRDA:57,4,1,18
BRDA:60,5,0,4
BRDA:60,5,1,14
BRDA:63,6,0,4
BRDA:63,6,1,10
BRDA:85,7,0,1
BRDA:85,7,1,8
BRF:20
BRH:20
end_of_record
TN:
SF:OpObjs.js
FN:13,(anonymous_0)
FN:20,(anonymous_1)
FN:24,(anonymous_2)
FN:28,(anonymous_3)
FN:32,(anonymous_4)
FN:38,(anonymous_5)
FN:47,(anonymous_6)
FN:58,(anonymous_7)
FN:70,(anonymous_8)
FN:86,(anonymous_9)
FN:89,(anonymous_10)
FN:92,(anonymous_11)
FN:95,(anonymous_12)
FN:98,(anonymous_13)
FN:101,(anonymous_14)
FN:107,(anonymous_15)
FN:111,(anonymous_16)
FN:114,(anonymous_17)
FN:118,(anonymous_18)
FN:122,(anonymous_19)
FN:125,(anonymous_20)
FN:128,(anonymous_21)
FN:131,(anonymous_22)
FN:134,(anonymous_23)
FN:140,(anonymous_24)
FN:144,(anonymous_25)
FN:148,(anonymous_26)
FN:171,(anonymous_27)
FN:186,(anonymous_28)
FN:189,(anonymous_29)
FN:201,(anonymous_30)
FN:213,(anonymous_31)
FN:216,(anonymous_32)
FN:222,(anonymous_33)
FN:226,(anonymous_34)
FN:230,(anonymous_35)
FN:253,(anonymous_36)
FN:270,(anonymous_37)
FN:273,(anonymous_38)
FN:285,(anonymous_39)
FN:297,(anonymous_40)
FN:300,(anonymous_41)
FN:306,(anonymous_42)
FN:310,(anonymous_43)
FN:314,(anonymous_44)
FN:334,(anonymous_45)
FN:345,(anonymous_46)
FN:348,(anonymous_47)
FN:351,(anonymous_48)
FN:354,(anonymous_49)
FN:357,(anonymous_50)
FNF:51
FNH:51
FNDA:807856,(anonymous_0)
FNDA:112183,(anonymous_1)
FNDA:90822,(anonymous_2)
FNDA:2,(anonymous_3)
FNDA:382166,(anonymous_4)
FNDA:111916,(anonymous_5)
FNDA:111862,(anonymous_6)
FNDA:383327,(anonymous_7)
FNDA:136056,(anonymous_8)
FNDA:45412,(anonymous_9)
FNDA:2,(anonymous_10)
FNDA:45313,(anonymous_11)
FNDA:45313,(anonymous_12)
FNDA:3,(anonymous_13)
FNDA:3,(anonymous_14)
FNDA:111961,(anonymous_15)
FNDA:4,(anonymous_16)
FNDA:1,(anonymous_17)
FNDA:12,(anonymous_18)
FNDA:2,(anonymous_19)
FNDA:1,(anonymous_20)
FNDA:1,(anonymous_21)
FNDA:2,(anonymous_22)
FNDA:2,(anonymous_23)
FNDA:112223,(anonymous_24)
FNDA:3,(anonymous_25)
FNDA:68,(anonymous_26)
FNDA:63,(anonymous_27)
FNDA:7,(anonymous_28)
FNDA:9,(anonymous_29)
FNDA:9,(anonymous_30)
FNDA:4,(anonymous_31)
FNDA:4,(anonymous_32)
FNDA:359143,(anonymous_33)
FNDA:251,(anonymous_34)
FNDA:45997,(anonymous_35)
FNDA:45327,(anonymous_36)
FNDA:2,(anonymous_37)
FNDA:45326,(anonymous_38)
FNDA:45326,(anonymous_39)
FNDA:8,(anonymous_40)
FNDA:8,(anonymous_41)
FNDA:112611,(anonymous_42)
FNDA:57,(anonymous_43)
FNDA:138,(anonymous_44)
FNDA:67,(anonymous_45)
FNDA:4,(anonymous_46)
FNDA:1,(anonymous_47)
FNDA:1,(anonymous_48)
FNDA:1,(anonymous_49)
FNDA:1,(anonymous_50)
DA:1,3
DA:3,3
DA:14,807856
DA:15,807856
DA:16,807856
DA:17,807856
DA:21,112183
DA:25,90822
DA:29,2
DA:33,382166
DA:39,111916
DA:40,111916
DA:41,111916
DA:42,111916
DA:43,111916
DA:44,111916
DA:48,111862
DA:49,4
DA:51,111858
DA:52,111858
DA:53,111858
DA:54,111858
DA:55,111858
DA:59,383327
DA:61,383326
DA:62,67843
DA:64,315483
DA:66,383326
DA:67,383326
DA:71,136056
DA:73,5
DA:75,64
DA:76,64
DA:78,41
DA:79,41
DA:81,135946
DA:82,135946
DA:87,45412
DA:90,2
DA:93,45313
DA:96,45313
DA:99,3
DA:102,3
DA:108,111961
DA:112,4
DA:115,1
DA:119,12
DA:120,8
DA:123,2
DA:126,1
DA:129,1
DA:132,2
DA:135,2
DA:141,112223
DA:145,3
DA:149,68
DA:150,66
DA:152,65
DA:153,65
DA:155,65
DA:157,1
DA:158,1
DA:160,61
DA:161,61
DA:163,2
DA:164,2
DA:166,1
DA:169,64
DA:172,63
DA:173,63
DA:175,63
DA:177,8
DA:179,44
DA:181,9
DA:183,2
DA:187,7
DA:190,9
DA:191,9
DA:192,9
DA:194,4
DA:196,4
DA:198,1
DA:202,9
DA:203,9
DA:204,9
DA:206,4
DA:208,4
DA:210,1
DA:214,4
DA:217,4
DA:223,359143
DA:227,251
DA:231,45997
DA:232,45995
DA:234,45994
DA:235,45994
DA:237,45994
DA:239,1
DA:240,1
DA:242,2
DA:243,2
DA:245,45990
DA:246,45990
DA:248,1
DA:250,45993
DA:251,45993
DA:254,45327
DA:255,45327
DA:257,45327
DA:258,45325
DA:259,45324
DA:261,1
DA:263,5
DA:265,45316
DA:267,2
DA:271,2
DA:274,45326
DA:275,45326
DA:276,45326
DA:278,4
DA:280,45320
DA:282,2
DA:286,45326
DA:287,45326
DA:288,45326
DA:290,4
DA:292,45320
DA:294,2
DA:298,8
DA:301,8
DA:307,112611
DA:311,57
DA:315,138
DA:316,136
DA:318,135
DA:319,135
DA:321,135
DA:323,2
DA:324,2
DA:326,132
DA:327,132
DA:329,1
DA:331,134
DA:335,67
DA:337,67
DA:340,66
DA:342,1
DA:346,4
DA:349,1
DA:352,1
DA:355,1
DA:358,1
DA:362,3
LF:153
LH:153
BRDA:13,0,0,37
BRDA:13,1,0,1
BRDA:13,2,0,1
BRDA:13,3,0,1
BRDA:48,4,0,4
BRDA:48,4,1,111858
BRDA:59,5,0,1
BRDA:59,5,1,383326
BRDA:61,6,0,67843
BRDA:61,6,1,315483
BRDA:71,7,0,5
BRDA:71,7,1,64
BRDA:71,7,2,41
BRDA:71,7,3,135946
BRDA:119,8,0,4
BRDA:119,8,1,8
BRDA:140,9,0,3
BRDA:140,10,0,38
BRDA:141,11,0,111976
BRDA:141,11,1,247
BRDA:149,12,0,2
BRDA:149,12,1,66
BRDA:150,13,0,1
BRDA:150,13,1,65
BRDA:153,14,0,57
BRDA:153,14,1,8
BRDA:155,15,0,1
BRDA:155,15,1,61
BRDA:155,15,2,2
BRDA:155,15,3,1
BRDA:163,16,0,1
BRDA:163,16,1,1
BRDA:173,17,0,37
BRDA:173,17,1,26
BRDA:175,18,0,8
BRDA:175,18,1,44
BRDA:175,18,2,9
BRDA:175,18,3,2
BRDA:191,19,0,1
BRDA:191,19,1,8
BRDA:192,20,0,4
BRDA:192,20,1,4
BRDA:192,20,2,1
BRDA:203,21,0,1
BRDA:203,21,1,8
BRDA:204,22,0,4
BRDA:204,22,1,4
BRDA:204,22,2,1
BRDA:214,23,0,4
BRDA:214,23,1,4
BRDA:217,24,0,4
BRDA:217,24,1,4
BRDA:222,25,0,4
BRDA:222,26,0,54
BRDA:223,27,0,156248
BRDA:223,27,1,202895
BRDA:231,28,0,2
BRDA:231,28,1,45995
BRDA:232,29,0,1
BRDA:232,29,1,45994
BRDA:235,30,0,45132
BRDA:235,30,1,862
BRDA:237,31,0,1
BRDA:237,31,1,2
BRDA:237,31,2,45990
BRDA:237,31,3,1
BRDA:242,32,0,1
BRDA:242,32,1,1
BRDA:250,33,0,1
BRDA:250,33,1,45992
BRDA:255,34,0,45311
BRDA:255,34,1,16
BRDA:257,35,0,2
BRDA:257,35,1,45325
BRDA:257,36,0,45327
BRDA:257,36,1,3
BRDA:258,37,0,1
BRDA:258,37,1,45324
BRDA:258,38,0,45325
BRDA:258,38,1,2
BRDA:259,39,0,1
BRDA:259,39,1,5
BRDA:259,39,2,45316
BRDA:259,39,3,2
BRDA:275,40,0,45312
BRDA:275,40,1,14
BRDA:276,41,0,4
BRDA:276,41,1,45320
BRDA:276,41,2,2
BRDA:287,42,0,45312
BRDA:287,42,1,14
BRDA:288,43,0,4
BRDA:288,43,1,45320
BRDA:288,43,2,2
BRDA:298,44,0,8
BRDA:298,44,1,4
BRDA:301,45,0,8
BRDA:301,45,1,5
BRDA:306,46,0,14
BRDA:306,47,0,36
BRDA:307,48,0,112031
BRDA:307,48,1,580
BRDA:315,49,0,2
BRDA:315,49,1,136
BRDA:316,50,0,1
BRDA:316,50,1,135
BRDA:319,51,0,75
BRDA:319,51,1,60
BRDA:321,52,0,2
BRDA:321,52,1,132
BRDA:321,52,2,1
BRDA:335,53,0,56
BRDA:335,53,1,11
BRDA:337,54,0,4
BRDA:337,54,1,66
BRDA:337,54,2,1
BRF:116
BRH:116
end_of_record
TN:
SF:Parser.js
FN:8,(anonymous_0)
FN:29,(anonymous_1)
FN:33,(anonymous_2)
FN:43,(anonymous_3)
FN:47,(anonymous_4)
FN:51,(anonymous_5)
FN:55,(anonymous_6)
FN:59,(anonymous_7)
FN:71,(anonymous_8)
FN:75,(anonymous_9)
FN:89,(anonymous_10)
FN:99,(anonymous_11)
FN:145,(anonymous_12)
FN:149,(anonymous_13)
FN:153,(anonymous_14)
FN:156,(anonymous_15)
FN:159,(anonymous_16)
FN:177,(anonymous_17)
FN:179,(anonymous_18)
FN:186,(anonymous_19)
FN:190,(anonymous_20)
FN:195,(anonymous_21)
FN:200,(anonymous_22)
FN:210,(anonymous_23)
FN:215,(anonymous_24)
FN:228,(anonymous_25)
FN:233,(anonymous_26)
FN:238,(anonymous_27)
FN:243,(anonymous_28)
FN:279,(anonymous_29)
FN:298,(anonymous_30)
FN:532,(anonymous_31)
FN:557,(anonymous_32)
FN:589,(anonymous_33)
FN:625,(anonymous_34)
FN:671,(anonymous_35)
FN:693,(anonymous_36)
FN:714,(anonymous_37)
FN:742,(anonymous_38)
FN:775,(anonymous_39)
FN:799,(anonymous_40)
FN:851,(anonymous_41)
FN:875,(anonymous_42)
FN:883,(anonymous_43)
FN:894,(anonymous_44)
FN:907,(anonymous_45)
FN:964,(anonymous_46)
FN:1053,(anonymous_47)
FN:1067,(anonymous_48)
FN:1084,(anonymous_49)
FN:1105,(anonymous_50)
FN:1158,(anonymous_51)
FNF:52
FNH:51
FNDA:10,(anonymous_0)
FNDA:676,(anonymous_1)
FNDA:1,(anonymous_2)
FNDA:1,(anonymous_3)
FNDA:0,(anonymous_4)
FNDA:39,(anonymous_5)
FNDA:1434,(anonymous_6)
FNDA:5707,(anonymous_7)
FNDA:23810,(anonymous_8)
FNDA:5707,(anonymous_9)
FNDA:10,(anonymous_10)
FNDA:10,(anonymous_11)
FNDA:84,(anonymous_12)
FNDA:83,(anonymous_13)
FNDA:451,(anonymous_14)
FNDA:450,(anonymous_15)
FNDA:155,(anonymous_16)
FNDA:795,(anonymous_17)
FNDA:6474,(anonymous_18)
FNDA:59,(anonymous_19)
FNDA:74,(anonymous_20)
FNDA:1596,(anonymous_21)
FNDA:1586,(anonymous_22)
FNDA:1556,(anonymous_23)
FNDA:1461,(anonymous_24)
FNDA:1175,(anonymous_25)
FNDA:1163,(anonymous_26)
FNDA:1165,(anonymous_27)
FNDA:162,(anonymous_28)
FNDA:278,(anonymous_29)
FNDA:1781,(anonymous_30)
FNDA:1586,(anonymous_31)
FNDA:1556,(anonymous_32)
FNDA:1461,(anonymous_33)
FNDA:1175,(anonymous_34)
FNDA:1163,(anonymous_35)
FNDA:1149,(anonymous_36)
FNDA:1149,(anonymous_37)
FNDA:296,(anonymous_38)
FNDA:10,(anonymous_39)
FNDA:12,(anonymous_40)
FNDA:10,(anonymous_41)
FNDA:10,(anonymous_42)
FNDA:3,(anonymous_43)
FNDA:10,(anonymous_44)
FNDA:117,(anonymous_45)
FNDA:74,(anonymous_46)
FNDA:354,(anonymous_47)
FNDA:74,(anonymous_48)
FNDA:126,(anonymous_49)
FNDA:969,(anonymous_50)
FNDA:449,(anonymous_51)
DA:1,2
DA:2,2
DA:3,2
DA:9,10
DA:11,10
DA:12,10
DA:13,10
DA:15,10
DA:17,10
DA:18,10
DA:20,10
DA:22,10
DA:23,10
DA:24,10
DA:26,10
DA:30,676
DA:35,1
DA:36,1
DA:38,0
DA:40,1
DA:44,1
DA:48,0
DA:52,39
DA:56,1434
DA:60,5707
DA:61,5707
DA:63,0
DA:64,0
DA:66,0
DA:72,23810
DA:76,5707
DA:77,5707
DA:78,5707
DA:79,5707
DA:80,5707
DA:81,838
DA:82,838
DA:83,838
DA:84,828
DA:90,10
DA:91,10
DA:93,10
DA:94,2
DA:95,2
DA:101,10
DA:102,10
DA:104,10
DA:106,10
DA:108,10
DA:109,10
DA:111,10
DA:112,10
DA:113,10
DA:115,10
DA:117,10
DA:118,6
DA:119,22
DA:123,10
DA:125,10
DA:126,10
DA:127,10
DA:129,10
DA:131,9
DA:132,9
DA:134,9
DA:135,9
DA:136,9
DA:137,5
DA:139,9
DA:141,9
DA:142,9
DA:146,84
DA:147,84
DA:150,83
DA:154,451
DA:157,450
DA:160,155
DA:161,155
DA:162,155
DA:163,155
DA:164,155
DA:165,22
DA:167,155
DA:171,71
DA:172,71
DA:174,155
DA:178,795
DA:179,6474
DA:180,1307
DA:181,667
DA:183,155
DA:187,59
DA:191,74
DA:196,1596
DA:197,1586
DA:201,1586
DA:205,30
DA:207,1556
DA:211,1556
DA:212,1461
DA:216,1461
DA:223,286
DA:225,1175
DA:229,1175
DA:230,1163
DA:234,1163
DA:235,1149
DA:239,1165
DA:240,1149
DA:244,162
DA:245,162
DA:246,64
DA:247,64
DA:249,162
DA:250,162
DA:251,162
DA:253,162
DA:255,162
DA:257,162
DA:258,146
DA:259,146
DA:261,146
DA:263,146
DA:264,52
DA:268,162
DA:270,162
DA:271,24
DA:273,138
DA:276,162
DA:280,278
DA:281,278
DA:282,278
DA:283,278
DA:285,278
DA:287,98
DA:292,180
DA:293,180
DA:295,0
DA:299,1781
DA:300,1781
DA:302,278
DA:305,112
DA:306,112
DA:307,112
DA:308,112
DA:309,112
DA:312,63
DA:313,63
DA:314,63
DA:315,63
DA:316,63
DA:319,10
DA:320,10
DA:321,10
DA:322,10
DA:323,10
DA:326,56
DA:327,56
DA:328,56
DA:329,56
DA:332,4
DA:333,4
DA:334,4
DA:337,136
DA:338,136
DA:339,136
DA:342,341
DA:343,341
DA:344,341
DA:347,519
DA:348,519
DA:349,519
DA:352,169
DA:353,169
DA:354,169
DA:357,8
DA:358,8
DA:359,8
DA:360,8
DA:361,8
DA:363,8
DA:364,8
DA:367,16
DA:368,16
DA:369,16
DA:370,16
DA:371,16
DA:373,16
DA:374,16
DA:377,18
DA:378,18
DA:379,18
DA:380,18
DA:381,2
DA:382,2
DA:383,2
DA:384,2
DA:385,2
DA:386,2
DA:387,2
DA:389,16
DA:391,18
DA:392,18
DA:395,8
DA:396,8
DA:397,8
DA:398,8
DA:399,8
DA:400,8
DA:401,8
DA:404,8
DA:405,8
DA:406,8
DA:407,8
DA:408,8
DA:409,8
DA:410,8
DA:413,4
DA:414,4
DA:415,4
DA:416,4
DA:417,4
DA:418,4
DA:419,4
DA:422,4
DA:423,4
DA:424,4
DA:425,4
DA:426,4
DA:427,4
DA:428,4
DA:429,4
DA:430,4
DA:431,4
DA:432,4
DA:433,4
DA:436,4
DA:437,4
DA:438,4
DA:439,4
DA:440,4
DA:441,4
DA:442,4
DA:443,4
DA:444,4
DA:445,4
DA:446,4
DA:447,4
DA:451,4
DA:452,4
DA:453,4
DA:455,4
DA:457,4
DA:458,4
DA:460,4
DA:461,4
DA:462,4
DA:464,4
DA:465,4
DA:467,4
DA:468,4
DA:470,4
DA:471,4
DA:474,4
DA:475,4
DA:476,4
DA:477,4
DA:478,4
DA:479,4
DA:482,4
DA:483,4
DA:484,4
DA:486,4
DA:488,4
DA:489,4
DA:491,4
DA:493,4
DA:494,4
DA:496,4
DA:497,4
DA:498,4
DA:499,4
DA:500,4
DA:501,4
DA:504,4
DA:505,4
DA:506,4
DA:507,4
DA:508,4
DA:509,4
DA:512,5
DA:513,5
DA:514,5
DA:515,5
DA:516,5
DA:517,5
DA:520,2
DA:521,2
DA:522,2
DA:523,2
DA:524,2
DA:525,2
DA:528,0
DA:533,1586
DA:535,1586
DA:536,10
DA:538,10
DA:539,10
DA:540,10
DA:541,10
DA:542,10
DA:544,10
DA:546,10
DA:548,10
DA:549,10
DA:550,10
DA:554,1586
DA:558,1556
DA:560,1556
DA:561,30
DA:563,30
DA:564,30
DA:565,30
DA:566,30
DA:567,30
DA:569,30
DA:571,30
DA:573,10
DA:574,10
DA:576,10
DA:577,10
DA:578,10
DA:580,10
DA:581,10
DA:582,10
DA:586,1556
DA:590,1461
DA:592,1461
DA:593,95
DA:595,95
DA:596,95
DA:597,95
DA:599,95
DA:601,95
DA:603,95
DA:605,77
DA:606,22
DA:607,22
DA:608,55
DA:609,55
DA:611,0
DA:613,77
DA:615,18
DA:616,18
DA:617,18
DA:618,18
DA:622,1461
DA:626,1175
DA:628,1175
DA:629,286
DA:630,286
DA:631,286
DA:632,286
DA:634,286
DA:637,286
DA:638,286
DA:640,286
DA:642,38
DA:643,38
DA:645,192
DA:646,192
DA:648,10
DA:649,10
DA:650,10
DA:652,8
DA:653,8
DA:654,8
DA:656,24
DA:657,24
DA:658,24
DA:660,14
DA:661,14
DA:662,14
DA:665,286
DA:668,1175
DA:672,1163
DA:674,1163
DA:675,12
DA:677,12
DA:678,12
DA:679,12
DA:682,12
DA:684,12
DA:685,12
DA:687,12
DA:690,1163
DA:694,1149
DA:696,1149
DA:697,14
DA:699,14
DA:700,14
DA:701,14
DA:703,14
DA:705,14
DA:706,14
DA:708,14
DA:711,1149
DA:715,1149
DA:717,1149
DA:718,16
DA:720,16
DA:722,16
DA:723,16
DA:724,16
DA:725,16
DA:727,16
DA:729,16
DA:731,16
DA:732,16
DA:734,16
DA:736,16
DA:739,1149
DA:743,296
DA:745,296
DA:746,296
DA:748,296
DA:749,2
DA:752,296
DA:753,296
DA:754,296
DA:756,296
DA:758,296
DA:759,2
DA:760,2
DA:761,2
DA:763,2
DA:765,2
DA:767,2
DA:769,294
DA:772,296
DA:776,10
DA:777,10
DA:780,10
DA:781,10
DA:783,10
DA:785,10
DA:786,0
DA:788,10
DA:789,10
DA:790,10
DA:792,10
DA:794,10
DA:795,10
DA:796,10
DA:800,12
DA:801,12
DA:802,12
DA:803,12
DA:806,12
DA:808,12
DA:809,12
DA:811,12
DA:812,10
DA:814,2
DA:817,12
DA:819,12
DA:820,10
DA:821,0
DA:823,10
DA:824,10
DA:827,12
DA:828,12
DA:830,12
DA:832,12
DA:833,10
DA:836,12
DA:838,12
DA:840,12
DA:842,12
DA:844,12
DA:845,12
DA:847,12
DA:848,12
DA:852,10
DA:853,10
DA:855,10
DA:857,10
DA:859,10
DA:861,10
DA:862,10
DA:864,10
DA:865,0
DA:868,10
DA:869,10
DA:870,10
DA:872,10
DA:876,10
DA:877,10
DA:878,10
DA:880,10
DA:884,3
DA:885,3
DA:886,3
DA:887,3
DA:889,0
DA:891,3
DA:895,10
DA:899,8
DA:900,8
DA:902,2
DA:903,2
DA:908,117
DA:909,117
DA:911,39
DA:912,39
DA:914,58
DA:915,58
DA:917,20
DA:918,20
DA:920,0
DA:922,117
DA:924,117
DA:926,117
DA:927,117
DA:928,117
DA:930,117
DA:931,74
DA:932,74
DA:934,43
DA:935,43
DA:936,43
DA:938,29
DA:939,29
DA:941,2
DA:942,2
DA:944,12
DA:945,12
DA:947,0
DA:949,43
DA:950,39
DA:951,39
DA:952,39
DA:953,39
DA:956,43
DA:958,43
DA:960,43
DA:965,74
DA:966,74
DA:967,74
DA:969,74
DA:971,74
DA:972,74
DA:974,74
DA:975,74
DA:976,74
DA:978,74
DA:979,74
DA:980,16
DA:982,8
DA:983,8
DA:985,2
DA:986,2
DA:988,6
DA:989,6
DA:991,0
DA:993,16
DA:995,16
DA:996,16
DA:998,16
DA:999,2
DA:1000,2
DA:1003,74
DA:1005,74
DA:1006,74
DA:1008,74
DA:1009,74
DA:1010,16
DA:1011,16
DA:1012,16
DA:1015,74
DA:1017,74
DA:1018,74
DA:1020,74
DA:1021,74
DA:1022,74
DA:1024,74
DA:1025,74
DA:1027,74
DA:1028,16
DA:1029,16
DA:1031,2
DA:1032,2
DA:1034,8
DA:1035,8
DA:1037,6
DA:1038,6
DA:1040,0
DA:1042,16
DA:1045,74
DA:1048,74
DA:1049,74
DA:1050,74
DA:1054,354
DA:1056,354
DA:1057,354
DA:1058,354
DA:1060,0
DA:1063,354
DA:1064,354
DA:1068,74
DA:1070,74
DA:1071,74
DA:1072,74
DA:1074,74
DA:1076,74
DA:1077,74
DA:1079,74
DA:1081,74
DA:1085,126
DA:1087,126
DA:1088,126
DA:1090,126
DA:1094,62
DA:1095,62
DA:1097,64
DA:1098,64
DA:1099,64
DA:1101,0
DA:1106,969
DA:1108,296
DA:1109,296
DA:1111,10
DA:1112,10
DA:1114,12
DA:1115,12
DA:1117,10
DA:1118,10
DA:1120,10
DA:1121,10
DA:1124,3
DA:1125,3
DA:1128,354
DA:1129,354
DA:1131,0
DA:1133,354
DA:1138,109
DA:1139,109
DA:1142,126
DA:1143,126
DA:1146,35
DA:1147,34
DA:1150,4
DA:1151,4
DA:1154,0
DA:1159,449
DA:1162,449
DA:1164,449
DA:1166,449
DA:1167,109
DA:1168,109
DA:1171,449
DA:1172,1077
DA:1173,108
DA:1174,108
DA:1175,108
DA:1176,108
DA:1178,0
DA:1180,969
DA:1182,968
DA:1185,448
DA:1187,447
DA:1191,2
LF:672
LH:651
BRDA:35,0,0,1
BRDA:35,0,1,0
BRDA:51,1,0,39
BRDA:52,2,0,0
BRDA:52,2,1,39
BRDA:55,3,0,1395
BRDA:56,4,0,1434
BRDA:56,4,1,26
BRDA:56,4,2,26
BRDA:56,4,3,0
BRDA:60,5,0,5707
BRDA:60,5,1,0
BRDA:63,6,0,0
BRDA:63,6,1,0
BRDA:76,7,0,5707
BRDA:76,7,1,0
BRDA:78,8,0,0
BRDA:78,8,1,5707
BRDA:83,9,0,10
BRDA:83,9,1,828
BRDA:117,10,0,6
BRDA:117,10,1,4
BRDA:117,11,0,10
BRDA:117,11,1,9
BRDA:136,12,0,5
BRDA:136,12,1,4
BRDA:159,13,0,59
BRDA:159,14,0,71
BRDA:159,15,0,71
BRDA:161,16,0,0
BRDA:161,16,1,155
BRDA:162,17,0,22
BRDA:162,17,1,133
BRDA:164,18,0,22
BRDA:164,18,1,133
BRDA:167,19,0,8
BRDA:167,19,1,49
BRDA:167,19,2,71
BRDA:177,20,0,640
BRDA:180,21,0,640
BRDA:180,21,1,667
BRDA:181,22,0,155
BRDA:181,22,1,512
BRDA:196,23,0,10
BRDA:196,23,1,1586
BRDA:201,24,0,10
BRDA:201,24,1,20
BRDA:201,24,2,30
BRDA:211,25,0,95
BRDA:211,25,1,1461
BRDA:211,26,0,1556
BRDA:211,26,1,1479
BRDA:216,27,0,24
BRDA:216,27,1,38
BRDA:216,27,2,48
BRDA:216,27,3,56
BRDA:216,27,4,94
BRDA:216,27,5,286
BRDA:229,28,0,12
BRDA:229,28,1,1163
BRDA:234,29,0,14
BRDA:234,29,1,1149
BRDA:239,30,0,16
BRDA:239,30,1,1149
BRDA:243,31,0,64
BRDA:245,32,0,64
BRDA:245,32,1,98
BRDA:250,33,0,0
BRDA:250,33,1,162
BRDA:251,34,0,0
BRDA:251,34,1,162
BRDA:253,35,0,64
BRDA:253,35,1,98
BRDA:261,36,0,0
BRDA:261,36,1,146
BRDA:263,37,0,52
BRDA:263,37,1,94
BRDA:270,38,0,24
BRDA:270,38,1,138
BRDA:283,39,0,0
BRDA:283,39,1,278
BRDA:285,40,0,98
BRDA:285,40,1,41
BRDA:285,40,2,52
BRDA:285,40,3,180
BRDA:300,41,0,278
BRDA:300,41,1,112
BRDA:300,41,2,63
BRDA:300,41,3,10
BRDA:300,41,4,56
BRDA:300,41,5,4
BRDA:300,41,6,136
BRDA:300,41,7,341
BRDA:300,41,8,519
BRDA:300,41,9,169
BRDA:300,41,10,8
BRDA:300,41,11,16
BRDA:300,41,12,18
BRDA:300,41,13,8
BRDA:300,41,14,8
BRDA:300,41,15,4
BRDA:300,41,16,4
BRDA:300,41,17,4
BRDA:300,41,18,4
BRDA:300,41,19,4
BRDA:300,41,20,4
BRDA:300,41,21,4
BRDA:300,41,22,5
BRDA:300,41,23,2
BRDA:300,41,24,0
BRDA:307,42,0,0
BRDA:307,42,1,112
BRDA:314,43,0,0
BRDA:314,43,1,63
BRDA:360,44,0,8
BRDA:360,44,1,0
BRDA:370,45,0,16
BRDA:370,45,1,0
BRDA:380,46,0,2
BRDA:380,46,1,16
BRDA:384,47,0,0
BRDA:384,47,1,2
BRDA:398,48,0,0
BRDA:398,48,1,8
BRDA:407,49,0,0
BRDA:407,49,1,8
BRDA:416,50,0,0
BRDA:416,50,1,4
BRDA:426,51,0,0
BRDA:426,51,1,4
BRDA:429,52,0,0
BRDA:429,52,1,4
BRDA:440,53,0,0
BRDA:440,53,1,4
BRDA:443,54,0,0
BRDA:443,54,1,4
BRDA:535,55,0,1596
BRDA:535,55,1,1596
BRDA:541,56,0,0
BRDA:541,56,1,10
BRDA:542,57,0,0
BRDA:542,57,1,10
BRDA:546,58,0,10
BRDA:560,59,0,1586
BRDA:560,59,1,1586
BRDA:566,60,0,0
BRDA:566,60,1,30
BRDA:567,61,0,0
BRDA:567,61,1,30
BRDA:571,62,0,10
BRDA:571,62,1,10
BRDA:571,62,2,10
BRDA:592,63,0,1556
BRDA:592,63,1,1556
BRDA:599,64,0,0
BRDA:599,64,1,95
BRDA:603,65,0,77
BRDA:603,65,1,18
BRDA:605,66,0,22
BRDA:605,66,1,55
BRDA:608,67,0,55
BRDA:608,67,1,0
BRDA:615,68,0,0
BRDA:615,68,1,18
BRDA:628,69,0,1461
BRDA:628,69,1,1461
BRDA:634,70,0,0
BRDA:634,70,1,286
BRDA:640,71,0,38
BRDA:640,71,1,192
BRDA:640,71,2,10
BRDA:640,71,3,8
BRDA:640,71,4,24
BRDA:640,71,5,14
BRDA:648,72,0,0
BRDA:648,72,1,10
BRDA:652,73,0,0
BRDA:652,73,1,8
BRDA:656,74,0,0
BRDA:656,74,1,24
BRDA:660,75,0,0
BRDA:660,75,1,14
BRDA:674,76,0,1175
BRDA:674,76,1,1175
BRDA:675,77,0,0
BRDA:675,77,1,12
BRDA:685,78,0,0
BRDA:685,78,1,12
BRDA:696,79,0,1163
BRDA:696,79,1,1163
BRDA:697,80,0,0
BRDA:697,80,1,14
BRDA:706,81,0,0
BRDA:706,81,1,14
BRDA:717,82,0,1165
BRDA:717,82,1,1165
BRDA:718,83,0,0
BRDA:718,83,1,16
BRDA:734,84,0,0
BRDA:734,84,1,16
BRDA:748,85,0,2
BRDA:748,85,1,294
BRDA:758,86,0,2
BRDA:758,86,1,294
BRDA:758,87,0,296
BRDA:758,87,1,296
BRDA:785,88,0,0
BRDA:785,88,1,10
BRDA:811,89,0,10
BRDA:811,89,1,2
BRDA:819,90,0,10
BRDA:819,90,1,2
BRDA:820,91,0,0
BRDA:820,91,1,10
BRDA:832,92,0,10
BRDA:832,92,1,2
BRDA:864,93,0,0
BRDA:864,93,1,10
BRDA:877,94,0,0
BRDA:877,94,1,10
BRDA:877,95,0,10
BRDA:877,95,1,10
BRDA:885,96,0,3
BRDA:885,96,1,0
BRDA:894,97,0,0
BRDA:895,98,0,0
BRDA:895,98,1,6
BRDA:895,98,2,8
BRDA:895,98,3,2
BRDA:907,99,0,109
BRDA:909,100,0,39
BRDA:909,100,1,58
BRDA:909,100,2,20
BRDA:909,100,3,0
BRDA:959,101,0,43
BRDA:959,101,1,43
BRDA:930,102,0,74
BRDA:930,102,1,43
BRDA:930,103,0,117
BRDA:930,103,1,109
BRDA:930,103,2,109
BRDA:936,104,0,29
BRDA:936,104,1,2
BRDA:936,104,2,12
BRDA:936,104,3,0
BRDA:949,105,0,39
BRDA:949,105,1,4
BRDA:952,106,0,0
BRDA:952,106,1,39
BRDA:956,107,0,0
BRDA:956,107,1,43
BRDA:979,108,0,90
BRDA:979,108,1,90
BRDA:980,109,0,8
BRDA:980,109,1,2
BRDA:980,109,2,6
BRDA:980,109,3,0
BRDA:998,110,0,2
BRDA:998,110,1,14
BRDA:1000,111,0,0
BRDA:1000,111,1,2
BRDA:1006,112,0,0
BRDA:1006,112,1,74
BRDA:1011,113,0,0
BRDA:1011,113,1,16
BRDA:1029,114,0,2
BRDA:1029,114,1,8
BRDA:1029,114,2,6
BRDA:1029,114,3,0
BRDA:1056,115,0,354
BRDA:1056,115,1,0
BRDA:1058,116,0,0
BRDA:1058,116,1,354
BRDA:1067,117,0,62
BRDA:1072,118,0,0
BRDA:1072,118,1,74
BRDA:1077,119,0,0
BRDA:1077,119,1,74
BRDA:1081,120,0,64
BRDA:1081,120,1,10
BRDA:1088,121,0,0
BRDA:1088,121,1,126
BRDA:1090,122,0,50
BRDA:1090,122,1,54
BRDA:1090,122,2,62
BRDA:1090,122,3,64
BRDA:1090,122,4,0
BRDA:1106,123,0,296
BRDA:1106,123,1,10
BRDA:1106,123,2,12
BRDA:1106,123,3,10
BRDA:1106,123,4,10
BRDA:1106,123,5,3
BRDA:1106,123,6,354
BRDA:1106,123,7,33
BRDA:1106,123,8,51
BRDA:1106,123,9,109
BRDA:1106,123,10,126
BRDA:1106,123,11,35
BRDA:1106,123,12,4
BRDA:1106,123,13,0
BRDA:1128,124,0,354
BRDA:1128,124,1,0
BRDA:1128,125,0,354
BRDA:1128,125,1,354
BRDA:1158,126,0,0
BRDA:1158,127,0,10
BRDA:1159,128,0,365
BRDA:1159,128,1,84
BRDA:1164,129,0,0
BRDA:1164,129,1,449
BRDA:1164,130,0,449
BRDA:1164,130,1,340
BRDA:1166,131,0,109
BRDA:1166,131,1,340
BRDA:1172,132,0,108
BRDA:1172,132,1,969
BRDA:1173,133,0,108
BRDA:1173,133,1,0
BRDA:1182,134,0,330
BRDA:1182,134,1,638
BRDA:1182,135,0,968
BRDA:1182,135,1,776
BRDA:1185,136,0,1
BRDA:1185,136,1,447
BRDA:1187,137,0,364
BRDA:1187,137,1,83
BRF:327
BRH:256
end_of_record
TN:
SF:Tokenizer.js
FN:74,isDigit
FN:82,isAlpha
FN:90,isSpace
FN:96,(anonymous_3)
FN:100,(anonymous_4)
FN:104,(anonymous_5)
FN:118,(anonymous_6)
FN:130,(anonymous_7)
FN:134,(anonymous_8)
FN:138,(anonymous_9)
FN:142,(anonymous_10)
FN:151,(anonymous_11)
FN:162,(anonymous_12)
FN:188,(anonymous_13)
FN:203,(anonymous_14)
FN:308,(anonymous_15)
FNF:16
FNH:15
FNDA:9420,isDigit
FNDA:17239,isAlpha
FNDA:8855,isSpace
FNDA:6547,(anonymous_3)
FNDA:3,(anonymous_4)
FNDA:10,(anonymous_5)
FNDA:10,(anonymous_6)
FNDA:0,(anonymous_7)
FNDA:6547,(anonymous_8)
FNDA:38666,(anonymous_9)
FNDA:19365,(anonymous_10)
FNDA:5721,(anonymous_11)
FNDA:519,(anonymous_12)
FNDA:169,(anonymous_13)
FNDA:1963,(anonymous_14)
FNDA:5721,(anonymous_15)
DA:1,2
DA:75,9420
DA:76,9420
DA:77,1642
DA:79,7778
DA:83,17239
DA:84,17239
DA:85,12011
DA:87,5228
DA:91,8855
DA:92,5719
DA:97,6547
DA:101,3
DA:105,10
DA:107,10
DA:108,10
DA:109,10
DA:110,10
DA:111,10
DA:113,10
DA:115,10
DA:119,10
DA:121,10
DA:122,5721
DA:125,10
DA:127,10
DA:131,0
DA:135,6547
DA:139,38666
DA:144,19365
DA:145,19365
DA:147,19365
DA:152,5721
DA:153,3136
DA:154,830
DA:155,830
DA:156,830
DA:158,3136
DA:163,519
DA:164,519
DA:165,519
DA:167,519
DA:168,1714
DA:169,1714
DA:170,1113
DA:171,1113
DA:173,1714
DA:174,82
DA:175,82
DA:176,82
DA:178,1714
DA:181,519
DA:182,0
DA:184,519
DA:189,169
DA:190,169
DA:191,169
DA:192,169
DA:193,906
DA:194,906
DA:196,169
DA:197,0
DA:199,169
DA:200,169
DA:204,1963
DA:205,1963
DA:207,1963
DA:208,12039
DA:209,12039
DA:210,10076
DA:211,10076
DA:212,10076
DA:218,1963
DA:220,296
DA:221,296
DA:223,20
DA:224,20
DA:226,12
DA:227,12
DA:229,10
DA:230,10
DA:232,2
DA:233,2
DA:235,10
DA:236,10
DA:239,354
DA:240,354
DA:243,3
DA:244,3
DA:247,8
DA:248,8
DA:250,8
DA:251,8
DA:253,4
DA:254,4
DA:256,4
DA:257,4
DA:259,4
DA:260,4
DA:262,4
DA:263,4
DA:266,5
DA:267,5
DA:269,2
DA:270,2
DA:272,4
DA:273,4
DA:275,4
DA:276,4
DA:278,4
DA:279,4
DA:282,63
DA:283,63
DA:285,44
DA:286,44
DA:288,68
DA:289,68
DA:292,136
DA:293,136
DA:295,341
DA:296,341
DA:299,4
DA:300,4
DA:303,549
DA:309,5721
DA:310,5721
DA:312,5719
DA:313,519
DA:315,5200
DA:316,1963
DA:318,3237
DA:319,169
DA:322,3068
DA:323,3068
DA:324,3068
DA:326,556
DA:327,556
DA:329,80
DA:330,80
DA:333,26
DA:334,26
DA:336,16
DA:337,16
DA:340,109
DA:341,109
DA:343,108
DA:344,108
DA:347,0
DA:348,0
DA:350,0
DA:351,0
DA:354,713
DA:355,713
DA:357,713
DA:358,713
DA:361,10
DA:362,10
DA:364,10
DA:365,10
DA:367,77
DA:368,77
DA:370,130
DA:371,130
DA:373,10
DA:374,10
DA:376,22
DA:377,12
DA:378,12
DA:379,356
DA:381,12
DA:383,10
DA:384,10
DA:387,14
DA:388,14
DA:389,14
DA:390,14
DA:392,0
DA:395,12
DA:396,12
DA:397,12
DA:398,12
DA:400,0
DA:403,255
DA:404,192
DA:405,192
DA:406,192
DA:408,63
DA:409,63
DA:412,151
DA:413,38
DA:414,38
DA:415,38
DA:417,113
DA:418,113
DA:421,18
DA:422,8
DA:423,8
DA:424,8
DA:426,10
DA:427,10
DA:429,38
DA:430,14
DA:431,14
DA:432,14
DA:434,24
DA:435,24
DA:438,0
DA:445,2
LF:208
LH:198
BRDA:76,0,0,1642
BRDA:76,0,1,7778
BRDA:76,1,0,9420
BRDA:76,1,1,5322
BRDA:84,2,0,12011
BRDA:84,2,1,5228
BRDA:84,3,0,17239
BRDA:84,3,1,12266
BRDA:84,3,2,16864
BRDA:84,3,3,11869
BRDA:91,4,0,3136
BRDA:91,4,1,5719
BRDA:134,5,0,4470
BRDA:147,6,0,19355
BRDA:147,6,1,10
BRDA:152,7,0,8857
BRDA:152,7,1,8855
BRDA:153,8,0,830
BRDA:153,8,1,2306
BRDA:167,9,0,2233
BRDA:167,9,1,2233
BRDA:169,10,0,1113
BRDA:169,10,1,601
BRDA:173,11,0,82
BRDA:173,11,1,1632
BRDA:173,12,0,1714
BRDA:173,12,1,82
BRDA:178,13,0,1195
BRDA:178,13,1,519
BRDA:181,14,0,0
BRDA:181,14,1,519
BRDA:181,15,0,519
BRDA:181,15,1,191
BRDA:192,16,0,1075
BRDA:192,16,1,1075
BRDA:196,17,0,0
BRDA:196,17,1,169
BRDA:196,18,0,169
BRDA:196,18,1,0
BRDA:207,19,0,14002
BRDA:207,19,1,14002
BRDA:209,20,0,10076
BRDA:209,20,1,1963
BRDA:209,21,0,12039
BRDA:209,21,1,1987
BRDA:209,21,2,1971
BRDA:218,22,0,296
BRDA:218,22,1,20
BRDA:218,22,2,12
BRDA:218,22,3,10
BRDA:218,22,4,2
BRDA:218,22,5,10
BRDA:218,22,6,354
BRDA:218,22,7,3
BRDA:218,22,8,8
BRDA:218,22,9,8
BRDA:218,22,10,4
BRDA:218,22,11,4
BRDA:218,22,12,4
BRDA:218,22,13,4
BRDA:218,22,14,5
BRDA:218,22,15,2
BRDA:218,22,16,4
BRDA:218,22,17,4
BRDA:218,22,18,4
BRDA:218,22,19,63
BRDA:218,22,20,44
BRDA:218,22,21,68
BRDA:218,22,22,136
BRDA:218,22,23,341
BRDA:218,22,24,4
BRDA:218,22,25,549
BRDA:310,23,0,5719
BRDA:310,23,1,2
BRDA:312,24,0,519
BRDA:312,24,1,5200
BRDA:312,25,0,5719
BRDA:312,25,1,5206
BRDA:315,26,0,1963
BRDA:315,26,1,3237
BRDA:315,27,0,5200
BRDA:315,27,1,3241
BRDA:318,28,0,169
BRDA:318,28,1,3068
BRDA:318,29,0,3237
BRDA:318,29,1,3068
BRDA:324,30,0,556
BRDA:324,30,1,80
BRDA:324,30,2,26
BRDA:324,30,3,16
BRDA:324,30,4,109
BRDA:324,30,5,108
BRDA:324,30,6,0
BRDA:324,30,7,0
BRDA:324,30,8,713
BRDA:324,30,9,713
BRDA:324,30,10,10
BRDA:324,30,11,10
BRDA:324,30,12,77
BRDA:324,30,13,130
BRDA:324,30,14,10
BRDA:324,30,15,22
BRDA:324,30,16,14
BRDA:324,30,17,12
BRDA:324,30,18,255
BRDA:324,30,19,151
BRDA:324,30,20,18
BRDA:324,30,21,38
BRDA:324,30,22,0
BRDA:376,31,0,12
BRDA:376,31,1,10
BRDA:376,32,0,22
BRDA:376,32,1,22
BRDA:378,33,0,368
BRDA:378,33,1,368
BRDA:387,34,0,14
BRDA:387,34,1,0
BRDA:387,35,0,14
BRDA:387,35,1,14
BRDA:395,36,0,12
BRDA:395,36,1,0
BRDA:395,37,0,12
BRDA:395,37,1,12
BRDA:403,38,0,192
BRDA:403,38,1,63
BRDA:403,39,0,255
BRDA:403,39,1,255
BRDA:412,40,0,38
BRDA:412,40,1,113
BRDA:412,41,0,151
BRDA:412,41,1,151
BRDA:421,42,0,8
BRDA:421,42,1,10
BRDA:421,43,0,18
BRDA:421,43,1,18
BRDA:429,44,0,14
BRDA:429,44,1,24
BRDA:429,45,0,38
BRDA:429,45,1,38
BRF:139
BRH:131
end_of_record
TN:
SF:test\testCode.js
FNF:0
FNH:0
DA:1,1
LF:1
LH:1
BRF:0
BRH:0
end_of_record
